d001.s001.t004_d001.s001.t004	bn:00028015n 0.3241193641870222	bn:00028016n 0.2984217674973941	bn:00028017n 0.2354132360725391	bn:00028018n 0.14201322354749546	bn:00032223n 3.240869554914731e-05
d001.s001.t008_d001.s001.t008	bn:00067181n 0.7061963245086186	bn:00000739n 0.2402842239078767	bn:00006473n 0.0534488390123109	bn:00000745n 7.061257119374249e-05
d001.s002.t007_d001.s002.t007	bn:00021015n 0.4425762511804099	bn:00011638n 0.3431971701161265	bn:00019284n 0.21418232550366545	bn:00021019n 4.4253199798061184e-05
d001.s002.t009_d001.s002.t009	bn:00054128n 0.34799206728506127	bn:00061887n 0.32741189135990645	bn:00028872n 0.32456124562787647	bn:00024461n 3.479572715579055e-05
d001.s002.t023_d001.s002.t023	bn:00054128n 0.48815690666562495	bn:00061887n 0.28152110642248557	bn:00028872n 0.23027317610230386	bn:00024461n 4.8810809585603934e-05
d001.s003.t004_d001.s003.t004	bn:00046705n 0.43697023524884354	bn:00025314n 0.2577407223593496	bn:00046698n 0.21313740610897536	bn:00046706n 0.09210794362857198	bn:00046720n 4.369265425945841e-05
d001.s003.t010_d001.s003.t010	bn:00076843n 0.6699168227939392	bn:00047235n 0.33001619222227974	bn:00042823n 6.698498378101582e-05
d001.s003.t020_d001.s003.t020	bn:00054119n 0.9999000199960009	bn:00010394n 9.998000399920017e-05
d001.s003.t034_d001.s003.t034	bn:00004992n 1.0
d001.s004.t004_d001.s004.t004	bn:00046705n 0.41548943350205053	bn:00025314n 0.28045746747276357	bn:00046698n 0.2319961884015502	bn:00046706n 0.07201536583476427	bn:00046720n 4.154478887131793e-05
d001.s004.t024_d001.s004.t024	bn:00027544n 0.7598822394593665	bn:00005601n 0.23728436384670265	bn:00055838n 0.0027574160680475827	bn:00025621n 7.598062588334832e-05
d001.s006.t004_d001.s006.t004	bn:00063926n 0.3361491761600761	bn:00029193n 0.29236616129620113	bn:00029192n 0.2153342558554607	bn:00020230n 0.15611679513180154	bn:00006453n 3.3611556460361575e-05
d001.s006.t011_d001.s006.t011	bn:00072760n 0.5414824001135267	bn:00004452n 0.45846345706074454	bn:00034919n 5.41428257287798e-05
d001.s006.t017_d001.s006.t017	bn:00079681n 0.9999000199960009	bn:00051675n 9.998000399920017e-05
d001.s009.t009_d001.s009.t009	bn:00016413n 0.15428378874665555	bn:00004756n 0.15123080552365398	bn:00001546n 0.13171280425616602	bn:00078799n 0.0974990421819471	bn:00035907n 0.07768215184778783	bn:00072856n 0.07457544728127667	bn:00017803n 0.07301532303640759	bn:00078800n 0.05653406473091469	bn:00014190n 0.05625749086046662	bn:00078801n 0.04985300316133145	bn:00028240n 0.04435212410718923	bn:00078802n 0.03298852743001238	bn:00011241n 1.5426836191046453e-05
d001.s009.t013_d001.s009.t013	bn:00054512n 1.0
d001.s009.t016_d001.s009.t016	bn:00015180n 0.8775216033223926	bn:00015183n 0.12239065329161371	bn:00015182n 8.77433859936399e-05
d001.s009.t018_d001.s009.t018	bn:00020185n 0.7373352007251996	bn:00024992n 0.26259107312734253	bn:00005094n 7.372614745777419e-05
d001.s009.t021_d001.s009.t021	bn:00052341n 0.9999000199960009	bn:00012073n 9.998000399920017e-05
d001.s009.t028_d001.s009.t028	bn:00006236n 1.0
d001.s010.t005_d001.s010.t005	bn:00020878n 0.25681787414275253	bn:00020873n 0.18951903836304956	bn:00048368n 0.13517710207662054	bn:00020872n 0.12240256326566051	bn:00020877n 0.10962496092825406	bn:00020874n 0.09767913182561351	bn:00042622n 0.08875365017855698	bn:00018128n 2.5679219492326024e-05
d001.s010.t010_d001.s010.t010	bn:00054128n 0.4937134095717084	bn:00061887n 0.27572999185144687	bn:00028872n 0.23050723217252791	bn:00024461n 4.936640431673917e-05
d001.s010.t013_d001.s010.t013	bn:00015180n 0.9457483965295644	bn:00015183n 0.05415703808732096	bn:00015182n 9.456538311464499e-05
d001.s010.t017_d001.s010.t017	bn:00057267n 1.0
d001.s010.t029_d001.s010.t029	bn:00059129n 0.9999000199960009	bn:00059121n 9.998000399920017e-05
d001.s010.t051_d001.s010.t051	bn:00060764n 0.14288433651926866	bn:00070193n 0.1149864179578271	bn:00060770n 0.11325156276799535	bn:00010727n 0.10095200523582565	bn:00017749n 0.09535711176403426	bn:00070190n 0.08954479933381583	bn:00060767n 0.08785051028860362	bn:00060837n 0.07899961026780078	bn:00062812n 0.062255186910557266	bn:00021395n 0.060500508423848236	bn:00060765n 0.029581731348327665	bn:00027912n 0.023821932177144248	bn:00036823n 1.4287004951431723e-05
d001.s010.t053_d001.s010.t053	bn:00003882n 0.16942120725546064	bn:00011744n 0.13842859580468564	bn:00017231n 0.12649038580768848	bn:00014512n 0.12077175678163957	bn:00011746n 0.10932783905611579	bn:00034269n 0.0910789322626164	bn:00011745n 0.09024868119565028	bn:00005819n 0.07975833966155056	bn:00005810n 0.07445732174790975	bn:00011747n 1.6940426682877778e-05
d001.s010.t057_d001.s010.t057	bn:00061017n 1.0
d001.s010.t062_d001.s010.t062	bn:00018141n 1.0
d001.s010.t064_d001.s010.t064	bn:00054128n 0.5639285517836193	bn:00061887n 0.27975520058259634	bn:00028872n 0.1562598604173275	bn:00024461n 5.638721645671627e-05
d001.s010.t067_d001.s010.t067	bn:00015180n 0.9452640855324155	bn:00015183n 0.054641397510727045	bn:00015182n 9.45169568575558e-05
d001.s010.t071_d001.s010.t073	bn:00052343n 1.0
d001.s010.t071_d001.s010.t071	bn:00015180n 0.8945487673391823	bn:00015183n 0.10536178672867702	bn:00015182n 8.944593214070416e-05
d001.s010.t073_d001.s010.t073	bn:00052341n 0.9999000199960009	bn:00012073n 9.998000399920017e-05
d001.s010.t076_d001.s010.t076	bn:00054742n 1.0
d001.s010.t080_d001.s010.t080	bn:00054585n 1.0
d001.s010.t086_d001.s010.t086	bn:00017027n 0.6814933470464904	bn:00017028n 0.31843851043305704	bn:00017030n 6.814252045260378e-05
d001.s011.t005_d001.s011.t005	bn:00020878n 0.25425666318548257	bn:00020873n 0.16325505163373522	bn:00048368n 0.14763035253991721	bn:00020872n 0.12454442864645728	bn:00020877n 0.11417185687784766	bn:00020874n 0.11223986854331376	bn:00042622n 0.08387635544924005	bn:00018128n 2.5423124006147646e-05
d001.s011.t020_d001.s011.t020	bn:00061017n 1.0
d001.s011.t028_d001.s011.t028	bn:00004756n 0.15345907881311657	bn:00016413n 0.14489132894919224	bn:00001546n 0.13646548824334265	bn:00017803n 0.10387942379445561	bn:00078799n 0.09284090077129599	bn:00072856n 0.07308595147952537	bn:00078800n 0.05983553115892538	bn:00078802n 0.05607759687954252	bn:00078801n 0.054251681846448394	bn:00035907n 0.053192523668548	bn:00014190n 0.03750112333186473	bn:00028240n 0.034504026690298666	bn:00011241n 1.5344373443967262e-05
d001.s011.t030_d001.s011.t030	bn:00018141n 1.0
d001.s012.t002_d001.s012.t002	bn:00054128n 0.4671856640055647	bn:00061887n 0.29931065575415394	bn:00028872n 0.23345696634527024	bn:00024461n 4.6713895011055365e-05
d001.s012.t007_d001.s012.t008	bn:00031708n 1.0
d001.s012.t007_d001.s012.t007	bn:00031708n 1.0
d001.s014.t010_d001.s014.t010	bn:00027976n 0.9999000199960009	bn:00028003n 9.998000399920017e-05
d001.s014.t016_d001.s014.t016	bn:00018141n 1.0
d001.s014.t019_d001.s014.t019	bn:00015180n 0.8195352482849693	bn:00015183n 0.18038280638473525	bn:00015182n 8.194533029546738e-05
d001.s015.t002_d001.s015.t002	bn:00028320n 0.8744025799939223	bn:00000903n 0.12550998849122985	bn:00024430n 8.743151484790744e-05
d001.s015.t011_d001.s015.t011	bn:00052501n 0.3070951365867457	bn:00076103n 0.1870628908539672	bn:00054025n 0.13309409764892022	bn:00054611n 0.11514267787841997	bn:00009400n 0.07963527790098107	bn:00075016n 0.06976650985405468	bn:00053680n 0.061960996562425555	bn:00054667n 0.03587517895770834	bn:00075020n 0.010336527313762582	bn:00079005n 3.070644301437314e-05
d001.s015.t014_d001.s015.t014	bn:00005518n 0.5866126987797166	bn:00005513n 0.3881847323668247	bn:00075374n 0.025143913449121216	bn:00075373n 5.86554043375379e-05
d001.s015.t020_d001.s015.t020	bn:00043545n 1.0
d001.s015.t023_d001.s015.t023	bn:00080831n 0.2661879537176759	bn:00050870n 0.16741246264488735	bn:00054686n 0.12927748736220732	bn:00018378n 0.11412963765014493	bn:00080833n 0.10268552546486794	bn:00075770n 0.10094386746794289	bn:00028187n 0.09055426234169196	bn:00061774n 0.02658004161497228	bn:00020700n 0.0022021456018510134	bn:00024253n 2.6616133758391753e-05
d001.s015.t025_d001.s015.t025	bn:00061017n 1.0
d001.s016.t007_d001.s016.t007	bn:00080813n 0.9999000199960009	bn:00043484n 9.998000399920017e-05
d001.s016.t013_d001.s016.t013	bn:00055094n 0.3212207118525109	bn:00010728n 0.29164444337068707	bn:00060969n 0.2772867451789393	bn:00005459n 0.10981598073856336	bn:00046942n 3.211885929932116e-05
d001.s017.t007_d001.s017.t007	bn:00076929n 1.0
d001.s017.t011_d001.s017.t011	bn:00061017n 1.0
d001.s017.t015_d001.s017.t015	bn:00001507n 1.0
d001.s017.t017_d001.s017.t018	bn:00035585n 1.0
d001.s017.t017_d001.s017.t017	bn:00000902n 0.6507612485215819	bn:00052223n 0.3491736818605278	bn:00000903n 6.506961789036916e-05
d001.s017.t021_d001.s017.t021	bn:00016413n 0.1497519673079862	bn:00004756n 0.12165110112494096	bn:00001546n 0.11749284545628211	bn:00017803n 0.10274055388178496	bn:00078799n 0.08666324710042088	bn:00035907n 0.08464950188480724	bn:00072856n 0.07576554849995856	bn:00028240n 0.0702085483811582	bn:00078801n 0.06879871090409818	bn:00078800n 0.059942202015886806	bn:00014190n 0.03306782573183661	bn:00078802n 0.02925297401147854	bn:00011241n 1.4973699360862537e-05
d001.s017.t023_d001.s017.t023	bn:00080147n 1.0
d001.s017.t027_d001.s017.t027	bn:00046787n 0.5778739550452126	bn:00074877n 0.42206826333744457	bn:00000903n 5.7781617342786986e-05
d001.s017.t029_d001.s017.t030	bn:00004712n 1.0
d001.s017.t029_d001.s017.t029	bn:00080147n 1.0
d001.s017.t033_d001.s017.t033	bn:00076843n 0.7332680913965766	bn:00047235n 0.2666585891262314	bn:00042823n 7.331947719193846e-05
d001.s018.t015_d001.s018.t015	bn:00004656n 1.0
d001.s018.t021_d001.s018.t021	bn:00027565n 0.5841563967880026	bn:00030543n 0.31412875822554204	bn:00013851n 0.10165643518775644	bn:00008567n 5.8409798698930374e-05
d001.s018.t029_d001.s018.t029	bn:00025982n 0.7881241127676716	bn:00025984n 0.2117970827015048	bn:00025983n 7.88045308236848e-05
d001.s018.t035_d001.s018.t035	bn:00028320n 0.7234794598098502	bn:00000903n 0.2764481994782402	bn:00024430n 7.234071190979404e-05
d001.s019.t007_d001.s019.t007	bn:00076843n 0.6611450151282212	bn:00047235n 0.33878887698105514	bn:00042823n 6.610789072374975e-05
d001.s019.t015_d001.s019.t015	bn:00061017n 1.0
d001.s019.t025_d001.s019.t025	bn:00076929n 1.0
d001.s020.t007_d001.s020.t007	bn:00061017n 1.0
d001.s020.t009_d001.s020.t009	bn:00002171n 0.2008430931568065	bn:00078426n 0.1953938079623086	bn:00048242n 0.18759968297627727	bn:00014139n 0.15254585194148776	bn:00078424n 0.09713022617300143	bn:00042847n 0.08424017999137554	bn:00064526n 0.05372785516282798	bn:00064527n 0.02849922033482916	bn:00078425n 2.0082301085572095e-05
d001.s021.t008_d001.s021.t008	bn:00075142n 0.3644686933573246	bn:00031259n 0.28188249918980984	bn:00000489n 0.2502371491943793	bn:00000398n 0.10337521503347288	bn:00027062n 3.644322501323114e-05
d001.s021.t013_d001.s021.t013	bn:00054416n 0.37982556824864794	bn:00021045n 0.26400604457323096	bn:00064585n 0.20644093303194425	bn:00053827n 0.07867358032445702	bn:00056300n 0.0710158950627709	bn:00064584n 3.79787589489699e-05
d001.s021.t018_d001.s021.t018	bn:00060837n 0.10900342795403288	bn:00070190n 0.10639226805489972	bn:00060764n 0.1017307502418029	bn:00017749n 0.09748528374732363	bn:00060770n 0.0943200098607822	bn:00070193n 0.09167034598301622	bn:00021395n 0.08710517208688785	bn:00027912n 0.08545736940472289	bn:00010727n 0.08368515411527212	bn:00060767n 0.06825615910109413	bn:00036823n 0.05347298889346128	bn:00062812n 0.02141017130383394	bn:00060765n 1.0899252870116277e-05
d001.s023.t012_d001.s023.t012	bn:00054128n 0.5048881075809966	bn:00061887n 0.25439738481850976	bn:00028872n 0.2406640238381119	bn:00024461n 5.048376238186147e-05
d001.s023.t013_d001.s023.t013	bn:00024920n 1.0
d001.s023.t016_d001.s023.t016	bn:00054128n 0.5263549002310929	bn:00061887n 0.25525259209408985	bn:00028872n 0.21833987744781694	bn:00024461n 5.263022700040925e-05
d001.s023.t020_d001.s023.t020	bn:00017027n 0.7443834197110757	bn:00017028n 0.25554214939004316	bn:00017030n 7.443089888121945e-05
d001.s023.t024_d001.s023.t024	bn:00061898n 0.34052495330091975	bn:00061900n 0.25169048116798387	bn:00035914n 0.243342903239086	bn:00061909n 0.14491731509920913	bn:00050548n 0.019490298102380114	bn:00025966n 3.404909042104987e-05
d001.s023.t026_d001.s023.t026	bn:00019680n 0.2948624638562944	bn:00027917n 0.22670591050740022	bn:00070547n 0.22595110227467652	bn:00027919n 0.05790851149880511	bn:00027911n 0.05613777076465141	bn:00005706n 0.05446770336806455	bn:00027920n 0.05088264346797435	bn:00027912n 0.03305441096407742	bn:00027913n 2.9483298055823856e-05
d001.s023.t039_d001.s023.t039	bn:00004691n 1.0
d001.s024.t003_d001.s024.t003	bn:00004257n 0.9999000199960009	bn:00009677n 9.998000399920017e-05
d001.s024.t011_d001.s024.t011	bn:00035911n 0.1078908397107012	bn:00035909n 0.09919419857140241	bn:00033729n 0.0979330173743275	bn:00034899n 0.09700003994618195	bn:00001965n 0.09414856666098821	bn:00044915n 0.0874727214562993	bn:00003882n 0.08380304162449989	bn:00035910n 0.08213824003883691	bn:00026512n 0.08046985531752512	bn:00030486n 0.06197214713257408	bn:00035907n 0.058153353293190026	bn:00035908n 0.025198937497703244	bn:00016529n 0.02461425337059959	bn:00021751n 1.0788005170553065e-05
d001.s024.t019_d001.s024.t019	bn:00031085n 1.0
d001.s024.t027_d001.s024.t027	bn:00008788n 1.0
d001.s024.t039_d001.s024.t039	bn:00066295n 0.7475688037733722	bn:00053801n 0.25235644682119096	bn:00019980n 7.474940543679355e-05
d001.s024.t043_d001.s024.t043	bn:00017027n 0.7860666118639857	bn:00017028n 0.21385478933470806	bn:00017030n 7.859880130626796e-05
d001.s025.t002_d001.s025.t002	bn:00016413n 0.1864653712112414	bn:00004756n 0.17342786377951094	bn:00001546n 0.16995432370103106	bn:00078799n 0.10713282719311344	bn:00017803n 0.07969880374523705	bn:00072856n 0.06784697308516938	bn:00078801n 0.04806605065545684	bn:00035907n 0.046768474291120105	bn:00078802n 0.04159809130109579	bn:00078800n 0.029724077227146397	bn:00014190n 0.024709324557229028	bn:00028240n 0.024589174579994655	bn:00011241n 1.8644672653858754e-05
d001.s025.t004_d001.s025.t004	bn:00074786n 0.21540801031798254	bn:00074790n 0.18302345552950824	bn:00067181n 0.15196407136402212	bn:00074791n 0.13144831014688474	bn:00030952n 0.12497355287403906	bn:00007985n 0.06675326372801958	bn:00074793n 0.06615651141549739	bn:00071923n 0.05612942731707919	bn:00074795n 0.0024511453224117337	bn:00031755n 0.001670713337388466	bn:00009519n 2.1538647167081548e-05
d001.s026.t007_d001.s026.t007	bn:00076843n 0.7628460494062584	bn:00047235n 0.23707767361649865	bn:00042823n 7.627697724290156e-05
d001.s026.t009_d001.s026.t009	bn:00054512n 1.0
d001.s026.t019_d001.s026.t019	bn:00074786n 0.1717940505495652	bn:00067181n 0.14808321863536603	bn:00074790n 0.1475764605711332	bn:00007985n 0.1303520248694866	bn:00074791n 0.10328636355510523	bn:00074793n 0.09051316250647011	bn:00030952n 0.0896948099381871	bn:00071923n 0.06050993229738235	bn:00009519n 0.05495923616929139	bn:00074795n 0.003213563220726591	bn:00031755n 1.71776872862279e-05
d001.s026.t024_d001.s026.t024	bn:00061017n 1.0
d001.s026.t029_d001.s026.t029	bn:00018141n 1.0
d001.s027.t004_d001.s027.t004	bn:00021961n 0.5458764068686067	bn:00029872n 0.45406901094892466	bn:00046065n 5.4582182468613814e-05
d001.s027.t008_d001.s027.t008	bn:00020878n 0.17497925207076706	bn:00020873n 0.1691674837236567	bn:00048368n 0.16011503752991643	bn:00020872n 0.15390324053983293	bn:00020877n 0.14214696931891738	bn:00020874n 0.11842100088424144	bn:00042622n 0.08124951975707853	bn:00018128n 1.7496175589517755e-05
d001.s027.t013_d001.s027.t013	bn:00021961n 0.5782791991362528	bn:00029872n 0.4216629787260474	bn:00046065n 5.78221376998553e-05
d001.s028.t004_d001.s028.t004	bn:00076843n 0.7759308747526521	bn:00047235n 0.22399153991840545	bn:00042823n 7.758532894237098e-05
d001.s028.t006_d001.s028.t006	bn:00015180n 0.8764747968924073	bn:00015183n 0.12343756439177522	bn:00015182n 8.763871581765896e-05
d001.s028.t006_d001.s028.t008	bn:00052343n 1.0
d001.s028.t008_d001.s028.t008	bn:00052341n 0.9999000199960009	bn:00012073n 9.998000399920017e-05
d001.s028.t010_d001.s028.t010	bn:00054742n 1.0
d001.s028.t015_d001.s028.t015	bn:00021961n 0.5491280217530625	bn:00029872n 0.45081707093549334	bn:00046065n 5.4907311444161837e-05
d001.s028.t024_d001.s028.t024	bn:00054128n 0.5179277620631236	bn:00061887n 0.2585404195312235	bn:00028872n 0.2234800308082063	bn:00024461n 5.1787597446567713e-05
d001.s028.t027_d001.s028.t027	bn:00015180n 0.9284539362518532	bn:00015183n 0.07145322763813261	bn:00015182n 9.283611001418391e-05
d001.s028.t031_d001.s028.t031	bn:00074786n 0.1737596711383118	bn:00067181n 0.16194173544281126	bn:00007985n 0.1399301066397644	bn:00074790n 0.13139744089865057	bn:00074791n 0.10766823112926513	bn:00030952n 0.09136774883423718	bn:00074793n 0.07843146791784553	bn:00071923n 0.05995663122504246	bn:00009519n 0.052866353690727313	bn:00074795n 0.0026632388536534106	bn:00031755n 1.7374229690862094e-05
d001.s028.t035_d001.s028.t035	bn:00061017n 1.0
d001.s028.t037_d001.s028.t037	bn:00027546n 0.4845730601612015	bn:00045952n 0.36704647310152094	bn:00002171n 0.14833201427650752	bn:00025627n 4.845246077004315e-05
d001.s028.t041_d001.s028.t041	bn:00054585n 1.0
d001.s028.t045_d001.s028.t045	bn:00018141n 1.0
d001.s029.t009_d001.s029.t009	bn:00054128n 0.524316138807966	bn:00061887n 0.2546512815013157	bn:00028872n 0.22098015331947463	bn:00024461n 5.242637124367224e-05
d001.s029.t012_d001.s029.t012	bn:00015180n 0.8292913968003008	bn:00015183n 0.1706256823521038	bn:00015182n 8.292084759527057e-05
d001.s029.t031_d001.s029.t031	bn:00018141n 1.0
d001.s029.t034_d001.s029.t036	bn:00052343n 1.0
d001.s029.t034_d001.s029.t034	bn:00015180n 0.8759806212222555	bn:00015183n 0.12393178947455268	bn:00015182n 8.758930319190637e-05
d001.s029.t036_d001.s029.t036	bn:00052341n 0.9999000199960009	bn:00012073n 9.998000399920017e-05
d001.s030.t007_d001.s030.t007	bn:00027469n 0.40966684776185497	bn:00048495n 0.3117178195136509	bn:00059169n 0.2785743701359768	bn:00023853n 4.096258851733376e-05
d001.s030.t010_d001.s030.t010	bn:00005120n 0.29360703046149794	bn:00031973n 0.2924105497768806	bn:00077416n 0.24664139225334125	bn:00006501n 0.16731166974101078	bn:00006502n 2.9357767269422856e-05
d001.s030.t013_d001.s030.t013	bn:00029888n 0.9999000199960009	bn:00029876n 9.998000399920017e-05
d001.s030.t018_d001.s030.t018	bn:00030811n 0.9999000199960009	bn:00075436n 9.998000399920017e-05
d001.s031.t009_d001.s031.t009	bn:00074786n 0.19087322107473045	bn:00074790n 0.16743658162272554	bn:00067181n 0.12076631075902604	bn:00074791n 0.11877893729296389	bn:00030952n 0.11273408945805902	bn:00007985n 0.09679690485726099	bn:00074793n 0.0756128903024743	bn:00071923n 0.04911187007838786	bn:00074795n 0.0372195732920031	bn:00031755n 0.030650535848802687	bn:00009519n 1.9085413566116436e-05
d001.s032.t006_d001.s032.t006	bn:00030811n 0.9999000199960009	bn:00075436n 9.998000399920017e-05
d001.s032.t009_d001.s032.t009	bn:00061017n 1.0
d001.s032.t011_d001.s032.t011	bn:00054512n 1.0
d001.s033.t002_d001.s033.t002	bn:00061017n 1.0
d001.s033.t010_d001.s033.t010	bn:00054001n 0.5052568547246049	bn:00007449n 0.3266065840257725	bn:00005677n 0.16808604061621335	bn:00074376n 5.0520633409119586e-05
d001.s033.t013_d001.s033.t013	bn:00014710n 0.7607981927798786	bn:00055794n 0.23912573500806464	bn:00016665n 7.607221205678218e-05
d001.s033.t017_d001.s033.t017	bn:00030811n 0.9999000199960009	bn:00075436n 9.998000399920017e-05
d001.s033.t028_d001.s033.t028	bn:00014710n 0.6834879000465305	bn:00055794n 0.3164437579976605	bn:00016665n 6.834195580907215e-05
d001.s034.t003_d001.s034.t003	bn:00076843n 0.700299759931953	bn:00047235n 0.2996302170943512	bn:00042823n 7.002297369582572e-05
d001.s034.t007_d001.s034.t009	bn:00052343n 1.0
d001.s034.t009_d001.s034.t009	bn:00052341n 0.9999000199960009	bn:00012073n 9.998000399920017e-05
d001.s034.t011_d001.s034.t011	bn:00054742n 1.0
d001.s034.t019_d001.s034.t019	bn:00054128n 0.45937196604983727	bn:00061887n 0.3119034057481287	bn:00028872n 0.22867869559868925	bn:00024461n 4.5932603344649266e-05
d001.s035.t007_d001.s035.t007	bn:00018141n 1.0
d001.s035.t018_d001.s035.t018	bn:00014710n 0.6892232782768672	bn:00016665n 0.31070780628684874	bn:00055794n 6.891543628405832e-05
d001.s035.t023_d001.s035.t023	bn:00014710n 0.7189915674295527	bn:00055794n 0.2809365406029011	bn:00016665n 7.189196754620065e-05
d001.s036.t002_d001.s036.t002	bn:00061017n 1.0
d001.s036.t008_d001.s036.t008	bn:00018141n 1.0
d001.s036.t014_d001.s036.t014	bn:00030811n 0.9999000199960009	bn:00075436n 9.998000399920017e-05
d001.s036.t018_d001.s036.t018	bn:00014710n 0.6255893633603017	bn:00055794n 0.37434808395863045	bn:00016665n 6.255268106792338e-05
d001.s036.t021_d001.s036.t021	bn:00076303n 0.15438261826688404	bn:00041942n 0.14049317715529563	bn:00041943n 0.13758087448453604	bn:00008279n 0.12441332287046382	bn:00002913n 0.12420896128057805	bn:00018111n 0.10294799724448445	bn:00068051n 0.0830107995184	bn:00000777n 0.07906948420991382	bn:00013874n 0.031083212266421932	bn:00013873n 0.012047520545668614	bn:00030961n 0.01074659543919878	bn:00008280n 1.5436718154872917e-05
d001.s037.t004_d001.s037.t004	bn:00061017n 1.0
d001.s037.t007_d001.s037.t007	bn:00074786n 0.1702340038702248	bn:00074790n 0.16777629864762417	bn:00067181n 0.1628364148490785	bn:00007985n 0.1336575349110748	bn:00074791n 0.12720582596271665	bn:00030952n 0.1061804112966457	bn:00074793n 0.05978564045078027	bn:00071923n 0.04539454431772476	bn:00009519n 0.013714638239427658	bn:00074795n 0.013197665756485483	bn:00031755n 1.702169821720076e-05
d001.s037.t009_d001.s037.t009	bn:00015180n 0.9036099700287076	bn:00015183n 0.09629967800948569	bn:00015182n 9.03519618066901e-05
d001.s037.t021_d001.s037.t021	bn:00030811n 0.9999000199960009	bn:00075436n 9.998000399920017e-05
d001.s037.t029_d001.s037.t029	bn:00054128n 0.4916819922563224	bn:00061887n 0.3159988975111795	bn:00028872n 0.19226994694960062	bn:00024461n 4.916328289734251e-05
d001.s038.t004_d001.s038.t004	bn:00061017n 1.0
d001.s038.t006_d001.s038.t006	bn:00015180n 0.9045341890575889	bn:00015183n 0.09537536656794281	bn:00015182n 9.044437446831206e-05
d001.s038.t016_d001.s038.t016	bn:00030811n 0.9999000199960009	bn:00075436n 9.998000399920017e-05
d002.s001.t004_d002.s001.t004	bn:00014687n 0.6914148109193559	bn:00021464n 0.30851605451300895	bn:00014691n 6.913456763517208e-05
d002.s001.t009_d002.s001.t011	bn:00053492n 1.0
d002.s001.t009_d002.s001.t009	bn:00049910n 0.3831210883520109	bn:00049911n 0.28630516823612645	bn:00049915n 0.1987150037559311	bn:00045840n 0.1318204313779239	bn:00006187n 3.830827800740035e-05
d002.s002.t008_d002.s002.t008	bn:00053826n 0.3992074675982346	bn:00059128n 0.35662633237707664	bn:00059130n 0.24036782837791137	bn:00059129n 0.003758454891693027	bn:00054973n 3.9916755084315036e-05
d002.s002.t021_d002.s002.t021	bn:00017904n 0.9999000199960009	bn:00041412n 9.998000399920017e-05
d002.s002.t025_d002.s002.t026	bn:00000101n 1.0
d002.s005.t016_d002.s005.t016	bn:00046516n 0.5839421016324975	bn:00023661n 0.24842761431910468	bn:00061715n 0.11979892889174405	bn:00045971n 0.0477729667853276	bn:00061714n 5.8388371326117136e-05
d002.s005.t021_d002.s005.t021	bn:00020452n 0.3460326891210808	bn:00041430n 0.3350431862947948	bn:00030716n 0.26768574120571	bn:00000991n 0.051203783569483075	bn:00007498n 3.4599808931214967e-05
d002.s006.t008_d002.s006.t008	bn:00081285n 0.6315093255515373	bn:00081292n 0.36842752983036936	bn:00081286n 6.31446180933444e-05
d002.s008.t002_d002.s008.t002	bn:00081285n 0.7999333970847912	bn:00081292n 0.19998661757403458	bn:00081286n 7.998534117436168e-05
d002.s008.t009_d002.s008.t009	bn:00035022n 0.9999000199960009	bn:00019101n 9.998000399920017e-05
d002.s008.t011_d002.s008.t011	bn:00014448n 0.3447699633666186	bn:00020953n 0.24568722980097238	bn:00022002n 0.18933801223145402	bn:00022001n 0.14809846642468616	bn:00022581n 0.052198928865411914	bn:00012635n 0.019872925761875198	bn:00022003n 3.447354898176368e-05
d002.s008.t013_d002.s008.t013	bn:00017904n 0.9999000199960009	bn:00041412n 9.998000399920017e-05
d002.s008.t016_d002.s008.t016	bn:00017904n 0.9999000199960009	bn:00041412n 9.998000399920017e-05
d002.s008.t017_d002.s008.t017	bn:00000101n 1.0
d002.s009.t003_d002.s009.t003	bn:00035022n 0.9999000199960009	bn:00019101n 9.998000399920017e-05
d002.s009.t006_d002.s009.t006	bn:00034274n 0.21909278273876479	bn:00034267n 0.1399408943024959	bn:00034275n 0.11032995076789301	bn:00034265n 0.10855358599899818	bn:00034269n 0.09610852132536973	bn:00023291n 0.06922278948019756	bn:00007985n 0.051189872194534615	bn:00006752n 0.049529217931296554	bn:00010805n 0.043323834579853386	bn:00034266n 0.042043006818226904	bn:00005516n 0.03737807766013925	bn:00023237n 0.022693048432360988	bn:00017609n 0.010572510682304238	bn:00009183n 2.1907087565119966e-05
d002.s009.t013_d002.s009.t013	bn:00036821n 0.2729085159112943	bn:00036826n 0.22543351172693918	bn:00036823n 0.18534636401817797	bn:00061560n 0.16424378327163547	bn:00001736n 0.1520405369491742	bn:00064915n 2.7288122778851542e-05
d002.s009.t017_d002.s009.t017	bn:00014694n 0.3855818331948789	bn:00014688n 0.35449383608094237	bn:00014689n 0.2598857763962919	bn:00014692n 3.855432788669922e-05
d002.s011.t004_d002.s011.t004	bn:00062118n 0.9999000199960009	bn:00075738n 9.998000399920017e-05
d002.s011.t007_d002.s011.t008	bn:00021164n 1.0
d002.s011.t007_d002.s011.t007	bn:00046139n 0.16072285465337877	bn:00070498n 0.16061595407017784	bn:00054009n 0.15744717289164326	bn:00021927n 0.14850809188690092	bn:00021164n 0.12970759695456335	bn:00059509n 0.0782607384800045	bn:00070494n 0.07399378918219245	bn:00002181n 0.061267560232851584	bn:00070497n 0.02946017096988996	bn:00027352n 1.6070678397498127e-05
d002.s012.t007_d002.s012.t007	bn:00062118n 0.9999000199960009	bn:00075738n 9.998000399920017e-05
d002.s013.t006_d002.s013.t006	bn:00001296n 0.7082086905725821	bn:00003604n 0.29172049563973945	bn:00003601n 7.081378767849036e-05
d002.s013.t010_d002.s013.t010	bn:00056300n 0.6453032145019333	bn:00041979n 0.22153741125302648	bn:00046357n 0.133094850375977	bn:00037681n 6.4523869063287e-05
d002.s014.t005_d002.s014.t005	bn:00063941n 0.5978771607418953	bn:00054902n 0.3873424590067467	bn:00063940n 0.014720598513457594	bn:00041585n 5.97817379003995e-05
d002.s015.t006_d002.s015.t006	bn:00003057n 0.5594096679838081	bn:00017752n 0.3519436981513351	bn:00017747n 0.08684088166390638	bn:00027685n 0.001749816827689513	bn:00017748n 5.59353732610547e-05
d002.s016.t002_d002.s016.t002	bn:00063941n 0.7285572353395997	bn:00054902n 0.22677638866174166	bn:00041585n 0.044593527559968496	bn:00063940n 7.284843869009096e-05
d002.s017.t006_d002.s017.t006	bn:00079583n 0.9999000199960009	bn:00079581n 9.998000399920017e-05
d002.s017.t010_d002.s017.t010	bn:00036821n 0.4053182740725127	bn:00036826n 0.2759202642623478	bn:00001736n 0.12026040912690507	bn:00061560n 0.10252707008625148	bn:00036823n 0.09593345467735317	bn:00064915n 4.05277746297883e-05
d002.s019.t009_d002.s019.t009	bn:00036821n 0.40731247804547843	bn:00036826n 0.256070835181027	bn:00036823n 0.12250851163714695	bn:00001736n 0.11670614642190658	bn:00061560n 0.09736130153935393	bn:00064915n 4.072717508703914e-05
d002.s019.t018_d002.s019.t018	bn:00059141n 0.7532554050814299	bn:00053226n 0.246669276909863	bn:00015015n 7.531800870727226e-05
d002.s020.t009_d002.s020.t009	bn:00059141n 0.6646545746042358	bn:00053226n 0.3352789665841849	bn:00015015n 6.645881157926566e-05
d002.s020.t019_d002.s020.t019	bn:00036821n 0.337452626041547	bn:00036826n 0.25680074264162256	bn:00036823n 0.16264209213546754	bn:00001736n 0.13866747912901908	bn:00061560n 0.10440331816392853	bn:00064915n 3.374188841531317e-05
d002.s020.t021_d002.s020.t021	bn:00079373n 1.0
d002.s021.t009_d002.s021.t009	bn:00079508n 0.1490642682680546	bn:00017368n 0.14647440249421925	bn:00029680n 0.12649106695879464	bn:00079509n 0.09718338704487459	bn:00079511n 0.09389917490582961	bn:00058151n 0.0858056829447089	bn:00031333n 0.07814580796265706	bn:00012839n 0.05761918199441022	bn:00012840n 0.04396701642906061	bn:00079510n 0.0418836438219312	bn:00026476n 0.037398837202420855	bn:00043384n 0.022109370173084304	bn:00007767n 0.019943254863621217	bn:00011850n 1.4904936333172145e-05
d002.s021.t012_d002.s021.t012	bn:00079583n 0.9999000199960009	bn:00079581n 9.998000399920017e-05
d002.s022.t003_d002.s022.t003	bn:00025928n 0.9999000199960009	bn:00030486n 9.998000399920017e-05
d002.s022.t007_d002.s022.t007	bn:00036821n 0.39286541202840886	bn:00036826n 0.267785354428283	bn:00061560n 0.13969286544849618	bn:00001736n 0.10652477299239689	bn:00036823n 0.09309231248947349	bn:00064915n 3.9282612941546735e-05
d002.s022.t010_d002.s022.t010	bn:00062297n 0.6299935108755998	bn:00008127n 0.22004860032755266	bn:00060765n 0.14989489574506512	bn:00072273n 6.299305178238175e-05
d002.s023.t003_d002.s023.t003	bn:00059128n 0.3799039683913303	bn:00053826n 0.3570451255608336	bn:00059130n 0.20264231629097332	bn:00054973n 0.06037060315868342	bn:00059129n 3.79865981793151e-05
d002.s024.t007_d002.s024.t007	bn:00075652n 0.7494472316151652	bn:00002823n 0.2504778311553962	bn:00075653n 7.493722943857266e-05
d002.s024.t025_d002.s024.t025	bn:00075652n 0.7780735178579098	bn:00002823n 0.22184868257026163	bn:00075653n 7.779957182860812e-05
d002.s025.t009_d002.s025.t009	bn:00016049n 0.9999000199960009	bn:00022129n 9.998000399920017e-05
d002.s026.t010_d002.s026.t010	bn:00036821n 0.38500055903737657	bn:00036826n 0.2985066318986279	bn:00061560n 0.133050751391962	bn:00001736n 0.11217651243471097	bn:00036823n 0.07122704903103941	bn:00064915n 3.849620628310935e-05
d002.s026.t013_d002.s026.t013	bn:00062297n 0.6870112703011765	bn:00008127n 0.18315348630109426	bn:00072273n 0.129766549140125	bn:00060765n 6.869425760435721e-05
d002.s027.t007_d002.s027.t007	bn:00079373n 1.0
d002.s028.t010_d002.s028.t010	bn:00053826n 0.41402866601992455	bn:00059128n 0.3532645235528102	bn:00059130n 0.22072282736325113	bn:00054973n 0.011942584337284687	bn:00059129n 4.139872672931952e-05
d002.s028.t016_d002.s028.t016	bn:00071710n 1.0
d002.s028.t021_d002.s028.t022	bn:00022961n 0.3496962706032027	bn:00022956n 0.3445818135533459	bn:00023040n 0.3056869497130041	bn:00019189n 3.4966130447275544e-05
d002.s028.t021_d002.s028.t021	bn:00036821n 0.4511110848297684	bn:00036826n 0.24802840365392634	bn:00036823n 0.11110777658918357	bn:00061560n 0.09995531951296618	bn:00001736n 0.08975230881633213	bn:00064915n 4.5106597823194524e-05
d002.s030.t003_d002.s030.t003	bn:00036574n 0.9999000199960009	bn:00012042n 9.998000399920017e-05
d002.s031.t002_d002.s031.t002	bn:00022002n 0.24002559274975602	bn:00020953n 0.21560960741543275	bn:00014448n 0.18258198219643781	bn:00022581n 0.1660601376703432	bn:00012635n 0.10745035923131183	bn:00022001n 0.08824832057745934	bn:00022003n 2.4000159259049698e-05
d002.s032.t004_d002.s032.t004	bn:00051510n 0.6692267812220092	bn:00047733n 0.20049651079418876	bn:00051508n 0.1302097919972785	bn:00023140n 6.691598652354857e-05
d002.s032.t007_d002.s032.t007	bn:00079583n 0.9999000199960009	bn:00079581n 9.998000399920017e-05
d002.s034.t004_d002.s034.t004	bn:00032395n 0.17606749327350404	bn:00079416n 0.12809714540468037	bn:00077565n 0.12052374418009108	bn:00023151n 0.1153419183033442	bn:00032393n 0.09606927486481108	bn:00006386n 0.0931435013491335	bn:00032394n 0.09118921744488595	bn:00032396n 0.0901129240727009	bn:00032392n 0.08943717611802061	bn:00030486n 1.760498882846756e-05
d002.s034.t007_d002.s034.t007	bn:00079508n 0.16931482172491175	bn:00017368n 0.16520166914365847	bn:00029680n 0.13019615573488863	bn:00079511n 0.09548701540955412	bn:00079509n 0.09487813262687221	bn:00058151n 0.08301406460973063	bn:00031333n 0.0735294297374118	bn:00012839n 0.054144794608620234	bn:00012840n 0.03395677073395417	bn:00043384n 0.031880025569363396	bn:00026476n 0.026862866970867143	bn:00007767n 0.02088932843698185	bn:00079510n 0.020627994903991927	bn:00011850n 1.6929789193571818e-05
d002.s034.t010_d002.s034.t010	bn:00079583n 0.9999000199960009	bn:00079581n 9.998000399920017e-05
d002.s035.t001_d002.s035.t001	bn:00020947n 1.0
d002.s035.t002_d002.s035.t002	bn:00056688n 1.0
d002.s037.t001_d002.s037.t001	bn:00020947n 1.0
d002.s037.t002_d002.s037.t002	bn:00049538n 0.9999000199960009	bn:00024266n 9.998000399920017e-05
d002.s038.t003_d002.s038.t003	bn:00020945n 0.3856506696246945	bn:00046956n 0.1967044851847533	bn:00029807n 0.1960955795769341	bn:00026980n 0.11796168879728637	bn:00027356n 0.10354901560549032	bn:00054988n 3.856121084138531e-05
d002.s038.t006_d002.s038.t006	bn:00021475n 0.7952602805343092	bn:00005448n 0.19516079151420454	bn:00005449n 0.009499409875240422	bn:00034423n 7.951807624580633e-05
d002.s040.t001_d002.s040.t001	bn:00020947n 1.0
d002.s040.t002_d002.s040.t002	bn:00029536n 0.6669067199491322	bn:00036962n 0.33302659604727325	bn:00036957n 6.668400359455376e-05
d002.s041.t003_d002.s041.t003	bn:00020945n 0.3666005986851353	bn:00029807n 0.23695821678836645	bn:00046956n 0.1971554384239811	bn:00027356n 0.12259750747057258	bn:00026980n 0.0766515822377155	bn:00054988n 3.665639422909062e-05
d002.s041.t011_d002.s041.t011	bn:00070689n 0.9999000199960009	bn:00061560n 9.998000399920017e-05
d002.s042.t003_d002.s042.t005	bn:00028018n 1.0
d002.s042.t003_d002.s042.t003	bn:00021475n 0.6760829141581396	bn:00005448n 0.21646449400285686	bn:00034423n 0.10738499030774097	bn:00005449n 6.76015312626877e-05
d002.s042.t005_d002.s042.t005	bn:00076732n 0.5906938991449292	bn:00053870n 0.40924703737150464	bn:00069638n 5.9063483566136305e-05
d002.s042.t011_d002.s042.t013	bn:00076736n 1.0
d002.s042.t013_d002.s042.t013	bn:00053870n 0.7922129656403677	bn:00076732n 0.2077078209844058	bn:00069638n 7.921337522651413e-05
d002.s043.t001_d002.s043.t001	bn:00020947n 1.0
d002.s043.t002_d002.s043.t002	bn:00068673n 0.5074416979445533	bn:00068672n 0.49250756295956194	bn:00006846n 5.073909588486684e-05
d002.s044.t010_d002.s044.t010	bn:00021475n 0.6413340154601951	bn:00005448n 0.23498279487504356	bn:00034423n 0.12361906267591415	bn:00005449n 6.412698884713479e-05
d002.s044.t011_d002.s044.t011	bn:00045087n 1.0
d002.s045.t001_d002.s045.t001	bn:00020947n 1.0
d002.s045.t002_d002.s045.t002	bn:00065472n 1.0
d002.s046.t003_d002.s046.t003	bn:00013235n 0.1226564484478053	bn:00076429n 0.11429049255534908	bn:00069568n 0.1098311687490073	bn:00021492n 0.09787087233273097	bn:00062942n 0.09776612861938444	bn:00021497n 0.09770813110501762	bn:00062759n 0.0952319364320149	bn:00064647n 0.0924248405887312	bn:00023295n 0.0897239361718808	bn:00062899n 0.08248378057967554	bn:00062760n 1.2264418402940236e-05
d002.s047.t017_d002.s047.t017	bn:00035022n 0.9999000199960009	bn:00019101n 9.998000399920017e-05
d002.s047.t024_d002.s047.t024	bn:00035022n 0.9999000199960009	bn:00019101n 9.998000399920017e-05
d002.s047.t025_d002.s047.t025	bn:00001274n 1.0
d002.s047.t033_d002.s047.t033	bn:00036821n 0.363534308841763	bn:00036826n 0.29390278294588135	bn:00001736n 0.12628395372366605	bn:00036823n 0.1169994327370575	bn:00061560n 0.09924317195572739	bn:00064915n 3.634979590458584e-05
d002.s048.t006_d002.s048.t006	bn:00017904n 0.29256055029840944	bn:00062279n 0.28565459532950294	bn:00009473n 0.1512008401250893	bn:00036107n 0.08480147521479588	bn:00060202n 0.07548383625970212	bn:00063707n 0.05789040625515835	bn:00060201n 0.05237904338762505	bn:00014537n 2.925312971686926e-05
d002.s048.t008_d002.s048.t008	bn:00053870n 0.5207977411556306	bn:00076732n 0.47915018427771056	bn:00069638n 5.207456665889718e-05
d002.s048.t010_d002.s048.t010	bn:00000663n 0.09144267880866708	bn:00028248n 0.08195699059016637	bn:00046848n 0.08144622575085587	bn:00031062n 0.07554485277400402	bn:00026376n 0.07509956494293853	bn:00036184n 0.07206922712635512	bn:00000661n 0.07179259650833006	bn:00047730n 0.07170432695362575	bn:00004493n 0.06927808730191724	bn:00077174n 0.06804542134654991	bn:00001460n 0.06793150078047253	bn:00001462n 0.06484623315013392	bn:00031053n 0.06308510993332422	bn:00025643n 0.04574804067911367	bn:00031044n 9.143353545512157e-06
d002.s048.t016_d002.s048.t016	bn:00036821n 0.2846312955890251	bn:00036826n 0.21499671182615784	bn:00036823n 0.19267908778159556	bn:00001736n 0.17463594100989485	bn:00061560n 0.1330285035097961	bn:00064915n 2.8460283530549457e-05
d002.s049.t005_d002.s049.t005	bn:00036821n 0.4064452164339684	bn:00036826n 0.2718945644744892	bn:00061560n 0.11503133249872208	bn:00001736n 0.11290081533524929	bn:00036823n 0.09368743079997341	bn:00064915n 4.064045759763708e-05
d002.s050.t005_d002.s050.t005	bn:00036821n 0.2965746505412442	bn:00036826n 0.2665368252217813	bn:00001736n 0.1543564399378946	bn:00036823n 0.1532996320686194	bn:00061560n 0.1292027977308564	bn:00064915n 2.9654499604164006e-05
d002.s050.t009_d002.s050.t009	bn:00014305n 0.39257199245625024	bn:00014306n 0.30874096495652675	bn:00014308n 0.2550407738155383	bn:00014310n 0.043607015497766376	bn:00014311n 3.92532739182332e-05
d002.s051.t005_d002.s051.t005	bn:00017904n 0.9999000199960009	bn:00041412n 9.998000399920017e-05
d002.s052.t006_d002.s052.t006	bn:00014305n 0.43738109961527294	bn:00014306n 0.3304597607185581	bn:00014308n 0.21752017618569627	bn:00014311n 0.014595229743884684	bn:00014310n 4.373373658786851e-05
d002.s052.t007_d002.s052.t007	bn:00001274n 1.0
d002.s052.t013_d002.s052.t013	bn:00055445n 0.5607145234604745	bn:00055439n 0.1956570445624461	bn:00001965n 0.1528830720464419	bn:00055441n 0.09068929408487619	bn:00033729n 5.60658457614713e-05
d002.s053.t004_d002.s053.t004	bn:00018869n 0.22149263997374513	bn:00020726n 0.21474361228541128	bn:00029280n 0.21326932365500934	bn:00020731n 0.21151326988264382	bn:00020728n 0.1243966572693278	bn:00020730n 0.014562349884570246	bn:00020777n 2.214704929244527e-05
d002.s053.t007_d002.s053.t007	bn:00017904n 0.9999000199960009	bn:00041412n 9.998000399920017e-05
d003.s001.t002_d003.s001.t002	bn:00061947n 0.48779740697887675	bn:00059480n 0.27948004329742815	bn:00036064n 0.1545487157776443	bn:00008782n 0.07812505908283902	bn:00023654n 4.877486321156652e-05
d003.s001.t011_d003.s001.t011	bn:00022333n 0.38449760997911026	bn:00021722n 0.18289685136176298	bn:00021723n 0.16826657098095096	bn:00050488n 0.1381646397695555	bn:00021724n 0.10702663616390484	bn:00021721n 0.019109245828309234	bn:00051909n 3.84459164062704e-05
d003.s002.t022_d003.s002.t022	bn:00068130n 0.3227549390680006	bn:00017749n 0.2583842328649847	bn:00036823n 0.23367320195641553	bn:00060465n 0.07411064482399547	bn:00001180n 0.05906570732333932	bn:00060464n 0.05197900169658407	bn:00062308n 3.227226668013205e-05
d003.s002.t026_d003.s002.t026	bn:00001973n 0.297382422543288	bn:00001975n 0.14944653131227	bn:00059139n 0.14933791140994065	bn:00001976n 0.1345816239049163	bn:00058698n 0.11677401435539818	bn:00001977n 0.08909948444248421	bn:00001974n 0.06334827676297507	bn:00001972n 2.9735268727456055e-05
d003.s002.t032_d003.s002.t032	bn:00001961n 0.3057372119720898	bn:00007293n 0.15033300217256315	bn:00028191n 0.14603154466648968	bn:00007299n 0.11747757993648478	bn:00007301n 0.114544344975941	bn:00007300n 0.10592221959263712	bn:00050371n 0.034922534070395216	bn:00006565n 0.025000991949268362	bn:00007302n 3.0570664130795904e-05
d003.s002.t044_d003.s002.t044	bn:00054991n 1.0
d003.s002.t050_d003.s002.t050	bn:00079373n 1.0
d003.s003.t005_d003.s003.t005	bn:00021585n 0.24446489863669976	bn:00019920n 0.1843233728439395	bn:00021584n 0.14013066870566984	bn:00021592n 0.13445976624529762	bn:00019944n 0.11023316555578377	bn:00021588n 0.10424297192572564	bn:00021586n 0.08212071204142482	bn:00019919n 2.4444045459124067e-05
d003.s003.t019_d003.s003.t019	bn:00079373n 1.0
d003.s003.t025_d003.s003.t025	bn:00070651n 0.15553539912788733	bn:00070652n 0.13821202145502506	bn:00044916n 0.1298108063141006	bn:00070653n 0.12659769562943268	bn:00070659n 0.12472491235814825	bn:00032645n 0.0936315440609016	bn:00046921n 0.07920067395201799	bn:00027898n 0.05716247088600551	bn:00070647n 0.04190766921628979	bn:00015106n 0.02808458008471363	bn:00070655n 0.025116674930763368	bn:00019956n 1.5551984714317303e-05
d003.s003.t032_d003.s003.t032	bn:00060837n 0.12471070797441926	bn:00010727n 0.11935624655593112	bn:00017749n 0.10885200991550888	bn:00070190n 0.1012019967561427	bn:00027912n 0.09965987849780554	bn:00060764n 0.09601135131394159	bn:00060770n 0.09509688922015996	bn:00036823n 0.09457844252675097	bn:00070193n 0.0831103675204315	bn:00021395n 0.05872975987038122	bn:00060767n 0.014591126367908332	bn:00062812n 0.004088753656804246	bn:00060765n 1.246982381506042e-05
d003.s004.t007_d003.s004.t007	bn:00027862n 1.0
d003.s004.t013_d003.s004.t013	bn:00070651n 0.173967673417436	bn:00070652n 0.12582175430053005	bn:00044916n 0.11817463676794655	bn:00032645n 0.10909670486713458	bn:00070659n 0.10797867331675794	bn:00046921n 0.10022551797016807	bn:00070653n 0.09349623850929153	bn:00027898n 0.08906089945391138	bn:00070647n 0.05919843623309797	bn:00019956n 0.0124690184046686	bn:00015106n 0.010493051731218374	bn:00070655n 1.7395027838959703e-05
d003.s005.t002_d003.s005.t002	bn:00061947n 0.5506996018375432	bn:00059480n 0.2759565757744915	bn:00036064n 0.12281596084333984	bn:00008782n 0.05047279709088694	bn:00023654n 5.5064453738380486e-05
d003.s005.t007_d003.s005.t007	bn:00021015n 0.288603452020797	bn:00021019n 0.27354040610588515	bn:00021017n 0.2338812369405338	bn:00021016n 0.2039460474733279	bn:00021020n 2.8857459456134087e-05
d003.s005.t011_d003.s005.t011	bn:00055180n 0.9564875896210202	bn:00055178n 0.043416771183937254	bn:00036823n 9.563919504259777e-05
d003.s005.t018_d003.s005.t019	bn:00023251n 1.0
d003.s005.t024_d003.s005.t024	bn:00022333n 0.35531879296671454	bn:00021722n 0.19305478687863456	bn:00021723n 0.17386707637645485	bn:00021724n 0.1296092989990437	bn:00050488n 0.10742948400717156	bn:00021721n 0.040685032445516724	bn:00051909n 3.552832646402505e-05
d003.s005.t028_d003.s005.t028	bn:00056025n 0.26156249236080614	bn:00007985n 0.16105367642833132	bn:00022154n 0.1295830040897745	bn:00043267n 0.12823799425620483	bn:00022157n 0.11253522914932321	bn:00008793n 0.0848850945493103	bn:00045803n 0.05501498516660341	bn:00074900n 0.05088722124125088	bn:00067703n 0.01621414912452257	bn:00047690n 2.6153633872693346e-05
d003.s005.t030_d003.s005.t031	bn:00053403n 1.0
d003.s005.t030_d003.s005.t030	bn:00053403n 0.9999000199960009	bn:00030015n 9.998000399920017e-05
d003.s005.t038_d003.s005.t038	bn:00070671n 0.6390719130433395	bn:00003336n 0.36086418615543614	bn:00020920n 6.390080122421154e-05
d003.s006.t002_d003.s006.t002	bn:00061947n 0.42625073091923293	bn:00059480n 0.27452680915820543	bn:00036064n 0.168645548981088	bn:00008782n 0.13053429013046258	bn:00023654n 4.2620811010822215e-05
d003.s006.t012_d003.s006.t012	bn:00074786n 0.17857047791830588	bn:00074790n 0.17794185351764577	bn:00067181n 0.14723402557856988	bn:00007985n 0.1179741841398806	bn:00030952n 0.09927457238230267	bn:00074791n 0.0947273826020435	bn:00074793n 0.07044558127925223	bn:00071923n 0.06512624068654095	bn:00009519n 0.0393060334423883	bn:00074795n 0.00938179319080459	bn:00031755n 1.785526226560403e-05
d003.s006.t023_d003.s006.t023	bn:00022269n 0.5327479785451654	bn:00030844n 0.3475898490802737	bn:00047081n 0.1196089029036535	bn:00031333n 5.32694709074258e-05
d003.s006.t028_d003.s006.t028	bn:00030616n 0.2244181923158002	bn:00081568n 0.18982244623672964	bn:00030625n 0.12985844054525583	bn:00081580n 0.07736640428728192	bn:00014138n 0.07529459614872877	bn:00048240n 0.0738818317022482	bn:00049570n 0.06772839836243846	bn:00049571n 0.06414336406456618	bn:00062309n 0.0429367456281888	bn:00018756n 0.03776198806035263	bn:00081570n 0.016765153073135385	bn:00081569n 2.2439575274052617e-05
d003.s007.t002_d003.s007.t002	bn:00074786n 0.17755776888544486	bn:00074790n 0.16988475543953546	bn:00067181n 0.14318558003884888	bn:00007985n 0.10265754316147861	bn:00074791n 0.09760604901956406	bn:00074793n 0.09084096994458986	bn:00030952n 0.08847576265528297	bn:00071923n 0.06828711193076603	bn:00009519n 0.04994168843087027	bn:00074795n 0.011545016492130742	bn:00031755n 1.775400148839565e-05
d003.s007.t024_d003.s007.t024	bn:00059480n 0.42490799360775366	bn:00001423n 0.2955812178721373	bn:00059482n 0.27946830196940314	bn:00005863n 4.24865507057048e-05
d003.s007.t028_d003.s007.t028	bn:00023236n 0.31743355082646263	bn:00023235n 0.2094292741105923	bn:00064914n 0.1658392372299891	bn:00027810n 0.12712685613469854	bn:00056913n 0.10516289200533227	bn:00023237n 0.0749764495118605	bn:00044488n 3.174018106453981e-05
d003.s008.t002_d003.s008.t002	bn:00046576n 0.9999000199960009	bn:00046575n 9.998000399920017e-05
d003.s008.t004_d003.s008.t004	bn:00054550n 0.5899221010323771	bn:00002936n 0.39888351316968884	bn:00012790n 0.011135399486461871	bn:00043479n 5.8986311472090504e-05
d003.s008.t013_d003.s008.t013	bn:00007020n 0.3924274012541566	bn:00030952n 0.19319530944356542	bn:00079992n 0.18223245390301793	bn:00002157n 0.1622225004694575	bn:00021988n 0.06988309611355871	bn:00007028n 3.923881624379128e-05
d003.s008.t016_d003.s008.t016	bn:00046143n 1.0
d003.s009.t006_d003.s009.t006	bn:00021722n 0.27926746671000785	bn:00022333n 0.25550564984724145	bn:00021723n 0.1846384557109284	bn:00021724n 0.137769302460693	bn:00050488n 0.07613389994384383	bn:00021721n 0.0666573013730098	bn:00051909n 2.792395427557323e-05
d003.s009.t008_d003.s009.t008	bn:00053403n 0.9999000199960009	bn:00030015n 9.998000399920017e-05
d003.s009.t012_d003.s009.t012	bn:00050522n 0.7862494300480182	bn:00050521n 0.21367195287068516	bn:00050523n 7.861708129667215e-05
d003.s009.t014_d003.s009.t014	bn:00067810n 0.7422692278042162	bn:00067808n 0.2576565526949534	bn:00067811n 7.421950083033859e-05
d003.s009.t019_d003.s009.t019	bn:00053116n 0.17662764380221987	bn:00011651n 0.1511598871053436	bn:00027355n 0.14327555728846791	bn:00027357n 0.11324541523794399	bn:00001307n 0.1029359805991398	bn:00059482n 0.10128412826316774	bn:00001303n 0.055657623353399466	bn:00023288n 0.0480788563068241	bn:00027352n 0.046716612544754677	bn:00000355n 0.02794391015976538	bn:00074150n 0.026381993801050795	bn:00001302n 0.006674730539642357	bn:00027353n 1.7660998280393947e-05
d003.s009.t031_d003.s009.t031	bn:00021019n 0.39372133868362313	bn:00021015n 0.29194919794196855	bn:00021016n 0.27399632683936725	bn:00021017n 0.040293768337992364	bn:00021020n 3.9368197048657454e-05
d003.s009.t036_d003.s009.t036	bn:00011638n 0.47752528487525386	bn:00021015n 0.4160841886446212	bn:00021019n 0.10634277872641268	bn:00019284n 4.7747753712154174e-05
d003.s009.t043_d003.s009.t043	bn:00026427n 0.9999000199960009	bn:00026428n 9.998000399920017e-05
d003.s009.t045_d003.s009.t045	bn:00060708n 0.9999000199960009	bn:00060707n 9.998000399920017e-05
d003.s009.t052_d003.s009.t052	bn:00079435n 1.0
d003.s009.t054_d003.s009.t054	bn:00060708n 0.9999000199960009	bn:00060707n 9.998000399920017e-05
d003.s009.t059_d003.s009.t059	bn:00011638n 0.48153176760992955	bn:00021015n 0.47669534196304997	bn:00019284n 0.04172474206509572	bn:00021019n 4.814836192480047e-05
d003.s010.t003_d003.s010.t003	bn:00067181n 0.7878572966601537	bn:00000745n 0.11752724735085614	bn:00000739n 0.09453667813710927	bn:00006473n 7.877785188082728e-05
d003.s010.t011_d003.s010.t011	bn:00031009n 0.9999000199960009	bn:00064710n 9.998000399920017e-05
d003.s010.t015_d003.s010.t015	bn:00063991n 0.4410725145768806	bn:00028736n 0.4381080646816508	bn:00061054n 0.12077531790029482	bn:00063989n 4.410284117357071e-05
d003.s010.t017_d003.s010.t017	bn:00063351n 0.36148717108030837	bn:00063330n 0.35036938906288495	bn:00041192n 0.20091281780045114	bn:00063356n 0.0694688095200432	bn:00063329n 0.017725667433714502	bn:00046997n 3.6145102597771066e-05
d003.s010.t022_d003.s010.t022	bn:00030626n 0.9999000199960009	bn:00012127n 9.998000399920017e-05
d003.s010.t025_d003.s010.t025	bn:00029807n 0.2397691067574747	bn:00041853n 0.23593516833193173	bn:00012993n 0.18823563212473549	bn:00059480n 0.09993569032161244	bn:00035942n 0.09618259180889581	bn:00009077n 0.07964117085035056	bn:00035941n 0.06007220675603259	bn:00005869n 0.00020445853574236115	bn:00035943n 2.397451322442503e-05
d003.s010.t036_d003.s010.t036	bn:00051760n 0.13458276877053107	bn:00030615n 0.1342820983004046	bn:00010073n 0.11407633418375025	bn:00051754n 0.10507395506967192	bn:00062699n 0.10336677551551963	bn:00051758n 0.08872770128335958	bn:00063703n 0.08370113386903093	bn:00062709n 0.07364748545750681	bn:00062701n 0.06009280984822951	bn:00051803n 0.059530948488635715	bn:00063704n 0.042904532282176236	bn:00062704n 1.3456931183934715e-05
d003.s010.t038_d003.s010.t038	bn:00030616n 0.2599411103183253	bn:00081568n 0.15705107168152418	bn:00030625n 0.1185225063663662	bn:00049571n 0.09351028154489897	bn:00014138n 0.08616341961717086	bn:00049570n 0.0845852353668862	bn:00048240n 0.0660270135546876	bn:00018756n 0.0546355116867794	bn:00081570n 0.044883446455493324	bn:00081580n 0.027161269191710146	bn:00062309n 0.007493142704277209	bn:00081569n 2.5991511880644465e-05
d003.s011.t006_d003.s011.t006	bn:00031009n 0.9999000199960009	bn:00064710n 9.998000399920017e-05
d003.s011.t009_d003.s011.t009	bn:00023236n 0.294064108409354	bn:00023235n 0.2092565982631446	bn:00064914n 0.16168430309436926	bn:00027810n 0.14300182591100247	bn:00056913n 0.12210985152828067	bn:00023237n 0.06985390932335508	bn:00044488n 2.9403470493886014e-05
d003.s011.t014_d003.s011.t014	bn:00058445n 0.6996284460013857	bn:00002178n 0.1522022251922783	bn:00058442n 0.14116238920596327	bn:00074900n 0.006936983751357521	bn:00058443n 6.995584901523705e-05
d003.s011.t017_d003.s011.t017	bn:00074790n 0.19943699391968958	bn:00074786n 0.19019338349402964	bn:00067181n 0.14366953165614155	bn:00074791n 0.12981080217072977	bn:00007985n 0.10631652155735462	bn:00030952n 0.089019691270544	bn:00071923n 0.06999368848055094	bn:00074793n 0.045530579191211215	bn:00009519n 0.017081522343678646	bn:00074795n 0.008927344210848641	bn:00031755n 1.9941705221446813e-05
d003.s012.t003_d003.s012.t003	bn:00074786n 0.19737013391944142	bn:00074790n 0.1633498799278129	bn:00007985n 0.1380574687521174	bn:00067181n 0.13606375857575115	bn:00074791n 0.1144718300763943	bn:00030952n 0.09821169077652137	bn:00074793n 0.047804363194160565	bn:00009519n 0.04671380517355264	bn:00071923n 0.04146357243374607	bn:00074795n 0.016473762130614165	bn:00031755n 1.973503988795535e-05
d003.s012.t010_d003.s012.t010	bn:00022168n 1.0
d003.s012.t013_d003.s012.t013	bn:00031009n 0.9999000199960009	bn:00064710n 9.998000399920017e-05
d003.s012.t019_d003.s012.t019	bn:00009656n 0.44489006869013975	bn:00023853n 0.2174319955323914	bn:00022334n 0.2010594313631049	bn:00073805n 0.10275516248157282	bn:00042118n 0.02970524069287701	bn:00042107n 0.004113616681500858	bn:00009654n 4.448455841317266e-05
d003.s012.t025_d003.s012.t025	bn:00059480n 0.4455538593099285	bn:00059482n 0.28616945540284106	bn:00001423n 0.26823213435639237	bn:00005863n 4.4550930837909063e-05
d003.s013.t007_d003.s013.t007	bn:00047238n 1.0
d003.s013.t012_d003.s013.t012	bn:00042833n 0.3606387094182755	bn:00035770n 0.3589549867161846	bn:00061744n 0.27043333985175855	bn:00073805n 0.009936903748865938	bn:00036054n 3.6060264915336016e-05
d003.s014.t002_d003.s014.t002	bn:00074786n 0.19060198527655234	bn:00074790n 0.17630196123804326	bn:00067181n 0.1587584396589315	bn:00007985n 0.1342503279833515	bn:00030952n 0.10713522198703922	bn:00074791n 0.0935616502074658	bn:00074793n 0.052723536253820175	bn:00071923n 0.046421833356439936	bn:00009519n 0.03266311290345383	bn:00074795n 0.007562872842203944	bn:00031755n 1.90582926983854e-05
d003.s015.t007_d003.s015.t007	bn:00031009n 0.9999000199960009	bn:00064710n 9.998000399920017e-05
d003.s015.t021_d003.s015.t021	bn:00022333n 0.3410169291354136	bn:00021722n 0.1814398293951777	bn:00021723n 0.17017699065267225	bn:00050488n 0.1379306477658572	bn:00021724n 0.09835858662232351	bn:00021721n 0.07104291814547047	bn:00051909n 3.409828308523284e-05
d003.s015.t027_d003.s015.t027	bn:00007406n 1.0
d003.s016.t002_d003.s016.t002	bn:00061947n 0.4954320351585682	bn:00059480n 0.2292840481879607	bn:00036064n 0.21764268148745505	bn:00008782n 0.05759169691632514	bn:00023654n 4.953824969088773e-05
d003.s016.t018_d003.s016.t018	bn:00030626n 0.9999000199960009	bn:00012127n 9.998000399920017e-05
d003.s016.t020_d003.s016.t020	bn:00041853n 0.24320876754770485	bn:00029807n 0.2083027394491463	bn:00012993n 0.17802517468568477	bn:00059480n 0.10558322564909205	bn:00035942n 0.09502703248351102	bn:00009077n 0.09358321817802771	bn:00035941n 0.052614377296048745	bn:00005869n 0.023631146265874287	bn:00035943n 2.431844491027946e-05
d003.s018.t003_d003.s018.t003	bn:00030615n 0.18089358689311635	bn:00063703n 0.13976284133570455	bn:00062701n 0.11129553986104994	bn:00062699n 0.10954635772631974	bn:00051803n 0.10859643402458209	bn:00062709n 0.08327423772370975	bn:00051754n 0.06335736921591925	bn:00051760n 0.061080795966615906	bn:00010073n 0.04989876006156519	bn:00062704n 0.046991072896272815	bn:00063704n 0.04528491674521001	bn:00051758n 1.8087549934318205e-05
d003.s018.t011_d003.s018.t011	bn:00031009n 0.9999000199960009	bn:00064710n 9.998000399920017e-05
d003.s018.t026_d003.s018.t026	bn:00081593n 0.548414735126803	bn:00047795n 0.37521021810191496	bn:00030618n 0.0763202107813682	bn:00064681n 5.483598991368894e-05
d003.s019.t002_d003.s019.t002	bn:00049573n 1.0
d003.s019.t009_d003.s019.t009	bn:00067457n 0.9999000199960009	bn:00061406n 9.998000399920017e-05
d003.s019.t031_d003.s019.t031	bn:00081593n 0.4832721380229584	bn:00047795n 0.3686699064332072	bn:00030618n 0.14800963316227034	bn:00064681n 4.8322381564139425e-05
d003.s020.t008_d003.s020.t008	bn:00037634n 0.5246870788631288	bn:00070772n 0.27043614161759333	bn:00037633n 0.12723013813246328	bn:00024039n 0.07759417792527437	bn:00070774n 5.246346154015887e-05
d003.s020.t011_d003.s020.t011	bn:00065800n 0.8957165322458158	bn:00065801n 0.10419390505722922	bn:00012986n 8.95626969548861e-05
d003.s020.t017_d003.s020.t017	bn:00027538n 0.9999000199960009	bn:00070287n 9.998000399920017e-05
d003.s021.t012_d003.s021.t012	bn:00031009n 0.9999000199960009	bn:00064710n 9.998000399920017e-05
d003.s021.t019_d003.s021.t019	bn:00027538n 0.9999000199960009	bn:00070287n 9.998000399920017e-05
d003.s021.t030_d003.s021.t030	bn:00014160n 1.0
d003.s022.t002_d003.s022.t002	bn:00003341n 1.0
d003.s022.t008_d003.s022.t008	bn:00049573n 1.0
d004.s001.t006_d004.s001.t006	bn:00063584n 0.9999000199960009	bn:00007096n 9.998000399920017e-05
d004.s002.t004_d004.s002.t004	bn:00028015n 0.29861810720435844	bn:00028016n 0.2928083914181929	bn:00028017n 0.2433165243904778	bn:00028018n 0.16522711816213287	bn:00032223n 2.9858824837952048e-05
d004.s002.t008_d004.s002.t008	bn:00067181n 0.6360024912395055	bn:00000739n 0.20532047517118826	bn:00000745n 0.1586134396995714	bn:00006473n 6.359388973497705e-05
d004.s002.t021_d004.s002.t021	bn:00021015n 0.5192536257247332	bn:00011638n 0.4208854604605024	bn:00019284n 0.059808993644208906	bn:00021019n 5.192017055541778e-05
d004.s002.t023_d004.s002.t023	bn:00054128n 0.4530818206220774	bn:00061887n 0.31305051628954844	bn:00028872n 0.23382235943667712	bn:00024461n 4.530365169703804e-05
d004.s002.t026_d004.s002.t026	bn:00079883n 1.0
d004.s002.t034_d004.s002.t034	bn:00074786n 0.18014355567444557	bn:00074790n 0.17483798733022063	bn:00067181n 0.16249200251775517	bn:00007985n 0.14856798460535836	bn:00030952n 0.0983984326664526	bn:00074791n 0.09761114967122453	bn:00074793n 0.05870199929671502	bn:00071923n 0.05639065049901566	bn:00074795n 0.01376288061854966	bn:00009519n 0.009075344565950787	bn:00031755n 1.8012554312013356e-05
d004.s002.t048_d004.s002.t048	bn:00054128n 0.4815105063679933	bn:00061887n 0.2966216479156115	bn:00028872n 0.22181969948038177	bn:00024461n 4.814623601319801e-05
d004.s004.t016_d004.s004.t016	bn:00072760n 0.5891136837261544	bn:00004452n 0.41082741079602075	bn:00034919n 5.890547782483296e-05
d004.s005.t005_d004.s005.t005	bn:00020726n 0.23696752533312665	bn:00018869n 0.21938935935592233	bn:00029280n 0.20259155225999909	bn:00020731n 0.19314987046630686	bn:00020728n 0.09692037478673715	bn:00020777n 0.05095762341481323	bn:00020730n 2.3694383095003166e-05
d004.s005.t006_d004.s005.t006	bn:00059251n 0.6941682957117064	bn:00059252n 0.3057622943997113	bn:00059249n 6.940988858231241e-05
d004.s005.t011_d004.s005.t011	bn:00017683n 0.9999000199960009	bn:00032282n 9.998000399920017e-05
d004.s005.t022_d004.s005.t022	bn:00042601n 0.9999000199960009	bn:00017123n 9.998000399920017e-05
d004.s006.t002_d004.s006.t002	bn:00052222n 1.0
d004.s006.t007_d004.s006.t007	bn:00051872n 1.0
d004.s006.t014_d004.s006.t014	bn:00003057n 0.3512721428613439	bn:00015499n 0.20403532986711773	bn:00050802n 0.13706587146451232	bn:00042761n 0.11687399296757925	bn:00014835n 0.10972201982561645	bn:00010406n 0.08099551931191444	bn:00046936n 3.51237019159428e-05
d004.s008.t004_d004.s008.t004	bn:00004656n 1.0
d004.s008.t008_d004.s008.t008	bn:00027565n 0.4772986497489401	bn:00030543n 0.35887963510166043	bn:00008567n 0.16377399005693377	bn:00013851n 4.772509246564745e-05
d004.s009.t004_d004.s009.t004	bn:00015267n 0.9999000199960009	bn:00013851n 9.998000399920017e-05
d004.s009.t010_d004.s009.t010	bn:00027565n 0.4898566008564008	bn:00030543n 0.4336545656600463	bn:00008567n 0.07643985272154334	bn:00013851n 4.8980762009439145e-05
d004.s009.t019_d004.s009.t019	bn:00054128n 0.9999000199960009	bn:00028872n 9.998000399920017e-05
d004.s009.t023_d004.s009.t023	bn:00076843n 0.7805242661209562	bn:00047235n 0.21939768925689407	bn:00042823n 7.804462214988063e-05
d004.s009.t025_d004.s009.t025	bn:00015180n 0.8801797632093954	bn:00015183n 0.11973222761520111	bn:00015182n 8.80091754033992e-05
d004.s009.t032_d004.s009.t032	bn:00027565n 0.5266492118058982	bn:00030543n 0.43606965135402476	bn:00008567n 0.03722847718486195	bn:00013851n 5.2659655215068316e-05
d004.s010.t009_d004.s010.t009	bn:00076843n 0.662846924725822	bn:00047235n 0.3370867972095119	bn:00042823n 6.627806466611559e-05
d004.s010.t013_d004.s010.t013	bn:00033667n 0.36212404363503325	bn:00027011n 0.3524091681239399	bn:00027014n 0.11006330513160122	bn:00027013n 0.10279486425563884	bn:00002932n 0.05777891560336165	bn:00027012n 0.014793494466940041	bn:00061493n 3.6208783485154815e-05
d004.s010.t021_d004.s010.t021	bn:00076843n 0.7198753591000893	bn:00047235n 0.2800526605620346	bn:00042823n 7.19803378762213e-05
d004.s010.t023_d004.s010.t023	bn:00027565n 0.4441097008055481	bn:00030543n 0.3463435693696905	bn:00008567n 0.20950232329533375	bn:00013851n 4.4406529427612056e-05
d004.s010.t026_d004.s010.t026	bn:00046787n 0.5583409020284148	bn:00074877n 0.4416032694642331	bn:00000903n 5.582850735210627e-05
d004.s010.t029_d004.s010.t029	bn:00046787n 0.5841748535323495	bn:00074877n 0.41576673482346155	bn:00000903n 5.8411644188816074e-05
d004.s011.t003_d004.s011.t003	bn:00021961n 0.5599573212825378	bn:00029872n 0.43998668858434714	bn:00046065n 5.59901331149423e-05
d004.s011.t011_d004.s011.t011	bn:00054358n 0.1907755491762767	bn:00016665n 0.14756534822471642	bn:00077311n 0.12243958183103865	bn:00061898n 0.1092120860835799	bn:00061606n 0.09901042092848675	bn:00045520n 0.09173036569843597	bn:00029243n 0.0837625296951217	bn:00031261n 0.07910768246694642	bn:00070056n 0.03240263751939495	bn:00061605n 0.02653975978801047	bn:00040167n 0.01743496294063933	bn:00031353n 1.9075647352892384e-05
d004.s013.t004_d004.s013.t004	bn:00066515n 0.7177785949919697	bn:00065899n 0.21749009203468717	bn:00007828n 0.06465954229091228	bn:00066495n 7.177068243095388e-05
d004.s013.t013_d004.s013.t013	bn:00075762n 0.3824943746944279	bn:00075760n 0.16269337136012346	bn:00075759n 0.156989337372942	bn:00069580n 0.14097549095801287	bn:00005863n 0.08316756500139964	bn:00075763n 0.07364161500018597	bn:00075761n 3.8245612908151976e-05
d004.s013.t013_d004.s013.t014	bn:00057341n 1.0
d004.s014.t004_d004.s014.t004	bn:00074786n 0.1777006266778662	bn:00074790n 0.14844865357919085	bn:00067181n 0.1480451105997435	bn:00030952n 0.13243617578173367	bn:00074791n 0.1296369334325863	bn:00007985n 0.08619085574013018	bn:00071923n 0.0636593760246842	bn:00074793n 0.058309754373017796	bn:00074795n 0.030263455816077183	bn:00031755n 0.025291289689131146	bn:00009519n 1.7768285839202703e-05
d004.s015.t008_d004.s015.t008	bn:00074786n 0.2248063474538642	bn:00074790n 0.1790708982836995	bn:00030952n 0.11081743373702732	bn:00067181n 0.11044993832879696	bn:00007985n 0.10283042418370646	bn:00074791n 0.09967163642144689	bn:00074793n 0.06040717686773368	bn:00071923n 0.05515645566924833	bn:00009519n 0.04623990850288133	bn:00074795n 0.010527302164688604	bn:00031755n 2.2478386906695756e-05
d004.s015.t012_d004.s015.t012	bn:00015267n 0.9999000199960009	bn:00013851n 9.998000399920017e-05
d004.s015.t014_d004.s015.t014	bn:00049551n 1.0
d004.s015.t017_d004.s015.t017	bn:00015267n 0.9999000199960009	bn:00013851n 9.998000399920017e-05
d004.s015.t021_d004.s015.t021	bn:00079883n 1.0
d004.s015.t024_d004.s015.t024	bn:00023236n 0.2484498854080203	bn:00023235n 0.20764193871818143	bn:00064914n 0.18265054705568556	bn:00056913n 0.14817680597237412	bn:00027810n 0.13492430652158224	bn:00023237n 0.07813167381986606	bn:00044488n 2.4842504290372993e-05
d004.s016.t008_d004.s016.t008	bn:00074786n 0.18055976939683663	bn:00074790n 0.1639004453979769	bn:00074791n 0.1430226720917818	bn:00067181n 0.13643352062187722	bn:00007985n 0.1223162953585191	bn:00030952n 0.10647769772143775	bn:00074793n 0.05852156524073146	bn:00071923n 0.0376598573031462	bn:00074795n 0.0295003393513356	bn:00031755n 0.021589783344835058	bn:00009519n 1.8054171522531408e-05
d004.s017.t002_d004.s017.t002	bn:00021961n 0.8180632577538947	bn:00004452n 0.1818549441001446	bn:00069750n 8.17981459607934e-05
d004.s017.t005_d004.s017.t005	bn:00074786n 0.2021974022219587	bn:00074790n 0.1838996714068477	bn:00067181n 0.13861333391523395	bn:00030952n 0.11969937686618672	bn:00007985n 0.11076511527662226	bn:00074791n 0.10025834468118065	bn:00071923n 0.05945716416864304	bn:00074793n 0.05719626983937025	bn:00074795n 0.014441548628614569	bn:00009519n 0.013451555276892143	bn:00031755n 2.0217718450350834e-05
d004.s017.t014_d004.s017.t014	bn:00062717n 1.0
d004.s017.t019_d004.s017.t019	bn:00027565n 0.48637767692656386	bn:00030543n 0.3640802027075922	bn:00008567n 0.14949348746144153	bn:00013851n 4.863290440221617e-05
d004.s017.t026_d004.s017.t026	bn:00054128n 0.5354882549808108	bn:00061887n 0.2812653000302732	bn:00028872n 0.183192901517765	bn:00024461n 5.354347115096598e-05
d004.s017.t030_d004.s017.t030	bn:00015267n 0.9999000199960009	bn:00013851n 9.998000399920017e-05
d004.s017.t033_d004.s017.t033	bn:00062717n 1.0
d004.s017.t037_d004.s017.t037	bn:00076843n 0.709117523823631	bn:00047235n 0.2908115715144528	bn:00042823n 7.090466191617149e-05
d004.s017.t041_d004.s017.t041	bn:00016012n 0.9999000199960009	bn:00008467n 9.998000399920017e-05
d004.s017.t043_d004.s017.t043	bn:00027565n 0.47975273849624256	bn:00030543n 0.3860514739689084	bn:00008567n 0.13414781705804696	bn:00013851n 4.797047680194406e-05
d004.s018.t002_d004.s018.t002	bn:00076843n 0.6707047836636384	bn:00047235n 0.32922815256437243	bn:00042823n 6.706377198916493e-05
d004.s018.t005_d004.s018.t005	bn:00015267n 0.9999000199960009	bn:00013851n 9.998000399920017e-05
d004.s018.t007_d004.s018.t007	bn:00027565n 0.5028110798364341	bn:00030543n 0.38097127461149943	bn:00008567n 0.11616736947169078	bn:00013851n 5.0276080375605854e-05
d004.s018.t015_d004.s018.t015	bn:00004222n 0.9999000199960009	bn:00009390n 9.998000399920017e-05
d004.s018.t017_d004.s018.t017	bn:00027565n 0.5099034720044455	bn:00030543n 0.3726430631922276	bn:00008567n 0.11740247955465134	bn:00013851n 5.098524867557699e-05
d004.s019.t012_d004.s019.t012	bn:00054128n 0.4474875342953671	bn:00061887n 0.3302404127589242	bn:00028872n 0.22222730866670704	bn:00024461n 4.474427900163654e-05
d004.s019.t014_d004.s019.t014	bn:00004222n 0.9999000199960009	bn:00009390n 9.998000399920017e-05
d004.s020.t004_d004.s020.t004	bn:00027565n 0.4256853870727153	bn:00030543n 0.3796374774418713	bn:00008567n 0.19463457120313418	bn:00013851n 4.256428227904363e-05
d004.s020.t009_d004.s020.t009	bn:00006539n 0.3754800163070003	bn:00060823n 0.32026985771697225	bn:00020039n 0.17443287247306566	bn:00006544n 0.10242953898257372	bn:00011745n 0.02735017027318205	bn:00006542n 3.754424720597943e-05
d004.s020.t017_d004.s020.t017	bn:00076843n 0.6724188297801245	bn:00047235n 0.3275139350604135	bn:00042823n 6.723515946206623e-05
d004.s020.t018_d004.s020.t018	bn:00079883n 1.0
d004.s020.t026_d004.s020.t026	bn:00027565n 0.4470513700714842	bn:00030543n 0.3656469970303401	bn:00008567n 0.1872569322312351	bn:00013851n 4.470066694045438e-05
d004.s021.t004_d004.s021.t004	bn:00076929n 1.0
d004.s022.t012_d004.s022.t012	bn:00028320n 0.9454057542124343	bn:00000903n 0.05449971466525656	bn:00024430n 9.453112230901253e-05
d004.s022.t016_d004.s022.t016	bn:00016401n 1.0
d004.s022.t018_d004.s022.t018	bn:00028320n 0.8035180516270983	bn:00000903n 0.19640160460211603	bn:00024430n 8.034377078563128e-05
d004.s022.t029_d004.s022.t029	bn:00016401n 1.0
d004.s022.t031_d004.s022.t031	bn:00071001n 0.759904683083488	bn:00022191n 0.24001933404649067	bn:00022192n 7.598287002134667e-05
d004.s022.t035_d004.s022.t035	bn:00076843n 0.6773329295194664	bn:00047235n 0.3225993439602336	bn:00042823n 6.772652029991666e-05
d004.s023.t006_d004.s023.t006	bn:00046516n 0.711608237130483	bn:00023661n 0.15448312077466408	bn:00061715n 0.0785897949830451	bn:00061714n 0.05524769340346546	bn:00045971n 7.11537083422141e-05
d004.s023.t010_d004.s023.t010	bn:00054128n 0.4848796841798454	bn:00061887n 0.3006914006052141	bn:00028872n 0.21438043209483448	bn:00024461n 4.8483120105973943e-05
d004.s023.t014_d004.s023.t014	bn:00045161n 0.24341594235599084	bn:00077727n 0.20971685089516548	bn:00022119n 0.18624722989530695	bn:00022113n 0.12283333964935866	bn:00025569n 0.12157726805610684	bn:00022118n 0.05944463276110039	bn:00022115n 0.0567403972266515	bn:00022114n 2.433916031956713e-05
d004.s023.t017_d004.s023.t017	bn:00004222n 0.9999000199960009	bn:00009390n 9.998000399920017e-05
d004.s024.t005_d004.s024.t005	bn:00030747n 0.9999000199960009	bn:00025171n 9.998000399920017e-05
d004.s024.t009_d004.s024.t010	bn:00046516n 0.6117376709963644	bn:00044576n 0.38820116135330096	bn:00023661n 6.116765033460299e-05
