d001.s011.t012	bn:00002954n 1.0	bn:17284193n 0.0	bn:00035296n 0.0
d001.s018.t003	bn:00029676n 1.0	bn:00029678n 0.0	bn:00029683n 0.0
d004.s019.t005	bn:00058732n 1.0	bn:03758385n 0.0	bn:00024112n 0.0	bn:00058733n 0.0
d004.s008.t001	bn:15440968n 1.0
d002.s009.t003	bn:00031998n 1.0	bn:00032002n 0.0	bn:14286359n 0.0	bn:13839219n 0.0	bn:15927087n 0.0
d003.s013.t004	bn:00031998n 1.0	bn:00032002n 0.0	bn:14286359n 0.0	bn:13839219n 0.0	bn:15927087n 0.0
d006.s021.t007	bn:00027620n 1.0	bn:00027571n 0.0	bn:00044817n 0.0	bn:00000298n 0.0	bn:00051704n 0.0	bn:00004710n 0.0
d004.s012.t005	bn:00070914n 1.0
d001.s026.t005	bn:00001170n 1.0	bn:05254928n 0.0	bn:00001171n 0.0	bn:00139022n 0.0
d010.s026.t002	bn:00043372n 1.0	bn:13605491n 0.0	bn:00070459n 0.0	bn:03370344n 0.0
d003.s013.t007	bn:00011974n 0.5881275830047196	bn:00051693n 0.41187241699528043	bn:00011980n 0.0
d008.s003.t004	bn:00059169n 1.0	bn:00071511n 0.0	bn:00063237n 0.0	bn:00059168n 0.0	bn:00048493n 0.0	bn:04081999n 0.0
d009.s030.t003	bn:00059169n 1.0	bn:00071511n 0.0	bn:00063237n 0.0	bn:00059168n 0.0	bn:00048493n 0.0	bn:04081999n 0.0
d010.s021.t004	bn:00016853n 1.0	bn:03729944n 0.0	bn:00019405n 0.0	bn:00031026n 0.0	bn:00019403n 0.0	bn:00019404n 0.0
d002.s008.t006	bn:00005053n 1.0	bn:02127030n 0.0	bn:03789342n 0.0
d009.s003.t003	bn:00079045n 1.0
d006.s015.t004	bn:00005599n 0.7401580596574989	bn:00005603n 0.2598419403425011	bn:00005600n 0.0	bn:00679582n 0.0	bn:03364015n 0.0	bn:00016404n 0.0
d006.s024.t001	bn:00005599n 0.5934947006980309	bn:00005603n 0.4065052993019691	bn:00005600n 0.0	bn:00679582n 0.0	bn:03364015n 0.0	bn:00016404n 0.0
d012.s006.t012	bn:00046157n 1.0	bn:00046487n 0.0	bn:01036433n 0.0
d008.s005.t003	bn:00005917n 1.0	bn:16990749n 0.0	bn:16450628n 0.0	bn:00005920n 0.0
d008.s008.t005	bn:00005917n 1.0	bn:16990749n 0.0	bn:16450628n 0.0	bn:00005920n 0.0
d008.s019.t001	bn:00005917n 1.0	bn:16990749n 0.0	bn:16450628n 0.0	bn:00005920n 0.0
d008.s022.t002	bn:00005917n 1.0	bn:16990749n 0.0	bn:16450628n 0.0	bn:00005920n 0.0
d008.s025.t003	bn:00005917n 1.0	bn:16990749n 0.0	bn:16450628n 0.0	bn:00005920n 0.0
d008.s025.t008	bn:00005917n 1.0	bn:16990749n 0.0	bn:16450628n 0.0	bn:00005920n 0.0
d008.s026.t006	bn:00005917n 1.0	bn:16990749n 0.0	bn:16450628n 0.0	bn:00005920n 0.0
d008.s028.t001	bn:00005917n 1.0	bn:16990749n 0.0	bn:16450628n 0.0	bn:00005920n 0.0
d001.s011.t004	bn:00002291n 1.0	bn:00001678n 0.0	bn:00175840n 0.0
d009.s007.t005	bn:00032512n 0.6179095997111769	bn:00013626n 0.38209040028882313	bn:00010892n 0.0	bn:01619319n 0.0	bn:04731270n 0.0	bn:00778628n 0.0	bn:05443824n 0.0	bn:03496174n 0.0	bn:00032514n 0.0	bn:03648357n 0.0	bn:00780373n 0.0	bn:00032513n 0.0	bn:02815712n 0.0	bn:03231670n 0.0	bn:05116183n 0.0	bn:00573588n 0.0	bn:05203986n 0.0
d004.s002.t006	bn:00007085n 1.0
d004.s005.t003	bn:00007085n 1.0
d012.s017.t004	bn:00026980n 0.7045903924447224	bn:00041853n 0.29540960755527756	bn:00008840n 0.0
d008.s003.t002	bn:00007854n 1.0
d008.s008.t002	bn:00007854n 1.0
d008.s023.t002	bn:00007854n 1.0
d012.s011.t003	bn:00008267n 1.0	bn:00073863n 0.0	bn:13953220n 0.0
d013.s006.t004	bn:00008364n 0.6450822364960654	bn:00009850n 0.35491776350393456	bn:03141930n 0.0	bn:00009475n 0.0	bn:03116029n 0.0	bn:00074567n 0.0	bn:02535385n 0.0	bn:00009856n 0.0	bn:00009854n 0.0	bn:21665918n 0.0	bn:00009851n 0.0	bn:15346085n 0.0	bn:16965852n 0.0	bn:00008367n 0.0	bn:15181544n 0.0	bn:00008363n 0.0
d013.s008.t001	bn:00008364n 0.6482721323174622	bn:00009850n 0.35172786768253783	bn:03141930n 0.0	bn:00009475n 0.0	bn:03116029n 0.0	bn:00074567n 0.0	bn:02535385n 0.0	bn:00009856n 0.0	bn:00009854n 0.0	bn:21665918n 0.0	bn:00009851n 0.0	bn:15346085n 0.0	bn:16965852n 0.0	bn:00008367n 0.0	bn:15181544n 0.0	bn:00008363n 0.0
d013.s019.t003	bn:00008364n 0.6219922963119427	bn:00009850n 0.37800770368805725	bn:03141930n 0.0	bn:00009475n 0.0	bn:03116029n 0.0	bn:00074567n 0.0	bn:02535385n 0.0	bn:00009856n 0.0	bn:00009854n 0.0	bn:21665918n 0.0	bn:00009851n 0.0	bn:15346085n 0.0	bn:16965852n 0.0	bn:00008367n 0.0	bn:15181544n 0.0	bn:00008363n 0.0
d011.s012.t004	bn:00008553n 1.0	bn:17292847n 0.0	bn:03855812n 0.0	bn:01907943n 0.0	bn:14697815n 0.0	bn:01374230n 0.0	bn:15928426n 0.0	bn:01088942n 0.0	bn:01766581n 0.0
d004.s019.t004	bn:00008694n 1.0	bn:00008704n 0.0
d012.s015.t001	bn:00033854n 1.0
d009.s023.t003	bn:00063592n 1.0
d005.s004.t002	bn:00067181n 1.0	bn:00067182n 0.0	bn:05510855n 0.0	bn:05510858n 0.0
d006.s003.t002	bn:00067181n 1.0	bn:00067182n 0.0	bn:05510855n 0.0	bn:05510858n 0.0
d008.s006.t005	bn:00067181n 1.0	bn:00067182n 0.0	bn:05510855n 0.0	bn:05510858n 0.0
d008.s009.t002	bn:00067181n 1.0	bn:00067182n 0.0	bn:05510855n 0.0	bn:05510858n 0.0
d008.s012.t007	bn:00067181n 1.0	bn:00067182n 0.0	bn:05510855n 0.0	bn:05510858n 0.0
d009.s021.t001	bn:00067181n 1.0	bn:00067182n 0.0	bn:05510855n 0.0	bn:05510858n 0.0
d012.s016.t004	bn:00064607n 1.0	bn:00030625n 0.0	bn:00014839n 0.0	bn:00030616n 0.0	bn:00543634n 0.0	bn:00064608n 0.0	bn:00014138n 0.0
d006.s006.t005	bn:00014839n 0.7812643479693895	bn:00005019n 0.21873565203061052	bn:00646355n 0.0	bn:00005109n 0.0	bn:05583585n 0.0	bn:00005110n 0.0	bn:14640767n 0.0
d010.s003.t004	bn:00023864n 1.0	bn:00041948n 0.0
d006.s004.t004	bn:00009472n 0.7076305326536454	bn:00009474n 0.2923694673463546	bn:00009475n 0.0
d006.s010.t007	bn:00032047n 0.7013805388542362	bn:00053828n 0.29861946114576376	bn:04141579n 0.0	bn:00020446n 0.0	bn:00032045n 0.0	bn:00051859n 0.0
d003.s011.t002	bn:00027386n 0.5513288587404251	bn:00035304n 0.263499897164215	bn:00007037n 0.18517124409535982	bn:00072910n 0.0	bn:00012365n 0.0	bn:03701486n 0.0	bn:15563300n 0.0	bn:00502270n 0.0	bn:00009474n 0.0	bn:05157509n 0.0	bn:00029425n 0.0	bn:00041883n 0.0	bn:00595600n 0.0	bn:03145259n 0.0	bn:05183830n 0.0	bn:00517156n 0.0	bn:05134760n 0.0	bn:00028934n 0.0	bn:00168167n 0.0	bn:00640922n 0.0	bn:05432297n 0.0
d004.s011.t001	bn:00008679n 1.0
d009.s013.t003	bn:00012786n 1.0	bn:14330220n 0.0	bn:03808181n 0.0
d009.s023.t001	bn:00012786n 1.0	bn:14330220n 0.0	bn:03808181n 0.0
d011.s002.t004	bn:00045208n 1.0	bn:00055509n 0.0	bn:00012297n 0.0	bn:00013761n 0.0
d001.s014.t005	bn:00014103n 1.0
d001.s014.t003	bn:00016756n 1.0	bn:03631123n 0.0	bn:03444605n 0.0	bn:14087880n 0.0	bn:15173010n 0.0	bn:03169391n 0.0	bn:02429903n 0.0	bn:10419850n 0.0	bn:13828375n 0.0	bn:13848280n 0.0	bn:14343737n 0.0	bn:03486646n 0.0	bn:00564078n 0.0	bn:00960420n 0.0	bn:00292615n 0.0
d001.s016.t008	bn:00016756n 1.0	bn:03631123n 0.0	bn:03444605n 0.0	bn:14087880n 0.0	bn:15173010n 0.0	bn:03169391n 0.0	bn:02429903n 0.0	bn:10419850n 0.0	bn:13828375n 0.0	bn:13848280n 0.0	bn:14343737n 0.0	bn:03486646n 0.0	bn:00564078n 0.0	bn:00960420n 0.0	bn:00292615n 0.0
d001.s018.t006	bn:00016756n 1.0	bn:03631123n 0.0	bn:03444605n 0.0	bn:14087880n 0.0	bn:15173010n 0.0	bn:03169391n 0.0	bn:02429903n 0.0	bn:10419850n 0.0	bn:13828375n 0.0	bn:13848280n 0.0	bn:14343737n 0.0	bn:03486646n 0.0	bn:00564078n 0.0	bn:00960420n 0.0	bn:00292615n 0.0
d001.s023.t008	bn:00016756n 1.0	bn:03631123n 0.0	bn:03444605n 0.0	bn:14087880n 0.0	bn:15173010n 0.0	bn:03169391n 0.0	bn:02429903n 0.0	bn:10419850n 0.0	bn:13828375n 0.0	bn:13848280n 0.0	bn:14343737n 0.0	bn:03486646n 0.0	bn:00564078n 0.0	bn:00960420n 0.0	bn:00292615n 0.0
d004.s003.t003	bn:00016756n 1.0	bn:03631123n 0.0	bn:03444605n 0.0	bn:14087880n 0.0	bn:15173010n 0.0	bn:03169391n 0.0	bn:02429903n 0.0	bn:10419850n 0.0	bn:13828375n 0.0	bn:13848280n 0.0	bn:14343737n 0.0	bn:03486646n 0.0	bn:00564078n 0.0	bn:00960420n 0.0	bn:00292615n 0.0
d004.s017.t002	bn:00016756n 1.0	bn:03631123n 0.0	bn:03444605n 0.0	bn:14087880n 0.0	bn:15173010n 0.0	bn:03169391n 0.0	bn:02429903n 0.0	bn:10419850n 0.0	bn:13828375n 0.0	bn:13848280n 0.0	bn:14343737n 0.0	bn:03486646n 0.0	bn:00564078n 0.0	bn:00960420n 0.0	bn:00292615n 0.0
d006.s013.t007	bn:00019742n 1.0	bn:00346213n 0.0	bn:16286146n 0.0	bn:00470639n 0.0	bn:00896170n 0.0	bn:00683864n 0.0	bn:00581720n 0.0	bn:00443813n 0.0	bn:00225385n 0.0	bn:00460668n 0.0	bn:02372040n 0.0	bn:00126421n 0.0	bn:00551816n 0.0	bn:03384755n 0.0	bn:00565011n 0.0	bn:03743977n 0.0	bn:00572852n 0.0	bn:02646231n 0.0	bn:00408638n 0.0	bn:00210446n 0.0	bn:00235047n 0.0	bn:00598392n 0.0	bn:00495530n 0.0	bn:03549566n 0.0
d006.s005.t005	bn:00021904n 1.0
d006.s016.t008	bn:00021904n 1.0
d006.s025.t004	bn:00021904n 1.0
d001.s011.t013	bn:00028863n 1.0	bn:00749459n 0.0
d007.s009.t002	bn:00005601n 1.0	bn:00025621n 0.0	bn:01193244n 0.0	bn:00055838n 0.0
d007.s010.t002	bn:00005601n 1.0	bn:00025621n 0.0	bn:01193244n 0.0	bn:00055838n 0.0
d009.s009.t002	bn:00021207n 1.0	bn:00026146n 0.0	bn:02469078n 0.0
d009.s018.t004	bn:00021207n 1.0	bn:00026146n 0.0	bn:02469078n 0.0
d009.s002.t001	bn:00021207n 1.0
d012.s023.t003	bn:00026684n 1.0	bn:00645254n 0.0	bn:05436644n 0.0	bn:15444709n 0.0	bn:14569387n 0.0	bn:01178563n 0.0	bn:14166675n 0.0	bn:14285198n 0.0	bn:02775404n 0.0	bn:03253395n 0.0	bn:13566767n 0.0	bn:03609980n 0.0	bn:02372258n 0.0	bn:00044329n 0.0	bn:00518576n 0.0	bn:16783625n 0.0	bn:14170349n 0.0	bn:14495040n 0.0	bn:00168608n 0.0	bn:15848370n 0.0	bn:15519991n 0.0	bn:14004963n 0.0	bn:03251450n 0.0	bn:02839521n 0.0	bn:01431211n 0.0	bn:03567425n 0.0	bn:00272662n 0.0
d003.s009.t003	bn:00025645n 1.0
d009.s013.t008	bn:00026817n 1.0	bn:03638689n 0.0	bn:00017904n 0.0	bn:17122907n 0.0	bn:17164290n 0.0
d009.s015.t004	bn:00026817n 1.0	bn:03638689n 0.0	bn:00017904n 0.0	bn:17122907n 0.0	bn:17164290n 0.0
d009.s022.t003	bn:00026817n 1.0	bn:03638689n 0.0	bn:00017904n 0.0	bn:17122907n 0.0	bn:17164290n 0.0
d009.s025.t006	bn:00026817n 1.0	bn:03638689n 0.0	bn:00017904n 0.0	bn:17122907n 0.0	bn:17164290n 0.0
d009.s028.t009	bn:00026817n 1.0	bn:03638689n 0.0	bn:00017904n 0.0	bn:17122907n 0.0	bn:17164290n 0.0
d004.s011.t002	bn:00078546n 1.0
d001.s002.t005	bn:00028018n 1.0	bn:00028017n 0.0	bn:00028016n 0.0	bn:00028015n 0.0	bn:00046963n 0.0	bn:00025804n 0.0
d001.s008.t001	bn:00028018n 1.0	bn:00028017n 0.0	bn:00028016n 0.0	bn:00028015n 0.0	bn:00046963n 0.0	bn:00025804n 0.0
d003.s001.t003	bn:00079129n 0.6323514297250346	bn:00028114n 0.36764857027496545	bn:00028115n 0.0	bn:03167635n 0.0	bn:01084715n 0.0	bn:00013578n 0.0	bn:15868448n 0.0
d003.s002.t008	bn:00079129n 0.7451990687427228	bn:00028114n 0.2548009312572772	bn:00028115n 0.0	bn:03167635n 0.0	bn:01084715n 0.0	bn:00013578n 0.0	bn:15868448n 0.0
d005.s003.t007	bn:00079129n 0.5725552758511817	bn:00028114n 0.4274447241488183	bn:00028115n 0.0	bn:03167635n 0.0	bn:01084715n 0.0	bn:00013578n 0.0	bn:15868448n 0.0
d005.s006.t004	bn:00028114n 0.5337530601971198	bn:00079129n 0.46624693980288023	bn:00028115n 0.0	bn:03167635n 0.0	bn:01084715n 0.0	bn:00013578n 0.0	bn:15868448n 0.0
d005.s011.t003	bn:00079129n 0.5557990082981035	bn:00028114n 0.44420099170189653	bn:00028115n 0.0	bn:03167635n 0.0	bn:01084715n 0.0	bn:00013578n 0.0	bn:15868448n 0.0
d013.s009.t004	bn:00028114n 0.5370972215988151	bn:00079129n 0.4629027784011849	bn:00028115n 0.0	bn:03167635n 0.0	bn:01084715n 0.0	bn:00013578n 0.0	bn:15868448n 0.0
d013.s022.t006	bn:00079129n 0.7950064611365099	bn:00028114n 0.20499353886349014	bn:00028115n 0.0	bn:03167635n 0.0	bn:01084715n 0.0	bn:00013578n 0.0	bn:15868448n 0.0
d013.s023.t006	bn:00028114n 0.5265366750972893	bn:00079129n 0.47346332490271076	bn:00028115n 0.0	bn:03167635n 0.0	bn:01084715n 0.0	bn:00013578n 0.0	bn:15868448n 0.0
d009.s032.t007	bn:00028188n 1.0
d005.s011.t001	bn:00076744n 1.0
d006.s005.t001	bn:00076744n 1.0
d010.s003.t002	bn:00076744n 1.0
d003.s003.t003	bn:00028458n 1.0
d007.s009.t013	bn:00028615n 1.0
d012.s023.t006	bn:00005677n 1.0	bn:00047216n 0.0	bn:16640486n 0.0	bn:00007449n 0.0
d001.s018.t010	bn:00000020n 1.0
d006.s002.t001	bn:00000020n 1.0
d010.s008.t002	bn:00000020n 1.0
d001.s026.t011	bn:00029345n 1.0
d010.s023.t001	bn:00053531n 1.0	bn:00053107n 0.0
d007.s009.t009	bn:00044654n 1.0	bn:17960665n 0.0	bn:00021834n 0.0	bn:14816460n 0.0	bn:00044653n 0.0	bn:00254237n 0.0
d012.s014.t001	bn:00046021n 1.0
d008.s003.t007	bn:00018105n 0.6834942021227772	bn:00054282n 0.31650579787722277	bn:00021396n 0.0	bn:05186083n 0.0	bn:15672812n 0.0	bn:16465320n 0.0	bn:00727025n 0.0	bn:01384770n 0.0	bn:21706302n 0.0	bn:01808129n 0.0	bn:00030300n 0.0	bn:00021394n 0.0
d008.s014.t005	bn:00018105n 0.7080332494074574	bn:00054282n 0.2919667505925426	bn:00021396n 0.0	bn:05186083n 0.0	bn:15672812n 0.0	bn:16465320n 0.0	bn:00727025n 0.0	bn:01384770n 0.0	bn:21706302n 0.0	bn:01808129n 0.0	bn:00030300n 0.0	bn:00021394n 0.0
d008.s016.t004	bn:00018105n 0.6079935153369569	bn:00054282n 0.3920064846630431	bn:00021396n 0.0	bn:05186083n 0.0	bn:15672812n 0.0	bn:16465320n 0.0	bn:00727025n 0.0	bn:01384770n 0.0	bn:21706302n 0.0	bn:01808129n 0.0	bn:00030300n 0.0	bn:00021394n 0.0
d008.s021.t002	bn:00018105n 0.6778487973366937	bn:00054282n 0.3221512026633063	bn:00021396n 0.0	bn:05186083n 0.0	bn:15672812n 0.0	bn:16465320n 0.0	bn:00727025n 0.0	bn:01384770n 0.0	bn:21706302n 0.0	bn:01808129n 0.0	bn:00030300n 0.0	bn:00021394n 0.0
d006.s026.t003	bn:00030581n 1.0	bn:01059006n 0.0	bn:00130488n 0.0	bn:16336045n 0.0	bn:00033963n 0.0	bn:02287830n 0.0	bn:17363679n 0.0	bn:05229434n 0.0
d011.s007.t004	bn:00030861n 1.0	bn:16180485n 0.0	bn:03386890n 0.0
d011.s010.t006	bn:00030861n 1.0	bn:16180485n 0.0	bn:03386890n 0.0
d008.s002.t001	bn:00027529n 1.0
d008.s010.t001	bn:00027529n 1.0
d008.s012.t004	bn:00027529n 1.0
d008.s014.t001	bn:00027529n 1.0
d008.s017.t001	bn:00027529n 1.0
d006.s013.t001	bn:00025693n 0.4576889855431475	bn:00048496n 0.37800028138503056	bn:00021628n 0.16431073307182192	bn:05250742n 0.0	bn:00021584n 0.0	bn:00003132n 0.0	bn:00018661n 0.0	bn:00001400n 0.0	bn:00875739n 0.0	bn:00021590n 0.0
d006.s013.t009	bn:00025693n 0.4576889855431475	bn:00048496n 0.37800028138503056	bn:00021628n 0.16431073307182192	bn:05250742n 0.0	bn:00021584n 0.0	bn:00003132n 0.0	bn:00018661n 0.0	bn:00001400n 0.0	bn:00875739n 0.0	bn:00021590n 0.0
d006.s022.t013	bn:00025693n 0.6851716005454473	bn:00048496n 0.22338607497576585	bn:00021628n 0.0914423244787868	bn:05250742n 0.0	bn:00021584n 0.0	bn:00003132n 0.0	bn:00018661n 0.0	bn:00001400n 0.0	bn:00875739n 0.0	bn:00021590n 0.0
d006.s032.t002	bn:00025693n 0.4632872053443414	bn:00048496n 0.3675109124114946	bn:00021628n 0.16920188224416405	bn:05250742n 0.0	bn:00021584n 0.0	bn:00003132n 0.0	bn:00018661n 0.0	bn:00001400n 0.0	bn:00875739n 0.0	bn:00021590n 0.0
d001.s011.t015	bn:00025949n 1.0
d001.s009.t008	bn:00026694n 1.0
d008.s001.t003	bn:00029424n 0.7233452152982951	bn:00029429n 0.2766547847017049	bn:07726746n 0.0	bn:00045153n 0.0	bn:00184271n 0.0	bn:15842466n 0.0	bn:03174468n 0.0	bn:00029427n 0.0	bn:00029425n 0.0	bn:15295954n 0.0	bn:00041883n 0.0	bn:03817654n 0.0	bn:17565141n 0.0	bn:00027386n 0.0	bn:13876117n 0.0	bn:00028934n 0.0	bn:01340315n 0.0	bn:02353516n 0.0	bn:08339900n 0.0	bn:03564798n 0.0	bn:01408141n 0.0
d008.s003.t003	bn:00029424n 0.8088469539240849	bn:00029429n 0.1911530460759151	bn:07726746n 0.0	bn:00045153n 0.0	bn:00184271n 0.0	bn:15842466n 0.0	bn:03174468n 0.0	bn:00029427n 0.0	bn:00029425n 0.0	bn:15295954n 0.0	bn:00041883n 0.0	bn:03817654n 0.0	bn:17565141n 0.0	bn:00027386n 0.0	bn:13876117n 0.0	bn:00028934n 0.0	bn:01340315n 0.0	bn:02353516n 0.0	bn:08339900n 0.0	bn:03564798n 0.0	bn:01408141n 0.0
d008.s011.t003	bn:00029424n 0.7715580966876943	bn:00029429n 0.22844190331230574	bn:07726746n 0.0	bn:00045153n 0.0	bn:00184271n 0.0	bn:15842466n 0.0	bn:03174468n 0.0	bn:00029427n 0.0	bn:00029425n 0.0	bn:15295954n 0.0	bn:00041883n 0.0	bn:03817654n 0.0	bn:17565141n 0.0	bn:00027386n 0.0	bn:13876117n 0.0	bn:00028934n 0.0	bn:01340315n 0.0	bn:02353516n 0.0	bn:08339900n 0.0	bn:03564798n 0.0	bn:01408141n 0.0
d008.s025.t005	bn:00029424n 0.7874642871673925	bn:00029429n 0.21253571283260753	bn:07726746n 0.0	bn:00045153n 0.0	bn:00184271n 0.0	bn:15842466n 0.0	bn:03174468n 0.0	bn:00029427n 0.0	bn:00029425n 0.0	bn:15295954n 0.0	bn:00041883n 0.0	bn:03817654n 0.0	bn:17565141n 0.0	bn:00027386n 0.0	bn:13876117n 0.0	bn:00028934n 0.0	bn:01340315n 0.0	bn:02353516n 0.0	bn:08339900n 0.0	bn:03564798n 0.0	bn:01408141n 0.0
d012.s016.t001	bn:00032306n 1.0	bn:01433931n 0.0	bn:00032307n 0.0	bn:00032308n 0.0
d001.s016.t003	bn:00000741n 1.0	bn:00025733n 0.0	bn:00032328n 0.0	bn:01626338n 0.0	bn:00001768n 0.0	bn:03180262n 0.0
d001.s016.t009	bn:00043415n 1.0
d007.s008.t002	bn:00031735n 1.0	bn:14941266n 0.0	bn:05131003n 0.0	bn:14556069n 0.0	bn:02479193n 0.0
d005.s003.t009	bn:00031888n 1.0	bn:03341801n 0.0	bn:16067737n 0.0	bn:05485501n 0.0	bn:15756721n 0.0	bn:05181015n 0.0	bn:14313060n 0.0	bn:05228567n 0.0	bn:04586600n 0.0
d012.s023.t009	bn:00031888n 1.0	bn:03341801n 0.0	bn:16067737n 0.0	bn:05485501n 0.0	bn:15756721n 0.0	bn:05181015n 0.0	bn:14313060n 0.0	bn:05228567n 0.0	bn:04586600n 0.0
d001.s011.t001	bn:15193907n 1.0
d010.s001.t003	bn:00016403n 0.5463796390191858	bn:00042677n 0.26672594310322806	bn:00016411n 0.18689441787758615	bn:15899126n 0.0	bn:00025742n 0.0	bn:17872781n 0.0	bn:00016404n 0.0	bn:00016402n 0.0	bn:05564803n 0.0	bn:00016401n 0.0	bn:14475508n 0.0	bn:05519391n 0.0	bn:00048507n 0.0	bn:00286522n 0.0	bn:02605625n 0.0	bn:00314403n 0.0
d010.s002.t013	bn:00016403n 0.6441459346844964	bn:00042677n 0.20338330668378166	bn:00016411n 0.15247075863172185	bn:15899126n 0.0	bn:00025742n 0.0	bn:17872781n 0.0	bn:00016404n 0.0	bn:00016402n 0.0	bn:05564803n 0.0	bn:00016401n 0.0	bn:14475508n 0.0	bn:05519391n 0.0	bn:00048507n 0.0	bn:00286522n 0.0	bn:02605625n 0.0	bn:00314403n 0.0
d010.s004.t001	bn:00016403n 0.6386691159817431	bn:00042677n 0.2115516901340395	bn:00016411n 0.14977919388421734	bn:15899126n 0.0	bn:00025742n 0.0	bn:17872781n 0.0	bn:00016404n 0.0	bn:00016402n 0.0	bn:05564803n 0.0	bn:00016401n 0.0	bn:14475508n 0.0	bn:05519391n 0.0	bn:00048507n 0.0	bn:00286522n 0.0	bn:02605625n 0.0	bn:00314403n 0.0
d010.s018.t002	bn:00016403n 0.6025182502460915	bn:00042677n 0.24195026879372253	bn:00016411n 0.15553148096018582	bn:15899126n 0.0	bn:00025742n 0.0	bn:17872781n 0.0	bn:00016404n 0.0	bn:00016402n 0.0	bn:05564803n 0.0	bn:00016401n 0.0	bn:14475508n 0.0	bn:05519391n 0.0	bn:00048507n 0.0	bn:00286522n 0.0	bn:02605625n 0.0	bn:00314403n 0.0
d010.s026.t003	bn:00016403n 0.7057258945704666	bn:00042677n 0.17138535735729313	bn:00016411n 0.12288874807224022	bn:15899126n 0.0	bn:00025742n 0.0	bn:17872781n 0.0	bn:00016404n 0.0	bn:00016402n 0.0	bn:05564803n 0.0	bn:00016401n 0.0	bn:14475508n 0.0	bn:05519391n 0.0	bn:00048507n 0.0	bn:00286522n 0.0	bn:02605625n 0.0	bn:00314403n 0.0
d007.s015.t003	bn:00015925n 1.0
d006.s005.t003	bn:00032893n 0.7140628054440031	bn:00032896n 0.28593719455599687	bn:00447057n 0.0	bn:01684666n 0.0	bn:00032894n 0.0	bn:00032892n 0.0	bn:17060639n 0.0	bn:00650965n 0.0	bn:00033033n 0.0
d004.s004.t003	bn:00034265n 0.3454526996213619	bn:00034267n 0.24222371916722565	bn:00005869n 0.20751267854607464	bn:00006752n 0.2048109026653378	bn:00034269n 0.0	bn:00034266n 0.0	bn:00915509n 0.0	bn:05363839n 0.0	bn:00017609n 0.0	bn:08894382n 0.0	bn:00009183n 0.0	bn:03578392n 0.0	bn:03163042n 0.0	bn:03137422n 0.0	bn:00007985n 0.0	bn:03171083n 0.0	bn:00082076n 0.0	bn:17127851n 0.0	bn:00198165n 0.0	bn:05501584n 0.0	bn:00045000n 0.0	bn:00034274n 0.0	bn:17906428n 0.0
d004.s007.t004	bn:00034265n 0.35338276215272885	bn:00034267n 0.254543917195977	bn:00006752n 0.19713410325078767	bn:00005869n 0.19493921740050643	bn:00034269n 0.0	bn:00034266n 0.0	bn:00915509n 0.0	bn:05363839n 0.0	bn:00017609n 0.0	bn:08894382n 0.0	bn:00009183n 0.0	bn:03578392n 0.0	bn:03163042n 0.0	bn:03137422n 0.0	bn:00007985n 0.0	bn:03171083n 0.0	bn:00082076n 0.0	bn:17127851n 0.0	bn:00198165n 0.0	bn:05501584n 0.0	bn:00045000n 0.0	bn:00034274n 0.0	bn:17906428n 0.0
d004.s019.t007	bn:00034265n 0.4165422015833551	bn:00005869n 0.2321309314692552	bn:00034267n 0.1782521815832811	bn:00006752n 0.17307468536410855	bn:00034269n 0.0	bn:00034266n 0.0	bn:00915509n 0.0	bn:05363839n 0.0	bn:00017609n 0.0	bn:08894382n 0.0	bn:00009183n 0.0	bn:03578392n 0.0	bn:03163042n 0.0	bn:03137422n 0.0	bn:00007985n 0.0	bn:03171083n 0.0	bn:00082076n 0.0	bn:17127851n 0.0	bn:00198165n 0.0	bn:05501584n 0.0	bn:00045000n 0.0	bn:00034274n 0.0	bn:17906428n 0.0
d001.s012.t002	bn:00009919n 1.0	bn:02486158n 0.0	bn:00034718n 0.0	bn:16302851n 0.0
d006.s004.t007	bn:00034625n 1.0	bn:05238884n 0.0	bn:00045882n 0.0
d006.s026.t002	bn:00034625n 1.0	bn:05238884n 0.0	bn:00045882n 0.0
d001.s007.t002	bn:00035189n 1.0	bn:00035190n 0.0	bn:03298514n 0.0	bn:00686190n 0.0
d001.s025.t004	bn:00001697n 1.0	bn:16750414n 0.0	bn:00002275n 0.0	bn:00016196n 0.0
d008.s010.t007	bn:00035908n 0.4126814041137068	bn:00035911n 0.233803417133444	bn:00059241n 0.1857359678995984	bn:00035909n 0.16777921085325068	bn:05207315n 0.0	bn:05506334n 0.0	bn:00075488n 0.0	bn:21705879n 0.0	bn:00016527n 0.0	bn:00055543n 0.0	bn:05440358n 0.0	bn:01992309n 0.0	bn:00003882n 0.0	bn:00035910n 0.0	bn:00021647n 0.0	bn:00035912n 0.0	bn:00034391n 0.0	bn:00021751n 0.0	bn:00035907n 0.0	bn:03049288n 0.0
d008.s023.t001	bn:00047356n 1.0	bn:00067280n 0.0	bn:16378530n 0.0
d008.s030.t001	bn:00067280n 1.0
d006.s021.t002	bn:00032381n 1.0	bn:00920424n 0.0
d001.s024.t005	bn:00047208n 1.0	bn:00030951n 0.0	bn:03093952n 0.0	bn:00043267n 0.0	bn:00028426n 0.0
d006.s008.t002	bn:00047208n 1.0	bn:00030951n 0.0	bn:03093952n 0.0	bn:00043267n 0.0	bn:00028426n 0.0
d006.s022.t005	bn:00047208n 1.0	bn:00030951n 0.0	bn:03093952n 0.0	bn:00043267n 0.0	bn:00028426n 0.0
d007.s017.t001	bn:00047208n 1.0	bn:00030951n 0.0	bn:03093952n 0.0	bn:00043267n 0.0	bn:00028426n 0.0
d010.s002.t004	bn:00047208n 1.0	bn:00030951n 0.0	bn:03093952n 0.0	bn:00043267n 0.0	bn:00028426n 0.0
d012.s002.t008	bn:00036202n 1.0	bn:13566762n 0.0	bn:03860332n 0.0	bn:02758497n 0.0
d012.s003.t008	bn:00036202n 1.0	bn:13566762n 0.0	bn:03860332n 0.0	bn:02758497n 0.0
d012.s006.t011	bn:00036202n 1.0	bn:13566762n 0.0	bn:03860332n 0.0	bn:02758497n 0.0
d006.s013.t008	bn:00053531n 0.4333231835193916	bn:00001530n 0.42371483522231174	bn:00034016n 0.1429619812582966	bn:00025097n 0.0	bn:00036291n 0.0	bn:00056181n 0.0	bn:00056182n 0.0	bn:15974196n 0.0	bn:13554715n 0.0	bn:16483091n 0.0	bn:05208663n 0.0
d013.s022.t003	bn:00033911n 1.0
d001.s002.t003	bn:00036512n 1.0	bn:05436956n 0.0	bn:02540997n 0.0	bn:14579616n 0.0	bn:00899804n 0.0	bn:14159167n 0.0
d003.s002.t002	bn:00036512n 1.0	bn:05436956n 0.0	bn:02540997n 0.0	bn:14579616n 0.0	bn:00899804n 0.0	bn:14159167n 0.0
d004.s005.t004	bn:00036512n 1.0	bn:05436956n 0.0	bn:02540997n 0.0	bn:14579616n 0.0	bn:00899804n 0.0	bn:14159167n 0.0
d011.s006.t002	bn:00036512n 1.0	bn:05436956n 0.0	bn:02540997n 0.0	bn:14579616n 0.0	bn:00899804n 0.0	bn:14159167n 0.0
d011.s004.t002	bn:00032227n 1.0
d011.s012.t003	bn:15754286n 1.0
d011.s008.t003	bn:00081625n 1.0
d008.s014.t007	bn:00037572n 0.7504238600108117	bn:00051675n 0.24957613998918826	bn:00037031n 0.0	bn:08947335n 0.0	bn:00002320n 0.0	bn:04090946n 0.0	bn:00042663n 0.0	bn:00023289n 0.0	bn:00054041n 0.0	bn:00783771n 0.0	bn:02122101n 0.0	bn:00681978n 0.0	bn:02471954n 0.0	bn:00031053n 0.0	bn:01961631n 0.0	bn:03441349n 0.0	bn:05469825n 0.0	bn:16374430n 0.0	bn:05567921n 0.0	bn:00062881n 0.0	bn:15793295n 0.0
d004.s019.t003	bn:00033939n 1.0	bn:00034084n 0.0
d005.s005.t008	bn:00033939n 1.0	bn:00034084n 0.0
d005.s005.t004	bn:00055644n 1.0	bn:00062453n 0.0	bn:14175838n 0.0	bn:00055645n 0.0
d005.s006.t005	bn:00055644n 1.0	bn:00062453n 0.0	bn:14175838n 0.0	bn:00055645n 0.0
d005.s010.t005	bn:00055644n 1.0	bn:00062453n 0.0	bn:14175838n 0.0	bn:00055645n 0.0
d001.s005.t002	bn:00055652n 1.0
d010.s007.t005	bn:00007054n 1.0	bn:03438454n 0.0	bn:06449671n 0.0	bn:04160856n 0.0
d006.s006.t006	bn:00027574n 0.5345888787092119	bn:00023308n 0.4654111212907881	bn:00078206n 0.0	bn:17011454n 0.0	bn:00023301n 0.0	bn:03759333n 0.0
d006.s030.t004	bn:00027574n 0.6433318691935089	bn:00023308n 0.35666813080649107	bn:00078206n 0.0	bn:17011454n 0.0	bn:00023301n 0.0	bn:03759333n 0.0
d010.s001.t002	bn:00027574n 0.6399582244469155	bn:00023308n 0.3600417755530844	bn:00078206n 0.0	bn:17011454n 0.0	bn:00023301n 0.0	bn:03759333n 0.0
d010.s002.t014	bn:00027574n 0.7018388547344014	bn:00023308n 0.2981611452655986	bn:00078206n 0.0	bn:17011454n 0.0	bn:00023301n 0.0	bn:03759333n 0.0
d010.s007.t002	bn:00027574n 0.612356351686495	bn:00023308n 0.38764364831350495	bn:00078206n 0.0	bn:17011454n 0.0	bn:00023301n 0.0	bn:03759333n 0.0
d010.s011.t003	bn:00027574n 0.606703480201692	bn:00023308n 0.3932965197983081	bn:00078206n 0.0	bn:17011454n 0.0	bn:00023301n 0.0	bn:03759333n 0.0
d010.s019.t007	bn:00027574n 0.5713598645394504	bn:00023308n 0.4286401354605496	bn:00078206n 0.0	bn:17011454n 0.0	bn:00023301n 0.0	bn:03759333n 0.0
d010.s020.t004	bn:00027574n 0.6423462734209596	bn:00023308n 0.3576537265790404	bn:00078206n 0.0	bn:17011454n 0.0	bn:00023301n 0.0	bn:03759333n 0.0
d010.s025.t002	bn:00023308n 0.556523878489302	bn:00027574n 0.44347612151069804	bn:00078206n 0.0	bn:17011454n 0.0	bn:00023301n 0.0	bn:03759333n 0.0
d013.s007.t003	bn:00023308n 0.5065664187848012	bn:00027574n 0.49343358121519876	bn:00078206n 0.0	bn:17011454n 0.0	bn:00023301n 0.0	bn:03759333n 0.0
d007.s009.t014	bn:00044268n 0.3901343691724617	bn:00000738n 0.27008704961295826	bn:00056857n 0.2134367993235623	bn:00044270n 0.12634178189101777	bn:03715325n 0.0	bn:15660258n 0.0	bn:00063049n 0.0	bn:00035305n 0.0	bn:00032763n 0.0	bn:00044269n 0.0	bn:00074472n 0.0	bn:00044267n 0.0
d012.s009.t005	bn:00072566n 0.5093836175075235	bn:00020039n 0.28149165152637384	bn:00019924n 0.20912473096610268	bn:00021286n 0.0	bn:03149432n 0.0	bn:14146654n 0.0	bn:05307474n 0.0	bn:00021248n 0.0	bn:00014137n 0.0	bn:15507519n 0.0	bn:01090673n 0.0	bn:14135053n 0.0	bn:17880853n 0.0	bn:00021284n 0.0
d010.s007.t003	bn:00050250n 0.7975366592673995	bn:00050588n 0.20246334073260053	bn:00007529n 0.0	bn:00048655n 0.0	bn:00050587n 0.0	bn:00050249n 0.0	bn:03684971n 0.0	bn:00050291n 0.0	bn:05149403n 0.0
d010.s009.t004	bn:00050588n 0.5034873424991072	bn:00050250n 0.4965126575008928	bn:00007529n 0.0	bn:00048655n 0.0	bn:00050587n 0.0	bn:00050249n 0.0	bn:03684971n 0.0	bn:00050291n 0.0	bn:05149403n 0.0
d010.s017.t005	bn:00050588n 0.601817483888258	bn:00050250n 0.398182516111742	bn:00007529n 0.0	bn:00048655n 0.0	bn:00050587n 0.0	bn:00050249n 0.0	bn:03684971n 0.0	bn:00050291n 0.0	bn:05149403n 0.0
d010.s026.t005	bn:00050250n 0.7288905679976991	bn:00050588n 0.27110943200230087	bn:00007529n 0.0	bn:00048655n 0.0	bn:00050587n 0.0	bn:00050249n 0.0	bn:03684971n 0.0	bn:00050291n 0.0	bn:05149403n 0.0
d001.s011.t002	bn:00014791n 0.5624031271118832	bn:00075966n 0.4375968728881168	bn:00022349n 0.0	bn:05139805n 0.0	bn:00020686n 0.0	bn:00026835n 0.0
d001.s012.t003	bn:00014791n 0.6073514817781696	bn:00075966n 0.39264851822183044	bn:00022349n 0.0	bn:05139805n 0.0	bn:00020686n 0.0	bn:00026835n 0.0
d001.s021.t005	bn:00014791n 0.6936463531473803	bn:00075966n 0.3063536468526197	bn:00022349n 0.0	bn:05139805n 0.0	bn:00020686n 0.0	bn:00026835n 0.0
d004.s002.t002	bn:00035772n 1.0	bn:15996229n 0.0	bn:00034115n 0.0	bn:00029873n 0.0	bn:03707589n 0.0
d008.s020.t001	bn:00077790n 1.0
d012.s021.t008	bn:00041092n 1.0	bn:00212508n 0.0	bn:03885263n 0.0
d006.s025.t007	bn:00041204n 1.0	bn:13601663n 0.0	bn:14269141n 0.0	bn:02126404n 0.0	bn:14085177n 0.0	bn:00136827n 0.0	bn:14481596n 0.0	bn:15388824n 0.0	bn:01736094n 0.0	bn:05291739n 0.0	bn:00041205n 0.0
d001.s009.t001	bn:00035318n 1.0
d005.s003.t005	bn:00003142n 0.5447484856608468	bn:00043544n 0.45525151433915323	bn:15202413n 0.0	bn:14934810n 0.0	bn:15977737n 0.0	bn:15047084n 0.0	bn:17276070n 0.0	bn:05360006n 0.0	bn:21374195n 0.0	bn:05274803n 0.0	bn:01005702n 0.0	bn:00003604n 0.0	bn:03366031n 0.0	bn:00003111n 0.0	bn:00003143n 0.0	bn:00030330n 0.0	bn:05354555n 0.0	bn:19358024n 0.0	bn:00030332n 0.0
d009.s013.t001	bn:00042601n 1.0
d001.s026.t009	bn:00042759n 1.0	bn:21402410n 0.0	bn:00042761n 0.0	bn:00301211n 0.0	bn:00025555n 0.0	bn:15075729n 0.0	bn:16037717n 0.0	bn:00447426n 0.0	bn:14933391n 0.0	bn:00978341n 0.0	bn:00042766n 0.0
d001.s026.t010	bn:00042759n 1.0	bn:21402410n 0.0	bn:00042761n 0.0	bn:00301211n 0.0	bn:00025555n 0.0	bn:15075729n 0.0	bn:16037717n 0.0	bn:00447426n 0.0	bn:14933391n 0.0	bn:00978341n 0.0	bn:00042766n 0.0
d002.s010.t006	bn:00042759n 1.0	bn:21402410n 0.0	bn:00042761n 0.0	bn:00301211n 0.0	bn:00025555n 0.0	bn:15075729n 0.0	bn:16037717n 0.0	bn:00447426n 0.0	bn:14933391n 0.0	bn:00978341n 0.0	bn:00042766n 0.0
d002.s006.t003	bn:00006143n 1.0	bn:00548556n 0.0
d004.s016.t006	bn:00044994n 0.5120575749820926	bn:00000356n 0.31221857320500657	bn:00029305n 0.17572385181290082	bn:17967733n 0.0	bn:02872624n 0.0	bn:05550967n 0.0	bn:00024498n 0.0	bn:09288923n 0.0	bn:00006651n 0.0	bn:02449284n 0.0	bn:03851657n 0.0	bn:00045000n 0.0
d006.s004.t006	bn:00044994n 0.4226730188234274	bn:00000356n 0.33054945864506496	bn:00029305n 0.24677752253150761	bn:17967733n 0.0	bn:02872624n 0.0	bn:05550967n 0.0	bn:00024498n 0.0	bn:09288923n 0.0	bn:00006651n 0.0	bn:02449284n 0.0	bn:03851657n 0.0	bn:00045000n 0.0
d011.s007.t008	bn:00044532n 1.0	bn:00044506n 0.0	bn:02012472n 0.0	bn:17928033n 0.0
d001.s003.t006	bn:00022742n 1.0	bn:00045274n 0.0	bn:00044174n 0.0	bn:00058512n 0.0	bn:00058511n 0.0
d012.s008.t004	bn:00044759n 1.0	bn:01986945n 0.0	bn:01653899n 0.0	bn:14057877n 0.0	bn:05220043n 0.0	bn:15869447n 0.0
d011.s014.t002	bn:00000009n 1.0	bn:05509352n 0.0	bn:00249334n 0.0	bn:17470494n 0.0	bn:15752687n 0.0
d007.s009.t007	bn:00004527n 1.0	bn:05142566n 0.0	bn:00004526n 0.0
d008.s026.t004	bn:00045800n 1.0	bn:01064334n 0.0	bn:05137723n 0.0
d012.s001.t001	bn:00046021n 1.0	bn:01797253n 0.0
d012.s012.t002	bn:00046021n 1.0	bn:01797253n 0.0
d012.s013.t004	bn:00046021n 1.0	bn:01797253n 0.0
d003.s004.t001	bn:00046418n 0.5944457161089983	bn:00046419n 0.4055542838910017	bn:17167463n 0.0	bn:15894785n 0.0	bn:00053825n 0.0	bn:00010867n 0.0	bn:00950992n 0.0	bn:01617691n 0.0	bn:00046633n 0.0	bn:03632787n 0.0	bn:13255039n 0.0	bn:00035811n 0.0	bn:21706279n 0.0	bn:00147704n 0.0	bn:00586457n 0.0
d001.s023.t009	bn:00010203n 1.0	bn:02477216n 0.0	bn:00931598n 0.0
d003.s002.t006	bn:00050378n 1.0	bn:00046478n 0.0	bn:05273526n 0.0	bn:15214055n 0.0	bn:04172384n 0.0	bn:05150278n 0.0	bn:04088131n 0.0
d005.s005.t001	bn:00046952n 1.0
d009.s009.t003	bn:00046954n 1.0	bn:00034950n 0.0
d008.s012.t006	bn:00024712n 1.0	bn:01848106n 0.0
d006.s029.t001	bn:00047238n 1.0	bn:03455935n 0.0	bn:02520818n 0.0	bn:00571431n 0.0
d005.s009.t004	bn:00047365n 1.0
d005.s006.t006	bn:00047367n 1.0
d013.s020.t001	bn:00047367n 1.0
d004.s009.t001	bn:00002362n 1.0	bn:00054510n 0.0
d004.s010.t002	bn:00002362n 1.0	bn:00054510n 0.0
d004.s011.t007	bn:00002362n 1.0	bn:00054510n 0.0
d004.s018.t003	bn:00002362n 1.0	bn:00054510n 0.0
d002.s001.t002	bn:00047679n 1.0	bn:03624224n 0.0	bn:03134193n 0.0	bn:04758829n 0.0	bn:00961357n 0.0	bn:02281215n 0.0	bn:00732915n 0.0	bn:00047680n 0.0	bn:00043496n 0.0	bn:13566179n 0.0	bn:15102621n 0.0	bn:02823801n 0.0
d006.s015.t003	bn:00017234n 1.0	bn:00910014n 0.0
d006.s033.t002	bn:00017234n 1.0	bn:00910014n 0.0
d004.s003.t008	bn:00025646n 1.0
d006.s012.t001	bn:00025646n 1.0
d009.s018.t001	bn:00025646n 1.0
d006.s029.t002	bn:00048461n 1.0	bn:02448266n 0.0	bn:00022866n 0.0	bn:05333316n 0.0
d004.s007.t003	bn:00048592n 1.0	bn:07167394n 0.0	bn:02734695n 0.0
d005.s013.t001	bn:00048592n 1.0	bn:07167394n 0.0	bn:02734695n 0.0
d006.s005.t008	bn:00048658n 1.0	bn:00012094n 0.0	bn:17970869n 0.0	bn:14152850n 0.0	bn:00823148n 0.0
d006.s007.t006	bn:00048658n 1.0	bn:00012094n 0.0	bn:17970869n 0.0	bn:14152850n 0.0	bn:00823148n 0.0
d006.s022.t014	bn:00048658n 1.0	bn:00012094n 0.0	bn:17970869n 0.0	bn:14152850n 0.0	bn:00823148n 0.0
d001.s018.t001	bn:00005731n 0.7062717565882886	bn:00020858n 0.29372824341171144	bn:00009079n 0.0	bn:03880336n 0.0	bn:00001790n 0.0	bn:15040392n 0.0	bn:01610987n 0.0	bn:17641030n 0.0	bn:00009078n 0.0	bn:05425915n 0.0
d005.s011.t004	bn:00015496n 1.0	bn:00015497n 0.0	bn:00015406n 0.0	bn:03413864n 0.0	bn:00036839n 0.0
d012.s003.t010	bn:00070648n 0.7435912475573432	bn:00080344n 0.2564087524426568	bn:01864406n 0.0	bn:05140624n 0.0	bn:05244973n 0.0
d006.s004.t005	bn:00018345n 1.0	bn:02053860n 0.0	bn:00018366n 0.0	bn:05141969n 0.0	bn:00018346n 0.0	bn:00007995n 0.0	bn:14328687n 0.0
d010.s004.t002	bn:00016403n 1.0	bn:00041786n 0.0	bn:05584641n 0.0	bn:00021348n 0.0	bn:05428031n 0.0	bn:00001134n 0.0	bn:00022792n 0.0
d010.s019.t004	bn:00016403n 1.0	bn:00041786n 0.0	bn:05584641n 0.0	bn:00021348n 0.0	bn:05428031n 0.0	bn:00001134n 0.0	bn:00022792n 0.0
d012.s008.t005	bn:00077356n 1.0	bn:16948394n 0.0	bn:00062576n 0.0
d001.s011.t011	bn:00019782n 1.0
d001.s021.t002	bn:00019782n 1.0
d008.s007.t001	bn:00006890n 1.0	bn:13590835n 0.0
d001.s019.t006	bn:00022995n 1.0	bn:17328147n 0.0	bn:02169597n 0.0	bn:00022996n 0.0	bn:00023027n 0.0	bn:03112060n 0.0	bn:05125936n 0.0	bn:05482420n 0.0
d002.s015.t004	bn:00035768n 1.0	bn:00074615n 0.0	bn:01289345n 0.0	bn:00063940n 0.0	bn:00027227n 0.0	bn:05483754n 0.0	bn:00790276n 0.0	bn:03665120n 0.0	bn:00035769n 0.0	bn:14959675n 0.0	bn:00035767n 0.0	bn:00049453n 0.0	bn:05131583n 0.0	bn:00054902n 0.0	bn:00047042n 0.0	bn:00043146n 0.0
d009.s003.t001	bn:00023827n 1.0	bn:15051682n 0.0	bn:16708399n 0.0	bn:00023809n 0.0
d009.s025.t002	bn:00023827n 1.0	bn:15051682n 0.0	bn:16708399n 0.0	bn:00023809n 0.0
d003.s001.t004	bn:00032134n 0.4271778443454593	bn:00019479n 0.32628749726655876	bn:00002181n 0.246534658387982	bn:00023288n 0.0	bn:13945234n 0.0	bn:00053474n 0.0	bn:00023285n 0.0	bn:05217521n 0.0	bn:00340083n 0.0
d003.s002.t003	bn:00032134n 0.46315092123506907	bn:00002181n 0.27546651466384675	bn:00019479n 0.26138256410108435	bn:00023288n 0.0	bn:13945234n 0.0	bn:00053474n 0.0	bn:00023285n 0.0	bn:05217521n 0.0	bn:00340083n 0.0
d010.s019.t006	bn:00051016n 0.5465177935314498	bn:00032874n 0.4534822064685502	bn:00080410n 0.0	bn:05316827n 0.0
d001.s005.t003	bn:00023236n 0.4722358167186728	bn:00028934n 0.23488194784783203	bn:00023237n 0.1654678372476143	bn:00023235n 0.12741439818588093	bn:01696622n 0.0	bn:00001019n 0.0	bn:00016915n 0.0	bn:16031767n 0.0	bn:00637933n 0.0	bn:03659145n 0.0	bn:05402659n 0.0	bn:00057096n 0.0	bn:00633034n 0.0	bn:01376503n 0.0	bn:02279818n 0.0	bn:00640922n 0.0	bn:05482214n 0.0	bn:00049836n 0.0	bn:00023248n 0.0	bn:01426597n 0.0	bn:00064914n 0.0	bn:03762395n 0.0	bn:00041883n 0.0	bn:00026129n 0.0	bn:16860230n 0.0
d001.s005.t004	bn:00023236n 0.4722358167186728	bn:00028934n 0.23488194784783203	bn:00023237n 0.1654678372476143	bn:00023235n 0.12741439818588093	bn:01696622n 0.0	bn:00001019n 0.0	bn:00016915n 0.0	bn:16031767n 0.0	bn:00637933n 0.0	bn:03659145n 0.0	bn:05402659n 0.0	bn:00057096n 0.0	bn:00633034n 0.0	bn:01376503n 0.0	bn:02279818n 0.0	bn:00640922n 0.0	bn:05482214n 0.0	bn:00049836n 0.0	bn:00023248n 0.0	bn:01426597n 0.0	bn:00064914n 0.0	bn:03762395n 0.0	bn:00041883n 0.0	bn:00026129n 0.0	bn:16860230n 0.0
d001.s018.t009	bn:00023236n 0.4856129101677695	bn:00028934n 0.2678832214498972	bn:00023237n 0.12448972333839123	bn:00023235n 0.12201414504394217	bn:01696622n 0.0	bn:00001019n 0.0	bn:00016915n 0.0	bn:16031767n 0.0	bn:00637933n 0.0	bn:03659145n 0.0	bn:05402659n 0.0	bn:00057096n 0.0	bn:00633034n 0.0	bn:01376503n 0.0	bn:02279818n 0.0	bn:00640922n 0.0	bn:05482214n 0.0	bn:00049836n 0.0	bn:00023248n 0.0	bn:01426597n 0.0	bn:00064914n 0.0	bn:03762395n 0.0	bn:00041883n 0.0	bn:00026129n 0.0	bn:16860230n 0.0
d001.s019.t007	bn:00023236n 0.5344572448978308	bn:00028934n 0.23468481772888083	bn:00023237n 0.1643358131280918	bn:00023235n 0.06652212424519663	bn:01696622n 0.0	bn:00001019n 0.0	bn:00016915n 0.0	bn:16031767n 0.0	bn:00637933n 0.0	bn:03659145n 0.0	bn:05402659n 0.0	bn:00057096n 0.0	bn:00633034n 0.0	bn:01376503n 0.0	bn:02279818n 0.0	bn:00640922n 0.0	bn:05482214n 0.0	bn:00049836n 0.0	bn:00023248n 0.0	bn:01426597n 0.0	bn:00064914n 0.0	bn:03762395n 0.0	bn:00041883n 0.0	bn:00026129n 0.0	bn:16860230n 0.0
d001.s019.t008	bn:00023236n 0.5344572448978308	bn:00028934n 0.23468481772888083	bn:00023237n 0.1643358131280918	bn:00023235n 0.06652212424519663	bn:01696622n 0.0	bn:00001019n 0.0	bn:00016915n 0.0	bn:16031767n 0.0	bn:00637933n 0.0	bn:03659145n 0.0	bn:05402659n 0.0	bn:00057096n 0.0	bn:00633034n 0.0	bn:01376503n 0.0	bn:02279818n 0.0	bn:00640922n 0.0	bn:05482214n 0.0	bn:00049836n 0.0	bn:00023248n 0.0	bn:01426597n 0.0	bn:00064914n 0.0	bn:03762395n 0.0	bn:00041883n 0.0	bn:00026129n 0.0	bn:16860230n 0.0
d001.s021.t001	bn:00023236n 0.45919061101064246	bn:00028934n 0.20700590374230732	bn:00023237n 0.1792530892137213	bn:00023235n 0.1545503960333289	bn:01696622n 0.0	bn:00001019n 0.0	bn:00016915n 0.0	bn:16031767n 0.0	bn:00637933n 0.0	bn:03659145n 0.0	bn:05402659n 0.0	bn:00057096n 0.0	bn:00633034n 0.0	bn:01376503n 0.0	bn:02279818n 0.0	bn:00640922n 0.0	bn:05482214n 0.0	bn:00049836n 0.0	bn:00023248n 0.0	bn:01426597n 0.0	bn:00064914n 0.0	bn:03762395n 0.0	bn:00041883n 0.0	bn:00026129n 0.0	bn:16860230n 0.0
d001.s026.t007	bn:00023236n 0.34425527736937694	bn:00028934n 0.2608472165100203	bn:00023237n 0.21234735003036434	bn:00023235n 0.18255015609023834	bn:01696622n 0.0	bn:00001019n 0.0	bn:00016915n 0.0	bn:16031767n 0.0	bn:00637933n 0.0	bn:03659145n 0.0	bn:05402659n 0.0	bn:00057096n 0.0	bn:00633034n 0.0	bn:01376503n 0.0	bn:02279818n 0.0	bn:00640922n 0.0	bn:05482214n 0.0	bn:00049836n 0.0	bn:00023248n 0.0	bn:01426597n 0.0	bn:00064914n 0.0	bn:03762395n 0.0	bn:00041883n 0.0	bn:00026129n 0.0	bn:16860230n 0.0
d009.s005.t002	bn:00023236n 0.37459783804085783	bn:00023235n 0.25367423556413504	bn:00028934n 0.20570277848962296	bn:00023237n 0.16602514790538422	bn:01696622n 0.0	bn:00001019n 0.0	bn:00016915n 0.0	bn:16031767n 0.0	bn:00637933n 0.0	bn:03659145n 0.0	bn:05402659n 0.0	bn:00057096n 0.0	bn:00633034n 0.0	bn:01376503n 0.0	bn:02279818n 0.0	bn:00640922n 0.0	bn:05482214n 0.0	bn:00049836n 0.0	bn:00023248n 0.0	bn:01426597n 0.0	bn:00064914n 0.0	bn:03762395n 0.0	bn:00041883n 0.0	bn:00026129n 0.0	bn:16860230n 0.0
d009.s010.t001	bn:00023236n 0.3955990704964111	bn:00028934n 0.26823549428616617	bn:00023237n 0.17647569898269921	bn:00023235n 0.15968973623472352	bn:01696622n 0.0	bn:00001019n 0.0	bn:00016915n 0.0	bn:16031767n 0.0	bn:00637933n 0.0	bn:03659145n 0.0	bn:05402659n 0.0	bn:00057096n 0.0	bn:00633034n 0.0	bn:01376503n 0.0	bn:02279818n 0.0	bn:00640922n 0.0	bn:05482214n 0.0	bn:00049836n 0.0	bn:00023248n 0.0	bn:01426597n 0.0	bn:00064914n 0.0	bn:03762395n 0.0	bn:00041883n 0.0	bn:00026129n 0.0	bn:16860230n 0.0
d009.s013.t004	bn:00023236n 0.33241442930296244	bn:00023237n 0.27557137340892507	bn:00028934n 0.20306439555440922	bn:00023235n 0.1889498017337032	bn:01696622n 0.0	bn:00001019n 0.0	bn:00016915n 0.0	bn:16031767n 0.0	bn:00637933n 0.0	bn:03659145n 0.0	bn:05402659n 0.0	bn:00057096n 0.0	bn:00633034n 0.0	bn:01376503n 0.0	bn:02279818n 0.0	bn:00640922n 0.0	bn:05482214n 0.0	bn:00049836n 0.0	bn:00023248n 0.0	bn:01426597n 0.0	bn:00064914n 0.0	bn:03762395n 0.0	bn:00041883n 0.0	bn:00026129n 0.0	bn:16860230n 0.0
d009.s014.t003	bn:00023236n 0.34836385529853153	bn:00028934n 0.23479991804723094	bn:00023235n 0.21099358920353992	bn:00023237n 0.20584263745069759	bn:01696622n 0.0	bn:00001019n 0.0	bn:00016915n 0.0	bn:16031767n 0.0	bn:00637933n 0.0	bn:03659145n 0.0	bn:05402659n 0.0	bn:00057096n 0.0	bn:00633034n 0.0	bn:01376503n 0.0	bn:02279818n 0.0	bn:00640922n 0.0	bn:05482214n 0.0	bn:00049836n 0.0	bn:00023248n 0.0	bn:01426597n 0.0	bn:00064914n 0.0	bn:03762395n 0.0	bn:00041883n 0.0	bn:00026129n 0.0	bn:16860230n 0.0
d009.s016.t003	bn:00023236n 0.3651456235196712	bn:00028934n 0.23800280893168563	bn:00023235n 0.2008780802264583	bn:00023237n 0.19597348732218473	bn:01696622n 0.0	bn:00001019n 0.0	bn:00016915n 0.0	bn:16031767n 0.0	bn:00637933n 0.0	bn:03659145n 0.0	bn:05402659n 0.0	bn:00057096n 0.0	bn:00633034n 0.0	bn:01376503n 0.0	bn:02279818n 0.0	bn:00640922n 0.0	bn:05482214n 0.0	bn:00049836n 0.0	bn:00023248n 0.0	bn:01426597n 0.0	bn:00064914n 0.0	bn:03762395n 0.0	bn:00041883n 0.0	bn:00026129n 0.0	bn:16860230n 0.0
d009.s019.t002	bn:00023236n 0.41009783593973687	bn:00028934n 0.2548566855142986	bn:00023237n 0.22422754987815344	bn:00023235n 0.11081792866781111	bn:01696622n 0.0	bn:00001019n 0.0	bn:00016915n 0.0	bn:16031767n 0.0	bn:00637933n 0.0	bn:03659145n 0.0	bn:05402659n 0.0	bn:00057096n 0.0	bn:00633034n 0.0	bn:01376503n 0.0	bn:02279818n 0.0	bn:00640922n 0.0	bn:05482214n 0.0	bn:00049836n 0.0	bn:00023248n 0.0	bn:01426597n 0.0	bn:00064914n 0.0	bn:03762395n 0.0	bn:00041883n 0.0	bn:00026129n 0.0	bn:16860230n 0.0
d009.s022.t001	bn:00023236n 0.43532406413912356	bn:00028934n 0.2468866697034113	bn:00023237n 0.17297207287199798	bn:00023235n 0.1448171932854672	bn:01696622n 0.0	bn:00001019n 0.0	bn:00016915n 0.0	bn:16031767n 0.0	bn:00637933n 0.0	bn:03659145n 0.0	bn:05402659n 0.0	bn:00057096n 0.0	bn:00633034n 0.0	bn:01376503n 0.0	bn:02279818n 0.0	bn:00640922n 0.0	bn:05482214n 0.0	bn:00049836n 0.0	bn:00023248n 0.0	bn:01426597n 0.0	bn:00064914n 0.0	bn:03762395n 0.0	bn:00041883n 0.0	bn:00026129n 0.0	bn:16860230n 0.0
d009.s022.t002	bn:00023236n 0.43532406413912356	bn:00028934n 0.2468866697034113	bn:00023237n 0.17297207287199798	bn:00023235n 0.1448171932854672	bn:01696622n 0.0	bn:00001019n 0.0	bn:00016915n 0.0	bn:16031767n 0.0	bn:00637933n 0.0	bn:03659145n 0.0	bn:05402659n 0.0	bn:00057096n 0.0	bn:00633034n 0.0	bn:01376503n 0.0	bn:02279818n 0.0	bn:00640922n 0.0	bn:05482214n 0.0	bn:00049836n 0.0	bn:00023248n 0.0	bn:01426597n 0.0	bn:00064914n 0.0	bn:03762395n 0.0	bn:00041883n 0.0	bn:00026129n 0.0	bn:16860230n 0.0
d009.s025.t003	bn:00023236n 0.40716900917649407	bn:00023237n 0.21316565296421355	bn:00028934n 0.2000813282507917	bn:00023235n 0.17958400960850082	bn:01696622n 0.0	bn:00001019n 0.0	bn:00016915n 0.0	bn:16031767n 0.0	bn:00637933n 0.0	bn:03659145n 0.0	bn:05402659n 0.0	bn:00057096n 0.0	bn:00633034n 0.0	bn:01376503n 0.0	bn:02279818n 0.0	bn:00640922n 0.0	bn:05482214n 0.0	bn:00049836n 0.0	bn:00023248n 0.0	bn:01426597n 0.0	bn:00064914n 0.0	bn:03762395n 0.0	bn:00041883n 0.0	bn:00026129n 0.0	bn:16860230n 0.0
d009.s029.t003	bn:00023235n 0.2752812165828102	bn:00023236n 0.26824977478271994	bn:00028934n 0.25413621444132006	bn:00023237n 0.20233279419314976	bn:01696622n 0.0	bn:00001019n 0.0	bn:00016915n 0.0	bn:16031767n 0.0	bn:00637933n 0.0	bn:03659145n 0.0	bn:05402659n 0.0	bn:00057096n 0.0	bn:00633034n 0.0	bn:01376503n 0.0	bn:02279818n 0.0	bn:00640922n 0.0	bn:05482214n 0.0	bn:00049836n 0.0	bn:00023248n 0.0	bn:01426597n 0.0	bn:00064914n 0.0	bn:03762395n 0.0	bn:00041883n 0.0	bn:00026129n 0.0	bn:16860230n 0.0
d009.s032.t002	bn:00023236n 0.4329813740211801	bn:00023235n 0.25191041972260686	bn:00028934n 0.16421493777748133	bn:00023237n 0.15089326847873194	bn:01696622n 0.0	bn:00001019n 0.0	bn:00016915n 0.0	bn:16031767n 0.0	bn:00637933n 0.0	bn:03659145n 0.0	bn:05402659n 0.0	bn:00057096n 0.0	bn:00633034n 0.0	bn:01376503n 0.0	bn:02279818n 0.0	bn:00640922n 0.0	bn:05482214n 0.0	bn:00049836n 0.0	bn:00023248n 0.0	bn:01426597n 0.0	bn:00064914n 0.0	bn:03762395n 0.0	bn:00041883n 0.0	bn:00026129n 0.0	bn:16860230n 0.0
d009.s032.t005	bn:00023236n 0.4329813740211801	bn:00023235n 0.25191041972260686	bn:00028934n 0.16421493777748133	bn:00023237n 0.15089326847873194	bn:01696622n 0.0	bn:00001019n 0.0	bn:00016915n 0.0	bn:16031767n 0.0	bn:00637933n 0.0	bn:03659145n 0.0	bn:05402659n 0.0	bn:00057096n 0.0	bn:00633034n 0.0	bn:01376503n 0.0	bn:02279818n 0.0	bn:00640922n 0.0	bn:05482214n 0.0	bn:00049836n 0.0	bn:00023248n 0.0	bn:01426597n 0.0	bn:00064914n 0.0	bn:03762395n 0.0	bn:00041883n 0.0	bn:00026129n 0.0	bn:16860230n 0.0
d011.s004.t007	bn:00023236n 0.3775111069390239	bn:00023237n 0.2555983034672815	bn:00023235n 0.19679301800522714	bn:00028934n 0.17009757158846756	bn:01696622n 0.0	bn:00001019n 0.0	bn:00016915n 0.0	bn:16031767n 0.0	bn:00637933n 0.0	bn:03659145n 0.0	bn:05402659n 0.0	bn:00057096n 0.0	bn:00633034n 0.0	bn:01376503n 0.0	bn:02279818n 0.0	bn:00640922n 0.0	bn:05482214n 0.0	bn:00049836n 0.0	bn:00023248n 0.0	bn:01426597n 0.0	bn:00064914n 0.0	bn:03762395n 0.0	bn:00041883n 0.0	bn:00026129n 0.0	bn:16860230n 0.0
d012.s002.t006	bn:00023236n 0.34135585541008423	bn:00028934n 0.3188461818674591	bn:00023237n 0.1765857644719961	bn:00023235n 0.1632121982504605	bn:01696622n 0.0	bn:00001019n 0.0	bn:00016915n 0.0	bn:16031767n 0.0	bn:00637933n 0.0	bn:03659145n 0.0	bn:05402659n 0.0	bn:00057096n 0.0	bn:00633034n 0.0	bn:01376503n 0.0	bn:02279818n 0.0	bn:00640922n 0.0	bn:05482214n 0.0	bn:00049836n 0.0	bn:00023248n 0.0	bn:01426597n 0.0	bn:00064914n 0.0	bn:03762395n 0.0	bn:00041883n 0.0	bn:00026129n 0.0	bn:16860230n 0.0
d012.s006.t008	bn:00023236n 0.5054650567206782	bn:00028934n 0.18187510188403266	bn:00023237n 0.1632204486468132	bn:00023235n 0.1494393927484759	bn:01696622n 0.0	bn:00001019n 0.0	bn:00016915n 0.0	bn:16031767n 0.0	bn:00637933n 0.0	bn:03659145n 0.0	bn:05402659n 0.0	bn:00057096n 0.0	bn:00633034n 0.0	bn:01376503n 0.0	bn:02279818n 0.0	bn:00640922n 0.0	bn:05482214n 0.0	bn:00049836n 0.0	bn:00023248n 0.0	bn:01426597n 0.0	bn:00064914n 0.0	bn:03762395n 0.0	bn:00041883n 0.0	bn:00026129n 0.0	bn:16860230n 0.0
d012.s019.t003	bn:00023236n 0.4488531664545549	bn:00028934n 0.2408452315921013	bn:00023237n 0.19223329617051935	bn:00023235n 0.11806830578282444	bn:01696622n 0.0	bn:00001019n 0.0	bn:00016915n 0.0	bn:16031767n 0.0	bn:00637933n 0.0	bn:03659145n 0.0	bn:05402659n 0.0	bn:00057096n 0.0	bn:00633034n 0.0	bn:01376503n 0.0	bn:02279818n 0.0	bn:00640922n 0.0	bn:05482214n 0.0	bn:00049836n 0.0	bn:00023248n 0.0	bn:01426597n 0.0	bn:00064914n 0.0	bn:03762395n 0.0	bn:00041883n 0.0	bn:00026129n 0.0	bn:16860230n 0.0
d012.s022.t003	bn:00023236n 0.4520430180377868	bn:00028934n 0.1961134007434488	bn:00023237n 0.17733711637859695	bn:00023235n 0.17450646484016746	bn:01696622n 0.0	bn:00001019n 0.0	bn:00016915n 0.0	bn:16031767n 0.0	bn:00637933n 0.0	bn:03659145n 0.0	bn:05402659n 0.0	bn:00057096n 0.0	bn:00633034n 0.0	bn:01376503n 0.0	bn:02279818n 0.0	bn:00640922n 0.0	bn:05482214n 0.0	bn:00049836n 0.0	bn:00023248n 0.0	bn:01426597n 0.0	bn:00064914n 0.0	bn:03762395n 0.0	bn:00041883n 0.0	bn:00026129n 0.0	bn:16860230n 0.0
d009.s002.t002	bn:00050165n 1.0
d009.s008.t002	bn:00050165n 1.0
d009.s018.t002	bn:00050165n 1.0
d009.s019.t003	bn:00050165n 1.0
d009.s021.t002	bn:00050165n 1.0
d009.s021.t005	bn:00050165n 1.0
d009.s025.t001	bn:00050165n 1.0
d008.s003.t006	bn:00051054n 1.0	bn:00051053n 0.0	bn:00051052n 0.0	bn:00051048n 0.0	bn:00002761n 0.0	bn:00010534n 0.0	bn:00051047n 0.0	bn:00051046n 0.0	bn:00051045n 0.0	bn:02381422n 0.0	bn:00051049n 0.0	bn:06142939n 0.0	bn:02340483n 0.0	bn:08552352n 0.0	bn:14889509n 0.0	bn:17308991n 0.0	bn:00051050n 0.0
d008.s010.t004	bn:00051054n 1.0	bn:00051053n 0.0	bn:00051052n 0.0	bn:00051048n 0.0	bn:00002761n 0.0	bn:00010534n 0.0	bn:00051047n 0.0	bn:00051046n 0.0	bn:00051045n 0.0	bn:02381422n 0.0	bn:00051049n 0.0	bn:06142939n 0.0	bn:02340483n 0.0	bn:08552352n 0.0	bn:14889509n 0.0	bn:17308991n 0.0	bn:00051050n 0.0
d008.s010.t006	bn:00051054n 1.0	bn:00051053n 0.0	bn:00051052n 0.0	bn:00051048n 0.0	bn:00002761n 0.0	bn:00010534n 0.0	bn:00051047n 0.0	bn:00051046n 0.0	bn:00051045n 0.0	bn:02381422n 0.0	bn:00051049n 0.0	bn:06142939n 0.0	bn:02340483n 0.0	bn:08552352n 0.0	bn:14889509n 0.0	bn:17308991n 0.0	bn:00051050n 0.0
d008.s012.t009	bn:00051054n 1.0	bn:00051053n 0.0	bn:00051052n 0.0	bn:00051048n 0.0	bn:00002761n 0.0	bn:00010534n 0.0	bn:00051047n 0.0	bn:00051046n 0.0	bn:00051045n 0.0	bn:02381422n 0.0	bn:00051049n 0.0	bn:06142939n 0.0	bn:02340483n 0.0	bn:08552352n 0.0	bn:14889509n 0.0	bn:17308991n 0.0	bn:00051050n 0.0
d006.s010.t009	bn:00060907n 1.0	bn:16624767n 0.0	bn:15884771n 0.0
d001.s014.t002	bn:00051289n 0.563802303458042	bn:00070193n 0.43619769654195795	bn:04144221n 0.0	bn:15961859n 0.0	bn:17312520n 0.0	bn:15029631n 0.0	bn:00040153n 0.0	bn:00528952n 0.0	bn:00001919n 0.0	bn:03875950n 0.0	bn:00014457n 0.0	bn:15758807n 0.0	bn:00005605n 0.0	bn:05355413n 0.0	bn:00662950n 0.0	bn:00051292n 0.0	bn:00051290n 0.0	bn:00051291n 0.0
d002.s015.t003	bn:00070193n 0.5261989026017022	bn:00051289n 0.4738010973982978	bn:04144221n 0.0	bn:15961859n 0.0	bn:17312520n 0.0	bn:15029631n 0.0	bn:00040153n 0.0	bn:00528952n 0.0	bn:00001919n 0.0	bn:03875950n 0.0	bn:00014457n 0.0	bn:15758807n 0.0	bn:00005605n 0.0	bn:05355413n 0.0	bn:00662950n 0.0	bn:00051292n 0.0	bn:00051290n 0.0	bn:00051291n 0.0
d012.s013.t010	bn:00029416n 1.0	bn:03197736n 0.0	bn:03457251n 0.0	bn:00061123n 0.0	bn:05154716n 0.0	bn:05126432n 0.0	bn:03660958n 0.0	bn:05130628n 0.0
d012.s015.t007	bn:00029416n 1.0	bn:03197736n 0.0	bn:03457251n 0.0	bn:00061123n 0.0	bn:05154716n 0.0	bn:05126432n 0.0	bn:03660958n 0.0	bn:05130628n 0.0
d012.s019.t008	bn:00029416n 1.0	bn:03197736n 0.0	bn:03457251n 0.0	bn:00061123n 0.0	bn:05154716n 0.0	bn:05126432n 0.0	bn:03660958n 0.0	bn:05130628n 0.0
d011.s010.t008	bn:00013179n 1.0	bn:03131691n 0.0	bn:00282459n 0.0	bn:01077489n 0.0	bn:02546945n 0.0	bn:05565488n 0.0	bn:16600628n 0.0	bn:03743236n 0.0	bn:15377869n 0.0	bn:17364459n 0.0	bn:01546535n 0.0	bn:00190682n 0.0	bn:15469930n 0.0	bn:15359216n 0.0	bn:00757334n 0.0	bn:00019335n 0.0	bn:00735197n 0.0	bn:00201989n 0.0	bn:03134039n 0.0
d010.s006.t003	bn:00053318n 1.0	bn:05314323n 0.0	bn:05223346n 0.0	bn:05532099n 0.0	bn:06123604n 0.0
d001.s019.t005	bn:00063940n 1.0	bn:17696520n 0.0	bn:00058685n 0.0	bn:00041585n 0.0	bn:01164529n 0.0	bn:00054902n 0.0
d012.s003.t007	bn:00053941n 1.0	bn:02232252n 0.0	bn:00903751n 0.0	bn:01193701n 0.0	bn:02859285n 0.0	bn:17543235n 0.0	bn:02477906n 0.0
d012.s013.t005	bn:00053941n 1.0	bn:02232252n 0.0	bn:00903751n 0.0	bn:01193701n 0.0	bn:02859285n 0.0	bn:17543235n 0.0	bn:02477906n 0.0
d012.s024.t002	bn:00053151n 1.0	bn:03579698n 0.0	bn:00007292n 0.0	bn:00368897n 0.0	bn:04075100n 0.0	bn:00368883n 0.0	bn:05132839n 0.0	bn:01053968n 0.0
d012.s019.t004	bn:00053188n 0.48558506847070493	bn:00025913n 0.3353973333912926	bn:00025865n 0.1790175981380025	bn:07157988n 0.0	bn:02562105n 0.0	bn:00025916n 0.0	bn:05226946n 0.0	bn:00025581n 0.0	bn:01260790n 0.0	bn:21645117n 0.0
d003.s005.t001	bn:00053458n 1.0	bn:05501009n 0.0	bn:05412419n 0.0	bn:17906587n 0.0	bn:16199804n 0.0	bn:00053461n 0.0	bn:00053459n 0.0	bn:17885058n 0.0	bn:00942603n 0.0	bn:05189005n 0.0	bn:05199054n 0.0	bn:05443624n 0.0	bn:17360645n 0.0	bn:01618245n 0.0	bn:05253805n 0.0	bn:17319537n 0.0	bn:05424990n 0.0	bn:15297813n 0.0	bn:04094812n 0.0	bn:05584023n 0.0	bn:05279112n 0.0	bn:05295907n 0.0	bn:05486447n 0.0	bn:05521137n 0.0	bn:14797012n 0.0	bn:17941826n 0.0	bn:05510136n 0.0
d009.s028.t003	bn:00036346n 1.0
d009.s029.t002	bn:00036346n 1.0
d001.s025.t005	bn:00041948n 1.0
d001.s026.t008	bn:00059168n 0.44395150967327485	bn:00009716n 0.4207346622497473	bn:00064277n 0.1353138280769778	bn:00048493n 0.0	bn:00021870n 0.0
d008.s014.t008	bn:00009716n 0.4946399287953568	bn:00059168n 0.3391195864912241	bn:00064277n 0.16624048471341915	bn:00048493n 0.0	bn:00021870n 0.0
d012.s002.t007	bn:00045163n 1.0
d001.s020.t004	bn:00054693n 1.0	bn:00015574n 0.0	bn:05473158n 0.0	bn:01034524n 0.0	bn:01428778n 0.0
d009.s012.t001	bn:00054693n 1.0	bn:00015574n 0.0	bn:05473158n 0.0	bn:01034524n 0.0	bn:01428778n 0.0
d009.s013.t002	bn:00054693n 1.0	bn:00015574n 0.0	bn:05473158n 0.0	bn:01034524n 0.0	bn:01428778n 0.0
d009.s024.t001	bn:00054693n 1.0	bn:00015574n 0.0	bn:05473158n 0.0	bn:01034524n 0.0	bn:01428778n 0.0
d009.s032.t001	bn:00054693n 1.0	bn:00015574n 0.0	bn:05473158n 0.0	bn:01034524n 0.0	bn:01428778n 0.0
d012.s006.t005	bn:00000013n 1.0	bn:14389146n 0.0
d013.s003.t006	bn:00000013n 1.0	bn:14389146n 0.0
d013.s003.t008	bn:00000013n 1.0	bn:14389146n 0.0
d001.s027.t002	bn:00041200n 1.0	bn:00019727n 0.0	bn:00014450n 0.0	bn:00027288n 0.0	bn:00001604n 0.0	bn:00031083n 0.0	bn:00024459n 0.0	bn:00055178n 0.0	bn:17933876n 0.0
d004.s013.t005	bn:00055180n 1.0	bn:03743591n 0.0	bn:08940553n 0.0	bn:00041197n 0.0
d004.s019.t006	bn:00055180n 1.0	bn:03743591n 0.0	bn:08940553n 0.0	bn:00041197n 0.0
d002.s014.t003	bn:00055094n 1.0	bn:05138362n 0.0	bn:03241267n 0.0
d007.s004.t001	bn:00055094n 1.0	bn:05138362n 0.0	bn:03241267n 0.0
d001.s020.t005	bn:00017171n 1.0	bn:03870348n 0.0
d009.s024.t002	bn:00017171n 1.0	bn:03870348n 0.0
d009.s032.t003	bn:00017171n 1.0	bn:03870348n 0.0
d001.s008.t005	bn:00017123n 1.0	bn:00645764n 0.0	bn:00602073n 0.0
d011.s013.t005	bn:00036014n 1.0
d001.s027.t003	bn:00054897n 1.0
d003.s013.t003	bn:00054897n 1.0
d005.s003.t002	bn:00054897n 1.0
d003.s009.t004	bn:00014710n 1.0	bn:00055794n 0.0	bn:00052325n 0.0
d003.s010.t002	bn:00014710n 1.0	bn:00055794n 0.0	bn:00052325n 0.0
d006.s025.t001	bn:00014710n 1.0	bn:00055794n 0.0	bn:00052325n 0.0
d008.s025.t007	bn:00055809n 0.5255270908070881	bn:00055813n 0.2620869548874439	bn:00052325n 0.21238595430546794	bn:00069344n 0.0	bn:05221215n 0.0	bn:00055794n 0.0	bn:00005913n 0.0	bn:00055811n 0.0	bn:00371828n 0.0	bn:01444615n 0.0	bn:00063119n 0.0	bn:00069316n 0.0	bn:00056135n 0.0	bn:00075172n 0.0
d010.s019.t001	bn:00031709n 1.0	bn:00031618n 0.0	bn:00055860n 0.0	bn:00050794n 0.0	bn:17658653n 0.0
d013.s015.t001	bn:00055949n 1.0
d008.s018.t003	bn:00056879n 1.0	bn:01285086n 0.0	bn:00715066n 0.0
d008.s030.t002	bn:00056879n 1.0	bn:01285086n 0.0	bn:00715066n 0.0
d003.s002.t011	bn:00056893n 1.0
d003.s003.t006	bn:00056893n 1.0
d003.s002.t001	bn:00010302n 1.0
d009.s032.t008	bn:00057614n 1.0	bn:04802794n 0.0
d012.s021.t007	bn:00057831n 1.0
d007.s003.t005	bn:00058192n 1.0	bn:01704243n 0.0	bn:02711302n 0.0	bn:01625025n 0.0	bn:09258735n 0.0	bn:00217541n 0.0	bn:16649078n 0.0
d001.s023.t002	bn:00058674n 1.0
d001.s028.t003	bn:00059480n 0.695359998405665	bn:00001423n 0.304640001594335	bn:03175574n 0.0	bn:00059482n 0.0	bn:00059481n 0.0	bn:03176813n 0.0	bn:00065084n 0.0	bn:04094324n 0.0	bn:00918624n 0.0	bn:00005863n 0.0
d010.s017.t006	bn:00059480n 0.6050233046230796	bn:00001423n 0.3949766953769204	bn:03175574n 0.0	bn:00059482n 0.0	bn:00059481n 0.0	bn:03176813n 0.0	bn:00065084n 0.0	bn:04094324n 0.0	bn:00918624n 0.0	bn:00005863n 0.0
d006.s013.t006	bn:00059675n 1.0
d001.s006.t001	bn:00060280n 1.0	bn:00060413n 0.0	bn:13987029n 0.0	bn:00897834n 0.0	bn:03755356n 0.0	bn:00060279n 0.0	bn:00791686n 0.0	bn:03174284n 0.0	bn:00060297n 0.0	bn:05484750n 0.0
d011.s006.t004	bn:00060340n 1.0	bn:03185879n 0.0	bn:00397952n 0.0	bn:00432803n 0.0	bn:00493492n 0.0	bn:03840997n 0.0	bn:03892058n 0.0	bn:03161332n 0.0	bn:00229734n 0.0	bn:03408818n 0.0	bn:09341032n 0.0	bn:00273392n 0.0
d013.s006.t001	bn:00060464n 1.0	bn:00057563n 0.0	bn:00021410n 0.0	bn:14493416n 0.0
d013.s007.t002	bn:00060837n 0.5470213143882505	bn:00060834n 0.4529786856117494	bn:00060835n 0.0	bn:01507870n 0.0	bn:00021290n 0.0	bn:00060836n 0.0	bn:00256941n 0.0
d001.s026.t003	bn:00046516n 0.6524006629549173	bn:00061715n 0.3475993370450827	bn:00044576n 0.0
d012.s023.t004	bn:00046516n 0.6715199262466718	bn:00061715n 0.3284800737533282	bn:00044576n 0.0
d009.s011.t001	bn:00061757n 1.0	bn:00249484n 0.0	bn:12470694n 0.0	bn:13878048n 0.0	bn:00293488n 0.0	bn:00300237n 0.0	bn:00398693n 0.0	bn:10420814n 0.0	bn:01951457n 0.0	bn:16734401n 0.0	bn:00236802n 0.0	bn:00272119n 0.0	bn:00576018n 0.0	bn:01951444n 0.0
d010.s003.t005	bn:00061826n 1.0
d008.s007.t005	bn:00006845n 1.0	bn:00062054n 0.0	bn:00373589n 0.0
d008.s008.t004	bn:00006845n 1.0	bn:00062054n 0.0	bn:00373589n 0.0
d008.s020.t003	bn:00006845n 1.0	bn:00062054n 0.0	bn:00373589n 0.0
d008.s022.t003	bn:00006845n 1.0	bn:00062054n 0.0	bn:00373589n 0.0
d008.s025.t002	bn:00006845n 1.0	bn:00062054n 0.0	bn:00373589n 0.0
d008.s026.t005	bn:00006845n 1.0	bn:00062054n 0.0	bn:00373589n 0.0
d001.s001.t001	bn:00062759n 1.0	bn:14691922n 0.0	bn:00053303n 0.0	bn:00005439n 0.0	bn:03479682n 0.0	bn:00809795n 0.0	bn:05192365n 0.0	bn:00026536n 0.0	bn:02538465n 0.0	bn:04111234n 0.0	bn:00069579n 0.0
d001.s018.t005	bn:00052888n 1.0	bn:02385686n 0.0	bn:14221503n 0.0	bn:16453015n 0.0	bn:00210862n 0.0	bn:15465865n 0.0	bn:01581833n 0.0	bn:14227253n 0.0	bn:15930825n 0.0	bn:05413899n 0.0
d008.s025.t006	bn:00052888n 1.0	bn:02385686n 0.0	bn:14221503n 0.0	bn:16453015n 0.0	bn:00210862n 0.0	bn:15465865n 0.0	bn:01581833n 0.0	bn:14227253n 0.0	bn:15930825n 0.0	bn:05413899n 0.0
d002.s016.t002	bn:00065099n 0.6080170025249638	bn:00062699n 0.3919829974750362	bn:14934898n 0.0	bn:00062214n 0.0	bn:01752137n 0.0	bn:03137422n 0.0	bn:15180643n 0.0	bn:05316538n 0.0	bn:00062703n 0.0	bn:17884955n 0.0	bn:00062701n 0.0	bn:00529644n 0.0	bn:00030098n 0.0	bn:05512142n 0.0
d007.s028.t002	bn:00063308n 1.0	bn:00063310n 0.0	bn:00063309n 0.0
d001.s028.t002	bn:00063351n 1.0	bn:00063330n 0.0	bn:21705859n 0.0	bn:00063343n 0.0	bn:00063329n 0.0
d012.s002.t003	bn:00063351n 1.0	bn:00063330n 0.0	bn:21705859n 0.0	bn:00063343n 0.0	bn:00063329n 0.0
d012.s002.t004	bn:00063351n 1.0	bn:00063330n 0.0	bn:21705859n 0.0	bn:00063343n 0.0	bn:00063329n 0.0
d012.s004.t001	bn:00063351n 1.0	bn:00063330n 0.0	bn:21705859n 0.0	bn:00063343n 0.0	bn:00063329n 0.0
d007.s007.t004	bn:00063989n 1.0	bn:01673216n 0.0	bn:00075398n 0.0	bn:01519201n 0.0	bn:14753136n 0.0	bn:03571230n 0.0	bn:03196567n 0.0	bn:00026278n 0.0	bn:14308826n 0.0	bn:00061054n 0.0	bn:14619149n 0.0	bn:00028736n 0.0
d009.s014.t002	bn:00063989n 1.0	bn:01673216n 0.0	bn:00075398n 0.0	bn:01519201n 0.0	bn:14753136n 0.0	bn:03571230n 0.0	bn:03196567n 0.0	bn:00026278n 0.0	bn:14308826n 0.0	bn:00061054n 0.0	bn:14619149n 0.0	bn:00028736n 0.0
d001.s025.t007	bn:00057552n 1.0	bn:03650498n 0.0	bn:02208285n 0.0
d008.s012.t002	bn:00057552n 1.0	bn:03650498n 0.0	bn:02208285n 0.0
d009.s028.t005	bn:00014137n 1.0
d009.s030.t005	bn:00014137n 1.0
d009.s003.t002	bn:00048242n 1.0	bn:01846574n 0.0	bn:14409040n 0.0	bn:00064526n 0.0	bn:00064527n 0.0	bn:16895584n 0.0
d009.s025.t004	bn:00048242n 1.0	bn:01846574n 0.0	bn:14409040n 0.0	bn:00064526n 0.0	bn:00064527n 0.0	bn:16895584n 0.0
d010.s024.t004	bn:00048242n 1.0	bn:01846574n 0.0	bn:14409040n 0.0	bn:00064526n 0.0	bn:00064527n 0.0	bn:16895584n 0.0
d012.s006.t007	bn:00048242n 1.0	bn:01846574n 0.0	bn:14409040n 0.0	bn:00064526n 0.0	bn:00064527n 0.0	bn:16895584n 0.0
d006.s016.t006	bn:00064601n 1.0	bn:13604010n 0.0	bn:00036778n 0.0	bn:15285219n 0.0
d006.s018.t001	bn:00064601n 1.0	bn:13604010n 0.0	bn:00036778n 0.0	bn:15285219n 0.0
d008.s014.t009	bn:00064601n 1.0	bn:13604010n 0.0	bn:00036778n 0.0	bn:15285219n 0.0
d010.s017.t010	bn:00021497n 0.44164204847453803	bn:00062759n 0.19159464288737224	bn:00013235n 0.15445081068547936	bn:00021492n 0.12191934229630427	bn:00069568n 0.09039315565630593	bn:01245565n 0.0	bn:00036957n 0.0	bn:00064647n 0.0	bn:00069579n 0.0
d012.s011.t002	bn:00021497n 0.31266284665205063	bn:00062759n 0.19872873265106372	bn:00021492n 0.18593005070890084	bn:00069568n 0.1535378325415605	bn:00013235n 0.14914053744642428	bn:01245565n 0.0	bn:00036957n 0.0	bn:00064647n 0.0	bn:00069579n 0.0
d001.s009.t005	bn:00061135n 1.0	bn:02046557n 0.0
d001.s009.t011	bn:00061135n 1.0	bn:02046557n 0.0
d001.s010.t003	bn:00061135n 1.0	bn:02046557n 0.0
d002.s009.t001	bn:00036777n 0.5868407085300711	bn:00063213n 0.22121345665812492	bn:00063223n 0.191945834811804	bn:00047730n 0.0	bn:14078989n 0.0	bn:00025966n 0.0	bn:08928497n 0.0	bn:15591207n 0.0	bn:00016404n 0.0	bn:00027824n 0.0	bn:15769194n 0.0	bn:00063214n 0.0	bn:03415182n 0.0	bn:00063217n 0.0	bn:00026622n 0.0	bn:00063218n 0.0	bn:00063215n 0.0	bn:00063216n 0.0	bn:14240128n 0.0	bn:05387317n 0.0	bn:00028329n 0.0	bn:00063219n 0.0	bn:03173404n 0.0
d002.s015.t002	bn:00036777n 0.4934876054600778	bn:00063223n 0.3127135447022704	bn:00063213n 0.1937988498376518	bn:00047730n 0.0	bn:14078989n 0.0	bn:00025966n 0.0	bn:08928497n 0.0	bn:15591207n 0.0	bn:00016404n 0.0	bn:00027824n 0.0	bn:15769194n 0.0	bn:00063214n 0.0	bn:03415182n 0.0	bn:00063217n 0.0	bn:00026622n 0.0	bn:00063218n 0.0	bn:00063215n 0.0	bn:00063216n 0.0	bn:14240128n 0.0	bn:05387317n 0.0	bn:00028329n 0.0	bn:00063219n 0.0	bn:03173404n 0.0
d006.s009.t005	bn:00048655n 0.5372449649855741	bn:00064490n 0.27191425947326064	bn:00067807n 0.19084077554116535	bn:00050250n 0.0	bn:15681634n 0.0	bn:00016429n 0.0	bn:03653324n 0.0	bn:03626844n 0.0
d006.s015.t001	bn:00007051n 0.6595179078803666	bn:00008722n 0.34048209211963343	bn:05272324n 0.0	bn:01485021n 0.0
d006.s019.t001	bn:00008722n 0.5517694765088906	bn:00007051n 0.44823052349110937	bn:05272324n 0.0	bn:01485021n 0.0
d006.s027.t004	bn:00007051n 0.6217207779276863	bn:00008722n 0.3782792220723137	bn:05272324n 0.0	bn:01485021n 0.0
d006.s030.t001	bn:00007051n 0.5842710267993035	bn:00008722n 0.41572897320069646	bn:05272324n 0.0	bn:01485021n 0.0
d006.s031.t001	bn:00007051n 0.6208501846780433	bn:00008722n 0.3791498153219567	bn:05272324n 0.0	bn:01485021n 0.0
d010.s020.t002	bn:00007051n 0.5620076454448587	bn:00008722n 0.4379923545551413	bn:05272324n 0.0	bn:01485021n 0.0
d010.s004.t004	bn:00066830n 1.0	bn:03301227n 0.0	bn:05168843n 0.0	bn:00169986n 0.0	bn:01818007n 0.0	bn:15078991n 0.0	bn:15643720n 0.0	bn:03649507n 0.0
d004.s002.t004	bn:00001426n 1.0	bn:01285348n 0.0	bn:03179950n 0.0	bn:02045389n 0.0	bn:00679752n 0.0	bn:00007299n 0.0	bn:01897219n 0.0
d009.s016.t005	bn:00001426n 1.0	bn:01285348n 0.0	bn:03179950n 0.0	bn:02045389n 0.0	bn:00679752n 0.0	bn:00007299n 0.0	bn:01897219n 0.0
d010.s007.t006	bn:00001426n 1.0	bn:01285348n 0.0	bn:03179950n 0.0	bn:02045389n 0.0	bn:00679752n 0.0	bn:00007299n 0.0	bn:01897219n 0.0
d009.s004.t002	bn:00066884n 1.0	bn:17899783n 0.0	bn:00023237n 0.0	bn:03714187n 0.0	bn:14326780n 0.0	bn:01455469n 0.0	bn:14195156n 0.0	bn:00005515n 0.0	bn:00060767n 0.0	bn:03817125n 0.0	bn:01869601n 0.0	bn:01698541n 0.0	bn:03735231n 0.0	bn:01662149n 0.0	bn:03350497n 0.0
d009.s006.t002	bn:00066884n 1.0	bn:17899783n 0.0	bn:00023237n 0.0	bn:03714187n 0.0	bn:14326780n 0.0	bn:01455469n 0.0	bn:14195156n 0.0	bn:00005515n 0.0	bn:00060767n 0.0	bn:03817125n 0.0	bn:01869601n 0.0	bn:01698541n 0.0	bn:03735231n 0.0	bn:01662149n 0.0	bn:03350497n 0.0
d009.s013.t005	bn:00066884n 1.0	bn:17899783n 0.0	bn:00023237n 0.0	bn:03714187n 0.0	bn:14326780n 0.0	bn:01455469n 0.0	bn:14195156n 0.0	bn:00005515n 0.0	bn:00060767n 0.0	bn:03817125n 0.0	bn:01869601n 0.0	bn:01698541n 0.0	bn:03735231n 0.0	bn:01662149n 0.0	bn:03350497n 0.0
d009.s031.t006	bn:00066884n 1.0	bn:17899783n 0.0	bn:00023237n 0.0	bn:03714187n 0.0	bn:14326780n 0.0	bn:01455469n 0.0	bn:14195156n 0.0	bn:00005515n 0.0	bn:00060767n 0.0	bn:03817125n 0.0	bn:01869601n 0.0	bn:01698541n 0.0	bn:03735231n 0.0	bn:01662149n 0.0	bn:03350497n 0.0
d011.s010.t002	bn:00066893n 0.38781905625365	bn:00046419n 0.3083201213339793	bn:00066891n 0.30386082241237056	bn:00066896n 0.0	bn:00282791n 0.0	bn:00074436n 0.0	bn:01226952n 0.0	bn:00645753n 0.0	bn:00219894n 0.0	bn:02208907n 0.0	bn:00059469n 0.0	bn:15731443n 0.0	bn:05357068n 0.0	bn:00066890n 0.0
d006.s010.t001	bn:00048488n 1.0	bn:05447337n 0.0	bn:00012094n 0.0	bn:05396012n 0.0	bn:02911664n 0.0	bn:00207779n 0.0	bn:03945974n 0.0
d006.s020.t003	bn:00048488n 1.0	bn:05447337n 0.0	bn:00012094n 0.0	bn:05396012n 0.0	bn:02911664n 0.0	bn:00207779n 0.0	bn:03945974n 0.0
d006.s022.t006	bn:00048488n 1.0	bn:05447337n 0.0	bn:00012094n 0.0	bn:05396012n 0.0	bn:02911664n 0.0	bn:00207779n 0.0	bn:03945974n 0.0
d010.s003.t003	bn:00048488n 1.0	bn:05447337n 0.0	bn:00012094n 0.0	bn:05396012n 0.0	bn:02911664n 0.0	bn:00207779n 0.0	bn:03945974n 0.0
d010.s005.t001	bn:00048488n 1.0	bn:05447337n 0.0	bn:00012094n 0.0	bn:05396012n 0.0	bn:02911664n 0.0	bn:00207779n 0.0	bn:03945974n 0.0
d010.s014.t001	bn:00048488n 1.0	bn:05447337n 0.0	bn:00012094n 0.0	bn:05396012n 0.0	bn:02911664n 0.0	bn:00207779n 0.0	bn:03945974n 0.0
d010.s017.t003	bn:00048488n 1.0	bn:05447337n 0.0	bn:00012094n 0.0	bn:05396012n 0.0	bn:02911664n 0.0	bn:00207779n 0.0	bn:03945974n 0.0
d010.s017.t007	bn:00048488n 1.0	bn:05447337n 0.0	bn:00012094n 0.0	bn:05396012n 0.0	bn:02911664n 0.0	bn:00207779n 0.0	bn:03945974n 0.0
d010.s019.t005	bn:00048488n 1.0	bn:05447337n 0.0	bn:00012094n 0.0	bn:05396012n 0.0	bn:02911664n 0.0	bn:00207779n 0.0	bn:03945974n 0.0
d010.s020.t001	bn:00048488n 1.0	bn:05447337n 0.0	bn:00012094n 0.0	bn:05396012n 0.0	bn:02911664n 0.0	bn:00207779n 0.0	bn:03945974n 0.0
d010.s024.t002	bn:00048488n 1.0
d004.s012.t004	bn:00030747n 1.0	bn:17944253n 0.0	bn:05404999n 0.0	bn:00025171n 0.0	bn:03101394n 0.0
d013.s005.t006	bn:00030747n 1.0	bn:17944253n 0.0	bn:05404999n 0.0	bn:00025171n 0.0	bn:03101394n 0.0
d004.s003.t005	bn:00068130n 1.0	bn:01882575n 0.0	bn:02324861n 0.0	bn:10870904n 0.0	bn:00036823n 0.0	bn:03742684n 0.0	bn:00013870n 0.0	bn:00068135n 0.0	bn:05414543n 0.0	bn:00020494n 0.0	bn:04124742n 0.0	bn:15978658n 0.0	bn:00011315n 0.0	bn:00016532n 0.0	bn:01231664n 0.0	bn:00011901n 0.0	bn:08964773n 0.0	bn:11644960n 0.0	bn:00012500n 0.0	bn:00036822n 0.0	bn:17872483n 0.0	bn:00066769n 0.0	bn:00068136n 0.0	bn:05162630n 0.0	bn:00011708n 0.0	bn:00017749n 0.0	bn:05210209n 0.0	bn:17352498n 0.0
d009.s032.t006	bn:00068130n 1.0	bn:01882575n 0.0	bn:02324861n 0.0	bn:10870904n 0.0	bn:00036823n 0.0	bn:03742684n 0.0	bn:00013870n 0.0	bn:00068135n 0.0	bn:05414543n 0.0	bn:00020494n 0.0	bn:04124742n 0.0	bn:15978658n 0.0	bn:00011315n 0.0	bn:00016532n 0.0	bn:01231664n 0.0	bn:00011901n 0.0	bn:08964773n 0.0	bn:11644960n 0.0	bn:00012500n 0.0	bn:00036822n 0.0	bn:17872483n 0.0	bn:00066769n 0.0	bn:00068136n 0.0	bn:05162630n 0.0	bn:00011708n 0.0	bn:00017749n 0.0	bn:05210209n 0.0	bn:17352498n 0.0
d004.s003.t004	bn:00068622n 1.0
d002.s011.t001	bn:00068495n 1.0	bn:00001682n 0.0	bn:00058406n 0.0	bn:00011085n 0.0	bn:00524095n 0.0
d002.s016.t008	bn:00070056n 1.0	bn:03176610n 0.0	bn:00070057n 0.0	bn:00064200n 0.0	bn:00072547n 0.0	bn:00076429n 0.0	bn:15456311n 0.0	bn:00161748n 0.0
d004.s002.t005	bn:00068696n 1.0
d011.s010.t005	bn:00068696n 1.0
d008.s007.t004	bn:00006912n 1.0	bn:00663922n 0.0	bn:21121155n 0.0
d007.s004.t005	bn:00058701n 0.6971782204464767	bn:00005340n 0.3028217795535233	bn:14866890n 0.0	bn:00058705n 0.0	bn:00035711n 0.0	bn:04043708n 0.0	bn:14872415n 0.0	bn:00001401n 0.0	bn:02191677n 0.0	bn:14681577n 0.0	bn:00078929n 0.0	bn:03753491n 0.0
d007.s015.t007	bn:00058701n 0.7868037880729295	bn:00005340n 0.2131962119270705	bn:14866890n 0.0	bn:00058705n 0.0	bn:00035711n 0.0	bn:04043708n 0.0	bn:14872415n 0.0	bn:00001401n 0.0	bn:02191677n 0.0	bn:14681577n 0.0	bn:00078929n 0.0	bn:03753491n 0.0
d013.s008.t003	bn:00025638n 0.4845473002018274	bn:00042129n 0.32964641392926874	bn:00042128n 0.1858062858689039	bn:14365639n 0.0	bn:00011099n 0.0	bn:04094376n 0.0	bn:00011095n 0.0	bn:00295697n 0.0	bn:19353743n 0.0
d008.s007.t006	bn:00006846n 1.0	bn:17037878n 0.0	bn:00013137n 0.0	bn:17934703n 0.0	bn:01415323n 0.0
d001.s008.t004	bn:00060158n 1.0	bn:00071432n 0.0	bn:00071433n 0.0	bn:17352046n 0.0	bn:00071434n 0.0	bn:03886284n 0.0	bn:14948134n 0.0	bn:00071436n 0.0	bn:00032604n 0.0	bn:00250160n 0.0	bn:00071431n 0.0	bn:00060163n 0.0
d006.s025.t008	bn:00070461n 0.7093345930430011	bn:00070458n 0.29066540695699894	bn:16369331n 0.0	bn:02131698n 0.0	bn:03735249n 0.0	bn:00070459n 0.0	bn:03208498n 0.0	bn:14922119n 0.0	bn:16218519n 0.0	bn:02977412n 0.0	bn:15866246n 0.0	bn:03204437n 0.0	bn:02352722n 0.0	bn:05389135n 0.0	bn:15713886n 0.0	bn:03208354n 0.0	bn:00225794n 0.0	bn:01906082n 0.0	bn:03490034n 0.0	bn:02360902n 0.0	bn:03085732n 0.0	bn:03124941n 0.0	bn:00386613n 0.0	bn:04796752n 0.0	bn:05388140n 0.0	bn:05389770n 0.0	bn:03356341n 0.0	bn:03203921n 0.0	bn:02962084n 0.0	bn:14053891n 0.0
d010.s012.t004	bn:00070461n 0.5904054148484609	bn:00070458n 0.4095945851515391	bn:16369331n 0.0	bn:02131698n 0.0	bn:03735249n 0.0	bn:00070459n 0.0	bn:03208498n 0.0	bn:14922119n 0.0	bn:16218519n 0.0	bn:02977412n 0.0	bn:15866246n 0.0	bn:03204437n 0.0	bn:02352722n 0.0	bn:05389135n 0.0	bn:15713886n 0.0	bn:03208354n 0.0	bn:00225794n 0.0	bn:01906082n 0.0	bn:03490034n 0.0	bn:02360902n 0.0	bn:03085732n 0.0	bn:03124941n 0.0	bn:00386613n 0.0	bn:04796752n 0.0	bn:05388140n 0.0	bn:05389770n 0.0	bn:03356341n 0.0	bn:03203921n 0.0	bn:02962084n 0.0	bn:14053891n 0.0
d009.s007.t003	bn:00070537n 1.0	bn:15649592n 0.0	bn:01763759n 0.0	bn:17319913n 0.0	bn:07167404n 0.0	bn:03684598n 0.0	bn:16691637n 0.0	bn:08593791n 0.0	bn:03476883n 0.0	bn:02078403n 0.0	bn:00783655n 0.0	bn:02787966n 0.0	bn:02681042n 0.0
d013.s018.t001	bn:00070537n 1.0	bn:15649592n 0.0	bn:01763759n 0.0	bn:17319913n 0.0	bn:07167404n 0.0	bn:03684598n 0.0	bn:16691637n 0.0	bn:08593791n 0.0	bn:03476883n 0.0	bn:02078403n 0.0	bn:00783655n 0.0	bn:02787966n 0.0	bn:02681042n 0.0
d006.s011.t001	bn:00017362n 0.6325969098176768	bn:00070219n 0.3674030901823232	bn:00020616n 0.0	bn:03153749n 0.0	bn:00042045n 0.0	bn:00068798n 0.0	bn:00068799n 0.0	bn:00006565n 0.0	bn:00064839n 0.0	bn:00017368n 0.0
d002.s001.t001	bn:00078365n 1.0	bn:00081253n 0.0	bn:06534465n 0.0	bn:01186085n 0.0	bn:05435659n 0.0
d002.s003.t005	bn:00078365n 1.0	bn:00081253n 0.0	bn:06534465n 0.0	bn:01186085n 0.0	bn:05435659n 0.0
d002.s004.t001	bn:00078365n 1.0	bn:00081253n 0.0	bn:06534465n 0.0	bn:01186085n 0.0	bn:05435659n 0.0
d002.s014.t002	bn:00078365n 1.0	bn:00081253n 0.0	bn:06534465n 0.0	bn:01186085n 0.0	bn:05435659n 0.0
d007.s011.t004	bn:00000657n 0.3572025079521809	bn:00070494n 0.3377216058747409	bn:00070498n 0.3050758861730782	bn:00046139n 0.0	bn:00972405n 0.0	bn:03386241n 0.0	bn:14336870n 0.0	bn:00070499n 0.0	bn:03722576n 0.0	bn:00021164n 0.0	bn:00070497n 0.0	bn:01628179n 0.0
d011.s002.t001	bn:00031605n 1.0	bn:13554992n 0.0	bn:02385098n 0.0	bn:03187006n 0.0
d001.s017.t003	bn:00037180n 0.5381568924185337	bn:00007800n 0.28755128478308317	bn:00037182n 0.1742918227983832	bn:05312418n 0.0	bn:00036522n 0.0	bn:00037169n 0.0	bn:00037181n 0.0	bn:00062928n 0.0	bn:00037183n 0.0	bn:00062929n 0.0	bn:04088514n 0.0	bn:00062956n 0.0	bn:03312244n 0.0	bn:00001077n 0.0	bn:00638683n 0.0	bn:05575474n 0.0	bn:14951896n 0.0	bn:00028604n 0.0	bn:00735464n 0.0	bn:16255849n 0.0
d001.s020.t001	bn:00037180n 0.49525738635256394	bn:00007800n 0.3374113391614314	bn:00037182n 0.16733127448600463	bn:05312418n 0.0	bn:00036522n 0.0	bn:00037169n 0.0	bn:00037181n 0.0	bn:00062928n 0.0	bn:00037183n 0.0	bn:00062929n 0.0	bn:04088514n 0.0	bn:00062956n 0.0	bn:03312244n 0.0	bn:00001077n 0.0	bn:00638683n 0.0	bn:05575474n 0.0	bn:14951896n 0.0	bn:00028604n 0.0	bn:00735464n 0.0	bn:16255849n 0.0
d002.s005.t001	bn:00037180n 0.5619613046216723	bn:00007800n 0.2521380965909343	bn:00037182n 0.1859005987873935	bn:05312418n 0.0	bn:00036522n 0.0	bn:00037169n 0.0	bn:00037181n 0.0	bn:00062928n 0.0	bn:00037183n 0.0	bn:00062929n 0.0	bn:04088514n 0.0	bn:00062956n 0.0	bn:03312244n 0.0	bn:00001077n 0.0	bn:00638683n 0.0	bn:05575474n 0.0	bn:14951896n 0.0	bn:00028604n 0.0	bn:00735464n 0.0	bn:16255849n 0.0
d002.s008.t002	bn:00037180n 0.4271279463944704	bn:00037182n 0.329076023394027	bn:00007800n 0.24379603021150267	bn:05312418n 0.0	bn:00036522n 0.0	bn:00037169n 0.0	bn:00037181n 0.0	bn:00062928n 0.0	bn:00037183n 0.0	bn:00062929n 0.0	bn:04088514n 0.0	bn:00062956n 0.0	bn:03312244n 0.0	bn:00001077n 0.0	bn:00638683n 0.0	bn:05575474n 0.0	bn:14951896n 0.0	bn:00028604n 0.0	bn:00735464n 0.0	bn:16255849n 0.0
d002.s008.t003	bn:00037180n 0.4271279463944704	bn:00037182n 0.329076023394027	bn:00007800n 0.24379603021150267	bn:05312418n 0.0	bn:00036522n 0.0	bn:00037169n 0.0	bn:00037181n 0.0	bn:00062928n 0.0	bn:00037183n 0.0	bn:00062929n 0.0	bn:04088514n 0.0	bn:00062956n 0.0	bn:03312244n 0.0	bn:00001077n 0.0	bn:00638683n 0.0	bn:05575474n 0.0	bn:14951896n 0.0	bn:00028604n 0.0	bn:00735464n 0.0	bn:16255849n 0.0
d002.s010.t001	bn:00037180n 0.44920986536964447	bn:00037182n 0.324880714166656	bn:00007800n 0.2259094204636995	bn:05312418n 0.0	bn:00036522n 0.0	bn:00037169n 0.0	bn:00037181n 0.0	bn:00062928n 0.0	bn:00037183n 0.0	bn:00062929n 0.0	bn:04088514n 0.0	bn:00062956n 0.0	bn:03312244n 0.0	bn:00001077n 0.0	bn:00638683n 0.0	bn:05575474n 0.0	bn:14951896n 0.0	bn:00028604n 0.0	bn:00735464n 0.0	bn:16255849n 0.0
d002.s010.t007	bn:00037180n 0.44920986536964447	bn:00037182n 0.324880714166656	bn:00007800n 0.2259094204636995	bn:05312418n 0.0	bn:00036522n 0.0	bn:00037169n 0.0	bn:00037181n 0.0	bn:00062928n 0.0	bn:00037183n 0.0	bn:00062929n 0.0	bn:04088514n 0.0	bn:00062956n 0.0	bn:03312244n 0.0	bn:00001077n 0.0	bn:00638683n 0.0	bn:05575474n 0.0	bn:14951896n 0.0	bn:00028604n 0.0	bn:00735464n 0.0	bn:16255849n 0.0
d002.s016.t006	bn:00037180n 0.47073516098298945	bn:00007800n 0.29115620546401266	bn:00037182n 0.23810863355299794	bn:05312418n 0.0	bn:00036522n 0.0	bn:00037169n 0.0	bn:00037181n 0.0	bn:00062928n 0.0	bn:00037183n 0.0	bn:00062929n 0.0	bn:04088514n 0.0	bn:00062956n 0.0	bn:03312244n 0.0	bn:00001077n 0.0	bn:00638683n 0.0	bn:05575474n 0.0	bn:14951896n 0.0	bn:00028604n 0.0	bn:00735464n 0.0	bn:16255849n 0.0
d007.s014.t003	bn:00060799n 1.0	bn:05166600n 0.0	bn:17881462n 0.0	bn:02476854n 0.0	bn:14456888n 0.0	bn:01060449n 0.0	bn:00037167n 0.0	bn:00001176n 0.0	bn:00037168n 0.0	bn:00037169n 0.0
d011.s002.t002	bn:00060799n 1.0	bn:05166600n 0.0	bn:17881462n 0.0	bn:02476854n 0.0	bn:14456888n 0.0	bn:01060449n 0.0	bn:00037167n 0.0	bn:00001176n 0.0	bn:00037168n 0.0	bn:00037169n 0.0
d011.s004.t006	bn:00060799n 1.0	bn:05166600n 0.0	bn:17881462n 0.0	bn:02476854n 0.0	bn:14456888n 0.0	bn:01060449n 0.0	bn:00037167n 0.0	bn:00001176n 0.0	bn:00037168n 0.0	bn:00037169n 0.0
d011.s007.t001	bn:00060799n 1.0	bn:05166600n 0.0	bn:17881462n 0.0	bn:02476854n 0.0	bn:14456888n 0.0	bn:01060449n 0.0	bn:00037167n 0.0	bn:00001176n 0.0	bn:00037168n 0.0	bn:00037169n 0.0
d011.s012.t002	bn:00060799n 1.0	bn:05166600n 0.0	bn:17881462n 0.0	bn:02476854n 0.0	bn:14456888n 0.0	bn:01060449n 0.0	bn:00037167n 0.0	bn:00001176n 0.0	bn:00037168n 0.0	bn:00037169n 0.0
d002.s006.t002	bn:00006752n 1.0	bn:00685625n 0.0
d002.s010.t005	bn:00006752n 1.0	bn:00685625n 0.0
d002.s005.t004	bn:00049603n 1.0	bn:00411157n 0.0	bn:00077365n 0.0	bn:00077367n 0.0	bn:00024572n 0.0	bn:00968678n 0.0	bn:00023758n 0.0	bn:19353377n 0.0	bn:00007432n 0.0	bn:00077607n 0.0	bn:05284310n 0.0	bn:00823408n 0.0	bn:00000943n 0.0	bn:08861340n 0.0	bn:00680141n 0.0	bn:05437423n 0.0
d007.s001.t001	bn:00006759n 1.0	bn:05404587n 0.0	bn:13886898n 0.0	bn:01914891n 0.0	bn:06447611n 0.0	bn:03334335n 0.0	bn:07966016n 0.0	bn:17189329n 0.0	bn:05284155n 0.0	bn:14540978n 0.0	bn:05546096n 0.0	bn:16867325n 0.0	bn:11200750n 0.0	bn:00028736n 0.0
d007.s010.t005	bn:00006759n 1.0	bn:05404587n 0.0	bn:13886898n 0.0	bn:01914891n 0.0	bn:06447611n 0.0	bn:03334335n 0.0	bn:07966016n 0.0	bn:17189329n 0.0	bn:05284155n 0.0	bn:14540978n 0.0	bn:05546096n 0.0	bn:16867325n 0.0	bn:11200750n 0.0	bn:00028736n 0.0
d007.s011.t003	bn:00006759n 1.0	bn:05404587n 0.0	bn:13886898n 0.0	bn:01914891n 0.0	bn:06447611n 0.0	bn:03334335n 0.0	bn:07966016n 0.0	bn:17189329n 0.0	bn:05284155n 0.0	bn:14540978n 0.0	bn:05546096n 0.0	bn:16867325n 0.0	bn:11200750n 0.0	bn:00028736n 0.0
d007.s029.t003	bn:00006759n 1.0	bn:05404587n 0.0	bn:13886898n 0.0	bn:01914891n 0.0	bn:06447611n 0.0	bn:03334335n 0.0	bn:07966016n 0.0	bn:17189329n 0.0	bn:05284155n 0.0	bn:14540978n 0.0	bn:05546096n 0.0	bn:16867325n 0.0	bn:11200750n 0.0	bn:00028736n 0.0
d011.s016.t005	bn:00036014n 1.0
d005.s010.t004	bn:00023236n 0.4491574298626808	bn:00064914n 0.282305622907327	bn:00023235n 0.26853694722999216	bn:00074010n 0.0	bn:05158699n 0.0	bn:00964536n 0.0	bn:03215983n 0.0
d010.s004.t003	bn:00023236n 0.5466927013979056	bn:00064914n 0.27269500495534205	bn:00023235n 0.18061229364675221	bn:00074010n 0.0	bn:05158699n 0.0	bn:00964536n 0.0	bn:03215983n 0.0
d008.s007.t003	bn:00006901n 1.0
d009.s008.t001	bn:00078602n 0.5479895516079993	bn:00045201n 0.45201044839200066	bn:00003263n 0.0	bn:17267998n 0.0	bn:00055441n 0.0	bn:00070532n 0.0
d007.s026.t002	bn:00061325n 1.0	bn:00061328n 0.0	bn:03857154n 0.0	bn:00037196n 0.0	bn:00021628n 0.0	bn:17941402n 0.0	bn:21706215n 0.0	bn:05309017n 0.0
d012.s003.t001	bn:00029806n 1.0	bn:00003164n 0.0	bn:00020647n 0.0	bn:00079004n 0.0	bn:00012135n 0.0	bn:03733430n 0.0
d001.s016.t002	bn:00000127n 1.0	bn:03241267n 0.0	bn:14829488n 0.0	bn:00044982n 0.0	bn:00050793n 0.0
d010.s011.t002	bn:00000127n 1.0	bn:03241267n 0.0	bn:14829488n 0.0	bn:00044982n 0.0	bn:00050793n 0.0
d005.s007.t002	bn:00001296n 1.0	bn:00876917n 0.0	bn:00003604n 0.0	bn:00003601n 0.0	bn:00075141n 0.0
d001.s025.t006	bn:00028247n 0.6902192618901772	bn:00028248n 0.30978073810982276	bn:00034158n 0.0	bn:17878978n 0.0
d010.s002.t003	bn:00028247n 0.7225563924191777	bn:00028248n 0.2774436075808223	bn:00034158n 0.0	bn:17878978n 0.0
d009.s010.t003	bn:00075812n 1.0	bn:00936901n 0.0	bn:00941661n 0.0
d010.s002.t001	bn:00000086n 0.5701798934185324	bn:00025417n 0.2468577014356791	bn:00025419n 0.18296240514578857	bn:05288996n 0.0	bn:00947370n 0.0	bn:00025422n 0.0	bn:13621373n 0.0	bn:05455465n 0.0	bn:00025459n 0.0	bn:00025418n 0.0	bn:02104867n 0.0	bn:05277377n 0.0	bn:00027012n 0.0	bn:03376007n 0.0	bn:01634635n 0.0
d010.s022.t004	bn:00001968n 1.0	bn:00059318n 0.0
d002.s013.t001	bn:00073699n 1.0	bn:17879254n 0.0	bn:14426445n 0.0	bn:05551463n 0.0	bn:00954834n 0.0	bn:01946264n 0.0
d002.s016.t003	bn:00073699n 1.0	bn:17879254n 0.0	bn:14426445n 0.0	bn:05551463n 0.0	bn:00954834n 0.0	bn:01946264n 0.0
d007.s004.t002	bn:00073699n 1.0	bn:17879254n 0.0	bn:14426445n 0.0	bn:05551463n 0.0	bn:00954834n 0.0	bn:01946264n 0.0
d007.s009.t004	bn:00073699n 1.0	bn:17879254n 0.0	bn:14426445n 0.0	bn:05551463n 0.0	bn:00954834n 0.0	bn:01946264n 0.0
d007.s018.t005	bn:00073699n 1.0	bn:17879254n 0.0	bn:14426445n 0.0	bn:05551463n 0.0	bn:00954834n 0.0	bn:01946264n 0.0
d007.s021.t003	bn:00073699n 1.0	bn:17879254n 0.0	bn:14426445n 0.0	bn:05551463n 0.0	bn:00954834n 0.0	bn:01946264n 0.0
d011.s019.t002	bn:00073699n 1.0	bn:17879254n 0.0	bn:14426445n 0.0	bn:05551463n 0.0	bn:00954834n 0.0	bn:01946264n 0.0
d001.s003.t001	bn:00076732n 1.0	bn:04096071n 0.0	bn:03103700n 0.0	bn:00014512n 0.0	bn:00069638n 0.0	bn:14981519n 0.0	bn:03705036n 0.0
d001.s005.t001	bn:00076732n 1.0	bn:04096071n 0.0	bn:03103700n 0.0	bn:00014512n 0.0	bn:00069638n 0.0	bn:14981519n 0.0	bn:03705036n 0.0
d001.s015.t005	bn:00076732n 1.0	bn:04096071n 0.0	bn:03103700n 0.0	bn:00014512n 0.0	bn:00069638n 0.0	bn:14981519n 0.0	bn:03705036n 0.0
d012.s005.t001	bn:00056025n 0.5078734503607785	bn:00045803n 0.24789259229818575	bn:00074900n 0.24423395734103567	bn:00022157n 0.0	bn:00678951n 0.0	bn:21706388n 0.0	bn:05245236n 0.0	bn:13845352n 0.0	bn:00798964n 0.0
d013.s007.t001	bn:00056025n 0.5186141329771532	bn:00074900n 0.24616796507292885	bn:00045803n 0.23521790194991785	bn:00022157n 0.0	bn:00678951n 0.0	bn:21706388n 0.0	bn:05245236n 0.0	bn:13845352n 0.0	bn:00798964n 0.0
d007.s003.t007	bn:00046794n 1.0
d006.s016.t007	bn:00015656n 1.0	bn:04139692n 0.0	bn:03409024n 0.0
d006.s022.t003	bn:00015656n 1.0	bn:04139692n 0.0	bn:03409024n 0.0
d004.s009.t004	bn:00037486n 1.0	bn:00028247n 0.0	bn:00028138n 0.0	bn:17635443n 0.0	bn:00028248n 0.0	bn:00077653n 0.0	bn:15813268n 0.0	bn:09067535n 0.0	bn:01535234n 0.0	bn:15087206n 0.0	bn:00037496n 0.0	bn:00035672n 0.0	bn:15098526n 0.0	bn:00040846n 0.0	bn:00071684n 0.0	bn:00156778n 0.0	bn:03739784n 0.0	bn:01325728n 0.0	bn:00037489n 0.0	bn:00017676n 0.0	bn:15882545n 0.0
d011.s010.t003	bn:00040851n 1.0	bn:01978134n 0.0
d011.s010.t009	bn:00040851n 1.0	bn:01978134n 0.0
d007.s006.t002	bn:00020119n 1.0	bn:00020120n 0.0	bn:00520960n 0.0	bn:03645236n 0.0	bn:03521327n 0.0	bn:03787052n 0.0	bn:05394042n 0.0	bn:00077924n 0.0
d001.s002.t009	bn:00041712n 1.0
d001.s003.t005	bn:00041712n 1.0
d011.s004.t003	bn:00019887n 0.49571866843102563	bn:00077172n 0.2592340712745865	bn:00075767n 0.24504726029438784	bn:00044808n 0.0	bn:05584837n 0.0	bn:00077281n 0.0	bn:00081700n 0.0
d003.s009.t005	bn:00079156n 1.0
d010.s021.t005	bn:00046077n 1.0
d004.s004.t001	bn:00014137n 0.3042255445908595	bn:00022811n 0.20982338630374983	bn:00014160n 0.15468506693817802	bn:00014138n 0.13326596693678774	bn:00031008n 0.11066386849452967	bn:00021286n 0.08733616673589518	bn:00021287n 0.0	bn:05238054n 0.0	bn:00073910n 0.0	bn:01090673n 0.0	bn:01979677n 0.0	bn:01317732n 0.0	bn:00014142n 0.0	bn:00022815n 0.0
d004.s005.t001	bn:00014137n 0.3217741735303424	bn:00022811n 0.17210147123494016	bn:00021286n 0.1427450294272091	bn:00014138n 0.13005686527698218	bn:00014160n 0.1217052196995795	bn:00031008n 0.11161724083094668	bn:00021287n 0.0	bn:05238054n 0.0	bn:00073910n 0.0	bn:01090673n 0.0	bn:01979677n 0.0	bn:01317732n 0.0	bn:00014142n 0.0	bn:00022815n 0.0
d004.s006.t001	bn:00014137n 0.2563862967168264	bn:00022811n 0.19493606135497707	bn:00021286n 0.1909753032847462	bn:00031008n 0.12390571913418999	bn:00014160n 0.11980874738241376	bn:00014138n 0.11398787212684658	bn:00021287n 0.0	bn:05238054n 0.0	bn:00073910n 0.0	bn:01090673n 0.0	bn:01979677n 0.0	bn:01317732n 0.0	bn:00014142n 0.0	bn:00022815n 0.0
d004.s007.t001	bn:00014137n 0.3107228655233356	bn:00022811n 0.1943596049692812	bn:00014138n 0.13078592478152623	bn:00014160n 0.12684506544327195	bn:00021286n 0.1256502960426082	bn:00031008n 0.1116362432399768	bn:00021287n 0.0	bn:05238054n 0.0	bn:00073910n 0.0	bn:01090673n 0.0	bn:01979677n 0.0	bn:01317732n 0.0	bn:00014142n 0.0	bn:00022815n 0.0
d004.s013.t003	bn:00014137n 0.29449020204009263	bn:00022811n 0.1747084800234531	bn:00014160n 0.15573337296026046	bn:00014138n 0.13112854598505366	bn:00021286n 0.12556382548386336	bn:00031008n 0.11837557350727664	bn:00021287n 0.0	bn:05238054n 0.0	bn:00073910n 0.0	bn:01090673n 0.0	bn:01979677n 0.0	bn:01317732n 0.0	bn:00014142n 0.0	bn:00022815n 0.0
d004.s015.t001	bn:00014137n 0.26901390695681654	bn:00022811n 0.20384850823297304	bn:00014160n 0.15520910302369767	bn:00014138n 0.13659989083924168	bn:00031008n 0.12136278972933448	bn:00021286n 0.11396580121793662	bn:00021287n 0.0	bn:05238054n 0.0	bn:00073910n 0.0	bn:01090673n 0.0	bn:01979677n 0.0	bn:01317732n 0.0	bn:00014142n 0.0	bn:00022815n 0.0
d004.s016.t003	bn:00014137n 0.35473034021841454	bn:00021286n 0.17285016899934633	bn:00022811n 0.160757844353173	bn:00014160n 0.12511990644047774	bn:00031008n 0.11570660118446104	bn:00014138n 0.07083513880412723	bn:00021287n 0.0	bn:05238054n 0.0	bn:00073910n 0.0	bn:01090673n 0.0	bn:01979677n 0.0	bn:01317732n 0.0	bn:00014142n 0.0	bn:00022815n 0.0
d004.s018.t001	bn:00014160n 0.23571231885378852	bn:00014137n 0.17979491267140843	bn:00021286n 0.16900385674898705	bn:00022811n 0.16697538486566776	bn:00031008n 0.1275780180085874	bn:00014138n 0.12093550885156072	bn:00021287n 0.0	bn:05238054n 0.0	bn:00073910n 0.0	bn:01090673n 0.0	bn:01979677n 0.0	bn:01317732n 0.0	bn:00014142n 0.0	bn:00022815n 0.0
d004.s019.t001	bn:00022811n 0.25611074864619526	bn:00021286n 0.16897402449942614	bn:00014160n 0.1629107306083973	bn:00014137n 0.16036843313771362	bn:00014138n 0.1303117535087085	bn:00031008n 0.12132430959955923	bn:00021287n 0.0	bn:05238054n 0.0	bn:00073910n 0.0	bn:01090673n 0.0	bn:01979677n 0.0	bn:01317732n 0.0	bn:00014142n 0.0	bn:00022815n 0.0
d010.s008.t003	bn:00014160n 0.2227713841583423	bn:00014137n 0.18901985978883148	bn:00022811n 0.17564659898778073	bn:00021286n 0.1512703978862428	bn:00014138n 0.13612710398190425	bn:00031008n 0.12516465519689834	bn:00021287n 0.0	bn:05238054n 0.0	bn:00073910n 0.0	bn:01090673n 0.0	bn:01979677n 0.0	bn:01317732n 0.0	bn:00014142n 0.0	bn:00022815n 0.0
d010.s009.t001	bn:00014137n 0.2193684002885682	bn:00022811n 0.20570462469903872	bn:00021286n 0.1968621803703078	bn:00031008n 0.13050845739138747	bn:00014160n 0.12546306061298554	bn:00014138n 0.12209327663771231	bn:00021287n 0.0	bn:05238054n 0.0	bn:00073910n 0.0	bn:01090673n 0.0	bn:01979677n 0.0	bn:01317732n 0.0	bn:00014142n 0.0	bn:00022815n 0.0
d006.s013.t004	bn:00021628n 1.0	bn:00034552n 0.0	bn:00006502n 0.0	bn:00059171n 0.0	bn:05213197n 0.0	bn:00059308n 0.0	bn:00048496n 0.0	bn:05546434n 0.0	bn:00048493n 0.0	bn:00716749n 0.0	bn:00048494n 0.0
d001.s011.t008	bn:00079129n 1.0
d003.s002.t005	bn:00003341n 1.0	bn:04161063n 0.0	bn:00424853n 0.0	bn:06693172n 0.0	bn:09308863n 0.0	bn:03994749n 0.0	bn:03892121n 0.0	bn:16340121n 0.0	bn:01109149n 0.0	bn:14475729n 0.0	bn:01366047n 0.0	bn:01802008n 0.0	bn:17174141n 0.0	bn:12917779n 0.0	bn:03547376n 0.0	bn:04130608n 0.0
d003.s008.t001	bn:00003341n 1.0	bn:04161063n 0.0	bn:00424853n 0.0	bn:06693172n 0.0	bn:09308863n 0.0	bn:03994749n 0.0	bn:03892121n 0.0	bn:16340121n 0.0	bn:01109149n 0.0	bn:14475729n 0.0	bn:01366047n 0.0	bn:01802008n 0.0	bn:17174141n 0.0	bn:12917779n 0.0	bn:03547376n 0.0	bn:04130608n 0.0
d009.s032.t004	bn:00003341n 1.0	bn:04161063n 0.0	bn:00424853n 0.0	bn:06693172n 0.0	bn:09308863n 0.0	bn:03994749n 0.0	bn:03892121n 0.0	bn:16340121n 0.0	bn:01109149n 0.0	bn:14475729n 0.0	bn:01366047n 0.0	bn:01802008n 0.0	bn:17174141n 0.0	bn:12917779n 0.0	bn:03547376n 0.0	bn:04130608n 0.0
d010.s004.t010	bn:00003341n 1.0	bn:04161063n 0.0	bn:00424853n 0.0	bn:06693172n 0.0	bn:09308863n 0.0	bn:03994749n 0.0	bn:03892121n 0.0	bn:16340121n 0.0	bn:01109149n 0.0	bn:14475729n 0.0	bn:01366047n 0.0	bn:01802008n 0.0	bn:17174141n 0.0	bn:12917779n 0.0	bn:03547376n 0.0	bn:04130608n 0.0
d010.s019.t012	bn:00003341n 1.0	bn:04161063n 0.0	bn:00424853n 0.0	bn:06693172n 0.0	bn:09308863n 0.0	bn:03994749n 0.0	bn:03892121n 0.0	bn:16340121n 0.0	bn:01109149n 0.0	bn:14475729n 0.0	bn:01366047n 0.0	bn:01802008n 0.0	bn:17174141n 0.0	bn:12917779n 0.0	bn:03547376n 0.0	bn:04130608n 0.0
d013.s001.t002	bn:00003341n 1.0	bn:04161063n 0.0	bn:00424853n 0.0	bn:06693172n 0.0	bn:09308863n 0.0	bn:03994749n 0.0	bn:03892121n 0.0	bn:16340121n 0.0	bn:01109149n 0.0	bn:14475729n 0.0	bn:01366047n 0.0	bn:01802008n 0.0	bn:17174141n 0.0	bn:12917779n 0.0	bn:03547376n 0.0	bn:04130608n 0.0
d013.s002.t003	bn:00003341n 1.0	bn:04161063n 0.0	bn:00424853n 0.0	bn:06693172n 0.0	bn:09308863n 0.0	bn:03994749n 0.0	bn:03892121n 0.0	bn:16340121n 0.0	bn:01109149n 0.0	bn:14475729n 0.0	bn:01366047n 0.0	bn:01802008n 0.0	bn:17174141n 0.0	bn:12917779n 0.0	bn:03547376n 0.0	bn:04130608n 0.0
d013.s003.t004	bn:00003341n 1.0	bn:04161063n 0.0	bn:00424853n 0.0	bn:06693172n 0.0	bn:09308863n 0.0	bn:03994749n 0.0	bn:03892121n 0.0	bn:16340121n 0.0	bn:01109149n 0.0	bn:14475729n 0.0	bn:01366047n 0.0	bn:01802008n 0.0	bn:17174141n 0.0	bn:12917779n 0.0	bn:03547376n 0.0	bn:04130608n 0.0
d013.s019.t004	bn:00003341n 1.0	bn:04161063n 0.0	bn:00424853n 0.0	bn:06693172n 0.0	bn:09308863n 0.0	bn:03994749n 0.0	bn:03892121n 0.0	bn:16340121n 0.0	bn:01109149n 0.0	bn:14475729n 0.0	bn:01366047n 0.0	bn:01802008n 0.0	bn:17174141n 0.0	bn:12917779n 0.0	bn:03547376n 0.0	bn:04130608n 0.0
d009.s030.t002	bn:00067239n 1.0	bn:13566809n 0.0	bn:00175404n 0.0	bn:02224587n 0.0	bn:10172336n 0.0	bn:01997384n 0.0	bn:03664437n 0.0
d009.s031.t010	bn:00067239n 1.0	bn:13566809n 0.0	bn:00175404n 0.0	bn:02224587n 0.0	bn:10172336n 0.0	bn:01997384n 0.0	bn:03664437n 0.0
d009.s032.t009	bn:00067239n 1.0	bn:13566809n 0.0	bn:00175404n 0.0	bn:02224587n 0.0	bn:10172336n 0.0	bn:01997384n 0.0	bn:03664437n 0.0
d001.s002.t004	bn:00065108n 1.0	bn:00065106n 0.0	bn:00067023n 0.0	bn:00047693n 0.0	bn:14932659n 0.0
d005.s010.t003	bn:00058469n 0.4763318870757009	bn:00034540n 0.2909396781450503	bn:00000762n 0.2327284347792488	bn:00025638n 0.0	bn:00025637n 0.0	bn:00000750n 0.0
d003.s009.t002	bn:00022095n 1.0	bn:00265175n 0.0	bn:00032337n 0.0
d006.s014.t004	bn:00023807n 1.0	bn:09713155n 0.0	bn:00034010n 0.0	bn:00025804n 0.0
d009.s026.t004	bn:00023807n 1.0	bn:09713155n 0.0	bn:00034010n 0.0	bn:00025804n 0.0
d001.s016.t007	bn:00003341n 1.0
d001.s018.t007	bn:00003341n 1.0
d006.s013.t003	bn:00003341n 1.0
d009.s004.t005	bn:00003341n 1.0
d009.s031.t007	bn:00003341n 1.0
d008.s014.t010	bn:00013173n 1.0
d006.s004.t003	bn:00006469n 1.0	bn:17300775n 0.0	bn:00070782n 0.0
d013.s013.t001	bn:00071671n 0.7027977169461398	bn:00059750n 0.2972022830538602	bn:15892113n 0.0	bn:00063715n 0.0	bn:00021304n 0.0	bn:00021303n 0.0	bn:05566033n 0.0
d001.s004.t002	bn:00026838n 1.0
d003.s008.t002	bn:00068918n 1.0	bn:00068915n 0.0	bn:00053480n 0.0	bn:18500772n 0.0
d001.s016.t004	bn:00047021n 1.0	bn:00021164n 0.0
d001.s018.t008	bn:00058469n 1.0	bn:00029239n 0.0	bn:00064699n 0.0
d004.s018.t002	bn:00058469n 1.0	bn:00029239n 0.0	bn:00064699n 0.0
d006.s004.t002	bn:00025871n 0.6107423088684867	bn:00025878n 0.3892576911315134	bn:00032260n 0.0	bn:05501387n 0.0	bn:00050565n 0.0	bn:00025872n 0.0	bn:00025880n 0.0	bn:16708106n 0.0
d010.s008.t007	bn:00025871n 0.6322291999017879	bn:00025878n 0.36777080009821206	bn:00032260n 0.0	bn:05501387n 0.0	bn:00050565n 0.0	bn:00025872n 0.0	bn:00025880n 0.0	bn:16708106n 0.0
d010.s026.t004	bn:00025871n 0.5477524881292682	bn:00025878n 0.45224751187073176	bn:00032260n 0.0	bn:05501387n 0.0	bn:00050565n 0.0	bn:00025872n 0.0	bn:00025880n 0.0	bn:16708106n 0.0
d001.s021.t003	bn:00022227n 0.5791324918963154	bn:00000728n 0.21677869422672552	bn:00021275n 0.20408881387695915	bn:00295199n 0.0	bn:00889947n 0.0	bn:00000726n 0.0	bn:02273261n 0.0
d004.s001.t001	bn:00022227n 0.4718607582214935	bn:00000728n 0.2814135823577483	bn:00021275n 0.24672565942075822	bn:00295199n 0.0	bn:00889947n 0.0	bn:00000726n 0.0	bn:02273261n 0.0
d004.s003.t002	bn:00000728n 0.40363474337278976	bn:00022227n 0.3952851637023968	bn:00021275n 0.2010800929248135	bn:00295199n 0.0	bn:00889947n 0.0	bn:00000726n 0.0	bn:02273261n 0.0
d004.s007.t002	bn:00021275n 0.3930399456757107	bn:00022227n 0.34513250430647363	bn:00000728n 0.26182755001781555	bn:00295199n 0.0	bn:00889947n 0.0	bn:00000726n 0.0	bn:02273261n 0.0
d004.s013.t004	bn:00022227n 0.4297494151665522	bn:00000728n 0.3171893829756955	bn:00021275n 0.25306120185775244	bn:00295199n 0.0	bn:00889947n 0.0	bn:00000726n 0.0	bn:02273261n 0.0
d004.s015.t005	bn:00022227n 0.49340127594839595	bn:00021275n 0.2557095852542633	bn:00000728n 0.25088913879734087	bn:00295199n 0.0	bn:00889947n 0.0	bn:00000726n 0.0	bn:02273261n 0.0
d004.s016.t002	bn:00000728n 0.47375752099945917	bn:00022227n 0.28691561329539395	bn:00021275n 0.239326865705147	bn:00295199n 0.0	bn:00889947n 0.0	bn:00000726n 0.0	bn:02273261n 0.0
d004.s016.t004	bn:00000728n 0.47375752099945917	bn:00022227n 0.28691561329539395	bn:00021275n 0.239326865705147	bn:00295199n 0.0	bn:00889947n 0.0	bn:00000726n 0.0	bn:02273261n 0.0
d012.s021.t003	bn:00027862n 1.0	bn:00368857n 0.0	bn:00010523n 0.0
d001.s028.t001	bn:00079435n 1.0	bn:14993577n 0.0
d013.s022.t004	bn:00080229n 1.0	bn:00013768n 0.0	bn:01184162n 0.0	bn:00080230n 0.0	bn:01659844n 0.0	bn:00060815n 0.0	bn:01550784n 0.0
d012.s012.t001	bn:00045976n 1.0	bn:00033648n 0.0	bn:00914636n 0.0	bn:03468279n 0.0
d012.s015.t004	bn:00045976n 1.0	bn:00033648n 0.0	bn:00914636n 0.0	bn:03468279n 0.0
d012.s012.t005	bn:00030113n 0.34993164854587283	bn:00018661n 0.23508893183659274	bn:00030114n 0.2237645125429306	bn:00008198n 0.19121490707460376	bn:00018660n 0.0	bn:05219612n 0.0	bn:00003132n 0.0	bn:04029596n 0.0	bn:01571362n 0.0	bn:14272349n 0.0	bn:01956376n 0.0	bn:01960045n 0.0	bn:15027960n 0.0
d006.s025.t005	bn:00015050n 1.0	bn:00255052n 0.0	bn:08254625n 0.0
d005.s006.t002	bn:00022372n 1.0
d001.s007.t005	bn:00003365n 0.5700921571664621	bn:00032035n 0.4299078428335379	bn:00278956n 0.0	bn:00402608n 0.0	bn:14813232n 0.0	bn:00539878n 0.0	bn:00288164n 0.0	bn:03388784n 0.0	bn:00245584n 0.0	bn:00581525n 0.0	bn:03857084n 0.0	bn:00577194n 0.0	bn:00243121n 0.0	bn:00591231n 0.0	bn:00596393n 0.0	bn:00188685n 0.0	bn:03205696n 0.0	bn:00225540n 0.0	bn:03716209n 0.0	bn:00575367n 0.0	bn:00292906n 0.0	bn:00300328n 0.0	bn:00270193n 0.0	bn:00453437n 0.0	bn:01194817n 0.0	bn:00494337n 0.0	bn:15781252n 0.0	bn:03408949n 0.0	bn:14035634n 0.0	bn:16127616n 0.0	bn:02004838n 0.0	bn:00207014n 0.0	bn:00434520n 0.0	bn:00376801n 0.0	bn:00413635n 0.0	bn:03458153n 0.0
d008.s007.t002	bn:00006823n 1.0
d004.s009.t005	bn:00077905n 0.5141495130979186	bn:00047741n 0.27038661602424946	bn:00033729n 0.21546387087783192	bn:00061005n 0.0	bn:00026343n 0.0	bn:05503414n 0.0	bn:03482967n 0.0	bn:00080721n 0.0	bn:02485517n 0.0	bn:00061006n 0.0	bn:00023288n 0.0	bn:00028781n 0.0	bn:01220546n 0.0	bn:00035211n 0.0	bn:00001965n 0.0	bn:05262481n 0.0	bn:00027352n 0.0	bn:00030098n 0.0	bn:00080722n 0.0
d004.s017.t003	bn:00047741n 0.514812985943093	bn:00033729n 0.2442054366918015	bn:00077905n 0.24098157736510545	bn:00061005n 0.0	bn:00026343n 0.0	bn:05503414n 0.0	bn:03482967n 0.0	bn:00080721n 0.0	bn:02485517n 0.0	bn:00061006n 0.0	bn:00023288n 0.0	bn:00028781n 0.0	bn:01220546n 0.0	bn:00035211n 0.0	bn:00001965n 0.0	bn:05262481n 0.0	bn:00027352n 0.0	bn:00030098n 0.0	bn:00080722n 0.0
d001.s004.t005	bn:00029424n 0.5251404232010234	bn:00022991n 0.27643148412493324	bn:00045153n 0.19842809267404352	bn:07726746n 0.0	bn:00026694n 0.0	bn:02722639n 0.0	bn:00028141n 0.0	bn:00343047n 0.0	bn:00066418n 0.0	bn:00373786n 0.0	bn:00029428n 0.0	bn:00254545n 0.0	bn:00081622n 0.0	bn:00063584n 0.0	bn:00073437n 0.0
d004.s011.t008	bn:00029424n 0.6445311481217483	bn:00045153n 0.19134102104988449	bn:00022991n 0.1641278308283672	bn:07726746n 0.0	bn:00026694n 0.0	bn:02722639n 0.0	bn:00028141n 0.0	bn:00343047n 0.0	bn:00066418n 0.0	bn:00373786n 0.0	bn:00029428n 0.0	bn:00254545n 0.0	bn:00081622n 0.0	bn:00063584n 0.0	bn:00073437n 0.0
d007.s007.t005	bn:00029424n 0.4582868143717838	bn:00022991n 0.332990846124189	bn:00045153n 0.20872233950402735	bn:07726746n 0.0	bn:00026694n 0.0	bn:02722639n 0.0	bn:00028141n 0.0	bn:00343047n 0.0	bn:00066418n 0.0	bn:00373786n 0.0	bn:00029428n 0.0	bn:00254545n 0.0	bn:00081622n 0.0	bn:00063584n 0.0	bn:00073437n 0.0
d012.s006.t013	bn:00029424n 0.4673131237104517	bn:00022991n 0.33254709937333055	bn:00045153n 0.2001397769162178	bn:07726746n 0.0	bn:00026694n 0.0	bn:02722639n 0.0	bn:00028141n 0.0	bn:00343047n 0.0	bn:00066418n 0.0	bn:00373786n 0.0	bn:00029428n 0.0	bn:00254545n 0.0	bn:00081622n 0.0	bn:00063584n 0.0	bn:00073437n 0.0
d004.s017.t004	bn:01587256n 1.0
d009.s019.t001	bn:00026406n 1.0
d012.s013.t002	bn:00062309n 1.0	bn:14436720n 0.0	bn:00011767n 0.0	bn:05264641n 0.0	bn:00032675n 0.0	bn:17908852n 0.0	bn:01023098n 0.0	bn:15338434n 0.0	bn:00081713n 0.0	bn:04154151n 0.0
d003.s011.t001	bn:00029680n 0.5061279730594593	bn:00079508n 0.49387202694054066	bn:00063768n 0.0	bn:00079511n 0.0	bn:01123371n 0.0	bn:00058151n 0.0	bn:02908568n 0.0	bn:00079509n 0.0
d009.s017.t001	bn:00029680n 0.667476299451848	bn:00079508n 0.33252370054815195	bn:00063768n 0.0	bn:00079511n 0.0	bn:01123371n 0.0	bn:00058151n 0.0	bn:02908568n 0.0	bn:00079509n 0.0
d009.s027.t003	bn:00029680n 0.702001543423827	bn:00079508n 0.29799845657617297	bn:00063768n 0.0	bn:00079511n 0.0	bn:01123371n 0.0	bn:00058151n 0.0	bn:02908568n 0.0	bn:00079509n 0.0
d013.s006.t003	bn:00029680n 0.5496778087135624	bn:00079508n 0.4503221912864376	bn:00063768n 0.0	bn:00079511n 0.0	bn:01123371n 0.0	bn:00058151n 0.0	bn:02908568n 0.0	bn:00079509n 0.0
d013.s023.t004	bn:00029680n 0.7164081197842442	bn:00079508n 0.28359188021575576	bn:00063768n 0.0	bn:00079511n 0.0	bn:01123371n 0.0	bn:00058151n 0.0	bn:02908568n 0.0	bn:00079509n 0.0
d013.s019.t005	bn:00002216n 1.0	bn:08936963n 0.0	bn:03105659n 0.0	bn:01851351n 0.0	bn:17967358n 0.0	bn:03090786n 0.0	bn:03089566n 0.0	bn:15712718n 0.0	bn:03328498n 0.0	bn:05181694n 0.0	bn:02259288n 0.0	bn:05126431n 0.0
d009.s011.t002	bn:00029678n 1.0	bn:00029676n 0.0	bn:02764715n 0.0	bn:00014150n 0.0	bn:01199053n 0.0	bn:00014142n 0.0	bn:00029683n 0.0	bn:00007078n 0.0	bn:01186837n 0.0
d009.s012.t002	bn:00029678n 1.0	bn:00029676n 0.0	bn:02764715n 0.0	bn:00014150n 0.0	bn:01199053n 0.0	bn:00014142n 0.0	bn:00029683n 0.0	bn:00007078n 0.0	bn:01186837n 0.0
d009.s023.t002	bn:00029678n 1.0	bn:00029676n 0.0	bn:02764715n 0.0	bn:00014150n 0.0	bn:01199053n 0.0	bn:00014142n 0.0	bn:00029683n 0.0	bn:00007078n 0.0	bn:01186837n 0.0
d012.s001.t003	bn:00029678n 1.0	bn:00029676n 0.0	bn:02764715n 0.0	bn:00014150n 0.0	bn:01199053n 0.0	bn:00014142n 0.0	bn:00029683n 0.0	bn:00007078n 0.0	bn:01186837n 0.0
d012.s009.t004	bn:00029678n 1.0	bn:00029676n 0.0	bn:02764715n 0.0	bn:00014150n 0.0	bn:01199053n 0.0	bn:00014142n 0.0	bn:00029683n 0.0	bn:00007078n 0.0	bn:01186837n 0.0
d012.s013.t001	bn:00029667n 1.0
d009.s028.t001	bn:00059788n 1.0
d012.s013.t009	bn:00029670n 1.0
d012.s021.t004	bn:00029670n 1.0
d008.s003.t001	bn:00069680n 1.0	bn:13604096n 0.0
d008.s008.t001	bn:00069680n 1.0	bn:13604096n 0.0
d008.s010.t005	bn:00069680n 1.0	bn:13604096n 0.0
d001.s004.t004	bn:00043484n 1.0	bn:00014711n 0.0
d001.s012.t004	bn:00043484n 1.0	bn:00014711n 0.0
d001.s025.t008	bn:00043484n 1.0	bn:00014711n 0.0
d006.s010.t003	bn:00043484n 1.0	bn:00014711n 0.0
d009.s021.t003	bn:00043484n 1.0	bn:00014711n 0.0
d011.s013.t001	bn:00043484n 1.0	bn:00014711n 0.0
d004.s015.t004	bn:00080813n 1.0	bn:00080816n 0.0
d006.s022.t015	bn:00080813n 1.0	bn:00080816n 0.0
d012.s003.t004	bn:00057574n 1.0
d006.s011.t002	bn:00081546n 1.0	bn:00026450n 0.0	bn:00122022n 0.0	bn:00000657n 0.0	bn:00023218n 0.0	bn:00047028n 0.0	bn:04129125n 0.0	bn:00081547n 0.0	bn:00852566n 0.0
d012.s021.t012	bn:00081801n 1.0	bn:00081800n 0.0
d012.s002.t002	bn:00058285n 1.0	bn:00058290n 0.0	bn:00027078n 0.0	bn:00058286n 0.0	bn:00034394n 0.0	bn:00058287n 0.0
d005.s005.t007	bn:00061119n 1.0	bn:00025954n 0.0	bn:00017097n 0.0	bn:15117911n 0.0
d013.s009.t002	bn:00061119n 1.0	bn:00025954n 0.0	bn:00017097n 0.0	bn:15117911n 0.0
d012.s024.t004	bn:00077593n 1.0	bn:11471849n 0.0	bn:00839816n 0.0	bn:00020442n 0.0	bn:15479990n 0.0
d012.s025.t001	bn:00077593n 1.0	bn:11471849n 0.0	bn:00839816n 0.0	bn:00020442n 0.0	bn:15479990n 0.0
d005.s008.t003	bn:00077270n 0.6385316014140966	bn:00076545n 0.3614683985859034	bn:00077269n 0.0	bn:00077267n 0.0	bn:01229808n 0.0	bn:00077268n 0.0	bn:03501279n 0.0	bn:00044982n 0.0	bn:03061866n 0.0	bn:06505489n 0.0	bn:00955507n 0.0	bn:03471033n 0.0	bn:03186931n 0.0	bn:04027891n 0.0	bn:16875572n 0.0	bn:17899983n 0.0	bn:02010083n 0.0	bn:00077271n 0.0
d006.s015.t007	bn:00077270n 0.6291003256165429	bn:00076545n 0.37089967438345706	bn:00077269n 0.0	bn:00077267n 0.0	bn:01229808n 0.0	bn:00077268n 0.0	bn:03501279n 0.0	bn:00044982n 0.0	bn:03061866n 0.0	bn:06505489n 0.0	bn:00955507n 0.0	bn:03471033n 0.0	bn:03186931n 0.0	bn:04027891n 0.0	bn:16875572n 0.0	bn:17899983n 0.0	bn:02010083n 0.0	bn:00077271n 0.0
d007.s004.t003	bn:00076545n 0.5440877495864948	bn:00077270n 0.45591225041350525	bn:00077269n 0.0	bn:00077267n 0.0	bn:01229808n 0.0	bn:00077268n 0.0	bn:03501279n 0.0	bn:00044982n 0.0	bn:03061866n 0.0	bn:06505489n 0.0	bn:00955507n 0.0	bn:03471033n 0.0	bn:03186931n 0.0	bn:04027891n 0.0	bn:16875572n 0.0	bn:17899983n 0.0	bn:02010083n 0.0	bn:00077271n 0.0
d008.s006.t007	bn:00052671n 1.0	bn:00048453n 0.0	bn:00061617n 0.0	bn:02495123n 0.0
d001.s002.t011	bn:00036941n 1.0	bn:00036942n 0.0	bn:15081281n 0.0
d006.s012.t004	bn:00028425n 1.0	bn:15251619n 0.0	bn:05228468n 0.0	bn:00028426n 0.0
