d001.s001.t004_d001.s001.t004	bn:00028015n 0.3194504783103735	bn:00028016n 0.31074756063861286	bn:00028017n 0.24580554359630624	bn:00028018n 0.12396447560106162	bn:00032223n 3.194185364567278e-05
d001.s001.t008_d001.s001.t008	bn:00067181n 0.6701178076711345	bn:00000739n 0.2466079997274773	bn:00000745n 0.08320718752112934	bn:00006473n 6.700508025908754e-05
d001.s002.t007_d001.s002.t007	bn:00021015n 0.42929036517031643	bn:00011638n 0.2982052247684975	bn:00019284n 0.27246148531714337	bn:00021019n 4.292474404262738e-05
d001.s002.t009_d001.s002.t009	bn:00061887n 0.3858579957608789	bn:00054128n 0.33011291955661526	bn:00028872n 0.2839905027411238	bn:00024461n 3.8581941381949703e-05
d001.s002.t023_d001.s002.t023	bn:00054128n 0.44409896778102226	bn:00061887n 0.29933615247219525	bn:00028872n 0.2565204742905499	bn:00024461n 4.440545623247898e-05
d001.s003.t004_d001.s003.t004	bn:00046705n 0.4508765168383326	bn:00025314n 0.23161816191329268	bn:00046698n 0.22115450789684737	bn:00046706n 0.09630573020815789	bn:00046720n 4.508314336949631e-05
d001.s003.t010_d001.s003.t010	bn:00076843n 0.6812516062631485	bn:00047235n 0.31868027538806015	bn:00042823n 6.811834879143572e-05
d001.s003.t020_d001.s003.t020	bn:00054119n 0.9999000199960009	bn:00010394n 9.998000399920017e-05
d001.s003.t034_d001.s003.t034	bn:00004992n 1.0
d001.s004.t004_d001.s004.t004	bn:00046705n 0.41026631833480054	bn:00025314n 0.25220943266007656	bn:00046698n 0.2517312846344907	bn:00046706n 0.08575194184105148	bn:00046720n 4.102252958052201e-05
d001.s004.t024_d001.s004.t024	bn:00027544n 0.6664968025064566	bn:00005601n 0.3282950122006787	bn:00055838n 0.005141542276915656	bn:00025621n 6.664301594905075e-05
d001.s006.t004_d001.s006.t004	bn:00063926n 0.3752103222254357	bn:00029193n 0.2463520352925491	bn:00029192n 0.21531816962213848	bn:00020230n 0.16308195557938213	bn:00006453n 3.751728049449412e-05
d001.s006.t011_d001.s006.t011	bn:00072760n 0.5391948507882814	bn:00004452n 0.4607512351180491	bn:00034919n 5.3914093669461204e-05
d001.s006.t017_d001.s006.t017	bn:00079681n 0.9999000199960009	bn:00051675n 9.998000399920017e-05
d001.s009.t009_d001.s009.t009	bn:00016413n 0.1671097495602337	bn:00004756n 0.16157208734997555	bn:00001546n 0.13995416916113976	bn:00078799n 0.10241332494663141	bn:00017803n 0.07979093057949335	bn:00072856n 0.06849957386495945	bn:00014190n 0.06511315986391362	bn:00035907n 0.05495368727177421	bn:00078800n 0.051092670202899766	bn:00078801n 0.04451498696216065	bn:00028240n 0.03514639199784267	bn:00078802n 0.029822558934950172	bn:00011241n 1.670930402562081e-05
d001.s009.t013_d001.s009.t013	bn:00054512n 1.0
d001.s009.t016_d001.s009.t016	bn:00015180n 0.8255470411935719	bn:00015183n 0.1743704123569536	bn:00015182n 8.254644947440975e-05
d001.s009.t018_d001.s009.t018	bn:00020185n 0.7373352007251996	bn:00024992n 0.26259107312734253	bn:00005094n 7.372614745777419e-05
d001.s009.t021_d001.s009.t021	bn:00052341n 0.9999000199960009	bn:00012073n 9.998000399920017e-05
d001.s009.t028_d001.s009.t028	bn:00006236n 1.0
d001.s010.t005_d001.s010.t005	bn:00020878n 0.25681787414275253	bn:00020873n 0.18951903836304956	bn:00048368n 0.13517710207662054	bn:00020872n 0.12240256326566051	bn:00020877n 0.10962496092825406	bn:00020874n 0.09767913182561351	bn:00042622n 0.08875365017855698	bn:00018128n 2.5679219492326024e-05
d001.s010.t010_d001.s010.t010	bn:00054128n 0.46221216523350583	bn:00061887n 0.2912590296676109	bn:00028872n 0.24648258850401944	bn:00024461n 4.62165948638642e-05
d001.s010.t013_d001.s010.t013	bn:00015180n 0.9160477344638388	bn:00015183n 0.08386066992227612	bn:00015182n 9.159561388499539e-05
d001.s010.t017_d001.s010.t017	bn:00057267n 1.0
d001.s010.t029_d001.s010.t029	bn:00059129n 0.9999000199960009	bn:00059121n 9.998000399920017e-05
d001.s010.t051_d001.s010.t051	bn:00060764n 0.13030801886016558	bn:00070193n 0.10674997780064271	bn:00060770n 0.10361739086349635	bn:00070190n 0.09659869474071314	bn:00017749n 0.09620179896302707	bn:00060837n 0.09289570825712894	bn:00060767n 0.08850145330355902	bn:00010727n 0.07938576190893815	bn:00062812n 0.06630468034444685	bn:00027912n 0.05411299779031516	bn:00021395n 0.052950186210542836	bn:00060765n 0.03236030145808817	bn:00036823n 1.3029498936122947e-05
d001.s010.t053_d001.s010.t053	bn:00003882n 0.15474772286302937	bn:00011744n 0.13401553832057253	bn:00017231n 0.12187167754420883	bn:00014512n 0.11707043123066913	bn:00011746n 0.10510633836056758	bn:00034269n 0.10047678506315988	bn:00011745n 0.09568210089735246	bn:00005819n 0.08795336017923032	bn:00005810n 0.08306057231624617	bn:00011747n 1.5473224963806558e-05
d001.s010.t057_d001.s010.t057	bn:00061017n 1.0
d001.s010.t062_d001.s010.t062	bn:00018141n 1.0
d001.s010.t064_d001.s010.t064	bn:00054128n 0.5249318351679481	bn:00061887n 0.2877400255940221	bn:00028872n 0.18727565130330645	bn:00024461n 5.248793472332247e-05
d001.s010.t067_d001.s010.t067	bn:00015180n 0.9142831081689715	bn:00015183n 0.08562547266212843	bn:00015182n 9.141916890000715e-05
d001.s010.t071_d001.s010.t073	bn:00052343n 1.0
d001.s010.t071_d001.s010.t071	bn:00015180n 0.8618213591501762	bn:00015183n 0.13809246733126063	bn:00015182n 8.617351856316131e-05
d001.s010.t073_d001.s010.t073	bn:00052341n 0.9999000199960009	bn:00012073n 9.998000399920017e-05
d001.s010.t076_d001.s010.t076	bn:00054742n 1.0
d001.s010.t080_d001.s010.t080	bn:00054585n 1.0
d001.s010.t086_d001.s010.t086	bn:00017027n 0.6773034472377805	bn:00017028n 0.3226288291898529	bn:00017030n 6.77235723665414e-05
d001.s011.t005_d001.s011.t005	bn:00020878n 0.24621317907443024	bn:00020873n 0.17064174600509205	bn:00048368n 0.15189187686117006	bn:00020872n 0.12100506644037298	bn:00020877n 0.11954904288979704	bn:00020874n 0.11752974079046608	bn:00042622n 0.07314472908264978	bn:00018128n 2.461885602184084e-05
d001.s011.t020_d001.s011.t020	bn:00061017n 1.0
d001.s011.t028_d001.s011.t028	bn:00004756n 0.1626034999898779	bn:00016413n 0.157414609795597	bn:00001546n 0.14854810917963795	bn:00078799n 0.1010720942353343	bn:00017803n 0.08562566671010341	bn:00072856n 0.06093173243010501	bn:00078800n 0.057788610659524134	bn:00078801n 0.057758584407790324	bn:00078802n 0.053819454109246004	bn:00035907n 0.046177758738817555	bn:00028240n 0.03557111673317108	bn:00014190n 0.03267250428666881	bn:00011241n 1.625872412657513e-05
d001.s011.t030_d001.s011.t030	bn:00018141n 1.0
d001.s012.t002_d001.s012.t002	bn:00054128n 0.4341194469868453	bn:00061887n 0.3146292575281917	bn:00028872n 0.25120788788102455	bn:00024461n 4.34076039382907e-05
d001.s012.t007_d001.s012.t008	bn:00031708n 1.0
d001.s012.t007_d001.s012.t007	bn:00031708n 1.0
d001.s014.t010_d001.s014.t010	bn:00027976n 0.9999000199960009	bn:00028003n 9.998000399920017e-05
d001.s014.t016_d001.s014.t016	bn:00018141n 1.0
d001.s014.t019_d001.s014.t019	bn:00015180n 0.8195352482849693	bn:00015183n 0.18038280638473525	bn:00015182n 8.194533029546738e-05
d001.s015.t002_d001.s015.t002	bn:00028320n 0.9315278230794837	bn:00000903n 0.0683790334525551	bn:00024430n 9.314346796115226e-05
d001.s015.t011_d001.s015.t011	bn:00052501n 0.3029153870689725	bn:00076103n 0.1764499110141067	bn:00054025n 0.12410626492460226	bn:00054611n 0.10315153077942975	bn:00009400n 0.08499228825234507	bn:00053680n 0.07794914726230708	bn:00075016n 0.06878391912545202	bn:00054667n 0.047601761086290974	bn:00079005n 0.014019501976637552	bn:00075020n 3.0288509855911656e-05
d001.s015.t014_d001.s015.t014	bn:00005518n 0.5554594152135445	bn:00005513n 0.38370711641869304	bn:00075373n 0.060777927980279964	bn:00075374n 5.554038748260619e-05
d001.s015.t020_d001.s015.t020	bn:00043545n 1.0
d001.s015.t023_d001.s015.t023	bn:00080831n 0.2924323982839291	bn:00050870n 0.14723594852067962	bn:00054686n 0.14140006423230128	bn:00018378n 0.11124410156950057	bn:00028187n 0.11114070392667143	bn:00080833n 0.0973561740003111	bn:00061774n 0.0370175986634222	bn:00075770n 0.034880701405011316	bn:00024253n 0.027263069082376405	bn:00020700n 2.9240315796813227e-05
d001.s015.t025_d001.s015.t025	bn:00061017n 1.0
d001.s016.t007_d001.s016.t007	bn:00080813n 0.9999000199960009	bn:00043484n 9.998000399920017e-05
d001.s016.t013_d001.s016.t013	bn:00055094n 0.3187315367826521	bn:00010728n 0.2857262984321282	bn:00060969n 0.26813168166667467	bn:00005459n 0.12737861315186338	bn:00046942n 3.186996668159705e-05
d001.s017.t007_d001.s017.t007	bn:00076929n 1.0
d001.s017.t011_d001.s017.t011	bn:00061017n 1.0
d001.s017.t015_d001.s017.t015	bn:00001507n 1.0
d001.s017.t017_d001.s017.t018	bn:00035585n 1.0
d001.s017.t017_d001.s017.t017	bn:00000902n 0.6507612485215819	bn:00052223n 0.3491736818605278	bn:00000903n 6.506961789036916e-05
d001.s017.t021_d001.s017.t021	bn:00016413n 0.1533701653051669	bn:00004756n 0.12681834025646485	bn:00001546n 0.12240921031722544	bn:00017803n 0.09761811858125631	bn:00078799n 0.09528257244691847	bn:00035907n 0.0799415969665122	bn:00028240n 0.07472982487061856	bn:00078801n 0.07184642776875687	bn:00072856n 0.06985343335014053	bn:00078800n 0.057547873868090696	bn:00078802n 0.028504973668515288	bn:00014190n 0.02206212711735168	bn:00011241n 1.5335482982218467e-05
d001.s017.t023_d001.s017.t023	bn:00080147n 1.0
d001.s017.t027_d001.s017.t027	bn:00046787n 0.542363274952256	bn:00074877n 0.45758249414333924	bn:00000903n 5.423090440478512e-05
d001.s017.t029_d001.s017.t030	bn:00004712n 1.0
d001.s017.t029_d001.s017.t029	bn:00080147n 1.0
d001.s017.t033_d001.s017.t033	bn:00076843n 0.7234470617883962	bn:00047235n 0.2764806007391722	bn:00042823n 7.233747243159647e-05
d001.s018.t015_d001.s018.t015	bn:00004656n 1.0
d001.s018.t021_d001.s018.t021	bn:00027565n 0.6891101963972805	bn:00030543n 0.2519640005113237	bn:00013851n 0.058856898962168926	bn:00008567n 6.890412922680538e-05
d001.s018.t029_d001.s018.t029	bn:00025982n 0.7571495335089207	bn:00025984n 0.24277475910846663	bn:00025983n 7.570738261263081e-05
d001.s018.t035_d001.s018.t035	bn:00028320n 0.8488722620171212	bn:00000903n 0.15104285924455096	bn:00024430n 8.487873832787934e-05
d001.s019.t007_d001.s019.t007	bn:00076843n 0.6618270980601124	bn:00047235n 0.33810672584769075	bn:00042823n 6.617609219679157e-05
d001.s019.t015_d001.s019.t015	bn:00061017n 1.0
d001.s019.t025_d001.s019.t025	bn:00076929n 1.0
d001.s020.t007_d001.s020.t007	bn:00061017n 1.0
d001.s020.t009_d001.s020.t009	bn:00078426n 0.22296647190781677	bn:00002171n 0.19187229145799467	bn:00014139n 0.18548033465823688	bn:00048242n 0.14716739609747997	bn:00078424n 0.08728036254373871	bn:00064526n 0.08207731791097968	bn:00042847n 0.06803961285114878	bn:00078425n 0.015093918154855656	bn:00064527n 2.2294417749006777e-05
d001.s021.t008_d001.s021.t008	bn:00075142n 0.41212206684622443	bn:00031259n 0.26714801923696746	bn:00000489n 0.24397644995699463	bn:00000398n 0.07671225587393758	bn:00027062n 4.120808587603484e-05
d001.s021.t013_d001.s021.t013	bn:00054416n 0.35336144440124195	bn:00021045n 0.26511041983713785	bn:00064585n 0.1803468270592643	bn:00064584n 0.14875370642466304	bn:00053827n 0.05239226966651384	bn:00056300n 3.5332611179006296e-05
d001.s021.t018_d001.s021.t018	bn:00060837n 0.12741909320682324	bn:00060770n 0.11201559215438678	bn:00070190n 0.1106092464839043	bn:00060764n 0.0941236958573377	bn:00017749n 0.09054108954902887	bn:00070193n 0.08534057301628994	bn:00010727n 0.08367607330445793	bn:00027912n 0.0806882539145964	bn:00021395n 0.076237999667019	bn:00060767n 0.06423622419574786	bn:00036823n 0.05001684795095511	bn:00062812n 0.02508257006419577	bn:00060765n 1.2740635257156608e-05
d001.s023.t012_d001.s023.t012	bn:00054128n 0.45412140666466544	bn:00061887n 0.28668071231710573	bn:00028872n 0.25915247341832226	bn:00024461n 4.54075999064759e-05
d001.s023.t013_d001.s023.t013	bn:00024920n 1.0
d001.s023.t016_d001.s023.t016	bn:00054128n 0.4700011049871949	bn:00061887n 0.2824191268868305	bn:00028872n 0.2475327727150168	bn:00024461n 4.699541095762373e-05
d001.s023.t020_d001.s023.t020	bn:00017027n 0.7680896269344915	bn:00017028n 0.23183357178294323	bn:00017030n 7.680128256519264e-05
d001.s023.t024_d001.s023.t024	bn:00061898n 0.34052495330091975	bn:00061900n 0.25169048116798387	bn:00035914n 0.243342903239086	bn:00061909n 0.14491731509920913	bn:00050548n 0.019490298102380114	bn:00025966n 3.404909042104987e-05
d001.s023.t026_d001.s023.t026	bn:00019680n 0.343044087708305	bn:00027917n 0.24099231874452462	bn:00070547n 0.18895562301338456	bn:00027919n 0.0783530157552274	bn:00005706n 0.07169183437704212	bn:00027920n 0.03708836980437587	bn:00027913n 0.030552636155535218	bn:00027911n 0.009287813462932126	bn:00027912n 3.4300978672963207e-05
d001.s023.t039_d001.s023.t039	bn:00004691n 1.0
d001.s024.t003_d001.s024.t003	bn:00004257n 0.9999000199960009	bn:00009677n 9.998000399920017e-05
d001.s024.t011_d001.s024.t011	bn:00035911n 0.11806094442438009	bn:00035909n 0.0998801014173073	bn:00044915n 0.09247072056191415	bn:00034899n 0.08366703259438672	bn:00035910n 0.08200132647327638	bn:00003882n 0.08116608019185169	bn:00033729n 0.08035013967066405	bn:00001965n 0.0778247149688031	bn:00026512n 0.07714862850419822	bn:00035907n 0.06364316595384939	bn:00030486n 0.05647239196110919	bn:00035908n 0.05197403412917114	bn:00016529n 0.03532891423513733	bn:00021751n 1.1804913951042906e-05
d001.s024.t019_d001.s024.t019	bn:00031085n 1.0
d001.s024.t027_d001.s024.t027	bn:00008788n 1.0
d001.s024.t039_d001.s024.t039	bn:00066295n 0.7335287989854415	bn:00053801n 0.26639785546921435	bn:00019980n 7.334554534400976e-05
d001.s024.t043_d001.s024.t043	bn:00017027n 0.7982906887359682	bn:00017028n 0.20162949017726697	bn:00017030n 7.982108676492033e-05
d001.s025.t002_d001.s025.t002	bn:00016413n 0.1864653712112414	bn:00004756n 0.17342786377951094	bn:00001546n 0.16995432370103106	bn:00078799n 0.10713282719311344	bn:00017803n 0.07969880374523705	bn:00072856n 0.06784697308516938	bn:00078801n 0.04806605065545684	bn:00035907n 0.046768474291120105	bn:00078802n 0.04159809130109579	bn:00078800n 0.029724077227146397	bn:00014190n 0.024709324557229028	bn:00028240n 0.024589174579994655	bn:00011241n 1.8644672653858754e-05
d001.s025.t004_d001.s025.t004	bn:00074786n 0.26504939693887014	bn:00067181n 0.1897794849496112	bn:00074790n 0.15974799592030217	bn:00030952n 0.12012053384501141	bn:00074791n 0.1163522986960412	bn:00074793n 0.06853260359338145	bn:00071923n 0.042538551698655246	bn:00074795n 0.020731372199255842	bn:00009519n 0.01281222146187361	bn:00007985n 0.004309038407532702	bn:00031755n 2.650228946494052e-05
d001.s026.t007_d001.s026.t007	bn:00076843n 0.7155399215490955	bn:00047235n 0.28438853161343336	bn:00042823n 7.154683747116244e-05
d001.s026.t009_d001.s026.t009	bn:00054512n 1.0
d001.s026.t019_d001.s026.t019	bn:00067181n 0.15862123247493454	bn:00074786n 0.15851009330174184	bn:00007985n 0.13413989648643307	bn:00074790n 0.12940689865468433	bn:00074791n 0.11021510922738416	bn:00030952n 0.09405475008023179	bn:00074793n 0.0812991319201097	bn:00009519n 0.07209932922993924	bn:00071923n 0.05262405483378419	bn:00074795n 0.009013643253563347	bn:00031755n 1.5860537193774077e-05
d001.s026.t024_d001.s026.t024	bn:00061017n 1.0
d001.s026.t029_d001.s026.t029	bn:00018141n 1.0
d001.s027.t004_d001.s027.t004	bn:00021961n 0.5207381657172457	bn:00029872n 0.4792097656730435	bn:00046065n 5.20686097107535e-05
d001.s027.t008_d001.s027.t008	bn:00020878n 0.18847578527413214	bn:00020873n 0.18578897912558168	bn:00048368n 0.15389843420017738	bn:00020872n 0.1487637567839721	bn:00020877n 0.14480324283821644	bn:00020874n 0.11214552928625564	bn:00042622n 0.06610542679770666	bn:00018128n 1.8845693958017413e-05
d001.s027.t013_d001.s027.t013	bn:00021961n 0.5782791991362528	bn:00029872n 0.4216629787260474	bn:00046065n 5.78221376998553e-05
d001.s028.t004_d001.s028.t004	bn:00076843n 0.7617593629728259	bn:00047235n 0.2381644687077088	bn:00042823n 7.616831946533605e-05
d001.s028.t006_d001.s028.t006	bn:00015180n 0.8764747968924073	bn:00015183n 0.12343756439177522	bn:00015182n 8.763871581765896e-05
d001.s028.t006_d001.s028.t008	bn:00052343n 1.0
d001.s028.t008_d001.s028.t008	bn:00052341n 0.9999000199960009	bn:00012073n 9.998000399920017e-05
d001.s028.t010_d001.s028.t010	bn:00054742n 1.0
d001.s028.t015_d001.s028.t015	bn:00021961n 0.5395272259213152	bn:00029872n 0.46041882675082546	bn:00046065n 5.394732785934559e-05
d001.s028.t024_d001.s028.t024	bn:00054128n 0.4671942079952684	bn:00061887n 0.2935880851738813	bn:00028872n 0.23917099208152567	bn:00024461n 4.6714749324594385e-05
d001.s028.t027_d001.s028.t027	bn:00015180n 0.8683846282038721	bn:00015183n 0.13152854201628542	bn:00015182n 8.682977984240298e-05
d001.s028.t031_d001.s028.t031	bn:00067181n 0.1747851686142636	bn:00074786n 0.17351683626651265	bn:00007985n 0.13315173133240116	bn:00074790n 0.13015862881861215	bn:00074791n 0.10634397137019176	bn:00030952n 0.08531448074788994	bn:00074793n 0.07532477231751254	bn:00071923n 0.055802647745891824	bn:00009519n 0.055797197066028995	bn:00074795n 0.009787088951510921	bn:00031755n 1.747676918450791e-05
d001.s028.t035_d001.s028.t035	bn:00061017n 1.0
d001.s028.t037_d001.s028.t037	bn:00027546n 0.47785034049042413	bn:00045952n 0.36796802735590173	bn:00002171n 0.15413385189765066	bn:00025627n 4.778025602344007e-05
d001.s028.t041_d001.s028.t041	bn:00054585n 1.0
d001.s028.t045_d001.s028.t045	bn:00018141n 1.0
d001.s029.t009_d001.s029.t009	bn:00054128n 0.4680457304162139	bn:00061887n 0.29429028040998034	bn:00028872n 0.23761718928075345	bn:00024461n 4.6799893052316156e-05
d001.s029.t012_d001.s029.t012	bn:00015180n 0.8292913968003008	bn:00015183n 0.1706256823521038	bn:00015182n 8.292084759527057e-05
d001.s029.t031_d001.s029.t031	bn:00018141n 1.0
d001.s029.t034_d001.s029.t036	bn:00052343n 1.0
d001.s029.t034_d001.s029.t034	bn:00015180n 0.8401721840023437	bn:00015183n 0.15974380718013786	bn:00015182n 8.400881751848253e-05
d001.s029.t036_d001.s029.t036	bn:00052341n 0.9999000199960009	bn:00012073n 9.998000399920017e-05
d001.s030.t007_d001.s030.t007	bn:00027469n 0.38748092476227736	bn:00059169n 0.32757581598670876	bn:00048495n 0.28490451503295927	bn:00023853n 3.87442180544223e-05
d001.s030.t010_d001.s030.t010	bn:00005120n 0.29360703046149794	bn:00031973n 0.2924105497768806	bn:00077416n 0.24664139225334125	bn:00006501n 0.16731166974101078	bn:00006502n 2.9357767269422856e-05
d001.s030.t013_d001.s030.t013	bn:00029888n 0.9999000199960009	bn:00029876n 9.998000399920017e-05
d001.s030.t018_d001.s030.t018	bn:00030811n 0.9999000199960009	bn:00075436n 9.998000399920017e-05
d001.s031.t009_d001.s031.t009	bn:00074786n 0.23585688714807335	bn:00074790n 0.15000254337577693	bn:00067181n 0.13048903350688767	bn:00074791n 0.11683728186243438	bn:00030952n 0.11453091764521477	bn:00074793n 0.08392288354810336	bn:00007985n 0.0638982764380233	bn:00074795n 0.042542320051566225	bn:00071923n 0.03730164459453955	bn:00031755n 0.024594628498998766	bn:00009519n 2.3583330381769158e-05
d001.s032.t006_d001.s032.t006	bn:00030811n 0.9999000199960009	bn:00075436n 9.998000399920017e-05
d001.s032.t009_d001.s032.t009	bn:00061017n 1.0
d001.s032.t011_d001.s032.t011	bn:00054512n 1.0
d001.s033.t002_d001.s033.t002	bn:00061017n 1.0
d001.s033.t010_d001.s033.t010	bn:00054001n 0.53863792752978	bn:00007449n 0.31323535863688656	bn:00005677n 0.14807285542642123	bn:00074376n 5.3858406912286775e-05
d001.s033.t013_d001.s033.t013	bn:00014710n 0.7556933761478796	bn:00055794n 0.2442310620706838	bn:00016665n 7.556178143664429e-05
d001.s033.t017_d001.s033.t017	bn:00030811n 0.9999000199960009	bn:00075436n 9.998000399920017e-05
d001.s033.t028_d001.s033.t028	bn:00014710n 0.5660272257531935	bn:00055794n 0.4339161771839375	bn:00016665n 5.659706286903245e-05
d001.s034.t003_d001.s034.t003	bn:00076843n 0.694016551457978	bn:00047235n 0.30591405382634773	bn:00042823n 6.939471567423039e-05
d001.s034.t007_d001.s034.t009	bn:00052343n 1.0
d001.s034.t009_d001.s034.t009	bn:00052341n 0.9999000199960009	bn:00012073n 9.998000399920017e-05
d001.s034.t011_d001.s034.t011	bn:00054742n 1.0
d001.s034.t019_d001.s034.t019	bn:00054128n 0.45937196604983727	bn:00061887n 0.3119034057481287	bn:00028872n 0.22867869559868925	bn:00024461n 4.5932603344649266e-05
d001.s035.t007_d001.s035.t007	bn:00018141n 1.0
d001.s035.t018_d001.s035.t018	bn:00014710n 0.9096232277870836	bn:00055794n 0.0902858189854604	bn:00016665n 9.095322745596278e-05
d001.s035.t023_d001.s035.t023	bn:00014710n 0.6670448705450716	bn:00055794n 0.3328884316376555	bn:00016665n 6.669781727277989e-05
d001.s036.t002_d001.s036.t002	bn:00061017n 1.0
d001.s036.t008_d001.s036.t008	bn:00018141n 1.0
d001.s036.t014_d001.s036.t014	bn:00030811n 0.9999000199960009	bn:00075436n 9.998000399920017e-05
d001.s036.t018_d001.s036.t018	bn:00014710n 0.5072722204700663	bn:00055794n 0.49267705738010176	bn:00016665n 5.072214983202342e-05
d001.s036.t021_d001.s036.t021	bn:00076303n 0.169296921195231	bn:00002913n 0.13521239180466324	bn:00041942n 0.1336251067531887	bn:00041943n 0.12853758245572283	bn:00008279n 0.11524576574570658	bn:00018111n 0.10907921268362045	bn:00068051n 0.07922102511751793	bn:00000777n 0.07725331022307244	bn:00013874n 0.021926428979953512	bn:00030961n 0.01708604159279864	bn:00013873n 0.013499285449205112	bn:00008280n 1.692799931959114e-05
d001.s037.t004_d001.s037.t004	bn:00061017n 1.0
d001.s037.t007_d001.s037.t007	bn:00074786n 0.1892465650462455	bn:00067181n 0.18503663093824313	bn:00074790n 0.13264358341543483	bn:00074791n 0.1305297893417691	bn:00007985n 0.12267565150966774	bn:00030952n 0.10912010888151022	bn:00074793n 0.05878196048717174	bn:00071923n 0.05248781349177882	bn:00074795n 0.018382217975575238	bn:00031755n 0.001076756148375591	bn:00009519n 1.892276422820173e-05
d001.s037.t009_d001.s037.t009	bn:00015180n 0.8487783565663131	bn:00015183n 0.15113677408496506	bn:00015182n 8.486934872175914e-05
d001.s037.t021_d001.s037.t021	bn:00030811n 0.9999000199960009	bn:00075436n 9.998000399920017e-05
d001.s037.t029_d001.s037.t029	bn:00054128n 0.4916819922563224	bn:00061887n 0.3159988975111795	bn:00028872n 0.19226994694960062	bn:00024461n 4.916328289734251e-05
d001.s038.t004_d001.s038.t004	bn:00061017n 1.0
d001.s038.t006_d001.s038.t006	bn:00015180n 0.8480145125617715	bn:00015183n 0.1519006944662695	bn:00015182n 8.479297195898126e-05
d001.s038.t016_d001.s038.t016	bn:00030811n 0.9999000199960009	bn:00075436n 9.998000399920017e-05
d002.s001.t004_d002.s001.t004	bn:00014687n 0.6582685643423706	bn:00021464n 0.34166561538322265	bn:00014691n 6.582027440679639e-05
d002.s001.t009_d002.s001.t011	bn:00053492n 1.0
d002.s001.t009_d002.s001.t009	bn:00049910n 0.3792216545087153	bn:00049911n 0.28748390254868894	bn:00049915n 0.2135851325566763	bn:00045840n 0.11967139201230582	bn:00006187n 3.7918373613510184e-05
d002.s002.t008_d002.s002.t008	bn:00053826n 0.37171106819956085	bn:00059128n 0.3432981440823673	bn:00059130n 0.23222220688580872	bn:00054973n 0.052731413442182073	bn:00059129n 3.716739008094799e-05
d002.s002.t021_d002.s002.t021	bn:00017904n 0.9999000199960009	bn:00041412n 9.998000399920017e-05
d002.s002.t025_d002.s002.t026	bn:00000101n 1.0
d002.s005.t016_d002.s005.t016	bn:00046516n 0.5839421016324975	bn:00023661n 0.24842761431910468	bn:00061715n 0.11979892889174405	bn:00045971n 0.0477729667853276	bn:00061714n 5.8388371326117136e-05
d002.s005.t021_d002.s005.t021	bn:00020452n 0.32064930181480805	bn:00030716n 0.310385554851637	bn:00041430n 0.2530304299800713	bn:00000991n 0.11590265162947455	bn:00007498n 3.20617240090799e-05
d002.s006.t008_d002.s006.t008	bn:00081285n 0.597819872873947	bn:00081292n 0.40212035111636657	bn:00081286n 5.9776009686426064e-05
d002.s008.t002_d002.s008.t002	bn:00081285n 0.8576729532540285	bn:00081292n 0.14224128802651806	bn:00081286n 8.57587194534575e-05
d002.s008.t009_d002.s008.t009	bn:00019101n 0.9999000199960009	bn:00035022n 9.998000399920017e-05
d002.s008.t011_d002.s008.t011	bn:00014448n 0.3260571940472786	bn:00020953n 0.20293416807789952	bn:00022001n 0.16397593550042597	bn:00022002n 0.1587120420007771	bn:00022581n 0.07833589425261474	bn:00012635n 0.06995216366184515	bn:00022003n 3.260245915881198e-05
d002.s008.t013_d002.s008.t013	bn:00017904n 0.9999000199960009	bn:00041412n 9.998000399920017e-05
d002.s008.t016_d002.s008.t016	bn:00017904n 0.9999000199960009	bn:00041412n 9.998000399920017e-05
d002.s008.t017_d002.s008.t017	bn:00000101n 1.0
d002.s009.t003_d002.s009.t003	bn:00035022n 0.9999000199960009	bn:00019101n 9.998000399920017e-05
d002.s009.t006_d002.s009.t006	bn:00034274n 0.18670381241033346	bn:00034265n 0.11338463981809722	bn:00034275n 0.09659723087572684	bn:00034267n 0.09404423394532005	bn:00023291n 0.0789827727879867	bn:00006752n 0.0782529005155211	bn:00034269n 0.07771584708041458	bn:00034266n 0.07340866594548266	bn:00010805n 0.06371663834151003	bn:00007985n 0.052054305413885255	bn:00009183n 0.044972934615126345	bn:00023237n 0.03651801787239119	bn:00005516n 0.003629331863815	bn:00017609n 1.8668514389594387e-05
d002.s009.t013_d002.s009.t013	bn:00036821n 0.2879520648560143	bn:00036826n 0.2455757600736119	bn:00036823n 0.16358888720886317	bn:00061560n 0.15301241570693372	bn:00001736n 0.14984207982732387	bn:00064915n 2.8792327252876146e-05
d002.s009.t017_d002.s009.t017	bn:00014694n 0.4228381026361093	bn:00014688n 0.34638194314117826	bn:00014689n 0.23073767464040687	bn:00014692n 4.22795823053804e-05
d002.s011.t004_d002.s011.t004	bn:00062118n 0.9999000199960009	bn:00075738n 9.998000399920017e-05
d002.s011.t007_d002.s011.t008	bn:00021164n 1.0
d002.s011.t007_d002.s011.t007	bn:00046139n 0.16072285465337877	bn:00070498n 0.16061595407017784	bn:00054009n 0.15744717289164326	bn:00021927n 0.14850809188690092	bn:00021164n 0.12970759695456335	bn:00059509n 0.0782607384800045	bn:00070494n 0.07399378918219245	bn:00002181n 0.061267560232851584	bn:00070497n 0.02946017096988996	bn:00027352n 1.6070678397498127e-05
d002.s012.t007_d002.s012.t007	bn:00062118n 0.9999000199960009	bn:00075738n 9.998000399920017e-05
d002.s013.t006_d002.s013.t006	bn:00001296n 0.7351512474138512	bn:00003604n 0.26477524481218495	bn:00003601n 7.350777396398872e-05
d002.s013.t010_d002.s013.t010	bn:00056300n 0.6861909322530431	bn:00041979n 0.17800562594660643	bn:00046357n 0.13573482956834823	bn:00037681n 6.86122320021041e-05
d002.s014.t005_d002.s014.t005	bn:00063941n 0.6174162618356189	bn:00054902n 0.3732539641290969	bn:00041585n 0.00926803858264593	bn:00063940n 6.173545263829806e-05
d002.s015.t006_d002.s015.t006	bn:00003057n 0.5745982831168368	bn:00017752n 0.34629853632091373	bn:00017747n 0.04641386606434367	bn:00017748n 0.03263186041500252	bn:00027685n 5.745408290339335e-05
d002.s016.t002_d002.s016.t002	bn:00063941n 0.6356040266302898	bn:00041585n 0.21657940881222043	bn:00063940n 0.1477530105102315	bn:00054902n 6.355404725830315e-05
d002.s017.t006_d002.s017.t006	bn:00079583n 0.9999000199960009	bn:00079581n 9.998000399920017e-05
d002.s017.t010_d002.s017.t010	bn:00036821n 0.4082805035368056	bn:00036826n 0.28423570992961433	bn:00001736n 0.11447670845775385	bn:00061560n 0.09964634538228681	bn:00036823n 0.09331990872558243	bn:00064915n 4.082396795688487e-05
d002.s019.t009_d002.s019.t009	bn:00036821n 0.43118468516016417	bn:00036826n 0.26150513771055495	bn:00036823n 0.10832356769495571	bn:00001736n 0.1077843805294939	bn:00061560n 0.09115911474773089	bn:00064915n 4.311415710030639e-05
d002.s019.t018_d002.s019.t018	bn:00059141n 0.707685838358259	bn:00053226n 0.292243400134056	bn:00015015n 7.07615076850574e-05
d002.s020.t009_d002.s020.t009	bn:00059141n 0.5807373542455916	bn:00053226n 0.41920457782577675	bn:00015015n 5.8067928631695986e-05
d002.s020.t019_d002.s020.t019	bn:00036821n 0.34549136933843777	bn:00036826n 0.26048722884957237	bn:00036823n 0.16780731295108678	bn:00001736n 0.14095897643394872	bn:00061560n 0.08522056674458876	bn:00064915n 3.454568236560722e-05
d002.s020.t021_d002.s020.t021	bn:00079373n 1.0
d002.s021.t009_d002.s021.t009	bn:00079508n 0.14114976453849093	bn:00017368n 0.13944203906960254	bn:00029680n 0.126095976976465	bn:00079509n 0.11134785677191777	bn:00079511n 0.09703587186161082	bn:00058151n 0.08340081193078627	bn:00031333n 0.07687209634015979	bn:00012839n 0.05706274470614614	bn:00012840n 0.039725058526514825	bn:00026476n 0.03922077442477437	bn:00079510n 0.03515659497788796	bn:00043384n 0.028751568964656603	bn:00007767n 0.024724727345889614	bn:00011850n 1.4113565097339358e-05
d002.s021.t012_d002.s021.t012	bn:00079583n 0.9999000199960009	bn:00079581n 9.998000399920017e-05
d002.s022.t003_d002.s022.t003	bn:00025928n 0.9999000199960009	bn:00030486n 9.998000399920017e-05
d002.s022.t007_d002.s022.t007	bn:00036821n 0.39286541202840886	bn:00036826n 0.267785354428283	bn:00061560n 0.13969286544849618	bn:00001736n 0.10652477299239689	bn:00036823n 0.09309231248947349	bn:00064915n 3.9282612941546735e-05
d002.s022.t010_d002.s022.t010	bn:00062297n 0.6299935108755998	bn:00008127n 0.22004860032755266	bn:00060765n 0.14989489574506512	bn:00072273n 6.299305178238175e-05
d002.s023.t003_d002.s023.t003	bn:00059128n 0.35135406314759354	bn:00053826n 0.3475189349119764	bn:00059130n 0.2208195099506668	bn:00054973n 0.08027236009663774	bn:00059129n 3.5131893125446815e-05
d002.s024.t007_d002.s024.t007	bn:00075652n 0.7494472316151652	bn:00002823n 0.2504778311553962	bn:00075653n 7.493722943857266e-05
d002.s024.t025_d002.s024.t025	bn:00075652n 0.7780735178579098	bn:00002823n 0.22184868257026163	bn:00075653n 7.779957182860812e-05
d002.s025.t009_d002.s025.t009	bn:00016049n 0.9999000199960009	bn:00022129n 9.998000399920017e-05
d002.s026.t010_d002.s026.t010	bn:00036821n 0.38500055903737657	bn:00036826n 0.2985066318986279	bn:00061560n 0.133050751391962	bn:00001736n 0.11217651243471097	bn:00036823n 0.07122704903103941	bn:00064915n 3.849620628310935e-05
d002.s026.t013_d002.s026.t013	bn:00062297n 0.6870112703011765	bn:00008127n 0.18315348630109426	bn:00072273n 0.129766549140125	bn:00060765n 6.869425760435721e-05
d002.s027.t007_d002.s027.t007	bn:00079373n 1.0
d002.s028.t010_d002.s028.t010	bn:00053826n 0.41402866601992455	bn:00059128n 0.3532645235528102	bn:00059130n 0.22072282736325113	bn:00054973n 0.011942584337284687	bn:00059129n 4.139872672931952e-05
d002.s028.t016_d002.s028.t016	bn:00071710n 1.0
d002.s028.t021_d002.s028.t022	bn:00022956n 0.3639630651686919	bn:00022961n 0.3246414099075894	bn:00023040n 0.3113591322564685	bn:00019189n 3.639266725014418e-05
d002.s028.t021_d002.s028.t021	bn:00036821n 0.4695099453326398	bn:00036826n 0.25038623455136305	bn:00036823n 0.10252344749522113	bn:00061560n 0.09583305208506891	bn:00001736n 0.08170037423580383	bn:00064915n 4.694629990327365e-05
d002.s030.t003_d002.s030.t003	bn:00036574n 0.9999000199960009	bn:00012042n 9.998000399920017e-05
d002.s031.t002_d002.s031.t002	bn:00022002n 0.31110557391820953	bn:00020953n 0.2522257674224485	bn:00014448n 0.17691199486662126	bn:00022581n 0.11046544849764947	bn:00022001n 0.10547131367148364	bn:00012635n 0.04378879417694038	bn:00022003n 3.110744664715624e-05
d002.s032.t004_d002.s032.t004	bn:00051510n 0.7129530903863732	bn:00051508n 0.23547647084898848	bn:00047733n 0.05149915058441761	bn:00023140n 7.128818022061526e-05
d002.s032.t007_d002.s032.t007	bn:00079583n 0.9999000199960009	bn:00079581n 9.998000399920017e-05
d002.s034.t004_d002.s034.t004	bn:00032395n 0.16996340891255676	bn:00079416n 0.12984187969162814	bn:00023151n 0.12121672042371509	bn:00077565n 0.11461321782264253	bn:00032393n 0.10352573680356612	bn:00032396n 0.09503101979593148	bn:00006386n 0.09454168319535308	bn:00032394n 0.08693374297929089	bn:00032392n 0.08431559573388897	bn:00030486n 1.6994641427112966e-05
d002.s034.t007_d002.s034.t007	bn:00079508n 0.15970748403472504	bn:00017368n 0.15711408652942724	bn:00029680n 0.12317288502237966	bn:00079509n 0.1074883544081303	bn:00079511n 0.0952396524142157	bn:00058151n 0.07800009393439795	bn:00031333n 0.07240671198167992	bn:00012839n 0.052396666151998124	bn:00012840n 0.03918625734788422	bn:00043384n 0.03907041393109907	bn:00007767n 0.032626246086714855	bn:00026476n 0.025811349176028654	bn:00079510n 0.017763829829831237	bn:00011850n 1.5969151488323675e-05
d002.s034.t010_d002.s034.t010	bn:00079583n 0.9999000199960009	bn:00079581n 9.998000399920017e-05
d002.s035.t001_d002.s035.t001	bn:00020947n 1.0
d002.s035.t002_d002.s035.t002	bn:00056688n 1.0
d002.s037.t001_d002.s037.t001	bn:00020947n 1.0
d002.s037.t002_d002.s037.t002	bn:00049538n 0.9999000199960009	bn:00024266n 9.998000399920017e-05
d002.s038.t003_d002.s038.t003	bn:00020945n 0.45537854228177144	bn:00046956n 0.1912752530204457	bn:00029807n 0.13676110480338352	bn:00026980n 0.13542102575670031	bn:00027356n 0.08111854083680098	bn:00054988n 4.5533300898087336e-05
d002.s038.t006_d002.s038.t006	bn:00021475n 0.6318658088115833	bn:00005448n 0.23686622144474745	bn:00034423n 0.13120478948081443	bn:00005449n 6.318026285487285e-05
d002.s040.t001_d002.s040.t001	bn:00020947n 1.0
d002.s040.t002_d002.s040.t002	bn:00029536n 0.6103398577963937	bn:00036962n 0.38959911432061506	bn:00036957n 6.102788299134024e-05
d002.s041.t003_d002.s041.t003	bn:00020945n 0.4557127114393139	bn:00029807n 0.24733731263908285	bn:00046956n 0.18802761896382403	bn:00026980n 0.07007274706242228	bn:00054988n 0.03880404318088432	bn:00027356n 4.556671447248415e-05
d002.s041.t011_d002.s041.t011	bn:00061560n 0.9999000199960009	bn:00070689n 9.998000399920017e-05
d002.s042.t003_d002.s042.t005	bn:00028018n 1.0
d002.s042.t003_d002.s042.t003	bn:00021475n 0.5812110069437958	bn:00005448n 0.23860310229790235	bn:00034423n 0.1801277754691364	bn:00005449n 5.811528916546304e-05
d002.s042.t005_d002.s042.t005	bn:00076732n 0.560410245779701	bn:00053870n 0.43953371879926323	bn:00069638n 5.603542103586651e-05
d002.s042.t011_d002.s042.t013	bn:00076736n 1.0
d002.s042.t013_d002.s042.t013	bn:00053870n 0.5660881917769983	bn:00076732n 0.4338552050641398	bn:00069638n 5.660315886181365e-05
d002.s043.t001_d002.s043.t001	bn:00020947n 1.0
d002.s043.t002_d002.s043.t002	bn:00068673n 0.5144089891386563	bn:00068672n 0.4855395751060053	bn:00006846n 5.14357553383318e-05
d002.s044.t010_d002.s044.t010	bn:00021475n 0.5711638915007137	bn:00005448n 0.2622720191943967	bn:00034423n 0.16650697862680722	bn:00005449n 5.711067808226315e-05
d002.s044.t011_d002.s044.t011	bn:00045087n 1.0
d002.s045.t001_d002.s045.t001	bn:00020947n 1.0
d002.s045.t002_d002.s045.t002	bn:00065472n 1.0
d002.s046.t003_d002.s046.t003	bn:00013235n 0.13089169470512554	bn:00076429n 0.12152775987614897	bn:00069568n 0.10805503581779156	bn:00064647n 0.10496897635387795	bn:00062759n 0.09717622258471188	bn:00062899n 0.09254610151824842	bn:00062942n 0.08833984135369528	bn:00021492n 0.0864890536820474	bn:00021497n 0.08509634779066713	bn:00023295n 0.08489587845700139	bn:00062760n 1.308786068444411e-05
d002.s047.t017_d002.s047.t017	bn:00035022n 0.9999000199960009	bn:00019101n 9.998000399920017e-05
d002.s047.t024_d002.s047.t024	bn:00035022n 0.9999000199960009	bn:00019101n 9.998000399920017e-05
d002.s047.t025_d002.s047.t025	bn:00001274n 1.0
d002.s047.t033_d002.s047.t033	bn:00036821n 0.34125118452067693	bn:00036826n 0.2869858257696464	bn:00001736n 0.1403486226690161	bn:00036823n 0.1175207216908482	bn:00061560n 0.11385952364353089	bn:00064915n 3.412170628143955e-05
d002.s048.t006_d002.s048.t006	bn:00017904n 0.29256055029840944	bn:00062279n 0.28565459532950294	bn:00009473n 0.1512008401250893	bn:00036107n 0.08480147521479588	bn:00060202n 0.07548383625970212	bn:00063707n 0.05789040625515835	bn:00060201n 0.05237904338762505	bn:00014537n 2.925312971686926e-05
d002.s048.t008_d002.s048.t008	bn:00053870n 0.660942976119138	bn:00076732n 0.33899093619201903	bn:00069638n 6.60876888430295e-05
d002.s048.t010_d002.s048.t010	bn:00000663n 0.09687094720036558	bn:00028248n 0.08602832532808706	bn:00031062n 0.08196375878283081	bn:00000661n 0.0804201208099873	bn:00036184n 0.07854778111997512	bn:00046848n 0.07492750673874787	bn:00001462n 0.0717156398732067	bn:00026376n 0.07111173539527127	bn:00004493n 0.06837197400825544	bn:00077174n 0.06527136567370571	bn:00001460n 0.06427741083403536	bn:00047730n 0.0639139899206373	bn:00031053n 0.06138540925682865	bn:00025643n 0.035184348931958556	bn:00031044n 9.686126107425816e-06
d002.s048.t016_d002.s048.t016	bn:00036821n 0.284136171898264	bn:00036826n 0.20202832091584158	bn:00036823n 0.20121217990399493	bn:00001736n 0.1907441767619471	bn:00061560n 0.12185073974384009	bn:00064915n 2.8410776112215182e-05
d002.s049.t005_d002.s049.t005	bn:00036821n 0.4622416847880838	bn:00036826n 0.2690882009596124	bn:00001736n 0.10600734008720197	bn:00061560n 0.09053161159680387	bn:00036823n 0.0720849430217738	bn:00064915n 4.621954652415597e-05
d002.s050.t005_d002.s050.t005	bn:00036821n 0.2789784649662704	bn:00036826n 0.2481376422170285	bn:00001736n 0.16828469181097566	bn:00036823n 0.15709822398685266	bn:00061560n 0.14747308196188186	bn:00064915n 2.7895056990927947e-05
d002.s050.t009_d002.s050.t009	bn:00014305n 0.36760261424381774	bn:00014306n 0.2959144484209974	bn:00014308n 0.26587470735774604	bn:00014310n 0.07057147339167275	bn:00014311n 3.67565857658052e-05
d002.s051.t005_d002.s051.t005	bn:00017904n 0.9999000199960009	bn:00041412n 9.998000399920017e-05
d002.s052.t006_d002.s052.t006	bn:00014305n 0.3876591240311425	bn:00014306n 0.3061026831975627	bn:00014308n 0.23408310272445262	bn:00014310n 0.07211632801064266	bn:00014311n 3.87620361994943e-05
d002.s052.t007_d002.s052.t007	bn:00001274n 1.0
d002.s052.t013_d002.s052.t013	bn:00055445n 0.46687929485835267	bn:00001965n 0.21359406570516043	bn:00055439n 0.18532683912887518	bn:00055441n 0.13415311704645186	bn:00033729n 4.66832611597193e-05
d002.s053.t004_d002.s053.t004	bn:00018869n 0.21807293618850554	bn:00029280n 0.21278254059304277	bn:00020731n 0.21210974243089745	bn:00020726n 0.2062036478203263	bn:00020728n 0.1349990230917805	bn:00020730n 0.01581030476233999	bn:00020777n 2.1805113107539802e-05
d002.s053.t007_d002.s053.t007	bn:00017904n 0.9999000199960009	bn:00041412n 9.998000399920017e-05
d003.s001.t002_d003.s001.t002	bn:00061947n 0.45345269054834064	bn:00059480n 0.22734630625967378	bn:00036064n 0.22060955025581888	bn:00008782n 0.09854611220118534	bn:00023654n 4.5340734981335934e-05
d003.s001.t011_d003.s001.t011	bn:00022333n 0.349534063369764	bn:00021723n 0.17085755875828243	bn:00050488n 0.16643146431725658	bn:00021724n 0.14457338446084106	bn:00021722n 0.14389427289948223	bn:00021721n 0.024674306283027726	bn:00051909n 3.4949911345841823e-05
d003.s002.t022_d003.s002.t022	bn:00068130n 0.3733214232323306	bn:00017749n 0.23831569253428997	bn:00036823n 0.23421975906108325	bn:00060464n 0.06894735135161509	bn:00060465n 0.06755692208894784	bn:00001180n 0.017601523322250887	bn:00062308n 3.732840948228483e-05
d003.s002.t026_d003.s002.t026	bn:00001973n 0.297382422543288	bn:00001975n 0.14944653131227	bn:00059139n 0.14933791140994065	bn:00001976n 0.1345816239049163	bn:00058698n 0.11677401435539818	bn:00001977n 0.08909948444248421	bn:00001974n 0.06334827676297507	bn:00001972n 2.9735268727456055e-05
d003.s002.t032_d003.s002.t032	bn:00001961n 0.3201014198976998	bn:00007293n 0.16861644548204008	bn:00007299n 0.1498662917217153	bn:00028191n 0.13526090745789704	bn:00007300n 0.098790060250646	bn:00007301n 0.087405116349906	bn:00050371n 0.02592327617503307	bn:00006565n 0.01400447572376686	bn:00007302n 3.200694129564042e-05
d003.s002.t044_d003.s002.t044	bn:00054991n 1.0
d003.s002.t050_d003.s002.t050	bn:00079373n 1.0
d003.s003.t005_d003.s003.t005	bn:00021585n 0.24446489863669976	bn:00019920n 0.1843233728439395	bn:00021584n 0.14013066870566984	bn:00021592n 0.13445976624529762	bn:00019944n 0.11023316555578377	bn:00021588n 0.10424297192572564	bn:00021586n 0.08212071204142482	bn:00019919n 2.4444045459124067e-05
d003.s003.t019_d003.s003.t019	bn:00079373n 1.0
d003.s003.t025_d003.s003.t025	bn:00070651n 0.1525255077117427	bn:00070652n 0.14125579541905947	bn:00070659n 0.12402814029783213	bn:00044916n 0.12321128505071424	bn:00070653n 0.10586058816303012	bn:00032645n 0.09145620454194488	bn:00046921n 0.08419761550684222	bn:00027898n 0.07581860175477134	bn:00070647n 0.034869312572169346	bn:00015106n 0.03429509230220545	bn:00070655n 0.03246660565401955	bn:00019956n 1.5251025668607409e-05
d003.s003.t032_d003.s003.t032	bn:00060837n 0.12471070797441926	bn:00010727n 0.11935624655593112	bn:00017749n 0.10885200991550888	bn:00070190n 0.1012019967561427	bn:00027912n 0.09965987849780554	bn:00060764n 0.09601135131394159	bn:00060770n 0.09509688922015996	bn:00036823n 0.09457844252675097	bn:00070193n 0.0831103675204315	bn:00021395n 0.05872975987038122	bn:00060767n 0.014591126367908332	bn:00062812n 0.004088753656804246	bn:00060765n 1.246982381506042e-05
d003.s004.t007_d003.s004.t007	bn:00027862n 1.0
d003.s004.t013_d003.s004.t013	bn:00070651n 0.173967673417436	bn:00070652n 0.12582175430053005	bn:00044916n 0.11817463676794655	bn:00032645n 0.10909670486713458	bn:00070659n 0.10797867331675794	bn:00046921n 0.10022551797016807	bn:00070653n 0.09349623850929153	bn:00027898n 0.08906089945391138	bn:00070647n 0.05919843623309797	bn:00019956n 0.0124690184046686	bn:00015106n 0.010493051731218374	bn:00070655n 1.7395027838959703e-05
d003.s005.t002_d003.s005.t002	bn:00061947n 0.538741265005319	bn:00059480n 0.2360992753365416	bn:00036064n 0.14711774986798956	bn:00008782n 0.07798784105052312	bn:00023654n 5.386873962656926e-05
d003.s005.t007_d003.s005.t007	bn:00021019n 0.27652902118174977	bn:00021015n 0.25136485954252413	bn:00021017n 0.2452507830453876	bn:00021016n 0.2268276860932339	bn:00021020n 2.7650137104464532e-05
d003.s005.t011_d003.s005.t011	bn:00055180n 0.9868465187545694	bn:00055178n 0.013054806461033628	bn:00036823n 9.867478439701724e-05
d003.s005.t018_d003.s005.t019	bn:00023251n 1.0
d003.s005.t024_d003.s005.t024	bn:00022333n 0.3162006932718011	bn:00021723n 0.18188027452838332	bn:00021722n 0.1767127135484676	bn:00050488n 0.14466410112901432	bn:00021724n 0.13765555949548916	bn:00021721n 0.0428550411192081	bn:00051909n 3.1616907636416475e-05
d003.s005.t028_d003.s005.t028	bn:00056025n 0.26156249236080614	bn:00007985n 0.16105367642833132	bn:00022154n 0.1295830040897745	bn:00043267n 0.12823799425620483	bn:00022157n 0.11253522914932321	bn:00008793n 0.0848850945493103	bn:00045803n 0.05501498516660341	bn:00074900n 0.05088722124125088	bn:00067703n 0.01621414912452257	bn:00047690n 2.6153633872693346e-05
d003.s005.t030_d003.s005.t031	bn:00053403n 1.0
d003.s005.t030_d003.s005.t030	bn:00053403n 0.9999000199960009	bn:00030015n 9.998000399920017e-05
d003.s005.t038_d003.s005.t038	bn:00070671n 0.7635114516215677	bn:00003336n 0.23641220486762118	bn:00020920n 7.634351081107567e-05
d003.s006.t002_d003.s006.t002	bn:00061947n 0.4198076425169728	bn:00059480n 0.23579619651905945	bn:00036064n 0.21974150736924242	bn:00008782n 0.12461267702813016	bn:00023654n 4.197656659503778e-05
d003.s006.t012_d003.s006.t012	bn:00074786n 0.1857346130592794	bn:00067181n 0.1543236080424062	bn:00074790n 0.15269725028233586	bn:00074791n 0.09642600327247372	bn:00007985n 0.0958545985249323	bn:00030952n 0.09037460976703034	bn:00074793n 0.08087176043486394	bn:00071923n 0.06780105390544072	bn:00009519n 0.05963034974023417	bn:00074795n 0.016267581366858144	bn:00031755n 1.857160414551339e-05
d003.s006.t023_d003.s006.t023	bn:00022269n 0.4866235446184372	bn:00030844n 0.2864932207850706	bn:00047081n 0.22683457710777913	bn:00031333n 4.8657488712972426e-05
d003.s006.t028_d003.s006.t028	bn:00030616n 0.24050894890330426	bn:00081568n 0.22108973790736042	bn:00030625n 0.14034052970962238	bn:00081580n 0.0892784753944032	bn:00048240n 0.07376708998851973	bn:00014138n 0.07025457919082001	bn:00049570n 0.06692791501063411	bn:00049571n 0.055476452903841275	bn:00062309n 0.019852660983865747	bn:00018756n 0.01568852610570801	bn:00081570n 0.006791035411879604	bn:00081569n 2.4048490041326295e-05
d003.s007.t002_d003.s007.t002	bn:00074786n 0.1871725582472334	bn:00074790n 0.16131509776939418	bn:00067181n 0.15775672335242025	bn:00074791n 0.09513783984532047	bn:00007985n 0.09295550005853001	bn:00074793n 0.08466927356546707	bn:00030952n 0.07984961721088848	bn:00071923n 0.0698787632669243	bn:00009519n 0.0549936760999467	bn:00074795n 0.016252235199588762	bn:00031755n 1.871538428629471e-05
d003.s007.t024_d003.s007.t024	bn:00059480n 0.4320025422999044	bn:00001423n 0.3500614326332384	bn:00059482n 0.2178928291322205	bn:00005863n 4.319593463652679e-05
d003.s007.t028_d003.s007.t028	bn:00023236n 0.44402247983296983	bn:00023235n 0.22562088302099245	bn:00064914n 0.14453653360410917	bn:00027810n 0.10543551964932725	bn:00056913n 0.06359357493258797	bn:00023237n 0.01674661115181083	bn:00044488n 4.439780820247673e-05
d003.s008.t002_d003.s008.t002	bn:00046576n 0.9999000199960009	bn:00046575n 9.998000399920017e-05
d003.s008.t004_d003.s008.t004	bn:00054550n 0.5961575750324916	bn:00002936n 0.3845245579672352	bn:00043479n 0.019258257203749667	bn:00012790n 5.96097965235968e-05
d003.s008.t013_d003.s008.t013	bn:00007020n 0.3924274012541566	bn:00030952n 0.19319530944356542	bn:00079992n 0.18223245390301793	bn:00002157n 0.1622225004694575	bn:00021988n 0.06988309611355871	bn:00007028n 3.923881624379128e-05
d003.s008.t016_d003.s008.t016	bn:00046143n 1.0
d003.s009.t006_d003.s009.t006	bn:00022333n 0.25431987641030707	bn:00021723n 0.24276848805588488	bn:00021722n 0.23522622073716926	bn:00021724n 0.1398775885668417	bn:00021721n 0.09709652342385375	bn:00050488n 0.030685873361246858	bn:00051909n 2.5429444696561052e-05
d003.s009.t008_d003.s009.t008	bn:00053403n 0.9999000199960009	bn:00030015n 9.998000399920017e-05
d003.s009.t012_d003.s009.t012	bn:00050522n 0.8023245766167119	bn:00050521n 0.19759519894807007	bn:00050523n 8.022443521814937e-05
d003.s009.t014_d003.s009.t014	bn:00067810n 0.7803069017646345	bn:00067808n 0.21961507534747798	bn:00067811n 7.802288788767468e-05
d003.s009.t019_d003.s009.t019	bn:00053116n 0.20723350289014167	bn:00011651n 0.14199027276533674	bn:00027355n 0.1364263412463209	bn:00027357n 0.12783354240443243	bn:00001307n 0.09872129543323004	bn:00059482n 0.08702476207233492	bn:00001303n 0.06593640129371363	bn:00023288n 0.06209166125207898	bn:00074150n 0.03926126950453765	bn:00001302n 0.022628425784558377	bn:00027352n 0.005889419984141948	bn:00000355n 0.004942384091011543	bn:00027353n 2.0721278161198048e-05
d003.s009.t031_d003.s009.t031	bn:00021019n 0.34693651735862513	bn:00021016n 0.26086229547364476	bn:00021015n 0.25568271469945525	bn:00021017n 0.13648378228555708	bn:00021020n 3.4690182717590754e-05
d003.s009.t036_d003.s009.t036	bn:00011638n 0.49781693779379405	bn:00021015n 0.47689567131036975	bn:00021019n 0.02523761417972826	bn:00019284n 4.977671610776863e-05
d003.s009.t043_d003.s009.t043	bn:00026427n 0.9999000199960009	bn:00026428n 9.998000399920017e-05
d003.s009.t045_d003.s009.t045	bn:00060708n 0.9999000199960009	bn:00060707n 9.998000399920017e-05
d003.s009.t052_d003.s009.t052	bn:00079435n 1.0
d003.s009.t054_d003.s009.t054	bn:00060708n 0.9999000199960009	bn:00060707n 9.998000399920017e-05
d003.s009.t059_d003.s009.t059	bn:00021015n 0.46205326271104996	bn:00011638n 0.42131490113494646	bn:00019284n 0.11658563544780298	bn:00021019n 4.620070620048495e-05
d003.s010.t003_d003.s010.t003	bn:00067181n 0.7303215282339439	bn:00000745n 0.15097363426207616	bn:00000739n 0.11863181265364149	bn:00006473n 7.302485033836057e-05
d003.s010.t011_d003.s010.t011	bn:00031009n 0.9999000199960009	bn:00064710n 9.998000399920017e-05
d003.s010.t015_d003.s010.t015	bn:00063991n 0.42894477908195333	bn:00028736n 0.385368104996964	bn:00061054n 0.18564422573219322	bn:00063989n 4.28901888893064e-05
d003.s010.t017_d003.s010.t017	bn:00063351n 0.3549544046042039	bn:00063330n 0.3539791512329208	bn:00041192n 0.2288930719545156	bn:00063356n 0.03447359836485125	bn:00063329n 0.02766428195223701	bn:00046997n 3.549189127129326e-05
d003.s010.t022_d003.s010.t022	bn:00030626n 0.9999000199960009	bn:00012127n 9.998000399920017e-05
d003.s010.t025_d003.s010.t025	bn:00041853n 0.20702540479154194	bn:00029807n 0.20191355267566274	bn:00012993n 0.1792837431940617	bn:00035942n 0.10940589627585229	bn:00059480n 0.10876283811430582	bn:00009077n 0.09668772094895269	bn:00035941n 0.05884604295307987	bn:00005869n 0.038054100576110944	bn:00035943n 2.0700470432110986e-05
d003.s010.t036_d003.s010.t036	bn:00030615n 0.1356773995505169	bn:00051760n 0.13228021602290915	bn:00062699n 0.10711804841742695	bn:00010073n 0.10333754602405709	bn:00051754n 0.09776235949466681	bn:00063703n 0.08338414371962477	bn:00051758n 0.0803298653098922	bn:00062709n 0.08021616683180699	bn:00051803n 0.07378856770769764	bn:00062701n 0.05439468771870771	bn:00063704n 0.0516974328193771	bn:00062704n 1.3566383316720018e-05
d003.s010.t038_d003.s010.t038	bn:00030616n 0.2630173228752	bn:00081568n 0.18048553833405806	bn:00030625n 0.1220837864616206	bn:00049570n 0.09244267368942485	bn:00014138n 0.07555598224168326	bn:00081580n 0.06529166355685781	bn:00049571n 0.05063174582979473	bn:00048240n 0.0504427461007097	bn:00018756n 0.039106727313607544	bn:00081570n 0.03522513319750498	bn:00081569n 0.02569038129716113	bn:00062309n 2.6299102377282274e-05
d003.s011.t006_d003.s011.t006	bn:00031009n 0.9999000199960009	bn:00064710n 9.998000399920017e-05
d003.s011.t009_d003.s011.t009	bn:00023236n 0.3076318256428712	bn:00023235n 0.21243505694625484	bn:00064914n 0.1600117528437195	bn:00027810n 0.13649857282396988	bn:00056913n 0.1170709941147274	bn:00023237n 0.06632103752190353	bn:00044488n 3.0760106553631766e-05
d003.s011.t014_d003.s011.t014	bn:00058445n 0.6996284460013857	bn:00002178n 0.1522022251922783	bn:00058442n 0.14116238920596327	bn:00074900n 0.006936983751357521	bn:00058443n 6.995584901523705e-05
d003.s011.t017_d003.s011.t017	bn:00074786n 0.18552960018812487	bn:00074790n 0.1784927978175315	bn:00067181n 0.15483149281824035	bn:00074791n 0.12636507895918145	bn:00007985n 0.10026996362354003	bn:00030952n 0.08381201726458982	bn:00071923n 0.07674786172559324	bn:00074793n 0.0615192172983622	bn:00074795n 0.017337192936732644	bn:00009519n 0.01507622626319553	bn:00031755n 1.8551104908321656e-05
d003.s012.t003_d003.s012.t003	bn:00074786n 0.1900719186345452	bn:00074790n 0.17989767127461123	bn:00067181n 0.14561496176887967	bn:00007985n 0.12102568248427871	bn:00074791n 0.10186007790895263	bn:00030952n 0.09524101794257729	bn:00074793n 0.06278102792065918	bn:00071923n 0.051785740797900964	bn:00009519n 0.03296536590211296	bn:00074795n 0.018737530074147885	bn:00031755n 1.900529133432109e-05
d003.s012.t010_d003.s012.t010	bn:00022168n 1.0
d003.s012.t013_d003.s012.t013	bn:00031009n 0.9999000199960009	bn:00064710n 9.998000399920017e-05
d003.s012.t019_d003.s012.t019	bn:00073805n 0.26624394286348724	bn:00009656n 0.1959303700680478	bn:00042118n 0.17545792785323797	bn:00023853n 0.15337068719122662	bn:00022334n 0.11586755838739057	bn:00042107n 0.09310289190449658	bn:00009654n 2.6621732113137412e-05
d003.s012.t025_d003.s012.t025	bn:00059480n 0.4508636054367353	bn:00001423n 0.29568982083037193	bn:00059482n 0.25340149188053424	bn:00005863n 4.5081852358437694e-05
d003.s013.t007_d003.s013.t007	bn:00047238n 1.0
d003.s013.t012_d003.s013.t012	bn:00035770n 0.32594979811651004	bn:00042833n 0.2775285821461816	bn:00061744n 0.2649727102194755	bn:00036054n 0.13151631779719328	bn:00073805n 3.2591720639587046e-05
d003.s014.t002_d003.s014.t002	bn:00074786n 0.20640699935773932	bn:00067181n 0.16865299747706083	bn:00074790n 0.15861125183887392	bn:00007985n 0.12328159694935358	bn:00030952n 0.09957510793278868	bn:00074791n 0.09111820916429501	bn:00074793n 0.050900389476181696	bn:00071923n 0.04512286403508887	bn:00009519n 0.04070602349637225	bn:00074795n 0.015603921636173544	bn:00031755n 2.0638636072166717e-05
d003.s015.t007_d003.s015.t007	bn:00064710n 0.9999000199960009	bn:00031009n 9.998000399920017e-05
d003.s015.t021_d003.s015.t021	bn:00022333n 0.3318550218637527	bn:00021723n 0.1916264536250493	bn:00050488n 0.16384612506696344	bn:00021722n 0.15510734651031635	bn:00021724n 0.12306043995337293	bn:00021721n 0.03447143079657721	bn:00051909n 3.318218396797848e-05
d003.s015.t027_d003.s015.t027	bn:00007406n 1.0
d003.s016.t002_d003.s016.t002	bn:00061947n 0.5224452058208359	bn:00059480n 0.20424028000882105	bn:00036064n 0.20270916802701233	bn:00008782n 0.07055310684667832	bn:00023654n 5.223929665241835e-05
d003.s016.t018_d003.s016.t018	bn:00030626n 0.9999000199960009	bn:00012127n 9.998000399920017e-05
d003.s016.t020_d003.s016.t020	bn:00041853n 0.23727317005846257	bn:00012993n 0.18741297566122433	bn:00029807n 0.1824873309016345	bn:00059480n 0.10963672783372898	bn:00035942n 0.10486223104054097	bn:00009077n 0.09924541420882232	bn:00035941n 0.05948075397645026	bn:00005869n 0.01957767137462476	bn:00035943n 2.372494451139512e-05
d003.s018.t003_d003.s018.t003	bn:00030615n 0.18089358689311635	bn:00063703n 0.13976284133570455	bn:00062701n 0.11129553986104994	bn:00062699n 0.10954635772631974	bn:00051803n 0.10859643402458209	bn:00062709n 0.08327423772370975	bn:00051754n 0.06335736921591925	bn:00051760n 0.061080795966615906	bn:00010073n 0.04989876006156519	bn:00062704n 0.046991072896272815	bn:00063704n 0.04528491674521001	bn:00051758n 1.8087549934318205e-05
d003.s018.t011_d003.s018.t011	bn:00031009n 0.9999000199960009	bn:00064710n 9.998000399920017e-05
d003.s018.t026_d003.s018.t026	bn:00081593n 0.5510006730409075	bn:00047795n 0.3701952813242363	bn:00064681n 0.07874895107700787	bn:00030618n 5.509455784830592e-05
d003.s019.t002_d003.s019.t002	bn:00049573n 1.0
d003.s019.t009_d003.s019.t009	bn:00067457n 0.9999000199960009	bn:00061406n 9.998000399920017e-05
d003.s019.t031_d003.s019.t031	bn:00081593n 0.5410081145326745	bn:00047795n 0.360000325977018	bn:00030618n 0.09893746408839446	bn:00064681n 5.409540191307615e-05
d003.s020.t008_d003.s020.t008	bn:00037634n 0.5265009449956465	bn:00070772n 0.2862485573750289	bn:00037633n 0.12462872214086293	bn:00024039n 0.0625691306584452	bn:00070774n 5.2644830016562994e-05
d003.s020.t011_d003.s020.t011	bn:00065800n 0.8957165322458158	bn:00065801n 0.10419390505722922	bn:00012986n 8.95626969548861e-05
d003.s020.t017_d003.s020.t017	bn:00027538n 0.9999000199960009	bn:00070287n 9.998000399920017e-05
d003.s021.t012_d003.s021.t012	bn:00031009n 0.9999000199960009	bn:00064710n 9.998000399920017e-05
d003.s021.t019_d003.s021.t019	bn:00027538n 0.9999000199960009	bn:00070287n 9.998000399920017e-05
d003.s021.t030_d003.s021.t030	bn:00014160n 1.0
d003.s022.t002_d003.s022.t002	bn:00003341n 1.0
d003.s022.t008_d003.s022.t008	bn:00049573n 1.0
d004.s001.t006_d004.s001.t006	bn:00063584n 0.9999000199960009	bn:00007096n 9.998000399920017e-05
d004.s002.t004_d004.s002.t004	bn:00028015n 0.29861810720435844	bn:00028016n 0.2928083914181929	bn:00028017n 0.2433165243904778	bn:00028018n 0.16522711816213287	bn:00032223n 2.9858824837952048e-05
d004.s002.t008_d004.s002.t008	bn:00067181n 0.6360024912395055	bn:00000739n 0.20532047517118826	bn:00000745n 0.1586134396995714	bn:00006473n 6.359388973497705e-05
d004.s002.t021_d004.s002.t021	bn:00021015n 0.5833906529740599	bn:00011638n 0.3686698349415614	bn:00019284n 0.04788117885240455	bn:00021019n 5.833323197420858e-05
d004.s002.t023_d004.s002.t023	bn:00054128n 0.40472201488821147	bn:00061887n 0.34315840438253187	bn:00028872n 0.25207911257458326	bn:00024461n 4.046815467335381e-05
d004.s002.t026_d004.s002.t026	bn:00079883n 1.0
d004.s002.t034_d004.s002.t034	bn:00074786n 0.20961636692470692	bn:00067181n 0.18319186072886165	bn:00074790n 0.1558089299165282	bn:00007985n 0.14105482986277273	bn:00030952n 0.12106052518044631	bn:00074791n 0.08083799185427049	bn:00071923n 0.053583539080861456	bn:00074793n 0.03378286611524425	bn:00074795n 0.014243048562779123	bn:00009519n 0.006799082232790434	bn:00031755n 2.0959540738396853e-05
d004.s002.t048_d004.s002.t048	bn:00054128n 0.43791316363534405	bn:00061887n 0.3089675695726388	bn:00028872n 0.25307547985434725	bn:00024461n 4.378693766976743e-05
d004.s004.t016_d004.s004.t016	bn:00072760n 0.6088675291129795	bn:00004452n 0.39107159022217564	bn:00034919n 6.088066484481347e-05
d004.s005.t005_d004.s005.t005	bn:00020726n 0.23696752533312665	bn:00018869n 0.21938935935592233	bn:00029280n 0.20259155225999909	bn:00020731n 0.19314987046630686	bn:00020728n 0.09692037478673715	bn:00020777n 0.05095762341481323	bn:00020730n 2.3694383095003166e-05
d004.s005.t006_d004.s005.t006	bn:00059251n 0.7368371708421468	bn:00059252n 0.2630891528084039	bn:00059249n 7.367634944926975e-05
d004.s005.t011_d004.s005.t011	bn:00017683n 0.9999000199960009	bn:00032282n 9.998000399920017e-05
d004.s005.t022_d004.s005.t022	bn:00042601n 0.9999000199960009	bn:00017123n 9.998000399920017e-05
d004.s006.t002_d004.s006.t002	bn:00052222n 1.0
d004.s006.t007_d004.s006.t007	bn:00051872n 1.0
d004.s006.t014_d004.s006.t014	bn:00003057n 0.3207916736013104	bn:00015499n 0.20488739969543998	bn:00050802n 0.13704637558402083	bn:00042761n 0.13334782229833617	bn:00014835n 0.12446221487157555	bn:00010406n 0.07943243798955292	bn:00046936n 3.2075959764154626e-05
d004.s008.t004_d004.s008.t004	bn:00004656n 1.0
d004.s008.t008_d004.s008.t008	bn:00027565n 0.48221771370036015	bn:00030543n 0.32247905207909583	bn:00008567n 0.19525501727086883	bn:00013851n 4.821694967506851e-05
d004.s009.t004_d004.s009.t004	bn:00015267n 0.9999000199960009	bn:00013851n 9.998000399920017e-05
d004.s009.t010_d004.s009.t010	bn:00027565n 0.46217543095428903	bn:00030543n 0.37851921289762186	bn:00008567n 0.15925914322628576	bn:00013851n 4.6212921803248584e-05
d004.s009.t019_d004.s009.t019	bn:00054128n 0.9999000199960009	bn:00028872n 9.998000399920017e-05
d004.s009.t023_d004.s009.t023	bn:00076843n 0.7662540314608633	bn:00047235n 0.23366935079776463	bn:00042823n 7.661774137194914e-05
d004.s009.t025_d004.s009.t025	bn:00015180n 0.84069706711215	bn:00015183n 0.15921887158726886	bn:00015182n 8.40613005811569e-05
d004.s009.t032_d004.s009.t032	bn:00027565n 0.5139409881059219	bn:00030543n 0.39960154612192966	bn:00008567n 0.08640607681223385	bn:00013851n 5.138895991460073e-05
d004.s010.t009_d004.s010.t009	bn:00076843n 0.6738576850498457	bn:00047235n 0.3260749359195524	bn:00042823n 6.737903060192438e-05
d004.s010.t013_d004.s010.t013	bn:00033667n 0.39066431956804504	bn:00027011n 0.3686013061910394	bn:00027013n 0.11066391696151541	bn:00027014n 0.09066937524227925	bn:00002932n 0.029007255843150854	bn:00061493n 0.010354763668265727	bn:00027012n 3.9062525704234084e-05
d004.s010.t021_d004.s010.t021	bn:00076843n 0.7179657714172285	bn:00047235n 0.28196243918456965	bn:00042823n 7.178939820190266e-05
d004.s010.t023_d004.s010.t023	bn:00027565n 0.44647324821679457	bn:00030543n 0.2949750948488996	bn:00008567n 0.25850701407377	bn:00013851n 4.46428605356259e-05
d004.s010.t026_d004.s010.t026	bn:00046787n 0.5383838018651086	bn:00074877n 0.4615623651380046	bn:00000903n 5.383299688682218e-05
d004.s010.t029_d004.s010.t029	bn:00046787n 0.549883408513149	bn:00074877n 0.45006160864428396	bn:00000903n 5.4982842567058193e-05
d004.s011.t003_d004.s011.t003	bn:00021961n 0.5599573212825378	bn:00029872n 0.43998668858434714	bn:00046065n 5.59901331149423e-05
d004.s011.t011_d004.s011.t011	bn:00054358n 0.1907755491762767	bn:00016665n 0.14756534822471642	bn:00077311n 0.12243958183103865	bn:00061898n 0.1092120860835799	bn:00061606n 0.09901042092848675	bn:00045520n 0.09173036569843597	bn:00029243n 0.0837625296951217	bn:00031261n 0.07910768246694642	bn:00070056n 0.03240263751939495	bn:00061605n 0.02653975978801047	bn:00040167n 0.01743496294063933	bn:00031353n 1.9075647352892384e-05
d004.s013.t004_d004.s013.t004	bn:00066515n 0.6705443834070941	bn:00065899n 0.2580686849139327	bn:00007828n 0.071319883945406	bn:00066495n 6.704773356735268e-05
d004.s013.t013_d004.s013.t013	bn:00075762n 0.34011265938439667	bn:00075759n 0.17245231929230184	bn:00075760n 0.160460932712898	bn:00069580n 0.14153003960717744	bn:00005863n 0.0981126119252293	bn:00075763n 0.08729742921284483	bn:00075761n 3.4007865151924474e-05
d004.s013.t013_d004.s013.t014	bn:00057341n 1.0
d004.s014.t004_d004.s014.t004	bn:00074786n 0.2584647595684149	bn:00067181n 0.20477391356064858	bn:00074790n 0.14869406989641884	bn:00030952n 0.13166169974917522	bn:00074791n 0.1214993229166512	bn:00074793n 0.05470732848974863	bn:00071923n 0.035711553329532804	bn:00009519n 0.01837350186812899	bn:00074795n 0.015283327635191928	bn:00007985n 0.010804679094521027	bn:00031755n 2.5843891567684727e-05
d004.s015.t008_d004.s015.t008	bn:00074786n 0.25917361237813347	bn:00074790n 0.1667382061323395	bn:00067181n 0.11824939422444411	bn:00030952n 0.11750071090621768	bn:00074791n 0.10077922129509621	bn:00007985n 0.06635711369482605	bn:00074793n 0.06141477614405467	bn:00071923n 0.05265065464263663	bn:00009519n 0.04106803944785537	bn:00074795n 0.01604235636463554	bn:00031755n 2.591476976083727e-05
d004.s015.t012_d004.s015.t012	bn:00015267n 0.9999000199960009	bn:00013851n 9.998000399920017e-05
d004.s015.t014_d004.s015.t014	bn:00049551n 1.0
d004.s015.t017_d004.s015.t017	bn:00015267n 0.9999000199960009	bn:00013851n 9.998000399920017e-05
d004.s015.t021_d004.s015.t021	bn:00079883n 1.0
d004.s015.t024_d004.s015.t024	bn:00023236n 0.3397451204409887	bn:00023235n 0.22959580237817526	bn:00064914n 0.16933750112619797	bn:00056913n 0.13410796543352554	bn:00027810n 0.12196903373617062	bn:00044488n 0.005210605770009296	bn:00023237n 3.397111493260561e-05
d004.s016.t008_d004.s016.t008	bn:00074786n 0.20813971765160055	bn:00067181n 0.1638453559408496	bn:00074790n 0.14226945856591033	bn:00074791n 0.1352192484431357	bn:00030952n 0.10908592519144701	bn:00007985n 0.10806785237506984	bn:00074793n 0.053354719212605366	bn:00074795n 0.03590599274886331	bn:00071923n 0.023218631493627104	bn:00031755n 0.020872286486314885	bn:00009519n 2.0811890576102448e-05
d004.s017.t002_d004.s017.t002	bn:00021961n 0.9689827114448137	bn:00069750n 0.030920399972899974	bn:00004452n 9.688858228625276e-05
d004.s017.t005_d004.s017.t005	bn:00074786n 0.2494629101794951	bn:00074790n 0.16653813720824304	bn:00067181n 0.15536218862889847	bn:00030952n 0.12654838638735427	bn:00074791n 0.09543771157740973	bn:00007985n 0.07038548253232975	bn:00074793n 0.05667511600439314	bn:00071923n 0.056562876726685266	bn:00074795n 0.018311060143356848	bn:00009519n 0.004691186815196259	bn:00031755n 2.4943796638285685e-05
d004.s017.t014_d004.s017.t014	bn:00062717n 1.0
d004.s017.t019_d004.s017.t019	bn:00027565n 0.4680902461921408	bn:00030543n 0.3232949362807615	bn:00008567n 0.20856801318291296	bn:00013851n 4.68043441847956e-05
d004.s017.t026_d004.s017.t026	bn:00054128n 0.47921313752566747	bn:00061887n 0.30417178311771853	bn:00028872n 0.21656716283451366	bn:00024461n 4.7916522100356716e-05
d004.s017.t030_d004.s017.t030	bn:00015267n 0.9999000199960009	bn:00013851n 9.998000399920017e-05
d004.s017.t033_d004.s017.t033	bn:00062717n 1.0
d004.s017.t037_d004.s017.t037	bn:00076843n 0.6803090586319439	bn:00047235n 0.3196229172646033	bn:00042823n 6.802410345284911e-05
d004.s017.t041_d004.s017.t041	bn:00016012n 0.9999000199960009	bn:00008467n 9.998000399920017e-05
d004.s017.t043_d004.s017.t043	bn:00027565n 0.4801411112866835	bn:00030543n 0.3382379106991548	bn:00008567n 0.18157296870396392	bn:00013851n 4.8009310197648594e-05
d004.s018.t002_d004.s018.t002	bn:00076843n 0.6940498841860517	bn:00047235n 0.3058807177653346	bn:00042823n 6.93980486137438e-05
d004.s018.t005_d004.s018.t005	bn:00015267n 0.9999000199960009	bn:00013851n 9.998000399920017e-05
d004.s018.t007_d004.s018.t007	bn:00027565n 0.47878738488863465	bn:00030543n 0.34142468165295103	bn:00008567n 0.17974005950732044	bn:00013851n 4.7873951093754095e-05
d004.s018.t015_d004.s018.t015	bn:00004222n 0.9999000199960009	bn:00009390n 9.998000399920017e-05
d004.s018.t017_d004.s018.t017	bn:00027565n 0.49847236942565265	bn:00030543n 0.3504946307706714	bn:00008567n 0.15098315755095854	bn:00013851n 4.984225271729354e-05
d004.s019.t012_d004.s019.t012	bn:00054128n 0.4474875342953671	bn:00061887n 0.3302404127589242	bn:00028872n 0.22222730866670704	bn:00024461n 4.474427900163654e-05
d004.s019.t014_d004.s019.t014	bn:00004222n 0.9999000199960009	bn:00009390n 9.998000399920017e-05
d004.s020.t004_d004.s020.t004	bn:00027565n 0.4247207573443141	bn:00030543n 0.34929318208194543	bn:00008567n 0.22594359274478887	bn:00013851n 4.246782895153626e-05
d004.s020.t009_d004.s020.t009	bn:00006539n 0.3754800163070003	bn:00060823n 0.32026985771697225	bn:00020039n 0.17443287247306566	bn:00006544n 0.10242953898257372	bn:00011745n 0.02735017027318205	bn:00006542n 3.754424720597943e-05
d004.s020.t017_d004.s020.t017	bn:00076843n 0.6568039656807741	bn:00047235n 0.3431303604900407	bn:00042823n 6.567382918515891e-05
d004.s020.t018_d004.s020.t018	bn:00079883n 1.0
d004.s020.t026_d004.s020.t026	bn:00027565n 0.4449955534624399	bn:00030543n 0.33396552631329257	bn:00008567n 0.22099442511843173	bn:00013851n 4.4495105835660426e-05
d004.s021.t004_d004.s021.t004	bn:00076929n 1.0
d004.s022.t012_d004.s022.t012	bn:00028320n 0.8464364871901441	bn:00024430n 0.1534788776246554	bn:00000903n 8.463518520049436e-05
d004.s022.t016_d004.s022.t016	bn:00016401n 1.0
d004.s022.t018_d004.s022.t018	bn:00028320n 0.9031488995630342	bn:00000903n 0.09676079457759527	bn:00024430n 9.03058593703664e-05
d004.s022.t029_d004.s022.t029	bn:00016401n 1.0
d004.s022.t031_d004.s022.t031	bn:00071001n 0.7782112653847979	bn:00022191n 0.2217109212699981	bn:00022192n 7.781334520395941e-05
d004.s022.t035_d004.s022.t035	bn:00076843n 0.6730946413765033	bn:00047235n 0.32683805588963244	bn:00042823n 6.73027338642639e-05
d004.s023.t006_d004.s023.t006	bn:00046516n 0.5700294428349815	bn:00023661n 0.17318094707143739	bn:00061715n 0.137388588978486	bn:00045971n 0.11934402387053601	bn:00061714n 5.699724455904225e-05
d004.s023.t010_d004.s023.t010	bn:00054128n 0.43909382648765366	bn:00061887n 0.3028400663826996	bn:00028872n 0.25802220213749716	bn:00024461n 4.3904992149550415e-05
d004.s023.t014_d004.s023.t014	bn:00045161n 0.2825284575751968	bn:00077727n 0.22316284457319424	bn:00022119n 0.18204119406545297	bn:00022113n 0.1340911346622384	bn:00025569n 0.11661897703514859	bn:00022118n 0.04432011200407393	bn:00022115n 0.017209030063939652	bn:00022114n 2.825002075544414e-05
d004.s023.t017_d004.s023.t017	bn:00004222n 0.9999000199960009	bn:00009390n 9.998000399920017e-05
d004.s024.t005_d004.s024.t005	bn:00030747n 0.9999000199960009	bn:00025171n 9.998000399920017e-05
d004.s024.t009_d004.s024.t010	bn:00046516n 0.6117376709963644	bn:00044576n 0.38820116135330096	bn:00023661n 6.116765033460299e-05
