d001.s017.t017_d001.s017.t017	bn:00000902n 1.0	bn:00052223n 0.0	bn:14495032n 0.0	bn:00076169n 0.0	bn:00000903n 0.0
d001.s017.t017_d001.s017.t018	bn:00035585n 1.0
d003.s002.t026_d003.s002.t026	bn:00059139n 0.3099850955266872	bn:00001975n 0.222013992748367	bn:00001974n 0.17583937717039372	bn:00001976n 0.14668303849541503	bn:00001972n 0.14547849605913696	bn:03085128n 0.0	bn:03650351n 0.0	bn:00001973n 0.0	bn:00001977n 0.0	bn:03921170n 0.0	bn:00063324n 0.0	bn:03266663n 0.0	bn:00006158n 0.0	bn:21706499n 0.0	bn:00058698n 0.0	bn:03175745n 0.0
d001.s009.t028_d001.s009.t028	bn:00006236n 1.0
d004.s018.t015_d004.s018.t015	bn:00004222n 0.7248558835415031	bn:00011336n 0.2751441164584969	bn:02257562n 0.0	bn:00621489n 0.0	bn:08292162n 0.0	bn:16283771n 0.0	bn:01855007n 0.0	bn:00009390n 0.0	bn:03065991n 0.0	bn:15107271n 0.0	bn:03611431n 0.0	bn:03304543n 0.0	bn:18506247n 0.0	bn:03183477n 0.0	bn:17998593n 0.0	bn:01852296n 0.0	bn:01785935n 0.0
d004.s019.t014_d004.s019.t014	bn:00004222n 0.7408259818579122	bn:00011336n 0.25917401814208785	bn:02257562n 0.0	bn:00621489n 0.0	bn:08292162n 0.0	bn:16283771n 0.0	bn:01855007n 0.0	bn:00009390n 0.0	bn:03065991n 0.0	bn:15107271n 0.0	bn:03611431n 0.0	bn:03304543n 0.0	bn:18506247n 0.0	bn:03183477n 0.0	bn:17998593n 0.0	bn:01852296n 0.0	bn:01785935n 0.0
d004.s023.t017_d004.s023.t017	bn:00004222n 0.7323454097101385	bn:00011336n 0.2676545902898615	bn:02257562n 0.0	bn:00621489n 0.0	bn:08292162n 0.0	bn:16283771n 0.0	bn:01855007n 0.0	bn:00009390n 0.0	bn:03065991n 0.0	bn:15107271n 0.0	bn:03611431n 0.0	bn:03304543n 0.0	bn:18506247n 0.0	bn:03183477n 0.0	bn:17998593n 0.0	bn:01852296n 0.0	bn:01785935n 0.0
d001.s018.t015_d001.s018.t015	bn:00004656n 1.0
d004.s008.t004_d004.s008.t004	bn:00004656n 1.0
d001.s023.t039_d001.s023.t039	bn:00004691n 1.0
d002.s038.t006_d002.s038.t006	bn:00005448n 0.6486032841212765	bn:00021475n 0.35139671587872345	bn:00005449n 0.0	bn:00600448n 0.0	bn:00034423n 0.0	bn:00034422n 0.0	bn:00034424n 0.0	bn:01645625n 0.0	bn:00025320n 0.0	bn:17872399n 0.0
d002.s042.t003_d002.s042.t003	bn:00021475n 0.5962584607457284	bn:00005448n 0.40374153925427164	bn:00005449n 0.0	bn:00600448n 0.0	bn:00034423n 0.0	bn:00034422n 0.0	bn:00034424n 0.0	bn:01645625n 0.0	bn:00025320n 0.0	bn:17872399n 0.0
d002.s044.t010_d002.s044.t010	bn:00005448n 0.5735548535546596	bn:00021475n 0.4264451464453404	bn:00005449n 0.0	bn:00600448n 0.0	bn:00034423n 0.0	bn:00034422n 0.0	bn:00034424n 0.0	bn:01645625n 0.0	bn:00025320n 0.0	bn:17872399n 0.0
d004.s020.t009_d004.s020.t009	bn:00006539n 0.4291333640086471	bn:00020039n 0.21576032595432457	bn:00060823n 0.19961063717202546	bn:00006542n 0.15549567286500296	bn:08375384n 0.0	bn:03378582n 0.0	bn:02823915n 0.0	bn:00073910n 0.0	bn:16570400n 0.0	bn:03378609n 0.0	bn:00011745n 0.0	bn:00060821n 0.0	bn:16052626n 0.0	bn:00006541n 0.0	bn:00006540n 0.0	bn:00006544n 0.0
d003.s008.t013_d003.s008.t013	bn:00007020n 0.5004803054346146	bn:00007026n 0.18702343570394764	bn:00007028n 0.1618536064460928	bn:00002157n 0.15064265241534483	bn:00007021n 0.0	bn:00016015n 0.0	bn:00007023n 0.0	bn:00007022n 0.0	bn:00021988n 0.0	bn:00079992n 0.0	bn:00072718n 0.0	bn:00058165n 0.0	bn:00030952n 0.0
d003.s002.t032_d003.s002.t032	bn:00001961n 0.3426930755762106	bn:00007302n 0.14374103671265234	bn:00007299n 0.1399021496305964	bn:00028191n 0.13171377326815295	bn:00006565n 0.13011114872693705	bn:00050371n 0.11183881608545061	bn:00007293n 0.0	bn:02894812n 0.0	bn:00007301n 0.0	bn:00007300n 0.0	bn:16139329n 0.0	bn:14125003n 0.0
d002.s009.t017_d002.s009.t017	bn:00014694n 0.5726585965428395	bn:00014692n 0.24845871938175365	bn:00014689n 0.178882684075407	bn:02556931n 0.0	bn:00027031n 0.0	bn:00014693n 0.0	bn:00051542n 0.0	bn:00014688n 0.0	bn:00023140n 0.0
d001.s010.t086_d001.s010.t086	bn:00017027n 0.7517697232331104	bn:00017028n 0.24823027676688958	bn:00017030n 0.0	bn:00207133n 0.0	bn:00014536n 0.0	bn:00714590n 0.0
d001.s023.t020_d001.s023.t020	bn:00017027n 0.671705207253108	bn:00017028n 0.328294792746892	bn:00017030n 0.0	bn:00207133n 0.0	bn:00014536n 0.0	bn:00714590n 0.0
d001.s024.t043_d001.s024.t043	bn:00017027n 0.7448494640182788	bn:00017028n 0.2551505359817212	bn:00017030n 0.0	bn:00207133n 0.0	bn:00014536n 0.0	bn:00714590n 0.0
d001.s037.t014_d001.s037.t014	bn:00017027n 0.6944550475633947	bn:00017028n 0.3055449524366053
d001.s038.t011_d001.s038.t011	bn:00017027n 0.6324481970125319	bn:00017028n 0.36755180298746815
d001.s009.t016_d001.s009.t016	bn:00015180n 0.7736452729381217	bn:00015182n 0.2263547270618783	bn:08291284n 0.0	bn:00015184n 0.0	bn:00015183n 0.0	bn:17368456n 0.0
d001.s010.t013_d001.s010.t013	bn:00015180n 0.8404791956778466	bn:00015182n 0.15952080432215343	bn:08291284n 0.0	bn:00015184n 0.0	bn:00015183n 0.0	bn:17368456n 0.0
d001.s010.t067_d001.s010.t067	bn:00015180n 0.8404791956778466	bn:00015182n 0.15952080432215343	bn:08291284n 0.0	bn:00015184n 0.0	bn:00015183n 0.0	bn:17368456n 0.0
d001.s010.t071_d001.s010.t071	bn:00015180n 0.8404791956778466	bn:00015182n 0.15952080432215343	bn:08291284n 0.0	bn:00015184n 0.0	bn:00015183n 0.0	bn:17368456n 0.0
d001.s014.t019_d001.s014.t019	bn:00015180n 0.7084727049929928	bn:00015182n 0.29152729500700725	bn:08291284n 0.0	bn:00015184n 0.0	bn:00015183n 0.0	bn:17368456n 0.0
d001.s028.t006_d001.s028.t006	bn:00015180n 0.8411149072700759	bn:00015182n 0.15888509272992413	bn:08291284n 0.0	bn:00015184n 0.0	bn:00015183n 0.0	bn:17368456n 0.0
d001.s028.t027_d001.s028.t027	bn:00015180n 0.8411149072700759	bn:00015182n 0.15888509272992413	bn:08291284n 0.0	bn:00015184n 0.0	bn:00015183n 0.0	bn:17368456n 0.0
d001.s029.t012_d001.s029.t012	bn:00015180n 0.803904067379668	bn:00015182n 0.19609593262033198	bn:08291284n 0.0	bn:00015184n 0.0	bn:00015183n 0.0	bn:17368456n 0.0
d001.s029.t034_d001.s029.t034	bn:00015180n 0.803904067379668	bn:00015182n 0.19609593262033198	bn:08291284n 0.0	bn:00015184n 0.0	bn:00015183n 0.0	bn:17368456n 0.0
d001.s037.t009_d001.s037.t009	bn:00015180n 0.7806676185072009	bn:00015182n 0.2193323814927991	bn:08291284n 0.0	bn:00015184n 0.0	bn:00015183n 0.0	bn:17368456n 0.0
d001.s038.t006_d001.s038.t006	bn:00015180n 0.7993350723444715	bn:00015182n 0.20066492765552846	bn:08291284n 0.0	bn:00015184n 0.0	bn:00015183n 0.0	bn:17368456n 0.0
d004.s009.t025_d004.s009.t025	bn:00015180n 0.7653832924410877	bn:00015182n 0.23461670755891229	bn:08291284n 0.0	bn:00015184n 0.0	bn:00015183n 0.0	bn:17368456n 0.0
d001.s010.t071_d001.s010.t073	bn:00052343n 1.0
d001.s028.t006_d001.s028.t008	bn:00052343n 1.0
d001.s029.t034_d001.s029.t036	bn:00052343n 1.0
d001.s034.t007_d001.s034.t009	bn:00052343n 1.0
d002.s004.t004_d002.s004.t005	bn:02710162n 1.0
d002.s009.t006_d002.s009.t006	bn:00017609n 0.19713147019464927	bn:00010805n 0.08169506982049171	bn:00034269n 0.07841743004056147	bn:00023237n 0.07668821157920704	bn:00023291n 0.07406472968432407	bn:00034265n 0.07280866188218181	bn:00034274n 0.07242930086282497	bn:00034266n 0.07189881617007499	bn:00006752n 0.07162335835433936	bn:00034267n 0.06888763303666141	bn:00009183n 0.06874157361015357	bn:00007985n 0.06561374476453026	bn:11367259n 0.0	bn:03407694n 0.0	bn:00202905n 0.0	bn:11379718n 0.0	bn:00070207n 0.0	bn:00007786n 0.0	bn:08353291n 0.0	bn:11381173n 0.0	bn:11396673n 0.0	bn:11375627n 0.0	bn:00005516n 0.0	bn:03817336n 0.0	bn:11385866n 0.0	bn:11393418n 0.0	bn:04140792n 0.0	bn:00015036n 0.0	bn:03550998n 0.0	bn:11373689n 0.0	bn:14277715n 0.0	bn:00775533n 0.0	bn:03163042n 0.0	bn:15338798n 0.0	bn:15608567n 0.0	bn:11392123n 0.0	bn:01247226n 0.0	bn:03991885n 0.0	bn:03229395n 0.0	bn:11365169n 0.0	bn:00034268n 0.0	bn:00915509n 0.0	bn:03553045n 0.0	bn:00005533n 0.0	bn:00005514n 0.0	bn:11377871n 0.0	bn:00034275n 0.0	bn:21354888n 0.0	bn:00023248n 0.0	bn:17049294n 0.0	bn:00044763n 0.0	bn:03137422n 0.0	bn:04240241n 0.0	bn:11372001n 0.0	bn:03662301n 0.0	bn:00159752n 0.0	bn:04240932n 0.0
d002.s015.t006_d002.s015.t006	bn:00003057n 0.38700432826384795	bn:00017752n 0.2752438723483277	bn:00017747n 0.1878409482890438	bn:00027685n 0.1499108510987804	bn:03314082n 0.0	bn:02701125n 0.0	bn:00017753n 0.0	bn:00017750n 0.0	bn:00061736n 0.0	bn:16907601n 0.0	bn:01193496n 0.0	bn:08258898n 0.0	bn:00011347n 0.0	bn:00017748n 0.0
d001.s004.t017_d001.s004.t017	NO_MATCH 1.0
d001.s010.t029_d001.s010.t029	bn:00059129n 0.644664536324042	bn:00059121n 0.35533546367595803	bn:14516609n 0.0	bn:00075397n 0.0	bn:05668966n 0.0	bn:08349327n 0.0
d001.s010.t007_d001.s010.t007	bn:00577781n 1.0
d001.s011.t007_d001.s011.t007	bn:00577781n 1.0
d001.s018.t007_d001.s018.t007	bn:00577781n 1.0
d001.s018.t037_d001.s018.t037	bn:00577781n 1.0
d001.s027.t010_d001.s027.t010	bn:00577781n 1.0
d001.s027.t015_d001.s027.t015	bn:00577781n 1.0
d001.s029.t019_d001.s029.t019	bn:00577781n 1.0
d001.s033.t007_d001.s033.t007	bn:00577781n 1.0
d001.s033.t024_d001.s033.t024	bn:00577781n 1.0
d001.s023.t013_d001.s023.t013	bn:00024920n 1.0
d002.s053.t004_d002.s053.t004	bn:00020726n 0.3379701282969494	bn:00018869n 0.18771661825758848	bn:00020728n 0.1723553188827949	bn:00029280n 0.1614904664448362	bn:00020731n 0.14046746811783092	bn:01238540n 0.0	bn:00020777n 0.0	bn:15075729n 0.0	bn:00020768n 0.0	bn:15022748n 0.0	bn:00020730n 0.0	bn:01892011n 0.0	bn:20210222n 0.0	bn:00518807n 0.0	bn:08270758n 0.0
d004.s005.t005_d004.s005.t005	bn:00020726n 0.33438867063491035	bn:00029280n 0.2219637696734513	bn:00018869n 0.15906706555383848	bn:00020728n 0.1436699563527284	bn:00020731n 0.14091053778507145	bn:01238540n 0.0	bn:00020777n 0.0	bn:15075729n 0.0	bn:00020768n 0.0	bn:15022748n 0.0	bn:00020730n 0.0	bn:01892011n 0.0	bn:20210222n 0.0	bn:00518807n 0.0	bn:08270758n 0.0
d003.s005.t007_d003.s005.t007	bn:00021015n 0.2792757022824555	bn:00021016n 0.27651616387917366	bn:00021020n 0.16086618659627125	bn:00021017n 0.14191901623718123	bn:00021019n 0.1414229310049182	bn:06245657n 0.0	bn:14288547n 0.0	bn:00868415n 0.0	bn:00021018n 0.0	bn:13913503n 0.0	bn:03644947n 0.0	bn:00535832n 0.0	bn:03676537n 0.0	bn:03471676n 0.0	bn:02426958n 0.0	bn:00021021n 0.0
d003.s009.t031_d003.s009.t031	bn:00021016n 0.33585464701390344	bn:00021015n 0.24795768339873758	bn:00021020n 0.15338082945914117	bn:00021017n 0.1411546152014361	bn:00021019n 0.12165222492678164	bn:06245657n 0.0	bn:14288547n 0.0	bn:00868415n 0.0	bn:00021018n 0.0	bn:13913503n 0.0	bn:03644947n 0.0	bn:00535832n 0.0	bn:03676537n 0.0	bn:03471676n 0.0	bn:02426958n 0.0	bn:00021021n 0.0
d001.s002.t007_d001.s002.t007	bn:00021015n 0.5198857334909979	bn:00019284n 0.24300673113888122	bn:00011638n 0.23710753537012091	bn:14288547n 0.0	bn:17160634n 0.0	bn:00021019n 0.0	bn:00024462n 0.0
d003.s009.t036_d003.s009.t036	bn:00021015n 0.48416984638151617	bn:00011638n 0.2816776609968303	bn:00019284n 0.23415249262165366	bn:14288547n 0.0	bn:17160634n 0.0	bn:00021019n 0.0	bn:00024462n 0.0
d003.s009.t059_d003.s009.t059	bn:00021015n 0.48416984638151617	bn:00011638n 0.2816776609968303	bn:00019284n 0.23415249262165366	bn:14288547n 0.0	bn:17160634n 0.0	bn:00021019n 0.0	bn:00024462n 0.0
d004.s002.t021_d004.s002.t021	bn:00021015n 0.4912538818285305	bn:00011638n 0.26411471896237176	bn:00019284n 0.24463139920909774	bn:14288547n 0.0	bn:17160634n 0.0	bn:00021019n 0.0	bn:00024462n 0.0
d001.s034.t021_d001.s034.t021	bn:00021304n 1.0	bn:15892113n 0.0	bn:00021297n 0.0	bn:00063715n 0.0	bn:00021303n 0.0
d001.s037.t031_d001.s037.t031	bn:00021304n 1.0	bn:15892113n 0.0	bn:00021297n 0.0	bn:00063715n 0.0	bn:00021303n 0.0
d004.s006.t002_d004.s006.t002	bn:00052222n 1.0
d003.s003.t005_d003.s003.t005	bn:00021588n 0.625821584723995	bn:00021585n 0.37417841527600504	bn:00021584n 0.0	bn:00019944n 0.0	bn:00019966n 0.0	bn:00021586n 0.0	bn:00021587n 0.0	bn:00019918n 0.0	bn:00021589n 0.0	bn:00030719n 0.0	bn:00019919n 0.0	bn:15102581n 0.0	bn:00045936n 0.0	bn:00019920n 0.0	bn:00021592n 0.0
d003.s001.t011_d003.s001.t011	bn:00021722n 0.29585234343757705	bn:00022333n 0.23017582521201815	bn:00050488n 0.17726700628956027	bn:00021723n 0.15702343683530418	bn:00021721n 0.13968138822554046	bn:01763380n 0.0	bn:06201465n 0.0	bn:00021724n 0.0	bn:00050486n 0.0	bn:00051909n 0.0
d003.s005.t024_d003.s005.t024	bn:00021722n 0.2700002806545248	bn:00022333n 0.19667668979148173	bn:00050488n 0.19293667688555566	bn:00021721n 0.18649036640610717	bn:00021723n 0.15389598626233067	bn:01763380n 0.0	bn:06201465n 0.0	bn:00021724n 0.0	bn:00050486n 0.0	bn:00051909n 0.0
d003.s009.t006_d003.s009.t006	bn:00021722n 0.23247196157656663	bn:00021723n 0.23039550030346906	bn:00050488n 0.2093962163467572	bn:00022333n 0.17697980957182355	bn:00021721n 0.15075651220138367	bn:01763380n 0.0	bn:06201465n 0.0	bn:00021724n 0.0	bn:00050486n 0.0	bn:00051909n 0.0
d003.s015.t021_d003.s015.t021	bn:00021722n 0.3802353612020107	bn:00022333n 0.17793211121594374	bn:00050488n 0.1663652677894688	bn:00021723n 0.13944769098986592	bn:00021721n 0.13601956880271093	bn:01763380n 0.0	bn:06201465n 0.0	bn:00021724n 0.0	bn:00050486n 0.0	bn:00051909n 0.0
d002.s005.t021_d002.s005.t021	bn:00020452n 0.41141153809940667	bn:00000991n 0.2999100707600187	bn:00030716n 0.2886783911405746	bn:00041430n 0.0	bn:00000992n 0.0	bn:00021951n 0.0	bn:00049377n 0.0	bn:00020464n 0.0	bn:00007498n 0.0
d002.s008.t011_d002.s008.t011	bn:00020953n 1.0	bn:00012635n 0.0	bn:04034591n 0.0	bn:02617074n 0.0	bn:00561126n 0.0	bn:00022581n 0.0	bn:00014448n 0.0	bn:00011644n 0.0	bn:00022001n 0.0	bn:00022002n 0.0	bn:00022003n 0.0	bn:01839366n 0.0	bn:02967638n 0.0
d002.s031.t002_d002.s031.t002	bn:00020953n 1.0	bn:00012635n 0.0	bn:04034591n 0.0	bn:02617074n 0.0	bn:00561126n 0.0	bn:00022581n 0.0	bn:00014448n 0.0	bn:00011644n 0.0	bn:00022001n 0.0	bn:00022002n 0.0	bn:00022003n 0.0	bn:01839366n 0.0	bn:02967638n 0.0
d004.s023.t014_d004.s023.t014	bn:00045161n 0.3826772815841629	bn:00077727n 0.18235013879378711	bn:00022118n 0.1539974960694457	bn:00022119n 0.14507699037567126	bn:00022114n 0.13589809317693308	bn:13627721n 0.0	bn:08296129n 0.0	bn:00025569n 0.0	bn:15676731n 0.0	bn:14649203n 0.0	bn:15463959n 0.0	bn:00079687n 0.0	bn:00022115n 0.0	bn:00022116n 0.0	bn:13845150n 0.0	bn:00022117n 0.0	bn:00022112n 0.0	bn:00021913n 0.0	bn:00022113n 0.0	bn:00021911n 0.0	bn:14383959n 0.0	bn:03195957n 0.0	bn:00080118n 0.0
d003.s012.t010_d003.s012.t010	bn:00022168n 1.0	bn:00019219n 0.0	bn:03253162n 0.0	bn:08277717n 0.0
d001.s017.t015_d001.s017.t015	bn:00001507n 1.0
d001.s030.t007_d001.s030.t007	bn:00023853n 0.7445863879250583	bn:00027469n 0.25541361207494173	bn:01068263n 0.0	bn:00022335n 0.0	bn:00009866n 0.0	bn:08432254n 0.0	bn:01248972n 0.0	bn:14401404n 0.0	bn:00059169n 0.0	bn:00048495n 0.0
d002.s048.t006_d002.s048.t006	bn:00060201n 0.5320659910708807	bn:00017904n 0.2483594611900161	bn:00060202n 0.21957454773910323	bn:00036107n 0.0	bn:00062275n 0.0	bn:02114833n 0.0	bn:00062279n 0.0	bn:02157509n 0.0	bn:17154522n 0.0	bn:00014536n 0.0	bn:00139950n 0.0	bn:00014537n 0.0	bn:00009473n 0.0	bn:03508034n 0.0	bn:01222092n 0.0	bn:17992842n 0.0	bn:00036183n 0.0	bn:00063707n 0.0
d001.s010.t053_d001.s010.t053	bn:00003882n 0.2715621106373118	bn:00011747n 0.09923164264172403	bn:00005819n 0.09820619874749119	bn:00017231n 0.08604748623631052	bn:00011746n 0.08565358063237676	bn:00005810n 0.0812304478539784	bn:00014512n 0.08066260830671063	bn:00011744n 0.07294229352363601	bn:00011745n 0.0708436950376736	bn:00034269n 0.05361993638278718	bn:00034597n 0.0	bn:00072721n 0.0	bn:18009855n 0.0	bn:00046300n 0.0	bn:00011783n 0.0	bn:00011751n 0.0	bn:00006640n 0.0	bn:00015897n 0.0	bn:00045468n 0.0	bn:14263042n 0.0	bn:00011748n 0.0	bn:00011749n 0.0
d001.s004.t024_d001.s004.t024	bn:00005601n 1.0	bn:00774315n 0.0	bn:00027544n 0.0	bn:00025621n 0.0	bn:00055838n 0.0
d002.s022.t003_d002.s022.t003	bn:00025928n 1.0	bn:15704475n 0.0	bn:05918585n 0.0	bn:00025929n 0.0	bn:00030486n 0.0	bn:18006019n 0.0
d003.s009.t014_d003.s009.t014	bn:00067810n 0.693131549817405	bn:00067811n 0.306868450182595	bn:00067850n 0.0	bn:00067808n 0.0	bn:00067809n 0.0	bn:00067818n 0.0	bn:13100763n 0.0	bn:14961279n 0.0
d001.s018.t029_d001.s018.t029	bn:00025982n 1.0	bn:00025984n 0.0	bn:00025983n 0.0	bn:01604744n 0.0	bn:02480844n 0.0
d004.s010.t013_d004.s010.t013	bn:00027011n 0.5898997098845727	bn:00033667n 0.21322777516826158	bn:00027012n 0.19687251494716568	bn:00874918n 0.0	bn:00027014n 0.0	bn:00027013n 0.0	bn:00027015n 0.0	bn:15222462n 0.0	bn:13881776n 0.0	bn:00002932n 0.0	bn:00061493n 0.0
d002.s002.t026_d002.s002.t026	bn:00027152n 0.6955254424699789	bn:00027151n 0.30447455753002106
d003.s009.t043_d003.s009.t046	bn:01941871n 1.0
d003.s009.t043_d003.s009.t043	bn:00026427n 1.0	bn:00026428n 0.0
d003.s009.t019_d003.s009.t019	bn:00053116n 0.273168897731891	bn:00001307n 0.10223317138827796	bn:00027352n 0.09708658684941093	bn:00027353n 0.09512786624023528	bn:00059482n 0.09344561927905291	bn:00027355n 0.09009114257384793	bn:00074150n 0.08596310380672953	bn:00001302n 0.08250777884490453	bn:00011651n 0.08037583328564993	bn:00064424n 0.0	bn:00023288n 0.0	bn:00023134n 0.0	bn:00037675n 0.0	bn:00001305n 0.0	bn:00706454n 0.0	bn:00001303n 0.0	bn:00027354n 0.0	bn:00050372n 0.0	bn:00027368n 0.0	bn:00027357n 0.0	bn:00027373n 0.0	bn:00021678n 0.0	bn:00000355n 0.0	bn:03376710n 0.0
d003.s020.t017_d003.s020.t017	bn:00027538n 1.0	bn:00070287n 0.0	bn:00010353n 0.0	bn:00027539n 0.0
d003.s021.t019_d003.s021.t019	bn:00027538n 1.0	bn:00070287n 0.0	bn:00010353n 0.0	bn:00027539n 0.0
d003.s004.t007_d003.s004.t007	bn:00027862n 1.0	bn:00368857n 0.0	bn:00368861n 0.0	bn:00027869n 0.0
d001.s023.t026_d001.s023.t026	bn:00027911n 0.3613114106016131	bn:00027919n 0.17392787962467732	bn:00019680n 0.1579468090780481	bn:00070547n 0.15630958894479977	bn:00027917n 0.15050431175086174	bn:00073490n 0.0	bn:03090733n 0.0	bn:00027920n 0.0	bn:00027913n 0.0	bn:00027912n 0.0	bn:00027915n 0.0	bn:00027914n 0.0	bn:16343417n 0.0	bn:03139448n 0.0	bn:01209763n 0.0	bn:00001430n 0.0	bn:00005706n 0.0	bn:00019480n 0.0	bn:00136603n 0.0	bn:17112627n 0.0
d001.s028.t021_d001.s028.t021	bn:01537207n 1.0
d001.s035.t025_d001.s035.t025	bn:01537207n 1.0
d001.s001.t004_d001.s001.t004	bn:00028018n 0.33858435841378093	bn:00028015n 0.24096451925858187	bn:00028016n 0.21887089143276456	bn:00028017n 0.2015802308948726	bn:00032223n 0.0
d004.s002.t004_d004.s002.t004	bn:00028018n 0.4048671694148759	bn:00028015n 0.23037957403145504	bn:00028017n 0.19777201393716617	bn:00028016n 0.16698124261650293	bn:00032223n 0.0
d001.s015.t002_d001.s015.t002	bn:00000903n 0.4188677688996259	bn:00024430n 0.30611598386215944	bn:00028320n 0.2750162472382148	bn:13808383n 0.0	bn:00028319n 0.0
d001.s018.t035_d001.s018.t035	bn:00000903n 0.5049732916622144	bn:00028320n 0.3356900590198689	bn:00024430n 0.1593366493179166	bn:13808383n 0.0	bn:00028319n 0.0
d004.s022.t012_d004.s022.t012	bn:00000903n 0.4318170314554112	bn:00024430n 0.3339911635101313	bn:00028320n 0.23419180503445747	bn:13808383n 0.0	bn:00028319n 0.0
d004.s022.t018_d004.s022.t018	bn:00000903n 0.4318170314554112	bn:00024430n 0.3339911635101313	bn:00028320n 0.23419180503445747	bn:13808383n 0.0	bn:00028319n 0.0
d004.s022.t031_d004.s022.t031	bn:00071001n 0.5603241893411582	bn:00022191n 0.23274301122362698	bn:00022192n 0.2069327994352148	bn:00894973n 0.0	bn:00073082n 0.0	bn:00029170n 0.0	bn:14664596n 0.0	bn:00051048n 0.0	bn:03729201n 0.0	bn:00068589n 0.0	bn:06505489n 0.0	bn:16022087n 0.0
d002.s042.t011_d002.s042.t013	bn:00076736n 1.0
d001.s017.t007_d001.s017.t007	bn:00021961n 0.6697532827253357	bn:00029872n 0.33024671727466426	bn:00029880n 0.0	bn:00076929n 0.0
d001.s019.t025_d001.s019.t025	bn:00021961n 0.7420139353031977	bn:00029872n 0.2579860646968023	bn:00029880n 0.0	bn:00076929n 0.0
d001.s027.t004_d001.s027.t004	bn:00021961n 0.629597297127399	bn:00029872n 0.370402702872601	bn:00029871n 0.0	bn:00046065n 0.0
d001.s027.t013_d001.s027.t013	bn:00021961n 0.629597297127399	bn:00029872n 0.370402702872601	bn:00029871n 0.0	bn:00046065n 0.0
d001.s028.t015_d001.s028.t015	bn:00021961n 0.6037183170005725	bn:00029872n 0.39628168299942745	bn:00029871n 0.0	bn:00046065n 0.0
d004.s011.t003_d004.s011.t003	bn:00021961n 0.6323682756664389	bn:00029872n 0.36763172433356106	bn:00029871n 0.0	bn:00046065n 0.0
d004.s021.t004_d004.s021.t004	bn:00021961n 0.6690309893110588	bn:00029872n 0.33096901068894125	bn:00029880n 0.0	bn:00076929n 0.0
d001.s030.t013_d001.s030.t013	bn:00029876n 1.0	bn:08317802n 0.0	bn:00029888n 0.0	bn:00029877n 0.0
d003.s021.t030_d003.s021.t030	bn:00014137n 0.2922096089005577	bn:00021286n 0.11217241161016885	bn:00014138n 0.10604264092772772	bn:00021287n 0.1051274945882944	bn:00022811n 0.10422421881528442	bn:00031008n 0.10303284840100231	bn:00049573n 0.0903826662039886	bn:00014160n 0.08680811055297608	bn:00022815n 0.0
d001.s028.t037_d001.s028.t037	bn:00027546n 1.0	bn:00025627n 0.0	bn:00002171n 0.0	bn:00071428n 0.0	bn:00045952n 0.0
d002.s048.t010_d002.s048.t010	bn:00077174n 0.16102686177262576	bn:00004493n 0.15165527208606472	bn:00046848n 0.09568164603327467	bn:00001460n 0.09321706021748655	bn:00044996n 0.08837967199436123	bn:00047730n 0.0883352721143108	bn:00031062n 0.08574122063348322	bn:00026376n 0.07891410617887466	bn:00001462n 0.07883670657698048	bn:00031053n 0.07821218239253769	bn:00537114n 0.0	bn:00005048n 0.0	bn:00001391n 0.0	bn:00000663n 0.0	bn:00000661n 0.0	bn:00076799n 0.0	bn:00043354n 0.0	bn:00080244n 0.0	bn:00063658n 0.0	bn:00030988n 0.0	bn:00028779n 0.0	bn:00028248n 0.0	bn:00046827n 0.0	bn:02570242n 0.0	bn:00025643n 0.0	bn:00037496n 0.0	bn:00247344n 0.0	bn:00031044n 0.0	bn:00031054n 0.0	bn:13680977n 0.0	bn:00000666n 0.0	bn:00046692n 0.0	bn:00019271n 0.0	bn:00030989n 0.0	bn:00036184n 0.0
d003.s013.t007_d003.s013.t007	bn:00047238n 1.0	bn:17456956n 0.0	bn:00007099n 0.0
d001.s024.t019_d001.s024.t019	bn:00031085n 1.0
d003.s022.t002_d003.s022.t002	bn:00023236n 0.19688019819335337	bn:00064914n 0.08508723767490549	bn:00071869n 0.08387867835453741	bn:00074010n 0.07891399108607242	bn:00074009n 0.0773962407644175	bn:00063703n 0.07535096566204572	bn:00074011n 0.0712636366011797	bn:00021646n 0.0711319425909205	bn:00026336n 0.06873274089337134	bn:00023235n 0.0652748186962903	bn:00023251n 0.06315777457692817	bn:00021644n 0.06293177490597808	bn:00003341n 0.0
d003.s022.t002_d003.s022.t003	bn:00208447n 1.0
d001.s015.t020_d001.s015.t020	bn:00043545n 1.0	bn:01183763n 0.0	bn:00074066n 0.0
d001.s025.t004_d001.s025.t004	bn:00007985n 0.28601460523750283	bn:00071923n 0.22067882366577063	bn:00074786n 0.20179402836115687	bn:00074793n 0.14677054195772732	bn:00067181n 0.14474200077784236	bn:00031755n 0.0	bn:00074788n 0.0	bn:00020448n 0.0	bn:00074795n 0.0	bn:02020157n 0.0	bn:00074790n 0.0	bn:00074791n 0.0	bn:00074792n 0.0	bn:00071216n 0.0	bn:00009519n 0.0	bn:00030952n 0.0
d001.s026.t019_d001.s026.t019	bn:00007985n 0.3160085550465169	bn:00074786n 0.18383886890944767	bn:00067181n 0.1751602379679267	bn:00074793n 0.167352003688621	bn:00071923n 0.15764033438748762	bn:00031755n 0.0	bn:00074788n 0.0	bn:00020448n 0.0	bn:00074795n 0.0	bn:02020157n 0.0	bn:00074790n 0.0	bn:00074791n 0.0	bn:00074792n 0.0	bn:00071216n 0.0	bn:00009519n 0.0	bn:00030952n 0.0
d001.s028.t031_d001.s028.t031	bn:00007985n 0.3415648087972181	bn:00071923n 0.1868464016831287	bn:00074786n 0.18029716494964063	bn:00067181n 0.1562634949254615	bn:00074793n 0.13502812964455108	bn:00031755n 0.0	bn:00074788n 0.0	bn:00020448n 0.0	bn:00074795n 0.0	bn:02020157n 0.0	bn:00074790n 0.0	bn:00074791n 0.0	bn:00074792n 0.0	bn:00071216n 0.0	bn:00009519n 0.0	bn:00030952n 0.0
d001.s031.t009_d001.s031.t009	bn:00007985n 0.28934010187987047	bn:00071923n 0.1979211959712724	bn:00074786n 0.1851767302602617	bn:00074793n 0.16635795504480397	bn:00067181n 0.16120401684379146	bn:00031755n 0.0	bn:00074788n 0.0	bn:00020448n 0.0	bn:00074795n 0.0	bn:02020157n 0.0	bn:00074790n 0.0	bn:00074791n 0.0	bn:00074792n 0.0	bn:00071216n 0.0	bn:00009519n 0.0	bn:00030952n 0.0
d001.s037.t007_d001.s037.t007	bn:00007985n 0.3847995973096996	bn:00071923n 0.18601730303177758	bn:00074793n 0.15225835343397337	bn:00074786n 0.1391258588073058	bn:00067181n 0.1377988874172436	bn:00031755n 0.0	bn:00074788n 0.0	bn:00020448n 0.0	bn:00074795n 0.0	bn:02020157n 0.0	bn:00074790n 0.0	bn:00074791n 0.0	bn:00074792n 0.0	bn:00071216n 0.0	bn:00009519n 0.0	bn:00030952n 0.0
d003.s006.t012_d003.s006.t012	bn:00007985n 0.4097127303262634	bn:00074793n 0.15871274228780818	bn:00067181n 0.15708264023026497	bn:00071923n 0.1512816621676545	bn:00074786n 0.12321022498800893	bn:00031755n 0.0	bn:00074788n 0.0	bn:00020448n 0.0	bn:00074795n 0.0	bn:02020157n 0.0	bn:00074790n 0.0	bn:00074791n 0.0	bn:00074792n 0.0	bn:00071216n 0.0	bn:00009519n 0.0	bn:00030952n 0.0
d003.s007.t002_d003.s007.t002	bn:00007985n 0.3935095916848794	bn:00074786n 0.18144100659212772	bn:00071923n 0.15496243836569473	bn:00067181n 0.13752978214884853	bn:00074793n 0.13255718120844961	bn:00031755n 0.0	bn:00074788n 0.0	bn:00020448n 0.0	bn:00074795n 0.0	bn:02020157n 0.0	bn:00074790n 0.0	bn:00074791n 0.0	bn:00074792n 0.0	bn:00071216n 0.0	bn:00009519n 0.0	bn:00030952n 0.0
d003.s011.t017_d003.s011.t017	bn:00007985n 0.3743853879354118	bn:00074793n 0.1820119509656849	bn:00071923n 0.16962865434750335	bn:00067181n 0.15422760093448948	bn:00074786n 0.11974640581691039	bn:00031755n 0.0	bn:00074788n 0.0	bn:00020448n 0.0	bn:00074795n 0.0	bn:02020157n 0.0	bn:00074790n 0.0	bn:00074791n 0.0	bn:00074792n 0.0	bn:00071216n 0.0	bn:00009519n 0.0	bn:00030952n 0.0
d003.s012.t003_d003.s012.t003	bn:00007985n 0.3649891551567896	bn:00074786n 0.1739241829979099	bn:00074793n 0.1581308665695742	bn:00071923n 0.15637181239425194	bn:00067181n 0.1465839828814744	bn:00031755n 0.0	bn:00074788n 0.0	bn:00020448n 0.0	bn:00074795n 0.0	bn:02020157n 0.0	bn:00074790n 0.0	bn:00074791n 0.0	bn:00074792n 0.0	bn:00071216n 0.0	bn:00009519n 0.0	bn:00030952n 0.0
d003.s014.t002_d003.s014.t002	bn:00007985n 0.37500386674239505	bn:00074786n 0.16987023027383089	bn:00071923n 0.16032452893353805	bn:00067181n 0.1474206536582538	bn:00074793n 0.14738072039198233	bn:00031755n 0.0	bn:00074788n 0.0	bn:00020448n 0.0	bn:00074795n 0.0	bn:02020157n 0.0	bn:00074790n 0.0	bn:00074791n 0.0	bn:00074792n 0.0	bn:00071216n 0.0	bn:00009519n 0.0	bn:00030952n 0.0
d004.s002.t034_d004.s002.t034	bn:00007985n 0.35705057996126865	bn:00074786n 0.19880234746409134	bn:00071923n 0.16308567224951334	bn:00067181n 0.14197518754992058	bn:00074793n 0.13908621277520622	bn:00031755n 0.0	bn:00074788n 0.0	bn:00020448n 0.0	bn:00074795n 0.0	bn:02020157n 0.0	bn:00074790n 0.0	bn:00074791n 0.0	bn:00074792n 0.0	bn:00071216n 0.0	bn:00009519n 0.0	bn:00030952n 0.0
d004.s014.t004_d004.s014.t004	bn:00007985n 0.30839514860267714	bn:00074786n 0.21474705931806173	bn:00071923n 0.19646304857282793	bn:00074793n 0.14874579225376203	bn:00067181n 0.13164895125267115	bn:00031755n 0.0	bn:00074788n 0.0	bn:00020448n 0.0	bn:00074795n 0.0	bn:02020157n 0.0	bn:00074790n 0.0	bn:00074791n 0.0	bn:00074792n 0.0	bn:00071216n 0.0	bn:00009519n 0.0	bn:00030952n 0.0
d004.s015.t008_d004.s015.t008	bn:00007985n 0.3275997837567334	bn:00071923n 0.19573811070729552	bn:00074786n 0.18267505682860785	bn:00067181n 0.15830375181568238	bn:00074793n 0.13568329689168085	bn:00031755n 0.0	bn:00074788n 0.0	bn:00020448n 0.0	bn:00074795n 0.0	bn:02020157n 0.0	bn:00074790n 0.0	bn:00074791n 0.0	bn:00074792n 0.0	bn:00071216n 0.0	bn:00009519n 0.0	bn:00030952n 0.0
d004.s016.t008_d004.s016.t008	bn:00007985n 0.31482850002496165	bn:00071923n 0.1975563392453303	bn:00074786n 0.1887311702716679	bn:00074793n 0.1508428209354843	bn:00067181n 0.1480411695225557	bn:00031755n 0.0	bn:00074788n 0.0	bn:00020448n 0.0	bn:00074795n 0.0	bn:02020157n 0.0	bn:00074790n 0.0	bn:00074791n 0.0	bn:00074792n 0.0	bn:00071216n 0.0	bn:00009519n 0.0	bn:00030952n 0.0
d004.s017.t005_d004.s017.t005	bn:00007985n 0.4207826893836482	bn:00074793n 0.14954272896315546	bn:00067181n 0.14900439883264693	bn:00074786n 0.14409787266924648	bn:00071923n 0.13657231015130275	bn:00031755n 0.0	bn:00074788n 0.0	bn:00020448n 0.0	bn:00074795n 0.0	bn:02020157n 0.0	bn:00074790n 0.0	bn:00074791n 0.0	bn:00074792n 0.0	bn:00071216n 0.0	bn:00009519n 0.0	bn:00030952n 0.0
d003.s011.t017_d003.s011.t019	bn:02395950n 1.0
d003.s012.t003_d003.s012.t005	bn:02395950n 1.0
d003.s005.t030_d003.s005.t030	bn:00053403n 1.0	bn:00032152n 0.0	bn:00035874n 0.0	bn:08476710n 0.0	bn:00530368n 0.0	bn:00030375n 0.0	bn:00031665n 0.0	bn:00030015n 0.0	bn:00025618n 0.0
d003.s009.t008_d003.s009.t008	bn:00053403n 1.0	bn:00032152n 0.0	bn:00035874n 0.0	bn:08476710n 0.0	bn:00530368n 0.0	bn:00030375n 0.0	bn:00031665n 0.0	bn:00030015n 0.0	bn:00025618n 0.0
d002.s034.t004_d002.s034.t004	bn:00032395n 0.26808374012520275	bn:00006386n 0.09802430441810239	bn:00032392n 0.09619606889975736	bn:00023151n 0.09536100804977217	bn:00032396n 0.09344902939971031	bn:00032394n 0.0932998182145462	bn:00030486n 0.08794451611930934	bn:00079416n 0.08654833837323514	bn:00032393n 0.08109317640036441	bn:00077565n 0.0	bn:14818139n 0.0	bn:00032391n 0.0	bn:00037640n 0.0	bn:03834028n 0.0	bn:00074035n 0.0	bn:08406806n 0.0	bn:00078663n 0.0	bn:00022069n 0.0	bn:17978119n 0.0
d002.s049.t006_d002.s049.t006	bn:01757412n 1.0
d004.s009.t019_d004.s009.t019	bn:00054128n 1.0	bn:00061887n 0.0	bn:00028872n 0.0	bn:03176248n 0.0	bn:13944327n 0.0
d001.s003.t034_d001.s003.t034	bn:00004992n 1.0	bn:00061887n 0.0
d001.s023.t024_d001.s023.t024	bn:00061898n 0.3812403821449511	bn:00035914n 0.22650087080977807	bn:00025966n 0.22439533045284352	bn:00061909n 0.16786341659242732	bn:00050548n 0.0	bn:00061900n 0.0	bn:16981422n 0.0	bn:01182399n 0.0	bn:01741213n 0.0
d001.s024.t011_d001.s024.t011	bn:00003882n 0.21544664553730367	bn:00033729n 0.10127620856998812	bn:00035911n 0.09753831343124326	bn:00026512n 0.09576444781106051	bn:00035908n 0.08933847425200514	bn:00035907n 0.082491174883329	bn:00021751n 0.08116465348930417	bn:00035910n 0.08079489796773703	bn:00035909n 0.07823424347800718	bn:00044915n 0.07795094058002201	bn:00016529n 0.0	bn:00021647n 0.0	bn:00035912n 0.0	bn:00034899n 0.0	bn:03884177n 0.0	bn:03049288n 0.0	bn:11395760n 0.0	bn:02499816n 0.0	bn:01299975n 0.0	bn:00001965n 0.0	bn:00001396n 0.0	bn:01926526n 0.0	bn:00030486n 0.0	bn:14958816n 0.0	bn:00019477n 0.0
d003.s010.t025_d003.s010.t025	bn:00059480n 0.3707338493413758	bn:00012993n 0.12895891392397746	bn:00035940n 0.12694774772756545	bn:00041853n 0.10748229163515968	bn:00029807n 0.10506771655882136	bn:00035942n 0.10363409821372131	bn:00035941n 0.05717538259937892	bn:00773738n 0.0	bn:00035771n 0.0	bn:00007781n 0.0	bn:00009077n 0.0	bn:00035943n 0.0	bn:00005869n 0.0	bn:00192067n 0.0
d003.s016.t020_d003.s016.t020	bn:00059480n 0.2849486716782451	bn:00035942n 0.17321933648717336	bn:00035940n 0.12387592122148314	bn:00041853n 0.12049843692150543	bn:00029807n 0.11908688894428025	bn:00012993n 0.10952393936904938	bn:00035941n 0.06884680537826325	bn:00773738n 0.0	bn:00035771n 0.0	bn:00007781n 0.0	bn:00009077n 0.0	bn:00035943n 0.0	bn:00005869n 0.0	bn:00192067n 0.0
d002.s009.t013_d002.s009.t013	bn:00036821n 0.24940344687751148	bn:00036826n 0.22749255175757147	bn:00061560n 0.13365099924807106	bn:00001736n 0.1324422040931512	bn:00064915n 0.12914020606601295	bn:00036822n 0.12787059195768186	bn:03216970n 0.0	bn:14095894n 0.0	bn:15943286n 0.0	bn:00036824n 0.0	bn:00036823n 0.0	bn:00036838n 0.0	bn:00312030n 0.0	bn:00914636n 0.0	bn:00118773n 0.0	bn:00041307n 0.0	bn:06999700n 0.0	bn:00067106n 0.0
d002.s017.t010_d002.s017.t010	bn:00036826n 0.23487287687895064	bn:00036821n 0.23047660578724544	bn:00001736n 0.14154974507295903	bn:00064915n 0.14079162921124772	bn:00061560n 0.12804047483261038	bn:00036822n 0.1242686682169867	bn:03216970n 0.0	bn:14095894n 0.0	bn:15943286n 0.0	bn:00036824n 0.0	bn:00036823n 0.0	bn:00036838n 0.0	bn:00312030n 0.0	bn:00914636n 0.0	bn:00118773n 0.0	bn:00041307n 0.0	bn:06999700n 0.0	bn:00067106n 0.0
d002.s019.t009_d002.s019.t009	bn:00036821n 0.2909837121530217	bn:00036826n 0.20188005612586593	bn:00064915n 0.14130607609653945	bn:00036822n 0.1263070483885391	bn:00001736n 0.12251465177308528	bn:00061560n 0.1170084554629485	bn:03216970n 0.0	bn:14095894n 0.0	bn:15943286n 0.0	bn:00036824n 0.0	bn:00036823n 0.0	bn:00036838n 0.0	bn:00312030n 0.0	bn:00914636n 0.0	bn:00118773n 0.0	bn:00041307n 0.0	bn:06999700n 0.0	bn:00067106n 0.0
d002.s020.t019_d002.s020.t019	bn:00036826n 0.2779021954381096	bn:00036821n 0.2042084407614342	bn:00001736n 0.14691171203967576	bn:00064915n 0.1320061465083908	bn:00036822n 0.12448414047011394	bn:00061560n 0.11448736478227559	bn:03216970n 0.0	bn:14095894n 0.0	bn:15943286n 0.0	bn:00036824n 0.0	bn:00036823n 0.0	bn:00036838n 0.0	bn:00312030n 0.0	bn:00914636n 0.0	bn:00118773n 0.0	bn:00041307n 0.0	bn:06999700n 0.0	bn:00067106n 0.0
d002.s022.t007_d002.s022.t007	bn:00036821n 0.249597022876967	bn:00036826n 0.19624876881606587	bn:00061560n 0.14961523321247971	bn:00001736n 0.14097834720057126	bn:00064915n 0.13991955101273182	bn:00036822n 0.12364107688118421	bn:03216970n 0.0	bn:14095894n 0.0	bn:15943286n 0.0	bn:00036824n 0.0	bn:00036823n 0.0	bn:00036838n 0.0	bn:00312030n 0.0	bn:00914636n 0.0	bn:00118773n 0.0	bn:00041307n 0.0	bn:06999700n 0.0	bn:00067106n 0.0
d002.s026.t010_d002.s026.t010	bn:00036821n 0.24454386177623977	bn:00036826n 0.2005658083989235	bn:00061560n 0.17039411094067217	bn:00064915n 0.13545989675499068	bn:00001736n 0.12734598141999715	bn:00036822n 0.1216903407091769	bn:03216970n 0.0	bn:14095894n 0.0	bn:15943286n 0.0	bn:00036824n 0.0	bn:00036823n 0.0	bn:00036838n 0.0	bn:00312030n 0.0	bn:00914636n 0.0	bn:00118773n 0.0	bn:00041307n 0.0	bn:06999700n 0.0	bn:00067106n 0.0
d002.s028.t021_d002.s028.t021	bn:00036826n 0.24141842289732202	bn:00036821n 0.2303123121303517	bn:00001736n 0.14104807670781083	bn:00064915n 0.13136755900606645	bn:00036822n 0.12937921816099945	bn:00061560n 0.12647441109744953	bn:03216970n 0.0	bn:14095894n 0.0	bn:15943286n 0.0	bn:00036824n 0.0	bn:00036823n 0.0	bn:00036838n 0.0	bn:00312030n 0.0	bn:00914636n 0.0	bn:00118773n 0.0	bn:00041307n 0.0	bn:06999700n 0.0	bn:00067106n 0.0
d002.s047.t033_d002.s047.t033	bn:00036826n 0.3046435159506915	bn:00061560n 0.15686803395411525	bn:00001736n 0.14529947784596714	bn:00036821n 0.13804821904913947	bn:00064915n 0.13606761505067066	bn:00036822n 0.11907313814941578	bn:03216970n 0.0	bn:14095894n 0.0	bn:15943286n 0.0	bn:00036824n 0.0	bn:00036823n 0.0	bn:00036838n 0.0	bn:00312030n 0.0	bn:00914636n 0.0	bn:00118773n 0.0	bn:00041307n 0.0	bn:06999700n 0.0	bn:00067106n 0.0
d002.s048.t016_d002.s048.t016	bn:00036821n 0.23752820708008432	bn:00036826n 0.184349440061263	bn:00061560n 0.16413864205974846	bn:00001736n 0.16220816175866076	bn:00036822n 0.1297771529436426	bn:00064915n 0.1219983960966009	bn:03216970n 0.0	bn:14095894n 0.0	bn:15943286n 0.0	bn:00036824n 0.0	bn:00036823n 0.0	bn:00036838n 0.0	bn:00312030n 0.0	bn:00914636n 0.0	bn:00118773n 0.0	bn:00041307n 0.0	bn:06999700n 0.0	bn:00067106n 0.0
d002.s049.t005_d002.s049.t005	bn:00036826n 0.2672168014824704	bn:00036821n 0.22271866521655964	bn:00001736n 0.15466169994249246	bn:00064915n 0.14424507946510487	bn:00036822n 0.11185842039064624	bn:00061560n 0.09929933350272621	bn:03216970n 0.0	bn:14095894n 0.0	bn:15943286n 0.0	bn:00036824n 0.0	bn:00036823n 0.0	bn:00036838n 0.0	bn:00312030n 0.0	bn:00914636n 0.0	bn:00118773n 0.0	bn:00041307n 0.0	bn:06999700n 0.0	bn:00067106n 0.0
d002.s050.t005_d002.s050.t005	bn:00036821n 0.22340799745966144	bn:00036826n 0.1873383399696015	bn:00064915n 0.15941960553742004	bn:00061560n 0.15380704619018196	bn:00001736n 0.14549350812563336	bn:00036822n 0.13053350271750191	bn:03216970n 0.0	bn:14095894n 0.0	bn:15943286n 0.0	bn:00036824n 0.0	bn:00036823n 0.0	bn:00036838n 0.0	bn:00312030n 0.0	bn:00914636n 0.0	bn:00118773n 0.0	bn:00041307n 0.0	bn:06999700n 0.0	bn:00067106n 0.0
d003.s001.t002_d003.s001.t002	bn:00008782n 0.3550514074153435	bn:00059480n 0.33729114573483204	bn:00061947n 0.3076574468498245	bn:00023654n 0.0	bn:03457548n 0.0	bn:08480729n 0.0	bn:02444528n 0.0	bn:03865815n 0.0	bn:19285758n 0.0	bn:00036064n 0.0	bn:00366263n 0.0	bn:00036063n 0.0
d003.s005.t002_d003.s005.t002	bn:00059480n 0.5027217225307435	bn:00061947n 0.27668134389432464	bn:00008782n 0.22059693357493187	bn:00023654n 0.0	bn:03457548n 0.0	bn:08480729n 0.0	bn:02444528n 0.0	bn:03865815n 0.0	bn:19285758n 0.0	bn:00036064n 0.0	bn:00366263n 0.0	bn:00036063n 0.0
d003.s006.t002_d003.s006.t002	bn:00059480n 0.47740575661030177	bn:00008782n 0.32545805222593943	bn:00061947n 0.19713619116375888	bn:00023654n 0.0	bn:03457548n 0.0	bn:08480729n 0.0	bn:02444528n 0.0	bn:03865815n 0.0	bn:19285758n 0.0	bn:00036064n 0.0	bn:00366263n 0.0	bn:00036063n 0.0
d003.s016.t002_d003.s016.t002	bn:00059480n 0.44239769511971794	bn:00008782n 0.29897511880428373	bn:00061947n 0.25862718607599827	bn:00023654n 0.0	bn:03457548n 0.0	bn:08480729n 0.0	bn:02444528n 0.0	bn:03865815n 0.0	bn:19285758n 0.0	bn:00036064n 0.0	bn:00366263n 0.0	bn:00036063n 0.0
d002.s040.t002_d002.s040.t002	bn:00036962n 0.5186496086776256	bn:00036957n 0.2508529289042641	bn:00029536n 0.2304974624181103	bn:03423757n 0.0	bn:14303570n 0.0	bn:00375126n 0.0	bn:16747607n 0.0	bn:01083677n 0.0	bn:14288041n 0.0	bn:01858698n 0.0	bn:16174502n 0.0	bn:00278375n 0.0	bn:00022035n 0.0	bn:03282219n 0.0	bn:16174455n 0.0	bn:01939157n 0.0	bn:00013017n 0.0	bn:02095405n 0.0	bn:15255205n 0.0	bn:01437015n 0.0	bn:03307543n 0.0	bn:16672282n 0.0	bn:00040484n 0.0	bn:00072493n 0.0	bn:01939172n 0.0	bn:00315661n 0.0	bn:00037524n 0.0	bn:00006863n 0.0	bn:14983195n 0.0	bn:15538125n 0.0	bn:15782041n 0.0
d001.s029.t006_d001.s029.t006	bn:00848690n 1.0
d001.s036.t021_d001.s036.t021	bn:00008280n 0.18478750726819457	bn:00000777n 0.10868143288338417	bn:00041943n 0.10625780154167024	bn:00068051n 0.09353882702141231	bn:00030961n 0.09106001397497969	bn:00008279n 0.08785317023109834	bn:00041942n 0.08543730386522308	bn:00002913n 0.08336736560706813	bn:00013873n 0.0816528214532831	bn:00018111n 0.07736375615368614	bn:17081477n 0.0	bn:06286801n 0.0	bn:00013875n 0.0	bn:00076303n 0.0	bn:00035942n 0.0	bn:01071456n 0.0	bn:03876759n 0.0	bn:00072536n 0.0	bn:00056461n 0.0	bn:13598833n 0.0	bn:01723250n 0.0	bn:00075718n 0.0	bn:14626353n 0.0	bn:00013874n 0.0	bn:00075736n 0.0	bn:00002229n 0.0	bn:17592069n 0.0	bn:01158418n 0.0
d003.s002.t011_d003.s002.t011	bn:00008280n 0.19146496653887593	bn:00068051n 0.12365276390550924	bn:00000777n 0.10607101981739478	bn:00041942n 0.08999170090340725	bn:00002913n 0.08834202470254023	bn:00008279n 0.08442429395042854	bn:00018111n 0.08384873595698654	bn:00030961n 0.08266641268785078	bn:00013873n 0.07700322787822755	bn:00041943n 0.07253485365877912	NO_MATCH 0.0
d002.s002.t001_d002.s002.t003	bn:00058218n 1.0
d002.s044.t011_d002.s044.t011	bn:00045087n 1.0	bn:02229221n 0.0
d003.s008.t016_d003.s008.t016	bn:00081661n 1.0	bn:03195989n 0.0	bn:00046128n 0.0	bn:00079511n 0.0	bn:00064696n 0.0	bn:00064697n 0.0	bn:00041360n 0.0	bn:00021962n 0.0	bn:00046143n 0.0	bn:00071554n 0.0
d003.s008.t002_d003.s008.t002	bn:00046576n 0.6913062117389326	bn:00046575n 0.3086937882610674	bn:03487430n 0.0	bn:13605830n 0.0	bn:15816101n 0.0
d001.s003.t004_d001.s003.t004	bn:00046705n 0.424259455125583	bn:00025314n 0.33324206815803636	bn:00046698n 0.2424984767163808	bn:03662501n 0.0	bn:04599275n 0.0	bn:00021747n 0.0	bn:00046706n 0.0	bn:03644012n 0.0	bn:00046720n 0.0
d001.s004.t004_d001.s004.t004	bn:00046705n 0.35333094193845965	bn:00046698n 0.3236731139152626	bn:00025314n 0.32299594414627775	bn:03662501n 0.0	bn:04599275n 0.0	bn:00021747n 0.0	bn:00046706n 0.0	bn:03644012n 0.0	bn:00046720n 0.0
d001.s001.t008_d001.s001.t008	bn:00067181n 0.39967218757709044	bn:00000745n 0.23067153812596258	bn:00000739n 0.2082217318617726	bn:00021410n 0.1614345424351744	bn:00067182n 0.0	bn:00046719n 0.0	bn:00025633n 0.0	bn:00006473n 0.0	bn:00028327n 0.0
d003.s010.t003_d003.s010.t003	bn:00067181n 0.45297792023918276	bn:00000745n 0.20432221050529853	bn:00021410n 0.19793175846666247	bn:00000739n 0.1447681107888562	bn:00067182n 0.0	bn:00046719n 0.0	bn:00025633n 0.0	bn:00006473n 0.0	bn:00028327n 0.0
d004.s002.t008_d004.s002.t008	bn:00067181n 0.4768295721696411	bn:00000739n 0.2594632985210024	bn:00000745n 0.1331988105022313	bn:00021410n 0.13050831880712527	bn:00067182n 0.0	bn:00046719n 0.0	bn:00025633n 0.0	bn:00006473n 0.0	bn:00028327n 0.0
d002.s038.t003_d002.s038.t003	bn:00026980n 0.41053413298863406	bn:00020945n 0.3416635057135534	bn:00054988n 0.24780236129781255	bn:00027356n 0.0	bn:04720494n 0.0	bn:00012992n 0.0	bn:16533697n 0.0	bn:00218853n 0.0	bn:00046956n 0.0	bn:00029807n 0.0	bn:14119589n 0.0
d002.s041.t003_d002.s041.t003	bn:00020945n 0.40246113884457013	bn:00026980n 0.378301423923848	bn:00054988n 0.21923743723158182	bn:00027356n 0.0	bn:04720494n 0.0	bn:00012992n 0.0	bn:16533697n 0.0	bn:00218853n 0.0	bn:00046956n 0.0	bn:00029807n 0.0	bn:14119589n 0.0
d003.s002.t036_d003.s002.t036	NO_MATCH 1.0
d003.s007.t014_d003.s007.t014	NO_MATCH 1.0
d003.s017.t010_d003.s017.t010	NO_MATCH 1.0
d003.s002.t036_d003.s002.t037	bn:01623772n 1.0
d003.s007.t014_d003.s007.t015	bn:01623772n 1.0
d003.s017.t010_d003.s017.t011	bn:01623772n 1.0
d001.s017.t027_d001.s017.t027	bn:00046787n 0.7274658668418758	bn:00074877n 0.27253413315812425	bn:00046786n 0.0	bn:00000903n 0.0	bn:02612589n 0.0
d004.s010.t026_d004.s010.t026	bn:00074877n 0.5118767325270279	bn:00046787n 0.48812326747297213	bn:00046786n 0.0	bn:00000903n 0.0	bn:02612589n 0.0
d004.s010.t029_d004.s010.t029	bn:00074877n 0.5118767325270279	bn:00046787n 0.48812326747297213	bn:00046786n 0.0	bn:00000903n 0.0	bn:02612589n 0.0
d003.s009.t012_d003.s009.t012	bn:00050522n 1.0	bn:02012642n 0.0	bn:08639791n 0.0	bn:00050538n 0.0	bn:00020635n 0.0	bn:00050523n 0.0	bn:00050521n 0.0
d003.s019.t009_d003.s019.t009	bn:00067457n 1.0	bn:00061406n 0.0	bn:00075227n 0.0	bn:00067456n 0.0	bn:00058797n 0.0
d002.s037.t002_d002.s037.t002	bn:00049538n 0.7089132828961514	bn:00024266n 0.2910867171038486	bn:15729460n 0.0	bn:03598521n 0.0	bn:00416511n 0.0	bn:15742096n 0.0	bn:15268499n 0.0	bn:01078217n 0.0	bn:16437817n 0.0	bn:03255453n 0.0	bn:03534188n 0.0	bn:14983291n 0.0	bn:02218753n 0.0	bn:03887285n 0.0	bn:14356451n 0.0	bn:01434404n 0.0	bn:00049765n 0.0	bn:03332850n 0.0	bn:00630442n 0.0	bn:14048315n 0.0	bn:00237993n 0.0	bn:01554435n 0.0	bn:16110286n 0.0	bn:16174385n 0.0	bn:14285842n 0.0	bn:00279005n 0.0
d004.s015.t014_d004.s015.t014	bn:00049551n 1.0
d002.s001.t009_d002.s001.t009	bn:00049910n 0.46782871894210815	bn:00049911n 0.18583409896828024	bn:00006187n 0.1775196566235402	bn:00049915n 0.16881752546607137	bn:00049914n 0.0	bn:00064652n 0.0	bn:00045840n 0.0
d002.s001.t009_d002.s001.t011	bn:00053492n 1.0
d004.s006.t014_d004.s006.t014	bn:00003057n 0.21625237354376164	bn:00050802n 0.15296041851665207	bn:00015499n 0.1301580275542678	bn:00046936n 0.10766280013952949	bn:00010406n 0.10478738545305867	bn:00049912n 0.10137546167681366	bn:00014835n 0.09354379543154046	bn:00042761n 0.09325973768437618	bn:00052476n 0.0	bn:03103700n 0.0	bn:00840781n 0.0
d002.s032.t004_d002.s032.t004	bn:00023140n 0.42761935942499407	bn:00051508n 0.3497883418804259	bn:00047733n 0.22259229869458	bn:17162478n 0.0	bn:02857401n 0.0	bn:00051510n 0.0	bn:00710578n 0.0	bn:00072174n 0.0	bn:16373979n 0.0	bn:16831311n 0.0	bn:00068132n 0.0	bn:01056813n 0.0	bn:11368876n 0.0	bn:00530368n 0.0	bn:00071253n 0.0
d004.s006.t007_d004.s006.t007	bn:00051872n 1.0	bn:16168239n 0.0	bn:03474321n 0.0	bn:01074356n 0.0	bn:17977021n 0.0	bn:01403593n 0.0
d003.s010.t036_d003.s010.t036	bn:00051760n 0.1614008190205844	bn:00051758n 0.15865448199750237	bn:00062704n 0.09498754914602611	bn:00063704n 0.08863355945587058	bn:00051803n 0.08769627349684146	bn:00030615n 0.08745835158902988	bn:00010073n 0.08276540008933396	bn:00062701n 0.08206533484938244	bn:00062699n 0.08106741466071493	bn:00063703n 0.075270815694714	bn:16392170n 0.0	bn:00063705n 0.0	bn:04679230n 0.0	bn:00062709n 0.0	bn:00062703n 0.0	bn:01493691n 0.0	bn:00000356n 0.0	bn:00064158n 0.0	bn:00987361n 0.0	bn:00051035n 0.0	bn:00051754n 0.0	bn:00062708n 0.0	bn:00062702n 0.0	bn:00239986n 0.0	bn:00062700n 0.0
d003.s018.t003_d003.s018.t003	bn:00051758n 0.19276173813419237	bn:00051760n 0.11990552412475342	bn:00062699n 0.10868065310125127	bn:00063704n 0.09131043958887909	bn:00062704n 0.08449995340337836	bn:00010073n 0.08340576576482125	bn:00062701n 0.08248029026747268	bn:00030615n 0.08243702172548206	bn:00051803n 0.07911664012493594	bn:00063703n 0.07540197376483353	bn:16392170n 0.0	bn:00063705n 0.0	bn:04679230n 0.0	bn:00062709n 0.0	bn:00062703n 0.0	bn:01493691n 0.0	bn:00000356n 0.0	bn:00064158n 0.0	bn:00987361n 0.0	bn:00051035n 0.0	bn:00051754n 0.0	bn:00062708n 0.0	bn:00062702n 0.0	bn:00239986n 0.0	bn:00062700n 0.0
d001.s014.t010_d001.s014.t010	bn:00027976n 0.4976047939559294	bn:00028003n 0.2816819532595097	bn:00054102n 0.22071325278456094	bn:00018021n 0.0	bn:00054116n 0.0
d004.s004.t006_d004.s004.t006	NO_MATCH 1.0
d004.s006.t020_d004.s006.t020	NO_MATCH 1.0
d001.s024.t039_d001.s024.t039	bn:00019980n 0.37530573215541413	bn:00053801n 0.22143117284969335	bn:00066295n 0.21081710668668427	bn:00053803n 0.19244598830820836	bn:08331496n 0.0	bn:00053802n 0.0	bn:00031321n 0.0	bn:15358232n 0.0
d002.s010.t023_d002.s010.t023	bn:03313895n 1.0
d001.s033.t010_d001.s033.t010	bn:00074376n 0.40171781696549286	bn:00054001n 0.23235990369796047	bn:00005677n 0.21735586607259763	bn:00007449n 0.1485664132639492	bn:08279709n 0.0	bn:00190614n 0.0	bn:00520776n 0.0	bn:00148776n 0.0	bn:15710077n 0.0	bn:00234839n 0.0	bn:02759305n 0.0	bn:08413404n 0.0	bn:00054149n 0.0
d001.s002.t009_d001.s002.t009	bn:00054128n 0.566117941698714	bn:00061887n 0.433882058301286	bn:00028872n 0.0	bn:00024461n 0.0	bn:00004855n 0.0
d001.s002.t023_d001.s002.t023	bn:00054128n 0.566117941698714	bn:00061887n 0.433882058301286	bn:00028872n 0.0	bn:00024461n 0.0	bn:00004855n 0.0
d001.s010.t010_d001.s010.t010	bn:00054128n 0.6874499894831191	bn:00061887n 0.3125500105168809	bn:00028872n 0.0	bn:00024461n 0.0	bn:00004855n 0.0
d001.s010.t064_d001.s010.t064	bn:00054128n 0.6874499894831191	bn:00061887n 0.3125500105168809	bn:00028872n 0.0	bn:00024461n 0.0	bn:00004855n 0.0
d001.s012.t002_d001.s012.t002	bn:00054128n 0.6162991521641404	bn:00061887n 0.38370084783585956	bn:00028872n 0.0	bn:00024461n 0.0	bn:00004855n 0.0
d001.s023.t012_d001.s023.t012	bn:00054128n 0.6766129070401811	bn:00061887n 0.32338709295981893	bn:00028872n 0.0	bn:00024461n 0.0	bn:00004855n 0.0
d001.s023.t016_d001.s023.t016	bn:00054128n 0.6766129070401811	bn:00061887n 0.32338709295981893	bn:00028872n 0.0	bn:00024461n 0.0	bn:00004855n 0.0
d001.s028.t024_d001.s028.t024	bn:00054128n 0.7863449356576927	bn:00061887n 0.2136550643423073	bn:00028872n 0.0	bn:00024461n 0.0	bn:00004855n 0.0
d001.s029.t009_d001.s029.t009	bn:00054128n 0.7501392652247659	bn:00061887n 0.24986073477523407	bn:00028872n 0.0	bn:00024461n 0.0	bn:00004855n 0.0
d001.s034.t019_d001.s034.t019	bn:00054128n 0.6840325892442698	bn:00061887n 0.3159674107557302	bn:00028872n 0.0	bn:00024461n 0.0	bn:00004855n 0.0
d001.s037.t029_d001.s037.t029	bn:00054128n 0.6744997274907384	bn:00061887n 0.3255002725092616	bn:00028872n 0.0	bn:00024461n 0.0	bn:00004855n 0.0
d004.s002.t023_d004.s002.t023	bn:00054128n 0.5699097276698163	bn:00061887n 0.4300902723301837	bn:00028872n 0.0	bn:00024461n 0.0	bn:00004855n 0.0
d004.s002.t048_d004.s002.t048	bn:00054128n 0.5699097276698163	bn:00061887n 0.4300902723301837	bn:00028872n 0.0	bn:00024461n 0.0	bn:00004855n 0.0
d004.s017.t026_d004.s017.t026	bn:00054128n 0.7287889466947963	bn:00061887n 0.2712110533052037	bn:00028872n 0.0	bn:00024461n 0.0	bn:00004855n 0.0
d004.s019.t012_d004.s019.t012	bn:00054128n 0.5534659746078964	bn:00061887n 0.44653402539210363	bn:00028872n 0.0	bn:00024461n 0.0	bn:00004855n 0.0
d004.s023.t010_d004.s023.t010	bn:00054128n 0.6471710823179249	bn:00061887n 0.35282891768207514	bn:00028872n 0.0	bn:00024461n 0.0	bn:00004855n 0.0
d001.s033.t013_d001.s033.t013	bn:00014710n 0.5667535572443627	bn:00016665n 0.4332464427556373	bn:01276553n 0.0	bn:00055794n 0.0
d001.s033.t028_d001.s033.t028	bn:00014710n 0.5667535572443627	bn:00016665n 0.4332464427556373	bn:01276553n 0.0	bn:00055794n 0.0
d001.s035.t018_d001.s035.t018	bn:00014710n 0.6009637704100416	bn:00016665n 0.39903622958995844	bn:01276553n 0.0	bn:00055794n 0.0
d001.s035.t023_d001.s035.t023	bn:00014710n 0.6009637704100416	bn:00016665n 0.39903622958995844	bn:01276553n 0.0	bn:00055794n 0.0
d001.s036.t018_d001.s036.t018	bn:00014710n 0.596895298920359	bn:00016665n 0.403104701079641	bn:01276553n 0.0	bn:00055794n 0.0
d001.s009.t013_d001.s009.t013	bn:00054512n 1.0
d001.s026.t009_d001.s026.t009	bn:00054512n 1.0
d001.s032.t011_d001.s032.t011	bn:00054512n 1.0
d003.s008.t004_d003.s008.t004	bn:00043479n 1.0	bn:03508178n 0.0	bn:00002936n 0.0	bn:14116914n 0.0	bn:03874620n 0.0	bn:00054550n 0.0	bn:08291016n 0.0	bn:00012790n 0.0	bn:02585299n 0.0
d001.s010.t080_d001.s010.t080	bn:00054585n 1.0
d001.s028.t041_d001.s028.t041	bn:00054585n 1.0
d001.s015.t011_d001.s015.t011	bn:00054025n 0.22336494905879795	bn:00052501n 0.20806358228649688	bn:00053680n 0.193130273227199	bn:00075020n 0.12950749689669486	bn:00079005n 0.12306270726651874	bn:00075016n 0.1228709912642925	bn:16167751n 0.0	bn:00009400n 0.0	bn:08353534n 0.0	bn:15671825n 0.0	bn:00009396n 0.0	bn:02195086n 0.0	bn:08295118n 0.0	bn:00054667n 0.0	bn:00054611n 0.0	bn:03989719n 0.0	bn:03737013n 0.0	bn:03077546n 0.0	bn:00076103n 0.0	bn:03292174n 0.0	bn:03077501n 0.0	bn:15715454n 0.0	bn:02517527n 0.0
d001.s010.t076_d001.s010.t076	bn:00054742n 1.0
d001.s028.t010_d001.s028.t010	bn:00054742n 1.0
d001.s034.t011_d001.s034.t011	bn:00054742n 1.0
d003.s005.t011_d003.s005.t011	bn:00055180n 1.0	bn:15832259n 0.0	bn:03743591n 0.0	bn:00036823n 0.0	bn:08458848n 0.0	bn:00055179n 0.0	bn:15085542n 0.0	bn:00055178n 0.0
d001.s016.t013_d001.s016.t013	bn:00055094n 0.7368492911712429	bn:00044984n 0.26315070882875713	bn:00005459n 0.0	bn:04951789n 0.0	bn:00060969n 0.0	bn:00046942n 0.0	bn:08264708n 0.0	bn:00010728n 0.0
d004.s005.t022_d004.s005.t022	bn:00017123n 0.5532823896671073	bn:00042601n 0.4467176103328927	bn:00042602n 0.0	bn:00602073n 0.0
d001.s011.t018_d001.s011.t018	bn:00749648n 1.0
d002.s013.t010_d002.s013.t010	bn:00056300n 1.0	bn:00046357n 0.0	bn:00041979n 0.0	bn:00037681n 0.0	bn:00056299n 0.0
d002.s035.t002_d002.s035.t002	bn:00056688n 1.0	bn:03830535n 0.0	bn:03806040n 0.0	bn:14983305n 0.0	bn:00058225n 0.0	bn:00731992n 0.0	bn:00029051n 0.0	bn:00238000n 0.0	bn:03752554n 0.0	bn:16174201n 0.0	bn:14318635n 0.0	bn:14356445n 0.0	bn:00006901n 0.0	bn:17565571n 0.0	bn:14024665n 0.0	bn:03303892n 0.0	bn:15958780n 0.0	bn:03650125n 0.0	bn:00308555n 0.0	bn:01513915n 0.0	bn:00817824n 0.0	bn:00056686n 0.0	bn:01835486n 0.0	bn:01858691n 0.0	bn:14620603n 0.0
d004.s005.t006_d004.s005.t006	bn:00059251n 0.5124819390430825	bn:00059252n 0.2580971372691149	bn:00059249n 0.22942092368780262	bn:00214225n 0.0	bn:15347402n 0.0	bn:00817824n 0.0	bn:03866709n 0.0	bn:00059250n 0.0
d001.s024.t027_d001.s024.t027	bn:00008788n 1.0
d003.s011.t014_d003.s011.t014	bn:00058443n 0.35847292624582716	bn:00058445n 0.26221683647876604	bn:00058442n 0.1996427515367731	bn:00074900n 0.1796674857386337	bn:00002178n 0.0	bn:21705913n 0.0	bn:00078011n 0.0	bn:04064026n 0.0	bn:04892946n 0.0	bn:03334078n 0.0	bn:00011744n 0.0	bn:13149446n 0.0	bn:16854696n 0.0
d002.s002.t008_d002.s002.t008	bn:00059129n 0.43200336756253643	bn:00059128n 0.21487005711897553	bn:00054973n 0.20586594586708126	bn:00053826n 0.14726062945140678	bn:00059126n 0.0	bn:00059127n 0.0	bn:03681604n 0.0	bn:03211034n 0.0	bn:05668966n 0.0	bn:15317880n 0.0	bn:00059130n 0.0	bn:00059125n 0.0
d002.s023.t003_d002.s023.t003	bn:00059129n 0.29998465886338005	bn:00059128n 0.25439300933296755	bn:00054973n 0.24775362310097587	bn:00053826n 0.19786870870267653	bn:00059126n 0.0	bn:00059127n 0.0	bn:03681604n 0.0	bn:03211034n 0.0	bn:05668966n 0.0	bn:15317880n 0.0	bn:00059130n 0.0	bn:00059125n 0.0
d002.s028.t010_d002.s028.t010	bn:00059129n 0.3870072118601666	bn:00053826n 0.25376097818381654	bn:00059128n 0.20695373415240328	bn:00054973n 0.15227807580361352	bn:00059126n 0.0	bn:00059127n 0.0	bn:03681604n 0.0	bn:03211034n 0.0	bn:05668966n 0.0	bn:15317880n 0.0	bn:00059130n 0.0	bn:00059125n 0.0
d002.s019.t018_d002.s019.t018	bn:00059141n 0.4206388877970315	bn:00015015n 0.31512490590913217	bn:00053226n 0.26423620629383626	bn:02283006n 0.0	bn:03386475n 0.0	bn:16281811n 0.0	bn:00051853n 0.0	bn:00736975n 0.0	bn:00048262n 0.0	bn:04596570n 0.0	bn:00021882n 0.0	bn:01026649n 0.0
d002.s020.t009_d002.s020.t009	bn:00059141n 0.3996158888393431	bn:00015015n 0.3963182971703273	bn:00053226n 0.20406581399032953	bn:02283006n 0.0	bn:03386475n 0.0	bn:16281811n 0.0	bn:00051853n 0.0	bn:00736975n 0.0	bn:00048262n 0.0	bn:04596570n 0.0	bn:00021882n 0.0	bn:01026649n 0.0
d001.s024.t003_d001.s024.t003	bn:00009677n 1.0	bn:00059485n 0.0	bn:00004257n 0.0
d003.s002.t040_d003.s002.t040	bn:00059480n 0.5888875544094964	bn:00005863n 0.21427514203051956	bn:00059482n 0.19683730355998413
d003.s007.t024_d003.s007.t024	bn:00059480n 0.6042175017146236	bn:00005863n 0.2131044567941842	bn:00059482n 0.1826780414911922	bn:00005866n 0.0	bn:00001423n 0.0	bn:00059481n 0.0	bn:00059483n 0.0
d003.s012.t025_d003.s012.t025	bn:00059480n 0.5884821253832268	bn:00059482n 0.21150040292522804	bn:00005863n 0.20001747169154507	bn:00005866n 0.0	bn:00001423n 0.0	bn:00059481n 0.0	bn:00059483n 0.0
d003.s002.t040_d003.s002.t041	bn:00170328n 1.0
d003.s015.t027_d003.s015.t027	bn:00007406n 1.0	bn:08292056n 0.0	bn:02714209n 0.0
d004.s001.t006_d004.s001.t006	bn:00007096n 1.0	bn:00544135n 0.0	bn:00063584n 0.0	bn:01470912n 0.0	bn:16314689n 0.0	bn:10688730n 0.0	bn:00065080n 0.0	bn:00044996n 0.0
d003.s007.t028_d003.s007.t028	bn:00023236n 0.3158405362736868	bn:00023235n 0.18684237314135416	bn:00064914n 0.15534532756599598	bn:00056913n 0.11638426419901379	bn:00027810n 0.11331985864495162	bn:00023237n 0.11226764017499756	bn:00014397n 0.0	bn:21544059n 0.0	bn:00028934n 0.0	bn:00044488n 0.0
d003.s011.t009_d003.s011.t009	bn:00023236n 0.29032509807800483	bn:00023235n 0.21000763647693796	bn:00056913n 0.1311220123974196	bn:00064914n 0.13026819034728593	bn:00027810n 0.11994660871754115	bn:00023237n 0.1183304539828104	bn:00014397n 0.0	bn:21544059n 0.0	bn:00028934n 0.0	bn:00044488n 0.0
d004.s015.t024_d004.s015.t024	bn:00023236n 0.23860135196441246	bn:00023235n 0.22480423664730817	bn:00023237n 0.15412566373669803	bn:00064914n 0.13180677575175193	bn:00056913n 0.13003082996870075	bn:00027810n 0.1206311419311286	bn:00014397n 0.0	bn:21544059n 0.0	bn:00028934n 0.0	bn:00044488n 0.0
d001.s010.t057_d001.s010.t057	bn:00061017n 1.0	bn:01016961n 0.0	bn:00046816n 0.0	bn:00001742n 0.0	bn:21706499n 0.0
d001.s011.t020_d001.s011.t020	bn:00061017n 1.0	bn:01016961n 0.0	bn:00046816n 0.0	bn:00001742n 0.0	bn:21706499n 0.0
d001.s015.t025_d001.s015.t025	bn:00061017n 1.0	bn:01016961n 0.0	bn:00046816n 0.0	bn:00001742n 0.0	bn:21706499n 0.0
d001.s017.t011_d001.s017.t011	bn:00061017n 1.0	bn:01016961n 0.0	bn:00046816n 0.0	bn:00001742n 0.0	bn:21706499n 0.0
d001.s019.t015_d001.s019.t015	bn:00061017n 1.0	bn:01016961n 0.0	bn:00046816n 0.0	bn:00001742n 0.0	bn:21706499n 0.0
d001.s020.t007_d001.s020.t007	bn:00061017n 1.0	bn:01016961n 0.0	bn:00046816n 0.0	bn:00001742n 0.0	bn:21706499n 0.0
d001.s026.t024_d001.s026.t024	bn:00061017n 1.0	bn:01016961n 0.0	bn:00046816n 0.0	bn:00001742n 0.0	bn:21706499n 0.0
d001.s028.t035_d001.s028.t035	bn:00061017n 1.0	bn:01016961n 0.0	bn:00046816n 0.0	bn:00001742n 0.0	bn:21706499n 0.0
d001.s032.t009_d001.s032.t009	bn:00061017n 1.0	bn:01016961n 0.0	bn:00046816n 0.0	bn:00001742n 0.0	bn:21706499n 0.0
d001.s033.t002_d001.s033.t002	bn:00061017n 1.0	bn:01016961n 0.0	bn:00046816n 0.0	bn:00001742n 0.0	bn:21706499n 0.0
d001.s036.t002_d001.s036.t002	bn:00061017n 1.0	bn:01016961n 0.0	bn:00046816n 0.0	bn:00001742n 0.0	bn:21706499n 0.0
d001.s037.t004_d001.s037.t004	bn:00061017n 1.0	bn:01016961n 0.0	bn:00046816n 0.0	bn:00001742n 0.0	bn:21706499n 0.0
d001.s038.t004_d001.s038.t004	bn:00061017n 1.0	bn:01016961n 0.0	bn:00046816n 0.0	bn:00001742n 0.0	bn:21706499n 0.0
d003.s002.t022_d003.s002.t022	bn:00060464n 0.2639157019173346	bn:00068130n 0.23846429116376905	bn:00017749n 0.21365891074794033	bn:00060465n 0.14351606995836877	bn:00001180n 0.1404450262125872	bn:00062308n 0.0	bn:15519559n 0.0	bn:00036823n 0.0	bn:00036822n 0.0
d003.s009.t045_d003.s009.t045	bn:00060708n 1.0	bn:13602487n 0.0	bn:03308897n 0.0	bn:03639931n 0.0	bn:03645756n 0.0	bn:15495077n 0.0	bn:00060707n 0.0	bn:16544848n 0.0
d003.s009.t054_d003.s009.t054	bn:00060708n 1.0	bn:13602487n 0.0	bn:03308897n 0.0	bn:03639931n 0.0	bn:03645756n 0.0	bn:15495077n 0.0	bn:00060707n 0.0	bn:16544848n 0.0
d001.s010.t051_d001.s010.t051	bn:00021395n 0.13671157956547145	bn:00060770n 0.13399170467793556	bn:00062812n 0.09375852908878811	bn:00017749n 0.07814680279254953	bn:00060765n 0.0745813208880588	bn:00060767n 0.07379092731986679	bn:00060837n 0.07319686791699032	bn:00027912n 0.0725245854042199	bn:00070193n 0.07208626825324935	bn:00060764n 0.07203102138378184	bn:00070190n 0.06190953040506933	bn:00010727n 0.057270862304019225	bn:00042602n 0.0	bn:00036823n 0.0	bn:00060633n 0.0	bn:00060766n 0.0	bn:00060768n 0.0	bn:00024599n 0.0	bn:00070191n 0.0	bn:00036153n 0.0	bn:08449007n 0.0	bn:00042764n 0.0	bn:00080726n 0.0	bn:00025633n 0.0	bn:00013812n 0.0	bn:00062302n 0.0	bn:11373086n 0.0	bn:00077175n 0.0
d001.s021.t018_d001.s021.t018	bn:00021395n 0.17161287388615915	bn:00070190n 0.09076639374437792	bn:00017749n 0.08133544101357892	bn:00010727n 0.08001702772790664	bn:00060765n 0.07567935667752176	bn:00060837n 0.07410121712809573	bn:00070193n 0.0725407804488249	bn:00060767n 0.07230432590096106	bn:00060764n 0.07148052602756452	bn:00027912n 0.07131082214087481	bn:00060770n 0.07063789442862944	bn:00062812n 0.06821334087550518	bn:00042602n 0.0	bn:00036823n 0.0	bn:00060633n 0.0	bn:00060766n 0.0	bn:00060768n 0.0	bn:00024599n 0.0	bn:00070191n 0.0	bn:00036153n 0.0	bn:08449007n 0.0	bn:00042764n 0.0	bn:00080726n 0.0	bn:00025633n 0.0	bn:00013812n 0.0	bn:00062302n 0.0	bn:11373086n 0.0	bn:00077175n 0.0
d003.s003.t032_d003.s003.t032	bn:00021395n 0.1970398971260566	bn:00060770n 0.08958934133361368	bn:00060765n 0.0824534097590408	bn:00062812n 0.07839115827158949	bn:00070193n 0.0756682814912822	bn:00060764n 0.07131429428622076	bn:00070190n 0.07119426416113726	bn:00060837n 0.07062509045416121	bn:00027912n 0.06935663854454069	bn:00060767n 0.06881305052703847	bn:00010727n 0.06707504963748914	bn:00017749n 0.058479524407830025	bn:00042602n 0.0	bn:00036823n 0.0	bn:00060633n 0.0	bn:00060766n 0.0	bn:00060768n 0.0	bn:00024599n 0.0	bn:00070191n 0.0	bn:00036153n 0.0	bn:08449007n 0.0	bn:00042764n 0.0	bn:00080726n 0.0	bn:00025633n 0.0	bn:00013812n 0.0	bn:00062302n 0.0	bn:11373086n 0.0	bn:00077175n 0.0
d003.s006.t023_d003.s006.t023	bn:00031333n 0.6317741004802099	bn:00030844n 0.3682258995197901	bn:00047081n 0.0	bn:00070915n 0.0	bn:00022269n 0.0	bn:00617343n 0.0	bn:13605630n 0.0	bn:00047387n 0.0	bn:08355197n 0.0	bn:00058166n 0.0
d003.s012.t019_d003.s012.t019	bn:00009656n 1.0	bn:00022334n 0.0	bn:00042117n 0.0	bn:00042118n 0.0	bn:00009654n 0.0	bn:00042107n 0.0	bn:00023853n 0.0	bn:00073805n 0.0	bn:00079682n 0.0	bn:00581987n 0.0	bn:00042116n 0.0
d001.s023.t008_d001.s023.t008	bn:00602447n 1.0
d001.s024.t006_d001.s024.t006	bn:00602447n 1.0
d003.s021.t027_d003.s021.t030	bn:14588708n 1.0
d004.s011.t011_d004.s011.t011	bn:00070056n 0.20016067637786206	bn:00016665n 0.13316039852696043	bn:00061605n 0.10898915438414455	bn:00040167n 0.10206903274107999	bn:00077311n 0.10028259026666758	bn:00031353n 0.0997590589579684	bn:00045520n 0.09772959533294298	bn:00061606n 0.0903439253027629	bn:00031261n 0.06750556810961121	bn:03749002n 0.0	bn:00061898n 0.0	bn:00077268n 0.0	bn:00060969n 0.0	bn:00029243n 0.0	bn:00074310n 0.0	bn:15152711n 0.0	bn:00207123n 0.0	bn:00027751n 0.0	bn:00061607n 0.0	bn:00054358n 0.0	bn:00036471n 0.0
d004.s022.t022_d004.s022.t024	bn:00061605n 1.0
d001.s016.t009_d001.s016.t009	bn:00061571n 1.0
d004.s009.t004_d004.s009.t004	bn:00015267n 1.0	bn:03738366n 0.0	bn:00013851n 0.0	bn:02131177n 0.0	bn:01212153n 0.0	bn:01145916n 0.0	bn:16031465n 0.0	bn:00008602n 0.0	bn:02902211n 0.0	bn:00044981n 0.0	bn:15022048n 0.0
d004.s015.t012_d004.s015.t012	bn:00015267n 1.0	bn:03738366n 0.0	bn:00013851n 0.0	bn:02131177n 0.0	bn:01212153n 0.0	bn:01145916n 0.0	bn:16031465n 0.0	bn:00008602n 0.0	bn:02902211n 0.0	bn:00044981n 0.0	bn:15022048n 0.0
d004.s015.t017_d004.s015.t017	bn:00015267n 1.0	bn:03738366n 0.0	bn:00013851n 0.0	bn:02131177n 0.0	bn:01212153n 0.0	bn:01145916n 0.0	bn:16031465n 0.0	bn:00008602n 0.0	bn:02902211n 0.0	bn:00044981n 0.0	bn:15022048n 0.0
d004.s017.t030_d004.s017.t030	bn:00015267n 1.0	bn:03738366n 0.0	bn:00013851n 0.0	bn:02131177n 0.0	bn:01212153n 0.0	bn:01145916n 0.0	bn:16031465n 0.0	bn:00008602n 0.0	bn:02902211n 0.0	bn:00044981n 0.0	bn:15022048n 0.0
d004.s018.t005_d004.s018.t005	bn:00015267n 1.0	bn:03738366n 0.0	bn:00013851n 0.0	bn:02131177n 0.0	bn:01212153n 0.0	bn:01145916n 0.0	bn:16031465n 0.0	bn:00008602n 0.0	bn:02902211n 0.0	bn:00044981n 0.0	bn:15022048n 0.0
d002.s005.t016_d002.s005.t016	bn:00046516n 0.5852222258061478	bn:00061715n 0.2244753836670976	bn:00023661n 0.19030239052675457	bn:17005610n 0.0	bn:00061714n 0.0	bn:01698802n 0.0	bn:14504203n 0.0	bn:03167741n 0.0	bn:00044576n 0.0	bn:00143547n 0.0	bn:13451858n 0.0	bn:16812685n 0.0	bn:00053097n 0.0	bn:01487948n 0.0	bn:00034390n 0.0	bn:00017749n 0.0	bn:00926569n 0.0	bn:03744775n 0.0	bn:00045042n 0.0	bn:00045971n 0.0	bn:01566880n 0.0
d004.s023.t006_d004.s023.t006	bn:00046516n 0.5753437076270632	bn:00061715n 0.23282089360416583	bn:00023661n 0.1918353987687708	bn:17005610n 0.0	bn:00061714n 0.0	bn:01698802n 0.0	bn:14504203n 0.0	bn:03167741n 0.0	bn:00044576n 0.0	bn:00143547n 0.0	bn:13451858n 0.0	bn:16812685n 0.0	bn:00053097n 0.0	bn:01487948n 0.0	bn:00034390n 0.0	bn:00017749n 0.0	bn:00926569n 0.0	bn:03744775n 0.0	bn:00045042n 0.0	bn:00045971n 0.0	bn:01566880n 0.0
d003.s013.t012_d003.s013.t012	bn:00042833n 0.4209219306079259	bn:00036054n 0.34215306271079304	bn:00035770n 0.2369250066812812	bn:00061744n 0.0	bn:00021353n 0.0	bn:00061723n 0.0	bn:00073805n 0.0	bn:00073803n 0.0	bn:00030616n 0.0	bn:01697313n 0.0	bn:00073801n 0.0	bn:16933384n 0.0	bn:16560497n 0.0
d001.s015.t023_d001.s015.t023	bn:00054686n 0.267181051927373	bn:00020700n 0.1294315306777986	bn:00061774n 0.128127319286093	bn:00024253n 0.12399791206739395	bn:00018378n 0.12360914773944258	bn:00080831n 0.11569397495922698	bn:00075770n 0.11195906334267176	bn:00080832n 0.0	bn:00013486n 0.0	bn:00050870n 0.0	bn:04241511n 0.0	bn:19848348n 0.0	bn:14677533n 0.0	bn:00050430n 0.0	bn:00011779n 0.0	bn:00080833n 0.0	bn:00028187n 0.0	bn:00001597n 0.0	bn:00061773n 0.0	bn:16355262n 0.0	bn:00013941n 0.0	bn:01062534n 0.0	bn:00071283n 0.0	bn:00043535n 0.0	bn:03138601n 0.0	bn:02132727n 0.0
d004.s017.t014_d004.s017.t014	bn:00062717n 1.0	bn:01751974n 0.0	bn:00278074n 0.0	bn:00062718n 0.0
d004.s017.t033_d004.s017.t033	bn:00062717n 1.0	bn:01751974n 0.0	bn:00278074n 0.0	bn:00062718n 0.0
d003.s010.t017_d003.s010.t017	bn:00063351n 0.4437424525070852	bn:00063330n 0.1672157403943162	bn:00063329n 0.1349307644781496	bn:00041192n 0.1345090678547714	bn:00063356n 0.11960197476567748	bn:04596498n 0.0	bn:21705859n 0.0	bn:00046997n 0.0	bn:00063277n 0.0	bn:00063357n 0.0	bn:16678299n 0.0
d001.s006.t004_d001.s006.t004	bn:00020230n 0.5081069898343005	bn:00029192n 0.2837171154820898	bn:00063926n 0.20817589468360986	bn:00029193n 0.0	bn:00025634n 0.0	bn:00006453n 0.0	bn:03168766n 0.0	bn:14178890n 0.0	bn:00016124n 0.0
d002.s014.t005_d002.s014.t005	bn:00041585n 0.34129942237698513	bn:00063940n 0.27620696534562456	bn:00063941n 0.19409218652592594	bn:00029877n 0.18840142575146432	bn:00032362n 0.0	bn:02691795n 0.0	bn:00030160n 0.0	bn:00063864n 0.0	bn:00063863n 0.0	bn:00198197n 0.0	bn:00448735n 0.0	bn:04061107n 0.0	bn:01714039n 0.0	bn:00032355n 0.0	bn:00054902n 0.0	bn:00047042n 0.0	bn:03486682n 0.0
d002.s016.t002_d002.s016.t002	bn:00063940n 0.34080829693776543	bn:00041585n 0.2820049022712052	bn:00029877n 0.19156222955029295	bn:00063941n 0.1856245712407363	bn:00032362n 0.0	bn:02691795n 0.0	bn:00030160n 0.0	bn:00063864n 0.0	bn:00063863n 0.0	bn:00198197n 0.0	bn:00448735n 0.0	bn:04061107n 0.0	bn:01714039n 0.0	bn:00032355n 0.0	bn:00054902n 0.0	bn:00047042n 0.0	bn:03486682n 0.0
d003.s010.t015_d003.s010.t015	bn:00063989n 0.3271858671291727	bn:00028736n 0.28870296950751206	bn:00063991n 0.2085802125983107	bn:00061054n 0.17553095076500438	bn:03930390n 0.0	bn:00063990n 0.0	bn:03205233n 0.0
d001.s020.t009_d001.s020.t009	bn:00078425n 0.4244572805250589	bn:00014139n 0.1544345393455139	bn:00078426n 0.1517767660090882	bn:00064526n 0.13711965408398516	bn:00002171n 0.13221176003635396	bn:00012327n 0.0	bn:00064527n 0.0	bn:00027787n 0.0	bn:00042847n 0.0	bn:00048242n 0.0	bn:00064528n 0.0	bn:00078424n 0.0	bn:06009467n 0.0	bn:00027043n 0.0	bn:00027042n 0.0	bn:00071428n 0.0	bn:00027041n 0.0	bn:00049200n 0.0	bn:01731068n 0.0
d002.s028.t027_d002.s028.t027	NO_MATCH 1.0
d001.s021.t013_d001.s021.t013	bn:00021045n 0.41617976774136334	bn:00056300n 0.2089107060442211	bn:00054416n 0.1944798121467406	bn:00064585n 0.180429714067675	bn:00064584n 0.0	bn:00254490n 0.0	bn:00058291n 0.0	bn:00064586n 0.0	bn:00053827n 0.0	bn:01704754n 0.0	bn:00018121n 0.0	bn:00034385n 0.0
d002.s046.t003_d002.s046.t003	bn:00076429n 0.4115032770228764	bn:00021492n 0.21034072335496237	bn:00021497n 0.20645658021212018	bn:00023295n 0.171699419410041	bn:00001967n 0.0	bn:00036957n 0.0	bn:03127028n 0.0	bn:00064647n 0.0	bn:00064646n 0.0	bn:04613337n 0.0	bn:00062759n 0.0	bn:00062942n 0.0	bn:00062899n 0.0	bn:00010393n 0.0	bn:00062760n 0.0	bn:00013235n 0.0	bn:00069568n 0.0
d003.s019.t002_d003.s019.t002	bn:00049573n 1.0	bn:03453952n 0.0	bn:03158994n 0.0	bn:00064665n 0.0	bn:00079984n 0.0	bn:00026536n 0.0	bn:00011593n 0.0	bn:03623538n 0.0	bn:00028549n 0.0	bn:00069579n 0.0	bn:00019587n 0.0
d003.s022.t008_d003.s022.t008	bn:00049573n 1.0	bn:03453952n 0.0	bn:03158994n 0.0	bn:00064665n 0.0	bn:00079984n 0.0	bn:00026536n 0.0	bn:00011593n 0.0	bn:03623538n 0.0	bn:00028549n 0.0	bn:00069579n 0.0	bn:00019587n 0.0
d001.s009.t021_d001.s009.t021	bn:00052341n 1.0	bn:00012073n 0.0	bn:00256260n 0.0
d001.s010.t073_d001.s010.t073	bn:00052341n 1.0	bn:00012073n 0.0	bn:00256260n 0.0
d001.s028.t008_d001.s028.t008	bn:00052341n 1.0	bn:00012073n 0.0	bn:00256260n 0.0
d001.s029.t036_d001.s029.t036	bn:00052341n 1.0	bn:00012073n 0.0	bn:00256260n 0.0
d001.s034.t009_d001.s034.t009	bn:00052341n 1.0	bn:00012073n 0.0	bn:00256260n 0.0
d002.s045.t002_d002.s045.t002	bn:00065472n 1.0	bn:14356311n 0.0	bn:00177690n 0.0	bn:03297013n 0.0	bn:02070027n 0.0	bn:08446400n 0.0	bn:03442320n 0.0	bn:02546699n 0.0	bn:00641001n 0.0	bn:03202567n 0.0	bn:03611242n 0.0	bn:14454353n 0.0	bn:03315015n 0.0	bn:00065726n 0.0	bn:15482259n 0.0	bn:03172671n 0.0	bn:16905386n 0.0	bn:00371192n 0.0	bn:01108201n 0.0	bn:04255322n 0.0	bn:14220324n 0.0
d001.s010.t062_d001.s010.t062	bn:00018141n 1.0
d001.s011.t030_d001.s011.t030	bn:00018141n 1.0
d001.s014.t016_d001.s014.t016	bn:00018141n 1.0
d001.s026.t029_d001.s026.t029	bn:00018141n 1.0
d001.s028.t045_d001.s028.t045	bn:00018141n 1.0
d001.s029.t031_d001.s029.t031	bn:00018141n 1.0
d001.s035.t007_d001.s035.t007	bn:00018141n 1.0
d001.s036.t008_d001.s036.t008	bn:00018141n 1.0
d004.s013.t004_d004.s013.t004	bn:00065899n 0.3156029717604452	bn:00066515n 0.2959442973778101	bn:00066514n 0.2017278693747908	bn:00007828n 0.18672486148695383	bn:00021221n 0.0	bn:14945754n 0.0	bn:00066499n 0.0	bn:03875786n 0.0	bn:03269845n 0.0	bn:00016711n 0.0	bn:08440818n 0.0	bn:00066495n 0.0	bn:15507132n 0.0	bn:00066493n 0.0
d001.s012.t007_d001.s012.t007	bn:00031708n 1.0	bn:00035960n 0.0	bn:03877095n 0.0	bn:00064195n 0.0
d001.s012.t007_d001.s012.t008	bn:00031708n 1.0
d004.s017.t002_d004.s017.t002	bn:00021961n 0.5953339325453827	bn:00069750n 0.2538607377965799	bn:00034520n 0.15080532965803745	bn:00001873n 0.0	bn:00004452n 0.0
d001.s021.t008_d001.s021.t008	bn:00000489n 1.0	bn:00075142n 0.0	bn:01131992n 0.0	bn:16217932n 0.0	bn:00059928n 0.0	bn:00075149n 0.0	bn:00068412n 0.0	bn:00031259n 0.0	bn:01041081n 0.0	bn:00068568n 0.0	bn:00022018n 0.0	bn:00181556n 0.0	bn:00000398n 0.0	bn:00027062n 0.0
d001.s009.t018_d001.s009.t018	bn:00020185n 1.0	bn:02344192n 0.0	bn:00005094n 0.0	bn:00067551n 0.0	bn:02196279n 0.0	bn:00066025n 0.0	bn:00024992n 0.0	bn:00059888n 0.0	bn:02344191n 0.0	bn:00019392n 0.0	bn:00058240n 0.0	bn:00049692n 0.0	bn:00080337n 0.0
d004.s024.t005_d004.s024.t005	bn:00030747n 1.0	bn:03112050n 0.0	bn:03169164n 0.0	bn:01804728n 0.0	bn:02025184n 0.0	bn:00025171n 0.0
d002.s043.t002_d002.s043.t002	bn:00006846n 0.4983593530880125	bn:00068673n 0.2684913945356569	bn:00068672n 0.2331492523763307	bn:00755698n 0.0	bn:03297747n 0.0	bn:00029053n 0.0	bn:03161389n 0.0	bn:00071519n 0.0	bn:00633859n 0.0	bn:14318387n 0.0	bn:14318781n 0.0	bn:16174249n 0.0	bn:16066840n 0.0	bn:03126412n 0.0	bn:01939187n 0.0	bn:08348796n 0.0	bn:16068338n 0.0	bn:01834130n 0.0	bn:16174275n 0.0	bn:03196172n 0.0	bn:03752579n 0.0	bn:14356322n 0.0	bn:03423778n 0.0	bn:01434426n 0.0	bn:00069061n 0.0	bn:03137359n 0.0	bn:14835970n 0.0	bn:01097524n 0.0	bn:03316348n 0.0	bn:00672297n 0.0	bn:08287764n 0.0	bn:16718308n 0.0	bn:00054702n 0.0
d002.s024.t007_d002.s024.t007	bn:00075652n 0.7148529115761479	bn:00002823n 0.28514708842385206	bn:01492018n 0.0	bn:01738734n 0.0	bn:00009192n 0.0	bn:00075653n 0.0	bn:00070445n 0.0	bn:17246923n 0.0	bn:00049881n 0.0	bn:16354521n 0.0
d002.s024.t025_d002.s024.t025	bn:00075652n 0.7148529115761479	bn:00002823n 0.28514708842385206	bn:01492018n 0.0	bn:01738734n 0.0	bn:00009192n 0.0	bn:00075653n 0.0	bn:00070445n 0.0	bn:17246923n 0.0	bn:00049881n 0.0	bn:16354521n 0.0
d003.s018.t014_d003.s018.t015	bn:02708132n 1.0
d001.s016.t007_d001.s016.t007	bn:00043484n 0.7193784504717499	bn:00080813n 0.28062154952825014	bn:14772105n 0.0	bn:00014711n 0.0	bn:03881781n 0.0
d002.s011.t007_d002.s011.t007	bn:00070494n 0.15428272744559474	bn:00046139n 0.14959674989729646	bn:00021927n 0.10995235531445986	bn:00002181n 0.10831521840014462	bn:00021164n 0.10534122075413235	bn:00054009n 0.10441528601581727	bn:00070497n 0.09244347160591732	bn:00070498n 0.09187467658968818	bn:00059509n 0.08377829397694914	bn:08308699n 0.0	bn:00066069n 0.0	bn:00070499n 0.0	bn:03351152n 0.0	bn:00027352n 0.0	bn:00021951n 0.0	bn:00034011n 0.0	bn:00028724n 0.0	bn:00004500n 0.0
d003.s003.t025_d003.s003.t025	bn:00070651n 0.18248700637468593	bn:00032645n 0.1527515233425414	bn:00015106n 0.13128303096978433	bn:00044916n 0.12697549154043114	bn:00027898n 0.10669698083196867	bn:00070652n 0.10439342954123693	bn:00070653n 0.09973289257521331	bn:00070659n 0.09567964482413843	bn:00019956n 0.0	bn:00070656n 0.0	bn:00070655n 0.0	bn:00070647n 0.0	bn:00046921n 0.0	bn:03286676n 0.0	bn:00070665n 0.0	bn:00070654n 0.0	bn:00009020n 0.0	bn:03503074n 0.0	bn:03880841n 0.0	bn:03387424n 0.0
d003.s004.t013_d003.s004.t013	bn:00015106n 0.19701678120917626	bn:00032645n 0.16656582858728736	bn:00070651n 0.12333147371597991	bn:00044916n 0.11036914956248392	bn:00070659n 0.10409411815576441	bn:00070652n 0.10162409066915369	bn:00027898n 0.09920261962888517	bn:00070653n 0.09779593847126943	bn:00019956n 0.0	bn:00070656n 0.0	bn:00070655n 0.0	bn:00070647n 0.0	bn:00046921n 0.0	bn:03286676n 0.0	bn:00070665n 0.0	bn:00070654n 0.0	bn:00009020n 0.0	bn:03503074n 0.0	bn:03880841n 0.0	bn:03387424n 0.0
d003.s005.t038_d003.s005.t038	bn:00015106n 0.23898666105566713	bn:00070651n 0.1525185926388652	bn:00027898n 0.10878631984719671	bn:00070659n 0.10643331275832933	bn:00070652n 0.10287631237174516	bn:00044916n 0.10162427130706078	bn:00070653n 0.09641936696817183	bn:00032645n 0.0923551630529638	bn:00070671n 0.0	bn:00020920n 0.0	bn:03391347n 0.0	bn:00070677n 0.0	bn:00003336n 0.0	bn:00080534n 0.0
d003.s020.t008_d003.s020.t008	bn:00037634n 0.6683483989590123	bn:00070772n 0.3316516010409877	bn:02079568n 0.0	bn:00037633n 0.0	bn:17975781n 0.0	bn:00024039n 0.0	bn:16104355n 0.0	bn:00070773n 0.0	bn:00070774n 0.0
d004.s013.t013_d004.s013.t013	bn:00075762n 0.34533534934705423	bn:00075759n 0.12204982016719187	bn:00005863n 0.11694171919224855	bn:00075760n 0.11471940913616493	bn:00075763n 0.11059588344217085	bn:00069580n 0.10509784696651046	bn:00075761n 0.08525997174865912	bn:01012745n 0.0	bn:02581454n 0.0	bn:01657858n 0.0	bn:03654714n 0.0	bn:16974126n 0.0	bn:14360366n 0.0	bn:00075764n 0.0	bn:15125301n 0.0	bn:18590376n 0.0
d001.s006.t011_d001.s006.t011	bn:00072760n 1.0	bn:00034919n 0.0	bn:00405734n 0.0	bn:00034921n 0.0	bn:00004452n 0.0	bn:00067339n 0.0	bn:00072761n 0.0
d004.s004.t016_d004.s004.t016	bn:00072760n 1.0	bn:00034919n 0.0	bn:00405734n 0.0	bn:00034921n 0.0	bn:00004452n 0.0	bn:00067339n 0.0	bn:00072761n 0.0
d002.s013.t006_d002.s013.t006	bn:00001296n 0.6850787973180616	bn:00003601n 0.31492120268193835	bn:01142750n 0.0	bn:08910458n 0.0	bn:07487377n 0.0	bn:16538470n 0.0	bn:00003604n 0.0	bn:00931387n 0.0	bn:01520330n 0.0	bn:08417822n 0.0	bn:08470828n 0.0	bn:00876917n 0.0	bn:00002008n 0.0	bn:04259578n 0.0	bn:00075141n 0.0
d001.s015.t014_d001.s015.t014	bn:00005513n 0.5629570203249753	bn:00075373n 0.2517911165003543	bn:00075374n 0.18525186317467043	bn:08288117n 0.0	bn:02146864n 0.0	bn:17203600n 0.0	bn:00075387n 0.0	bn:08278157n 0.0	bn:00029430n 0.0	bn:00005518n 0.0	bn:00001018n 0.0	bn:00001014n 0.0
d001.s015.t014_d001.s015.t015	bn:03551355n 1.0
d003.s005.t028_d003.s005.t028	bn:00056025n 0.29941674805538593	bn:00007985n 0.19206279485937183	bn:00022157n 0.12642025332159013	bn:00045803n 0.11508109786368094	bn:00067703n 0.10720937083995632	bn:00021410n 0.09083126970224588	bn:00008793n 0.06897846535776889	bn:00074900n 0.0	bn:00022154n 0.0	bn:01440907n 0.0	bn:00043267n 0.0	bn:00047690n 0.0	bn:04603301n 0.0	bn:13845352n 0.0	bn:00798964n 0.0
d002.s042.t005_d002.s042.t005	bn:00076732n 0.6841594196320777	bn:00053870n 0.2051220976061257	bn:00069638n 0.11071848276179663	bn:00049912n 0.0
d002.s042.t013_d002.s042.t013	bn:00076732n 0.6841594196320777	bn:00053870n 0.2051220976061257	bn:00069638n 0.11071848276179663	bn:00049912n 0.0
d002.s048.t008_d002.s048.t008	bn:00076732n 0.5192073471486925	bn:00069638n 0.29269677022385737	bn:00053870n 0.18809588262745014	bn:00049912n 0.0
d001.s009.t009_d001.s009.t009	bn:00016413n 0.36960864255617715	bn:00035907n 0.14538868385841924	bn:00072856n 0.1257706723277406	bn:00078799n 0.12417691935890207	bn:00017803n 0.11906585053464804	bn:00078800n 0.11598923136411293	bn:00011241n 0.0	bn:00028240n 0.0	bn:03881611n 0.0	bn:00001546n 0.0	bn:09288982n 0.0	bn:00016414n 0.0	bn:00078798n 0.0	bn:00011777n 0.0	bn:00078801n 0.0	bn:00014190n 0.0	bn:00073211n 0.0	bn:00012592n 0.0	bn:00078802n 0.0	bn:00004756n 0.0	bn:18921049n 0.0
d001.s011.t028_d001.s011.t028	bn:00016413n 0.2586978433471621	bn:00078799n 0.2076408601337772	bn:00072856n 0.14930537522370668	bn:00035907n 0.1314220649601613	bn:00078800n 0.12856993078845885	bn:00017803n 0.12436392554673405	bn:00011241n 0.0	bn:00028240n 0.0	bn:03881611n 0.0	bn:00001546n 0.0	bn:09288982n 0.0	bn:00016414n 0.0	bn:00078798n 0.0	bn:00011777n 0.0	bn:00078801n 0.0	bn:00014190n 0.0	bn:00073211n 0.0	bn:00012592n 0.0	bn:00078802n 0.0	bn:00004756n 0.0	bn:18921049n 0.0
d001.s017.t021_d001.s017.t021	bn:00016413n 0.3186190816391494	bn:00078799n 0.16093316915068273	bn:00072856n 0.15126218631720942	bn:00017803n 0.13035043473055982	bn:00078800n 0.12461725061356345	bn:00035907n 0.11421787754883499	bn:00011241n 0.0	bn:00028240n 0.0	bn:03881611n 0.0	bn:00001546n 0.0	bn:09288982n 0.0	bn:00016414n 0.0	bn:00078798n 0.0	bn:00011777n 0.0	bn:00078801n 0.0	bn:00014190n 0.0	bn:00073211n 0.0	bn:00012592n 0.0	bn:00078802n 0.0	bn:00004756n 0.0	bn:18921049n 0.0
d001.s025.t002_d001.s025.t002	bn:00016413n 0.28639765500596415	bn:00078799n 0.17897505192584753	bn:00035907n 0.1475848687508826	bn:00017803n 0.13990227449994638	bn:00072856n 0.12711894201372073	bn:00078800n 0.1200212078036386	bn:00011241n 0.0	bn:00028240n 0.0	bn:03881611n 0.0	bn:00001546n 0.0	bn:09288982n 0.0	bn:00016414n 0.0	bn:00078798n 0.0	bn:00011777n 0.0	bn:00078801n 0.0	bn:00014190n 0.0	bn:00073211n 0.0	bn:00012592n 0.0	bn:00078802n 0.0	bn:00004756n 0.0	bn:18921049n 0.0
d002.s029.t004_d002.s029.t006	bn:03403506n 1.0
d003.s018.t026_d003.s018.t026	bn:00047795n 1.0	bn:00064681n 0.0	bn:17277923n 0.0	bn:00081593n 0.0	bn:00042955n 0.0	bn:04801100n 0.0	bn:00081605n 0.0	bn:00030618n 0.0	bn:16457020n 0.0	bn:00077490n 0.0
d003.s019.t031_d003.s019.t031	bn:00047795n 1.0	bn:00064681n 0.0	bn:17277923n 0.0	bn:00081593n 0.0	bn:00042955n 0.0	bn:04801100n 0.0	bn:00081605n 0.0	bn:00030618n 0.0	bn:16457020n 0.0	bn:00077490n 0.0
d003.s006.t028_d003.s006.t028	bn:00030616n 0.1371020424379259	bn:00049571n 0.12448012686533473	bn:00081569n 0.10308163710316541	bn:00081568n 0.09849163949715214	bn:00062309n 0.07980511024934872	bn:00030625n 0.0750532904225363	bn:00014138n 0.07350037819127579	bn:00021410n 0.06628307550415226	bn:00081580n 0.06592826954274104	bn:00048239n 0.06254705944504493	bn:00081570n 0.06144631905362573	bn:00049570n 0.05228105168769706	bn:00020628n 0.0	bn:04591277n 0.0	bn:00049578n 0.0	bn:00157422n 0.0	bn:00528423n 0.0	bn:00048240n 0.0	bn:00018756n 0.0	bn:00048237n 0.0	bn:00894737n 0.0	bn:02968850n 0.0	bn:00012441n 0.0	bn:00019587n 0.0	bn:00074791n 0.0	bn:14959529n 0.0	bn:14138510n 0.0	bn:00051072n 0.0
d003.s010.t038_d003.s010.t038	bn:00030616n 0.2210228430251135	bn:00021410n 0.08526281242791978	bn:00030625n 0.08516521003104806	bn:00081570n 0.08280388380966244	bn:00062309n 0.07357033210788483	bn:00049570n 0.06924810416985133	bn:00081568n 0.06915238845039914	bn:00081569n 0.06665191853035812	bn:00081580n 0.0653257418395281	bn:00049571n 0.06260952225867193	bn:00014138n 0.06183867982199997	bn:00048239n 0.05734856352756265	bn:00020628n 0.0	bn:04591277n 0.0	bn:00049578n 0.0	bn:00157422n 0.0	bn:00528423n 0.0	bn:00048240n 0.0	bn:00018756n 0.0	bn:00048237n 0.0	bn:00894737n 0.0	bn:02968850n 0.0	bn:00012441n 0.0	bn:00019587n 0.0	bn:00074791n 0.0	bn:14959529n 0.0	bn:14138510n 0.0	bn:00051072n 0.0
d001.s003.t010_d001.s003.t010	bn:00076843n 0.7848413740544375	bn:00042823n 0.21515862594556245	bn:00078127n 0.0	bn:00047235n 0.0	bn:01731949n 0.0	bn:00064545n 0.0	bn:00035925n 0.0	bn:03875171n 0.0	bn:01213159n 0.0
d001.s017.t033_d001.s017.t033	bn:00076843n 0.7536375619658967	bn:00042823n 0.2463624380341033	bn:00078127n 0.0	bn:00047235n 0.0	bn:01731949n 0.0	bn:00064545n 0.0	bn:00035925n 0.0	bn:03875171n 0.0	bn:01213159n 0.0
d001.s019.t007_d001.s019.t007	bn:00076843n 0.7746007634869345	bn:00042823n 0.22539923651306548	bn:00078127n 0.0	bn:00047235n 0.0	bn:01731949n 0.0	bn:00064545n 0.0	bn:00035925n 0.0	bn:03875171n 0.0	bn:01213159n 0.0
d001.s026.t007_d001.s026.t007	bn:00076843n 0.6894652834715741	bn:00042823n 0.3105347165284259	bn:00078127n 0.0	bn:00047235n 0.0	bn:01731949n 0.0	bn:00064545n 0.0	bn:00035925n 0.0	bn:03875171n 0.0	bn:01213159n 0.0
d001.s028.t004_d001.s028.t004	bn:00076843n 0.8283074967469664	bn:00042823n 0.17169250325303365	bn:00078127n 0.0	bn:00047235n 0.0	bn:01731949n 0.0	bn:00064545n 0.0	bn:00035925n 0.0	bn:03875171n 0.0	bn:01213159n 0.0
d001.s034.t003_d001.s034.t003	bn:00076843n 0.7565329480681071	bn:00042823n 0.24346705193189289	bn:00078127n 0.0	bn:00047235n 0.0	bn:01731949n 0.0	bn:00064545n 0.0	bn:00035925n 0.0	bn:03875171n 0.0	bn:01213159n 0.0
d004.s009.t023_d004.s009.t023	bn:00076843n 0.7113722311096664	bn:00042823n 0.2886277688903336	bn:00078127n 0.0	bn:00047235n 0.0	bn:01731949n 0.0	bn:00064545n 0.0	bn:00035925n 0.0	bn:03875171n 0.0	bn:01213159n 0.0
d004.s010.t009_d004.s010.t009	bn:00076843n 0.6063475468524031	bn:00042823n 0.3936524531475969	bn:00078127n 0.0	bn:00047235n 0.0	bn:01731949n 0.0	bn:00064545n 0.0	bn:00035925n 0.0	bn:03875171n 0.0	bn:01213159n 0.0
d004.s010.t021_d004.s010.t021	bn:00076843n 0.6063475468524031	bn:00042823n 0.3936524531475969	bn:00078127n 0.0	bn:00047235n 0.0	bn:01731949n 0.0	bn:00064545n 0.0	bn:00035925n 0.0	bn:03875171n 0.0	bn:01213159n 0.0
d004.s017.t037_d004.s017.t037	bn:00076843n 0.7724926739199942	bn:00042823n 0.2275073260800058	bn:00078127n 0.0	bn:00047235n 0.0	bn:01731949n 0.0	bn:00064545n 0.0	bn:00035925n 0.0	bn:03875171n 0.0	bn:01213159n 0.0
d004.s018.t002_d004.s018.t002	bn:00076843n 0.7769380653473987	bn:00042823n 0.22306193465260127	bn:00078127n 0.0	bn:00047235n 0.0	bn:01731949n 0.0	bn:00064545n 0.0	bn:00035925n 0.0	bn:03875171n 0.0	bn:01213159n 0.0
d004.s020.t017_d004.s020.t017	bn:00076843n 0.7860204014700659	bn:00042823n 0.2139795985299341	bn:00078127n 0.0	bn:00047235n 0.0	bn:01731949n 0.0	bn:00064545n 0.0	bn:00035925n 0.0	bn:03875171n 0.0	bn:01213159n 0.0
d004.s022.t035_d004.s022.t035	bn:00076843n 0.6695105868610044	bn:00042823n 0.3304894131389956	bn:00078127n 0.0	bn:00047235n 0.0	bn:01731949n 0.0	bn:00064545n 0.0	bn:00035925n 0.0	bn:03875171n 0.0	bn:01213159n 0.0
d001.s028.t004_d001.s028.t006	bn:01853831n 1.0
d004.s009.t023_d004.s009.t025	bn:01853831n 1.0
d001.s028.t004_d001.s028.t008	bn:02016079n 1.0
d001.s010.t017_d001.s010.t017	bn:00057267n 1.0	bn:10422036n 0.0	bn:15087009n 0.0
d002.s020.t021_d002.s020.t021	bn:00079373n 1.0	bn:01322530n 0.0	bn:00032337n 0.0	bn:02763770n 0.0	bn:16060211n 0.0	bn:00080753n 0.0
d002.s027.t007_d002.s027.t007	bn:00079373n 1.0	bn:01322530n 0.0	bn:00032337n 0.0	bn:02763770n 0.0	bn:16060211n 0.0	bn:00080753n 0.0
d003.s002.t050_d003.s002.t050	bn:00079373n 1.0	bn:01322530n 0.0	bn:00032337n 0.0	bn:02763770n 0.0	bn:16060211n 0.0	bn:00080753n 0.0
d003.s003.t019_d003.s003.t019	bn:00079373n 1.0	bn:01322530n 0.0	bn:00032337n 0.0	bn:02763770n 0.0	bn:16060211n 0.0	bn:00080753n 0.0
d001.s018.t021_d001.s018.t021	bn:00027565n 1.0	bn:00013851n 0.0	bn:00008567n 0.0	bn:00030543n 0.0
d004.s008.t008_d004.s008.t008	bn:00027565n 1.0	bn:00013851n 0.0	bn:00008567n 0.0	bn:00030543n 0.0
d004.s009.t010_d004.s009.t010	bn:00027565n 1.0	bn:00013851n 0.0	bn:00008567n 0.0	bn:00030543n 0.0
d004.s009.t032_d004.s009.t032	bn:00027565n 1.0	bn:00013851n 0.0	bn:00008567n 0.0	bn:00030543n 0.0
d004.s010.t023_d004.s010.t023	bn:00027565n 1.0	bn:00013851n 0.0	bn:00008567n 0.0	bn:00030543n 0.0
d004.s017.t019_d004.s017.t019	bn:00027565n 1.0	bn:00013851n 0.0	bn:00008567n 0.0	bn:00030543n 0.0
d004.s017.t043_d004.s017.t043	bn:00027565n 1.0	bn:00013851n 0.0	bn:00008567n 0.0	bn:00030543n 0.0
d004.s018.t007_d004.s018.t007	bn:00027565n 1.0	bn:00013851n 0.0	bn:00008567n 0.0	bn:00030543n 0.0
d004.s018.t017_d004.s018.t017	bn:00027565n 1.0	bn:00013851n 0.0	bn:00008567n 0.0	bn:00030543n 0.0
d004.s020.t004_d004.s020.t004	bn:00027565n 1.0	bn:00013851n 0.0	bn:00008567n 0.0	bn:00030543n 0.0
d004.s020.t026_d004.s020.t026	bn:00027565n 1.0	bn:00013851n 0.0	bn:00008567n 0.0	bn:00030543n 0.0
d002.s021.t009_d002.s021.t009	bn:00017368n 0.25212000396536693	bn:00029680n 0.1988698606106464	bn:00079508n 0.11844592382524656	bn:00058151n 0.11467531386472743	bn:00079510n 0.10739795476660849	bn:00079511n 0.10636872600000982	bn:00079509n 0.10212221696739422	bn:00026476n 0.0	bn:00081660n 0.0	bn:00005928n 0.0	bn:00504684n 0.0	bn:00012840n 0.0	bn:00064307n 0.0	bn:08409411n 0.0	bn:00012157n 0.0	bn:00011850n 0.0	bn:00007767n 0.0	bn:00042293n 0.0	bn:08469652n 0.0	bn:00043384n 0.0	bn:00031333n 0.0	bn:00012839n 0.0	bn:00037094n 0.0	bn:21131218n 0.0	bn:02590755n 0.0
d002.s034.t007_d002.s034.t007	bn:00017368n 0.25101911036397706	bn:00029680n 0.21127137967380483	bn:00079508n 0.11828065342302835	bn:00058151n 0.1161933280739816	bn:00079510n 0.10359890484830879	bn:00079511n 0.10186347056507719	bn:00079509n 0.09777315305182209	bn:00026476n 0.0	bn:00081660n 0.0	bn:00005928n 0.0	bn:00504684n 0.0	bn:00012840n 0.0	bn:00064307n 0.0	bn:08409411n 0.0	bn:00012157n 0.0	bn:00011850n 0.0	bn:00007767n 0.0	bn:00042293n 0.0	bn:08469652n 0.0	bn:00043384n 0.0	bn:00031333n 0.0	bn:00012839n 0.0	bn:00037094n 0.0	bn:21131218n 0.0	bn:02590755n 0.0
d001.s030.t010_d001.s030.t010	bn:00031973n 0.5198338756118875	bn:00077416n 0.2540003615912719	bn:00005120n 0.22616576279684072	bn:02827420n 0.0	bn:00006502n 0.0	bn:00986295n 0.0	bn:00005121n 0.0	bn:00005164n 0.0	bn:00006501n 0.0
d002.s017.t006_d002.s017.t006	bn:00079583n 0.6292654278488512	bn:00079581n 0.3707345721511488	bn:14817685n 0.0	bn:00079582n 0.0	bn:02394228n 0.0	bn:00079580n 0.0
d002.s021.t012_d002.s021.t012	bn:00079583n 0.6831383858546183	bn:00079581n 0.3168616141453817	bn:14817685n 0.0	bn:00079582n 0.0	bn:02394228n 0.0	bn:00079580n 0.0
d002.s032.t007_d002.s032.t007	bn:00079583n 0.6805222320765376	bn:00079581n 0.3194777679234624	bn:14817685n 0.0	bn:00079582n 0.0	bn:02394228n 0.0	bn:00079580n 0.0
d002.s034.t010_d002.s034.t010	bn:00079583n 0.7022343127051568	bn:00079581n 0.2977656872948432	bn:14817685n 0.0	bn:00079582n 0.0	bn:02394228n 0.0	bn:00079580n 0.0
d001.s006.t017_d001.s006.t017	bn:00079681n 1.0	bn:11367809n 0.0	bn:00055130n 0.0	bn:00051675n 0.0	bn:00074585n 0.0	bn:14148061n 0.0	bn:00057344n 0.0
d002.s006.t008_d002.s006.t008	bn:00081285n 0.5964691718677466	bn:00081292n 0.4035308281322534	bn:01783319n 0.0	bn:00081286n 0.0	bn:14958204n 0.0	bn:00081290n 0.0	bn:03338860n 0.0
d002.s008.t002_d002.s008.t002	bn:00081285n 0.5632602853543915	bn:00081292n 0.43673971464560846	bn:01783319n 0.0	bn:00081286n 0.0	bn:14958204n 0.0	bn:00081290n 0.0	bn:03338860n 0.0
d004.s002.t026_d004.s002.t026	bn:00079883n 1.0	bn:00079888n 0.0
d004.s015.t021_d004.s015.t021	bn:00079883n 1.0	bn:00079888n 0.0
d004.s020.t018_d004.s020.t018	bn:00079883n 1.0	bn:00079888n 0.0
d004.s022.t016_d004.s022.t016	bn:00016401n 1.0	bn:00510668n 0.0	bn:00019848n 0.0	bn:00510667n 0.0
d004.s022.t029_d004.s022.t029	bn:00016401n 1.0	bn:00510668n 0.0	bn:00019848n 0.0	bn:00510667n 0.0
d003.s009.t052_d003.s009.t052	bn:00079435n 1.0	bn:00079921n 0.0	bn:00073171n 0.0	bn:00070483n 0.0	bn:00017517n 0.0
d003.s003.t035_d003.s003.t036	bn:02021819n 1.0
d001.s017.t023_d001.s017.t023	bn:00080147n 1.0
d001.s017.t029_d001.s017.t029	bn:00080147n 1.0
