d001.s016.t014_d001.s016.t014	bn:00000902n 1.0	bn:00052223n 0.0	bn:00000919n 0.0	bn:00076169n 0.0	bn:00000903n 0.0
d001.s016.t014_d001.s016.t015	bn:00035585n 1.0
d002.s013.t006_d002.s013.t006	bn:00001296n 1.0	bn:00001293n 0.0
d001.s015.t020_d001.s015.t020	bn:00062643n 0.36715833137606285	bn:00080605n 0.18581993783628753	bn:00044124n 0.16490425860840213	bn:00043546n 0.14116302464653632	bn:00043545n 0.14095444753271136	bn:15202413n 0.0	bn:00044125n 0.0	bn:00074066n 0.0	bn:03366031n 0.0	bn:00003111n 0.0	bn:00003143n 0.0	bn:00041354n 0.0	bn:04514631n 0.0	bn:00074917n 0.0	bn:00043544n 0.0
d004.s015.t031_d004.s015.t031	bn:00003341n 0.6835857197778852	bn:00003342n 0.3164142802221148	bn:08996972n 0.0	bn:01017138n 0.0	bn:00706871n 0.0	bn:11364716n 0.0	bn:01589392n 0.0	bn:03614991n 0.0	bn:02104355n 0.0	bn:11360876n 0.0	bn:16840100n 0.0	bn:01858849n 0.0	bn:00535440n 0.0	bn:03565276n 0.0	bn:02507833n 0.0	bn:02379573n 0.0	bn:03817107n 0.0	bn:15119503n 0.0	bn:01568772n 0.0	bn:10475122n 0.0	bn:08901680n 0.0
d001.s009.t029_d001.s009.t029	bn:00006236n 1.0
d004.s015.t016_d004.s015.t016	bn:00004222n 1.0	bn:17786954n 0.0	bn:02354949n 0.0
d004.s017.t031_d004.s017.t031	bn:00004222n 1.0	bn:17786954n 0.0	bn:02354949n 0.0
d004.s018.t016_d004.s018.t016	bn:00004222n 1.0	bn:17786954n 0.0	bn:02354949n 0.0
d004.s023.t020_d004.s023.t020	bn:00004222n 1.0	bn:17786954n 0.0	bn:02354949n 0.0
d003.s015.t025_d003.s015.t025	bn:00014712n 0.3387359244308684	bn:00006662n 0.3319132674356232	bn:00001937n 0.32935080813350825	bn:00004401n 0.0	bn:00004379n 0.0	bn:15499130n 0.0	bn:00001939n 0.0	bn:15148334n 0.0	bn:14358905n 0.0	bn:00025459n 0.0	bn:00081856n 0.0	bn:00081857n 0.0	bn:00000145n 0.0	bn:00078738n 0.0	bn:00019477n 0.0
d001.s017.t014_d001.s017.t014	bn:00004656n 1.0
d004.s008.t004_d004.s008.t004	bn:00004656n 1.0
d001.s022.t034_d001.s022.t034	bn:00004691n 1.0
d003.s005.t039_d003.s005.t039	bn:00055177n 0.4346307849553291	bn:00067038n 0.19191517335669736	bn:00002155n 0.1914735508192969	bn:00002157n 0.18198049086867657	bn:00047369n 0.0	bn:00002154n 0.0	bn:13601815n 0.0	bn:00007013n 0.0
d001.s017.t036_d001.s017.t036	bn:00006561n 0.37054945656997057	bn:00022107n 0.2567614357310226	bn:00006559n 0.19448756249290064	bn:00006562n 0.1782015452061063	bn:02353484n 0.0	bn:03204436n 0.0	bn:00000676n 0.0	bn:00030627n 0.0	bn:00030626n 0.0	bn:00006560n 0.0	bn:00030933n 0.0	bn:00006564n 0.0
d003.s002.t025_d003.s002.t025	bn:00001961n 0.28290451381380766	bn:00007299n 0.20211695025692045	bn:00007300n 0.1871640585912647	bn:00007293n 0.17325390311381653	bn:00007301n 0.15456057422419064	bn:00067253n 0.0	bn:00042120n 0.0	bn:00046697n 0.0	bn:16139329n 0.0	bn:08914422n 0.0	bn:02969641n 0.0	bn:14125003n 0.0	bn:17642843n 0.0
d003.s010.t039_d003.s010.t039	bn:00022811n 0.4963817454793427	bn:00014136n 0.17347554020819933	bn:00021286n 0.16565519032289916	bn:00016473n 0.1644875239895588	bn:00073910n 0.0	bn:01090673n 0.0	bn:17799204n 0.0	bn:00033676n 0.0	bn:00014160n 0.0	bn:00014137n 0.0	bn:17002929n 0.0
d003.s022.t010_d003.s022.t010	bn:00009714n 1.0
d002.s036.t002_d002.s036.t002	bn:00014379n 0.555351521649801	bn:00014377n 0.22997404583065456	bn:00014374n 0.21467443251954452	bn:03297747n 0.0	bn:15729359n 0.0	bn:01513896n 0.0	bn:00016957n 0.0	bn:16174429n 0.0	bn:00003612n 0.0	bn:00014373n 0.0	bn:00000009n 0.0	bn:03770218n 0.0	bn:03171085n 0.0	bn:01939147n 0.0	bn:00629004n 0.0	bn:00006890n 0.0	bn:03752573n 0.0	bn:00015129n 0.0	bn:03423774n 0.0	bn:03277073n 0.0	bn:02449894n 0.0	bn:16174448n 0.0	bn:03637497n 0.0	bn:07075368n 0.0	bn:00004141n 0.0	bn:01434340n 0.0
d002.s009.t016_d002.s009.t016	bn:00023140n 0.7263290891769025	bn:00014689n 0.27367091082309747	bn:00014692n 0.0	bn:00014690n 0.0	bn:00014693n 0.0	bn:00014694n 0.0	bn:00051542n 0.0	bn:00014688n 0.0	bn:00005164n 0.0	bn:10464210n 0.0	bn:00003797n 0.0
d002.s009.t007_d002.s009.t007	bn:00017609n 0.22460560279071107	bn:00034269n 0.10952066233351203	bn:00010805n 0.09014741923262207	bn:00034274n 0.08935818852577028	bn:00007985n 0.08532210798079892	bn:00006752n 0.0837221727668982	bn:00034268n 0.08317768848021982	bn:00034267n 0.0809459277112877	bn:00076525n 0.07863557605746778	bn:00034273n 0.07456465412071211	bn:11367259n 0.0	bn:03407694n 0.0	bn:00023237n 0.0	bn:00034266n 0.0	bn:00202905n 0.0	bn:11379718n 0.0	bn:11381173n 0.0	bn:11396673n 0.0	bn:00003268n 0.0	bn:11375627n 0.0	bn:00005516n 0.0	bn:11385866n 0.0	bn:11393418n 0.0	bn:00034265n 0.0	bn:00045000n 0.0	bn:14168965n 0.0	bn:03720299n 0.0	bn:00015036n 0.0	bn:03550998n 0.0	bn:11373689n 0.0	bn:00775533n 0.0	bn:03163042n 0.0	bn:11392123n 0.0	bn:01247226n 0.0	bn:00999261n 0.0	bn:03991885n 0.0	bn:03229395n 0.0	bn:15328372n 0.0	bn:15311706n 0.0	bn:00034270n 0.0	bn:03521981n 0.0	bn:11365169n 0.0	bn:00015037n 0.0	bn:00915509n 0.0	bn:03553045n 0.0	bn:11387464n 0.0	bn:08842731n 0.0	bn:02600037n 0.0	bn:21272633n 0.0	bn:11377871n 0.0	bn:00034275n 0.0	bn:08891519n 0.0	bn:03137422n 0.0	bn:04240241n 0.0	bn:11372001n 0.0	bn:04102676n 0.0	bn:03501641n 0.0	bn:04240932n 0.0	bn:15224042n 0.0
d004.s009.t023_d004.s009.t023	bn:00015180n 0.4434484023129756	bn:00015182n 0.20420541013973378	bn:00015183n 0.18869703061270962	bn:00057267n 0.16364915693458096	bn:00015276n 0.0	bn:00015184n 0.0	bn:00015181n 0.0	bn:17368456n 0.0
d004.s009.t004_d004.s009.t004	bn:00015267n 0.4479514363654578	bn:00020265n 0.3136219238373059	bn:00011025n 0.23842663979723638	bn:13873851n 0.0	bn:11381226n 0.0	bn:02131177n 0.0	bn:00044981n 0.0	bn:03801797n 0.0	bn:00023518n 0.0	bn:11393437n 0.0	bn:00007888n 0.0	bn:04105220n 0.0	bn:00046326n 0.0	bn:00008602n 0.0	bn:16386499n 0.0	bn:00404793n 0.0	bn:01655400n 0.0	bn:11380542n 0.0
d004.s015.t011_d004.s015.t011	bn:00015267n 0.5237661228818773	bn:00020265n 0.24748237446498889	bn:00011025n 0.22875150265313382	bn:13873851n 0.0	bn:11381226n 0.0	bn:02131177n 0.0	bn:00044981n 0.0	bn:03801797n 0.0	bn:00023518n 0.0	bn:11393437n 0.0	bn:00007888n 0.0	bn:04105220n 0.0	bn:00046326n 0.0	bn:00008602n 0.0	bn:16386499n 0.0	bn:00404793n 0.0	bn:01655400n 0.0	bn:11380542n 0.0
d004.s017.t016_d004.s017.t016	bn:00015267n 0.523274295348886	bn:00011025n 0.23985935436427047	bn:00020265n 0.23686635028684344	bn:13873851n 0.0	bn:11381226n 0.0	bn:02131177n 0.0	bn:00044981n 0.0	bn:03801797n 0.0	bn:00023518n 0.0	bn:11393437n 0.0	bn:00007888n 0.0	bn:04105220n 0.0	bn:00046326n 0.0	bn:00008602n 0.0	bn:16386499n 0.0	bn:00404793n 0.0	bn:01655400n 0.0	bn:11380542n 0.0
d004.s018.t005_d004.s018.t005	bn:00015267n 0.48576976536695227	bn:00011025n 0.28746611242831493	bn:00020265n 0.22676412220473277	bn:13873851n 0.0	bn:11381226n 0.0	bn:02131177n 0.0	bn:00044981n 0.0	bn:03801797n 0.0	bn:00023518n 0.0	bn:11393437n 0.0	bn:00007888n 0.0	bn:04105220n 0.0	bn:00046326n 0.0	bn:00008602n 0.0	bn:16386499n 0.0	bn:00404793n 0.0	bn:01655400n 0.0	bn:11380542n 0.0
d004.s019.t015_d004.s019.t015	bn:00015267n 0.5122370329206863	bn:00020265n 0.26803417607764785	bn:00011025n 0.21972879100166579	bn:13873851n 0.0	bn:11381226n 0.0	bn:02131177n 0.0	bn:00044981n 0.0	bn:03801797n 0.0	bn:00023518n 0.0	bn:11393437n 0.0	bn:00007888n 0.0	bn:04105220n 0.0	bn:00046326n 0.0	bn:00008602n 0.0	bn:16386499n 0.0	bn:00404793n 0.0	bn:01655400n 0.0	bn:11380542n 0.0
d001.s010.t065_d001.s010.t065	bn:00015910n 1.0	bn:00015180n 0.0	bn:00057267n 0.0
d001.s027.t005_d001.s027.t005	bn:00015910n 1.0	bn:00015180n 0.0	bn:00057267n 0.0
d001.s033.t006_d001.s033.t006	bn:00015910n 1.0	bn:00015180n 0.0	bn:00057267n 0.0
d001.s027.t005_d001.s027.t006	bn:00052343n 1.0
d001.s033.t006_d001.s033.t007	bn:00052343n 1.0
d002.s047.t005_d002.s047.t005	bn:00012528n 1.0	bn:11385909n 0.0	bn:11359595n 0.0	bn:14188856n 0.0	bn:11388962n 0.0	bn:21169701n 0.0	bn:11392836n 0.0	bn:00741942n 0.0	bn:20262111n 0.0	bn:11362637n 0.0	bn:11364097n 0.0	bn:11361377n 0.0	bn:11400808n 0.0	bn:03518686n 0.0	bn:11371823n 0.0	bn:11355217n 0.0	bn:00073714n 0.0	bn:00024256n 0.0	bn:01462362n 0.0	bn:11384840n 0.0
d003.s016.t021_d003.s016.t021	bn:00016403n 0.580204383413802	bn:00072264n 0.22312453367729304	bn:00016850n 0.196671082908905	bn:11389003n 0.0	bn:10343831n 0.0	bn:00066443n 0.0	bn:00015051n 0.0	bn:00001134n 0.0	bn:01827365n 0.0	bn:00016845n 0.0	bn:08935369n 0.0	bn:00016851n 0.0	bn:00041881n 0.0	bn:00047078n 0.0
d001.s010.t070_d001.s010.t070	bn:00017027n 1.0	bn:00002287n 0.0	bn:00207133n 0.0	bn:00014536n 0.0
d001.s022.t018_d001.s022.t018	bn:00017027n 1.0	bn:00002287n 0.0	bn:00207133n 0.0	bn:00014536n 0.0
d001.s022.t025_d001.s022.t025	bn:00017027n 1.0	bn:00830705n 0.0
d001.s023.t035_d001.s023.t035	bn:00017027n 1.0	bn:00002287n 0.0	bn:00207133n 0.0	bn:00014536n 0.0
d001.s027.t010_d001.s027.t010	bn:00017027n 1.0	bn:00002287n 0.0	bn:00207133n 0.0	bn:00014536n 0.0
d001.s033.t011_d001.s033.t011	bn:00017027n 1.0	bn:00002287n 0.0	bn:00207133n 0.0	bn:00014536n 0.0
d001.s036.t014_d001.s036.t014	bn:00017027n 1.0	bn:00830705n 0.0
d001.s037.t009_d001.s037.t009	bn:00017027n 1.0	bn:00830705n 0.0
d001.s010.t080_d001.s010.t081	bn:00073708n 1.0
d001.s036.t014_d001.s036.t015	bn:00073708n 1.0
d001.s010.t063_d001.s010.t063	bn:00018141n 1.0
d001.s011.t030_d001.s011.t030	bn:00018141n 1.0
d001.s014.t017_d001.s014.t017	bn:00018141n 1.0
d001.s027.t049_d001.s027.t049	bn:00018141n 1.0
d001.s028.t035_d001.s028.t035	bn:00018141n 1.0
d001.s034.t010_d001.s034.t010	bn:00018141n 1.0
d001.s035.t011_d001.s035.t011	bn:00018141n 1.0
d004.s009.t015_d004.s009.t015	bn:00018141n 1.0
d002.s052.t005_d002.s052.t005	bn:00020726n 0.49844827653395435	bn:00060187n 0.26380571598393043	bn:00075106n 0.2377460074821153	bn:20210222n 0.0	bn:00018869n 0.0	bn:09070780n 0.0	bn:00020730n 0.0	bn:08905037n 0.0
d001.s002.t009_d001.s002.t009	bn:00011638n 0.4981313999368947	bn:00019284n 0.2937655099253701	bn:00021015n 0.20810309013773517	bn:14288547n 0.0	bn:15233077n 0.0	bn:09080725n 0.0
d003.s009.t040_d003.s009.t040	bn:00021015n 0.405091429105187	bn:00019284n 0.3387618033642976	bn:00011638n 0.25614676753051535	bn:14288547n 0.0	bn:15233077n 0.0	bn:09080725n 0.0
d003.s009.t062_d003.s009.t062	bn:00021015n 0.405091429105187	bn:00019284n 0.3387618033642976	bn:00011638n 0.25614676753051535	bn:14288547n 0.0	bn:15233077n 0.0	bn:09080725n 0.0
d003.s005.t003_d003.s005.t003	bn:00021015n 0.4108736273374136	bn:00021016n 0.3938606209640575	bn:00011638n 0.195265751698529	bn:13899293n 0.0	bn:03471676n 0.0	bn:00868415n 0.0	bn:00031480n 0.0	bn:00059308n 0.0	bn:14527452n 0.0	bn:00021020n 0.0	bn:00021021n 0.0	bn:03676537n 0.0
d003.s009.t035_d003.s009.t035	bn:00021015n 0.503936785368305	bn:00021016n 0.336718199558159	bn:00011638n 0.15934501507353593	bn:13899293n 0.0	bn:03471676n 0.0	bn:00868415n 0.0	bn:00031480n 0.0	bn:00059308n 0.0	bn:14527452n 0.0	bn:00021020n 0.0	bn:00021021n 0.0	bn:03676537n 0.0
d002.s005.t020_d002.s005.t020	bn:00030716n 0.32572293925988044	bn:00020452n 0.2459837821676458	bn:00005134n 0.2383320998532637	bn:00000991n 0.18996117871920998	bn:00046904n 0.0	bn:00064625n 0.0	bn:00007498n 0.0	bn:00022116n 0.0	bn:00041430n 0.0	bn:00000992n 0.0	bn:00021911n 0.0	bn:00049376n 0.0	bn:00021951n 0.0
d002.s008.t011_d002.s008.t011	bn:00020953n 0.47879463522545507	bn:00022087n 0.2789134813779796	bn:00014448n 0.2422918833965653	bn:11369967n 0.0	bn:15675849n 0.0	bn:00020949n 0.0	bn:04034591n 0.0	bn:02617074n 0.0	bn:00561126n 0.0	bn:01204733n 0.0	bn:00011644n 0.0	bn:00022001n 0.0	bn:00022002n 0.0	bn:01718691n 0.0	bn:16418481n 0.0	bn:00019751n 0.0	bn:03354830n 0.0	bn:09063827n 0.0	bn:02967638n 0.0
d002.s030.t002_d002.s030.t002	bn:00020953n 0.42845028570824306	bn:00022087n 0.33478380021120047	bn:00014448n 0.23676591408055642	bn:11369967n 0.0	bn:15675849n 0.0	bn:00020949n 0.0	bn:04034591n 0.0	bn:02617074n 0.0	bn:00561126n 0.0	bn:01204733n 0.0	bn:00011644n 0.0	bn:00022001n 0.0	bn:00022002n 0.0	bn:01718691n 0.0	bn:16418481n 0.0	bn:00019751n 0.0	bn:03354830n 0.0	bn:09063827n 0.0	bn:02967638n 0.0
d002.s035.t003_d002.s035.t003	bn:00020953n 0.4199780970452618	bn:00022087n 0.3248813947165474	bn:00014448n 0.2551405082381908	bn:11369967n 0.0	bn:15675849n 0.0	bn:00020949n 0.0	bn:04034591n 0.0	bn:02617074n 0.0	bn:00561126n 0.0	bn:01204733n 0.0	bn:00011644n 0.0	bn:00022001n 0.0	bn:00022002n 0.0	bn:01718691n 0.0	bn:16418481n 0.0	bn:00019751n 0.0	bn:03354830n 0.0	bn:09063827n 0.0	bn:02967638n 0.0
d004.s023.t017_d004.s023.t017	bn:00022118n 0.7024516043842799	bn:00022119n 0.2975483956157201	bn:13627721n 0.0	bn:17804896n 0.0	bn:00022117n 0.0	bn:15463959n 0.0	bn:00022112n 0.0	bn:00022113n 0.0	bn:14383959n 0.0	bn:03195957n 0.0	bn:00080118n 0.0
d001.s010.t050_d001.s010.t050	bn:00014512n 0.23992655845734784	bn:00032685n 0.18041809988706684	bn:00011744n 0.13926259485610298	bn:00035769n 0.1296918655751429	bn:00011747n 0.11482880361438413	bn:00011745n 0.09829871791464537	bn:00011746n 0.09757335969530995	bn:00034597n 0.0	bn:17458282n 0.0	bn:03119994n 0.0	bn:08843017n 0.0	bn:03799012n 0.0	bn:09067190n 0.0	bn:00046300n 0.0	bn:00016332n 0.0	bn:08914411n 0.0	bn:21169783n 0.0	bn:00006640n 0.0	bn:00022826n 0.0	bn:14263042n 0.0	bn:00011748n 0.0
d001.s016.t012_d001.s016.t012	bn:00001507n 1.0
d004.s009.t021_d004.s009.t021	bn:00024461n 0.36107626618781585	bn:00007026n 0.16574916256030464	bn:00047235n 0.16450795258727355	bn:00016015n 0.15878202697239266	bn:00002157n 0.1498845916922132	bn:02862539n 0.0	bn:00002155n 0.0	bn:00016084n 0.0	bn:00024485n 0.0	bn:11396667n 0.0	bn:00016012n 0.0	bn:16760897n 0.0	bn:03734029n 0.0	bn:00076843n 0.0	bn:00778502n 0.0
d004.s015.t018_d004.s015.t018	bn:00024461n 0.4552433542108083	bn:00016015n 0.1539086754013981	bn:00007026n 0.15069221085860035	bn:00047235n 0.13250896218682148	bn:00002157n 0.10764679734237174	bn:02862539n 0.0	bn:00002155n 0.0	bn:00016084n 0.0	bn:00024485n 0.0	bn:11396667n 0.0	bn:00016012n 0.0	bn:16760897n 0.0	bn:03734029n 0.0	bn:00076843n 0.0	bn:00778502n 0.0
d004.s020.t004_d004.s020.t004	bn:00024461n 0.4066935816039879	bn:00047235n 0.16258538458063496	bn:00007026n 0.15312149631652874	bn:00016015n 0.14569469854465664	bn:00002157n 0.1319048389541919	bn:02862539n 0.0	bn:00002155n 0.0	bn:00016084n 0.0	bn:00024485n 0.0	bn:11396667n 0.0	bn:00016012n 0.0	bn:16760897n 0.0	bn:03734029n 0.0	bn:00076843n 0.0	bn:00778502n 0.0
d004.s009.t021_d004.s009.t023	bn:00058966n 1.0
d002.s023.t002_d002.s023.t002	bn:00025928n 1.0	bn:00025923n 0.0	bn:00070725n 0.0	bn:00025929n 0.0	bn:00030486n 0.0
d003.s009.t046_d003.s009.t046	bn:00026427n 1.0	bn:00054280n 0.0	bn:00026025n 0.0	bn:00047203n 0.0	bn:00006493n 0.0	bn:15815450n 0.0	bn:00026425n 0.0	bn:00021852n 0.0
d003.s009.t015_d003.s009.t015	bn:00067810n 1.0	bn:00067811n 0.0	bn:08915509n 0.0	bn:00067850n 0.0	bn:00067808n 0.0	bn:11366391n 0.0	bn:00067809n 0.0	bn:00067818n 0.0	bn:13100763n 0.0	bn:00399713n 0.0
d004.s010.t016_d004.s010.t016	bn:00027011n 0.6551133666881787	bn:00027012n 0.34488663331182134	bn:00027014n 0.0	bn:00027013n 0.0	bn:02410672n 0.0	bn:15222462n 0.0	bn:13881776n 0.0
d003.s007.t011_d003.s007.t011	bn:00032179n 1.0	bn:17780630n 0.0	bn:00027367n 0.0	bn:00008639n 0.0	bn:14242089n 0.0	bn:04707974n 0.0	bn:00043259n 0.0	bn:00043325n 0.0	bn:00001436n 0.0
d003.s020.t020_d003.s020.t020	bn:00027538n 1.0	bn:00027539n 0.0
d003.s021.t011_d003.s021.t011	bn:00027538n 1.0	bn:00027539n 0.0
d001.s004.t014_d001.s004.t014	bn:00005599n 0.6831964921026722	bn:00005601n 0.3168035078973278	bn:00027544n 0.0	bn:00268450n 0.0	bn:00025621n 0.0	bn:00029212n 0.0	bn:00027523n 0.0	bn:14596540n 0.0
d001.s017.t030_d001.s017.t030	bn:00025982n 1.0	bn:00791022n 0.0	bn:00025983n 0.0	bn:01604744n 0.0	bn:13606689n 0.0
d001.s022.t021_d001.s022.t021	bn:00027911n 0.2501829448472729	bn:00027917n 0.2482180394708603	bn:00027914n 0.20885428783676108	bn:00027919n 0.16238505599714156	bn:00027920n 0.1303596718479643	bn:00044906n 0.0	bn:03090733n 0.0	bn:00062148n 0.0	bn:00027886n 0.0	bn:00027913n 0.0	bn:00027912n 0.0	bn:00027915n 0.0	bn:03139448n 0.0	bn:01209763n 0.0	bn:00005706n 0.0	bn:00019480n 0.0	bn:17112627n 0.0
d002.s013.t012_d002.s013.t012	bn:00027919n 0.2831704416574229	bn:00027911n 0.2426994396394515	bn:00027917n 0.18179676483096574	bn:00027914n 0.14861962964692194	bn:00027920n 0.14371372422523795	bn:00044906n 0.0	bn:03090733n 0.0	bn:00062148n 0.0	bn:00027886n 0.0	bn:00027913n 0.0	bn:00027912n 0.0	bn:00027915n 0.0	bn:03139448n 0.0	bn:01209763n 0.0	bn:00005706n 0.0	bn:00019480n 0.0	bn:17112627n 0.0
d004.s005.t020_d004.s005.t020	bn:00027911n 0.2658081881408347	bn:00027917n 0.23451814657880557	bn:00027914n 0.18777264473326397	bn:00027920n 0.16996304060233652	bn:00027919n 0.14193797994475926	bn:00044906n 0.0	bn:03090733n 0.0	bn:00062148n 0.0	bn:00027886n 0.0	bn:00027913n 0.0	bn:00027912n 0.0	bn:00027915n 0.0	bn:03139448n 0.0	bn:01209763n 0.0	bn:00005706n 0.0	bn:00019480n 0.0	bn:17112627n 0.0
d002.s008.t023_d002.s008.t023	bn:00026967n 1.0	bn:00075728n 0.0	bn:01743012n 0.0
d001.s023.t027_d001.s023.t027	bn:00026301n 1.0	bn:15350727n 0.0	bn:14512870n 0.0	bn:13844656n 0.0	bn:14901011n 0.0	bn:08995786n 0.0	bn:21327353n 0.0	bn:08911714n 0.0	bn:17164478n 0.0	bn:13956192n 0.0	bn:03066956n 0.0
d004.s002.t003_d004.s002.t003	bn:00028018n 0.2529187305960469	bn:00028016n 0.15151721745993046	bn:00015915n 0.14200373367498342	bn:00028015n 0.13344276014940618	bn:00044259n 0.11359191767697907	bn:00025320n 0.10433158263615606	bn:00028017n 0.10219405780649808	bn:00066578n 0.0	bn:08875504n 0.0
d001.s015.t002_d001.s015.t002	bn:00028320n 1.0	bn:13808383n 0.0	bn:00339117n 0.0	bn:00003602n 0.0	bn:00028319n 0.0	bn:04156872n 0.0	bn:00933971n 0.0	bn:03145071n 0.0
d001.s018.t011_d001.s018.t011	bn:00028320n 1.0	bn:13808383n 0.0	bn:00339117n 0.0	bn:00003602n 0.0	bn:00028319n 0.0	bn:04156872n 0.0	bn:00933971n 0.0	bn:03145071n 0.0
d004.s022.t010_d004.s022.t010	bn:00028320n 1.0	bn:13808383n 0.0	bn:00339117n 0.0	bn:00003602n 0.0	bn:00028319n 0.0	bn:04156872n 0.0	bn:00933971n 0.0	bn:03145071n 0.0
d004.s022.t016_d004.s022.t016	bn:00028320n 1.0	bn:13808383n 0.0	bn:00339117n 0.0	bn:00003602n 0.0	bn:00028319n 0.0	bn:04156872n 0.0	bn:00933971n 0.0	bn:03145071n 0.0
d004.s022.t030_d004.s022.t030	bn:00030810n 0.4453180454577041	bn:00022191n 0.29109572686281115	bn:00022192n 0.2635862276794847	bn:01803600n 0.0	bn:00073082n 0.0	bn:00029170n 0.0	bn:06505489n 0.0	bn:16022087n 0.0	bn:03392052n 0.0	bn:00894973n 0.0	bn:14664596n 0.0	bn:03370135n 0.0	bn:00071001n 0.0
d002.s041.t014_d002.s041.t014	bn:00076736n 1.0	bn:00029775n 0.0	bn:15019934n 0.0	bn:15417659n 0.0
d002.s041.t014_d002.s041.t016	bn:00076736n 1.0
d001.s016.t004_d001.s016.t004	bn:00021961n 0.30037128015357684	bn:00010406n 0.2002970579651747	bn:00073368n 0.18780992516857536	bn:00029872n 0.16973559021573112	bn:00029874n 0.14178614649694202	bn:00020445n 0.0	bn:00030709n 0.0	bn:00016403n 0.0	bn:00046065n 0.0	bn:00029873n 0.0	bn:00135360n 0.0	bn:00029871n 0.0	bn:00061727n 0.0
d001.s018.t027_d001.s018.t027	bn:00021961n 0.2948575488276443	bn:00010406n 0.19784451789461271	bn:00073368n 0.18931853767034043	bn:00029874n 0.17373672209883287	bn:00029872n 0.1442426735085695	bn:00020445n 0.0	bn:00030709n 0.0	bn:00016403n 0.0	bn:00046065n 0.0	bn:00029873n 0.0	bn:00135360n 0.0	bn:00029871n 0.0	bn:00061727n 0.0
d001.s026.t002_d001.s026.t002	bn:00021961n 0.27646481553921737	bn:00010406n 0.23844333982625068	bn:00073368n 0.1822999402194429	bn:00029872n 0.16064695815559257	bn:00029874n 0.14214494625949656	bn:00020445n 0.0	bn:00030709n 0.0	bn:00016403n 0.0	bn:00046065n 0.0	bn:00029873n 0.0	bn:00135360n 0.0	bn:00029871n 0.0	bn:00061727n 0.0
d001.s027.t013_d001.s027.t013	bn:00021961n 0.2952128814870221	bn:00010406n 0.20059590843941397	bn:00073368n 0.17779949278779708	bn:00029872n 0.16335669508920597	bn:00029874n 0.1630350221965609	bn:00020445n 0.0	bn:00030709n 0.0	bn:00016403n 0.0	bn:00046065n 0.0	bn:00029873n 0.0	bn:00135360n 0.0	bn:00029871n 0.0	bn:00061727n 0.0
d001.s029.t012_d001.s029.t012	bn:00029876n 1.0	bn:00029888n 0.0	bn:00047042n 0.0	bn:09064609n 0.0
d004.s014.t006_d004.s014.t006	bn:00029876n 1.0	bn:00029888n 0.0	bn:00047042n 0.0	bn:09064609n 0.0
d002.s014.t005_d002.s014.t007	bn:00032362n 1.0
d002.s016.t003_d002.s016.t005	bn:00032362n 1.0
d001.s023.t016_d001.s023.t016	bn:00031085n 1.0
d003.s005.t028_d003.s005.t028	bn:00053403n 1.0	bn:00051790n 0.0	bn:00030015n 0.0
d003.s005.t028_d003.s005.t029	bn:00053403n 1.0
d003.s009.t009_d003.s009.t010	bn:00053403n 1.0
d002.s033.t006_d002.s033.t006	bn:00045841n 0.40298552126402826	bn:00032395n 0.17471684870871843	bn:00032393n 0.15074056914360873	bn:00032392n 0.1488543751822802	bn:00006386n 0.12270268570136444	bn:00079416n 0.0	bn:00032391n 0.0	bn:00062115n 0.0	bn:03834028n 0.0	bn:00071525n 0.0	bn:00022069n 0.0	bn:00027673n 0.0	bn:00032401n 0.0	bn:00032396n 0.0
d001.s003.t029_d001.s003.t029	bn:00004992n 1.0
d001.s010.t011_d001.s010.t011	bn:00054128n 0.5611572031298414	bn:00024461n 0.23270058483185713	bn:00028872n 0.14222779857539583	bn:00061887n 0.06391441346290565	bn:02739277n 0.0
d001.s027.t026_d001.s027.t026	bn:00054128n 0.5513551509497109	bn:00024461n 0.20360503976841157	bn:00028872n 0.12943939614508393	bn:00061887n 0.11560041313679352	bn:02739277n 0.0
d001.s017.t013_d001.s017.t014	bn:00004656n 1.0
d001.s027.t039_d001.s027.t039	bn:00035914n 0.316407802489749	bn:00061898n 0.29776505000384834	bn:00025966n 0.19588416735713823	bn:00061900n 0.18994298014926453	bn:00204855n 0.0	bn:16981422n 0.0	bn:00061899n 0.0	bn:01220887n 0.0	bn:01741213n 0.0
d003.s003.t016_d003.s003.t016	bn:00042904n 0.29100633188802144	bn:00032655n 0.15430607357389736	bn:00001127n 0.12282455544966567	bn:00032656n 0.12109730948065178	bn:00032654n 0.10510126401739513	bn:00001077n 0.10287022388204471	bn:00032657n 0.10279424170832403	bn:02303032n 0.0	bn:03185143n 0.0	bn:00057546n 0.0	bn:00001734n 0.0	bn:02131709n 0.0	bn:00001131n 0.0	bn:00063215n 0.0
d002.s037.t007_d002.s037.t007	bn:00021475n 1.0	bn:16717540n 0.0	bn:00600448n 0.0	bn:00853679n 0.0	bn:00034422n 0.0	bn:00034424n 0.0	bn:00025320n 0.0	bn:14643295n 0.0	bn:16594900n 0.0	bn:01412017n 0.0
d002.s041.t002_d002.s041.t002	bn:00021475n 1.0	bn:16717540n 0.0	bn:00600448n 0.0	bn:00853679n 0.0	bn:00034422n 0.0	bn:00034424n 0.0	bn:00025320n 0.0	bn:14643295n 0.0	bn:16594900n 0.0	bn:01412017n 0.0
d002.s043.t009_d002.s043.t009	bn:00021475n 1.0	bn:16717540n 0.0	bn:00600448n 0.0	bn:00853679n 0.0	bn:00034422n 0.0	bn:00034424n 0.0	bn:00025320n 0.0	bn:14643295n 0.0	bn:16594900n 0.0	bn:01412017n 0.0
d002.s041.t002_d002.s041.t004	bn:00028018n 1.0
d002.s006.t003_d002.s006.t003	bn:00081285n 0.5621158630634948	bn:00081292n 0.4378841369365052	bn:00081287n 0.0	bn:03338860n 0.0	bn:00081289n 0.0
d002.s007.t001_d002.s007.t001	bn:00081285n 0.6060408629972903	bn:00081292n 0.3939591370027097	bn:00081287n 0.0	bn:03338860n 0.0	bn:00081289n 0.0
d002.s008.t002_d002.s008.t002	bn:00081285n 0.6450116398735105	bn:00081292n 0.3549883601264895	bn:00081287n 0.0	bn:03338860n 0.0	bn:00081289n 0.0
d002.s032.t011_d002.s032.t011	bn:00081292n 0.7705380847579801	bn:00081285n 0.2294619152420198	bn:00081287n 0.0	bn:03338860n 0.0	bn:00081289n 0.0
d002.s049.t013_d002.s049.t013	bn:00081285n 0.5821712994334276	bn:00081292n 0.4178287005665724	bn:00081287n 0.0	bn:03338860n 0.0	bn:00081289n 0.0
d002.s032.t011_d002.s032.t013	bn:00026837n 1.0
d001.s003.t016_d001.s003.t016	bn:00028015n 0.5989002577676685	bn:00062308n 0.40109974223233147	bn:08896183n 0.0	bn:11360330n 0.0	bn:00057563n 0.0	bn:08929745n 0.0	bn:00035604n 0.0	bn:00052861n 0.0	bn:00035581n 0.0	bn:03520720n 0.0	bn:03310630n 0.0
d003.s010.t031_d003.s010.t031	bn:00059480n 0.552972418780883	bn:00041853n 0.23284556447829458	bn:00035942n 0.21418201674082252	bn:00035940n 0.0	bn:00035943n 0.0	bn:00012992n 0.0	bn:00773738n 0.0	bn:00026980n 0.0	bn:00035771n 0.0	bn:00007781n 0.0	bn:13949689n 0.0
d003.s016.t017_d003.s016.t017	bn:00059480n 0.4858947602505776	bn:00035942n 0.2673616440585539	bn:00041853n 0.2467435956908685	bn:00035940n 0.0	bn:00035943n 0.0	bn:00012992n 0.0	bn:00773738n 0.0	bn:00026980n 0.0	bn:00035771n 0.0	bn:00007781n 0.0	bn:13949689n 0.0
d003.s022.t012_d003.s022.t012	bn:00036202n 1.0	bn:15435247n 0.0	bn:11366019n 0.0	bn:11359235n 0.0	bn:02758497n 0.0	bn:17608179n 0.0
d002.s009.t013_d002.s009.t013	bn:00067043n 0.3299363462720106	bn:00036821n 0.27208415176871786	bn:00036826n 0.15124210342795083	bn:00036822n 0.13917719295646946	bn:00017345n 0.10756020557485114	bn:00017720n 0.0	bn:00001736n 0.0	bn:14095894n 0.0	bn:08894447n 0.0	bn:00015421n 0.0	bn:08873102n 0.0	bn:00036824n 0.0	bn:00036823n 0.0	bn:09064149n 0.0	bn:00027898n 0.0	bn:00059130n 0.0	bn:00312030n 0.0	bn:00018996n 0.0	bn:00118773n 0.0	bn:03422501n 0.0	bn:00033880n 0.0	bn:00058687n 0.0
d002.s019.t008_d002.s019.t008	bn:00036821n 0.3412200949405952	bn:00067043n 0.254489837249071	bn:00036826n 0.1388488771134504	bn:00036822n 0.13307115108820516	bn:00017345n 0.13237003960867816	bn:00017720n 0.0	bn:00001736n 0.0	bn:14095894n 0.0	bn:08894447n 0.0	bn:00015421n 0.0	bn:08873102n 0.0	bn:00036824n 0.0	bn:00036823n 0.0	bn:09064149n 0.0	bn:00027898n 0.0	bn:00059130n 0.0	bn:00312030n 0.0	bn:00018996n 0.0	bn:00118773n 0.0	bn:03422501n 0.0	bn:00033880n 0.0	bn:00058687n 0.0
d002.s020.t019_d002.s020.t019	bn:00036821n 0.3704236948402563	bn:00067043n 0.23801555507588212	bn:00036822n 0.14031197481212634	bn:00017345n 0.1340397650063429	bn:00036826n 0.11720901026539235	bn:00017720n 0.0	bn:00001736n 0.0	bn:14095894n 0.0	bn:08894447n 0.0	bn:00015421n 0.0	bn:08873102n 0.0	bn:00036824n 0.0	bn:00036823n 0.0	bn:09064149n 0.0	bn:00027898n 0.0	bn:00059130n 0.0	bn:00312030n 0.0	bn:00018996n 0.0	bn:00118773n 0.0	bn:03422501n 0.0	bn:00033880n 0.0	bn:00058687n 0.0
d002.s026.t005_d002.s026.t005	bn:00036821n 0.2855654094917336	bn:00067043n 0.25384230449725753	bn:00017345n 0.1685116109066078	bn:00036826n 0.15168089183129307	bn:00036822n 0.1403997832731079	bn:00017720n 0.0	bn:00001736n 0.0	bn:14095894n 0.0	bn:08894447n 0.0	bn:00015421n 0.0	bn:08873102n 0.0	bn:00036824n 0.0	bn:00036823n 0.0	bn:09064149n 0.0	bn:00027898n 0.0	bn:00059130n 0.0	bn:00312030n 0.0	bn:00018996n 0.0	bn:00118773n 0.0	bn:03422501n 0.0	bn:00033880n 0.0	bn:00058687n 0.0
d002.s027.t020_d002.s027.t020	bn:00036821n 0.3352375205840999	bn:00067043n 0.21902191495961548	bn:00017345n 0.16594320410156901	bn:00036822n 0.14086844385856023	bn:00036826n 0.13892891649615532	bn:00017720n 0.0	bn:00001736n 0.0	bn:14095894n 0.0	bn:08894447n 0.0	bn:00015421n 0.0	bn:08873102n 0.0	bn:00036824n 0.0	bn:00036823n 0.0	bn:09064149n 0.0	bn:00027898n 0.0	bn:00059130n 0.0	bn:00312030n 0.0	bn:00018996n 0.0	bn:00118773n 0.0	bn:03422501n 0.0	bn:00033880n 0.0	bn:00058687n 0.0
d002.s027.t029_d002.s027.t029	bn:00036821n 0.3352375205840999	bn:00067043n 0.21902191495961548	bn:00017345n 0.16594320410156901	bn:00036822n 0.14086844385856023	bn:00036826n 0.13892891649615532	bn:00017720n 0.0	bn:00001736n 0.0	bn:14095894n 0.0	bn:08894447n 0.0	bn:00015421n 0.0	bn:08873102n 0.0	bn:00036824n 0.0	bn:00036823n 0.0	bn:09064149n 0.0	bn:00027898n 0.0	bn:00059130n 0.0	bn:00312030n 0.0	bn:00018996n 0.0	bn:00118773n 0.0	bn:03422501n 0.0	bn:00033880n 0.0	bn:00058687n 0.0
d002.s028.t006_d002.s028.t006	bn:00067043n 0.27789865572510564	bn:00036821n 0.2088414098711885	bn:00017345n 0.19408576214489148	bn:00036826n 0.1700269500809253	bn:00036822n 0.14914722217788917	bn:00017720n 0.0	bn:00001736n 0.0	bn:14095894n 0.0	bn:08894447n 0.0	bn:00015421n 0.0	bn:08873102n 0.0	bn:00036824n 0.0	bn:00036823n 0.0	bn:09064149n 0.0	bn:00027898n 0.0	bn:00059130n 0.0	bn:00312030n 0.0	bn:00018996n 0.0	bn:00118773n 0.0	bn:03422501n 0.0	bn:00033880n 0.0	bn:00058687n 0.0
d002.s046.t026_d002.s046.t026	bn:00067043n 0.34275007439323474	bn:00036821n 0.2638085676700938	bn:00036822n 0.13471631886930044	bn:00017345n 0.13347122598558306	bn:00036826n 0.12525381308178785	bn:00017720n 0.0	bn:00001736n 0.0	bn:14095894n 0.0	bn:08894447n 0.0	bn:00015421n 0.0	bn:08873102n 0.0	bn:00036824n 0.0	bn:00036823n 0.0	bn:09064149n 0.0	bn:00027898n 0.0	bn:00059130n 0.0	bn:00312030n 0.0	bn:00018996n 0.0	bn:00118773n 0.0	bn:03422501n 0.0	bn:00033880n 0.0	bn:00058687n 0.0
d002.s048.t006_d002.s048.t006	bn:00036821n 0.3465383713997537	bn:00067043n 0.2023580260369673	bn:00017345n 0.16452120578059784	bn:00036826n 0.14928929338942895	bn:00036822n 0.1372931033932522	bn:00017720n 0.0	bn:00001736n 0.0	bn:14095894n 0.0	bn:08894447n 0.0	bn:00015421n 0.0	bn:08873102n 0.0	bn:00036824n 0.0	bn:00036823n 0.0	bn:09064149n 0.0	bn:00027898n 0.0	bn:00059130n 0.0	bn:00312030n 0.0	bn:00018996n 0.0	bn:00118773n 0.0	bn:03422501n 0.0	bn:00033880n 0.0	bn:00058687n 0.0
d002.s049.t005_d002.s049.t005	bn:00067043n 0.37537628754524915	bn:00036826n 0.18105422134173318	bn:00036821n 0.16820361650394078	bn:00036822n 0.1455192172761548	bn:00017345n 0.1298466573329221	bn:00017720n 0.0	bn:00001736n 0.0	bn:14095894n 0.0	bn:08894447n 0.0	bn:00015421n 0.0	bn:08873102n 0.0	bn:00036824n 0.0	bn:00036823n 0.0	bn:09064149n 0.0	bn:00027898n 0.0	bn:00059130n 0.0	bn:00312030n 0.0	bn:00018996n 0.0	bn:00118773n 0.0	bn:03422501n 0.0	bn:00033880n 0.0	bn:00058687n 0.0
d003.s005.t017_d003.s005.t017	bn:00037072n 1.0	bn:03129836n 0.0	bn:11376410n 0.0	bn:00037073n 0.0	bn:03853255n 0.0
d003.s022.t014_d003.s022.t014	bn:00026684n 1.0	bn:01366347n 0.0	bn:00951001n 0.0	bn:03492287n 0.0	bn:00603257n 0.0	bn:00044329n 0.0	bn:01974249n 0.0	bn:03463998n 0.0	bn:08951650n 0.0	bn:04624914n 0.0	bn:01221660n 0.0	bn:08982924n 0.0
d002.s002.t015_d002.s002.t015	bn:00026544n 0.5466240704148455	bn:00041412n 0.4533759295851545	bn:02612327n 0.0	bn:03361816n 0.0	bn:00021478n 0.0	bn:00017904n 0.0	bn:03245215n 0.0	bn:00041415n 0.0	bn:00063050n 0.0
d002.s046.t005_d002.s046.t005	bn:00041412n 0.5469322951287223	bn:00026544n 0.45306770487127773	bn:02612327n 0.0	bn:03361816n 0.0	bn:00021478n 0.0	bn:00017904n 0.0	bn:03245215n 0.0	bn:00041415n 0.0	bn:00063050n 0.0
d002.s046.t014_d002.s046.t014	bn:00041412n 0.5469322951287223	bn:00026544n 0.45306770487127773	bn:02612327n 0.0	bn:03361816n 0.0	bn:00021478n 0.0	bn:00017904n 0.0	bn:03245215n 0.0	bn:00041415n 0.0	bn:00063050n 0.0
d002.s049.t011_d002.s049.t011	bn:00041412n 0.5187009218649457	bn:00026544n 0.4812990781350543	bn:02612327n 0.0	bn:03361816n 0.0	bn:00021478n 0.0	bn:00017904n 0.0	bn:03245215n 0.0	bn:00041415n 0.0	bn:00063050n 0.0
d002.s050.t004_d002.s050.t004	bn:00026544n 0.5257917345865462	bn:00041412n 0.47420826541345384	bn:02612327n 0.0	bn:03361816n 0.0	bn:00021478n 0.0	bn:00017904n 0.0	bn:03245215n 0.0	bn:00041415n 0.0	bn:00063050n 0.0
d002.s052.t008_d002.s052.t008	bn:00026544n 0.6051390233851779	bn:00041412n 0.3948609766148221	bn:02612327n 0.0	bn:03361816n 0.0	bn:00021478n 0.0	bn:00017904n 0.0	bn:03245215n 0.0	bn:00041415n 0.0	bn:00063050n 0.0
d003.s022.t016_d003.s022.t016	bn:00030401n 1.0	bn:03276175n 0.0	bn:16617142n 0.0	bn:04610646n 0.0	bn:16690380n 0.0	bn:17978333n 0.0
d001.s035.t026_d001.s035.t026	bn:00068051n 0.26494681052844604	bn:00041943n 0.1847357632950772	bn:00011375n 0.11787906112909151	bn:00018111n 0.11778487393536993	bn:00041942n 0.10904106443343135	bn:00035774n 0.10444367874503546	bn:00013873n 0.10116874793354858	bn:11362489n 0.0	bn:17081477n 0.0	bn:03343454n 0.0	bn:06286801n 0.0	bn:03286433n 0.0	bn:00009054n 0.0	bn:03461054n 0.0	bn:00008279n 0.0	bn:00013875n 0.0	bn:01071456n 0.0	bn:00072536n 0.0	bn:00056461n 0.0	bn:13598833n 0.0	bn:03429376n 0.0	bn:03288020n 0.0	bn:00073698n 0.0	bn:00013874n 0.0	bn:00008280n 0.0	bn:00002229n 0.0	bn:00006479n 0.0
d002.s006.t001_d002.s006.t001	bn:00060201n 0.3169917918022743	bn:00063683n 0.14687737061272405	bn:00032381n 0.1423506648452705	bn:00045772n 0.14009921573703435	bn:00045972n 0.12861982154582532	bn:00045970n 0.12506113545687153	bn:02787305n 0.0	bn:00062275n 0.0	bn:03801346n 0.0	bn:00046169n 0.0	bn:04168556n 0.0	bn:00030485n 0.0	bn:00045971n 0.0	bn:03709486n 0.0	bn:00034396n 0.0
d003.s003.t008_d003.s003.t008	bn:00062795n 1.0	bn:08905202n 0.0	bn:02908561n 0.0
d003.s021.t023_d003.s021.t023	bn:00014137n 0.2604620829755073	bn:00021286n 0.18838321512191725	bn:00022811n 0.1702271562796039	bn:00014160n 0.1323897742422668	bn:00029900n 0.12616750180776104	bn:00030751n 0.12237026957294381	bn:00031008n 0.0	bn:00016719n 0.0	bn:02169132n 0.0	bn:00234047n 0.0	bn:01652872n 0.0	bn:00014136n 0.0	bn:00014138n 0.0	bn:00007011n 0.0	bn:00073910n 0.0	bn:01090673n 0.0	bn:08863349n 0.0
d003.s008.t012_d003.s008.t012	bn:00046576n 1.0	bn:00046575n 0.0	bn:03487430n 0.0	bn:00027133n 0.0	bn:08944384n 0.0	bn:00070206n 0.0
d003.s008.t012_d003.s008.t013	bn:00054564n 1.0
d001.s003.t003_d001.s003.t003	bn:00046705n 0.6218260712572427	bn:00046698n 0.37817392874275735	bn:03662501n 0.0	bn:03644012n 0.0	bn:08897181n 0.0	bn:00046720n 0.0
d001.s004.t003_d001.s004.t003	bn:00046705n 0.6541696039284671	bn:00046698n 0.3458303960715329	bn:03662501n 0.0	bn:03644012n 0.0	bn:08897181n 0.0	bn:00046720n 0.0
d001.s020.t003_d001.s020.t003	bn:00046705n 0.6889898575088158	bn:00046698n 0.3110101424911842	bn:03662501n 0.0	bn:03644012n 0.0	bn:08897181n 0.0	bn:00046720n 0.0
d001.s015.t030_d001.s015.t031	bn:00047278n 1.0
d001.s006.t012_d001.s006.t012	bn:00036739n 0.5027609859779258	bn:00046787n 0.49723901402207416	bn:03211312n 0.0	bn:08996656n 0.0
d001.s016.t024_d001.s016.t024	bn:00036739n 0.5582036495812931	bn:00046787n 0.4417963504187069	bn:03211312n 0.0	bn:08996656n 0.0
d004.s010.t031_d004.s010.t031	bn:00046787n 0.5755621806233826	bn:00036739n 0.42443781937661734	bn:03211312n 0.0	bn:08996656n 0.0
d004.s010.t034_d004.s010.t034	bn:00046787n 0.5755621806233826	bn:00036739n 0.42443781937661734	bn:03211312n 0.0	bn:08996656n 0.0
d004.s018.t012_d004.s018.t012	bn:00046787n 0.5309570193898002	bn:00036739n 0.4690429806101998	bn:03211312n 0.0	bn:08996656n 0.0
d003.s010.t012_d003.s010.t012	bn:00034797n 1.0	bn:00833323n 0.0	bn:16709674n 0.0	bn:00031009n 0.0	bn:02040962n 0.0	bn:04096530n 0.0
d003.s011.t007_d003.s011.t007	bn:00034797n 1.0	bn:00833323n 0.0	bn:16709674n 0.0	bn:00031009n 0.0	bn:02040962n 0.0	bn:04096530n 0.0
d003.s012.t008_d003.s012.t008	bn:00034797n 1.0	bn:00833323n 0.0	bn:16709674n 0.0	bn:00031009n 0.0	bn:02040962n 0.0	bn:04096530n 0.0
d003.s012.t030_d003.s012.t030	bn:00034797n 1.0	bn:00833323n 0.0	bn:16709674n 0.0	bn:00031009n 0.0	bn:02040962n 0.0	bn:04096530n 0.0
d003.s021.t005_d003.s021.t005	bn:00034797n 1.0	bn:00833323n 0.0	bn:16709674n 0.0	bn:00031009n 0.0	bn:02040962n 0.0	bn:04096530n 0.0
d001.s010.t028_d001.s010.t028	bn:00059129n 0.6446531844195689	bn:00047234n 0.2181990106346714	bn:00047092n 0.1371478049457597	bn:14516609n 0.0	bn:00030844n 0.0	bn:00047061n 0.0	bn:04876342n 0.0	bn:00908833n 0.0	bn:00007013n 0.0	bn:00275181n 0.0
d003.s007.t007_d003.s007.t007	bn:00047238n 1.0	bn:03098583n 0.0	bn:00007099n 0.0
d003.s013.t007_d003.s013.t007	bn:00047238n 1.0	bn:03098583n 0.0	bn:00007099n 0.0
d003.s003.t026_d003.s003.t026	bn:00047644n 1.0	bn:00047645n 0.0	bn:00019967n 0.0	bn:02609561n 0.0	bn:16720064n 0.0	bn:00047646n 0.0	bn:00072737n 0.0	bn:00064476n 0.0	bn:00026620n 0.0	bn:00065272n 0.0	bn:00051906n 0.0	bn:05098044n 0.0	bn:00066548n 0.0	bn:00070102n 0.0	bn:01993865n 0.0	bn:00046990n 0.0	bn:00643119n 0.0
d002.s040.t003_d002.s040.t003	bn:00026980n 0.510182278913724	bn:00020945n 0.48981772108627597	bn:04720494n 0.0	bn:00012992n 0.0	bn:00029809n 0.0	bn:08978570n 0.0	bn:00029807n 0.0	bn:14119589n 0.0	bn:00007781n 0.0	bn:00027356n 0.0	bn:00012087n 0.0	bn:00218853n 0.0	bn:00041853n 0.0
d003.s022.t018_d003.s022.t018	bn:00047705n 1.0	bn:08912952n 0.0	bn:08910611n 0.0	bn:08910766n 0.0	bn:00047715n 0.0	bn:01361608n 0.0	bn:00678187n 0.0	bn:04003440n 0.0	bn:08907551n 0.0	bn:00920898n 0.0	bn:08925718n 0.0	bn:02695041n 0.0	bn:02197481n 0.0	bn:08996503n 0.0	bn:16255493n 0.0	bn:15305106n 0.0	bn:09039542n 0.0	bn:03469847n 0.0	bn:14341792n 0.0	bn:00683385n 0.0	bn:09006037n 0.0	bn:01047167n 0.0
d002.s042.t002_d002.s042.t002	bn:00049538n 0.7304545985898316	bn:00024266n 0.26954540141016836	bn:03316253n 0.0	bn:00049778n 0.0	bn:00016957n 0.0	bn:15729460n 0.0	bn:00416511n 0.0	bn:15742096n 0.0	bn:01078217n 0.0	bn:16437817n 0.0	bn:03534188n 0.0	bn:02218753n 0.0	bn:03887285n 0.0	bn:08958168n 0.0	bn:14356451n 0.0	bn:01434404n 0.0	bn:00049765n 0.0	bn:00049537n 0.0	bn:02773531n 0.0	bn:14048315n 0.0	bn:00237993n 0.0	bn:01554435n 0.0	bn:16110286n 0.0	bn:00000123n 0.0	bn:16174385n 0.0	bn:00279005n 0.0
d004.s015.t013_d004.s015.t013	bn:00049551n 1.0	bn:00081618n 0.0	bn:00071216n 0.0	bn:00081613n 0.0
d003.s010.t036_d003.s010.t036	bn:00081593n 1.0	bn:00064681n 0.0	bn:09081960n 0.0	bn:00042955n 0.0	bn:04801100n 0.0	bn:00047795n 0.0
d003.s018.t030_d003.s018.t030	bn:00081593n 1.0	bn:00064681n 0.0	bn:09081960n 0.0	bn:00042955n 0.0	bn:04801100n 0.0	bn:00047795n 0.0
d003.s019.t023_d003.s019.t023	bn:00081593n 1.0	bn:00064681n 0.0	bn:09081960n 0.0	bn:00042955n 0.0	bn:04801100n 0.0	bn:00047795n 0.0
d002.s038.t012_d002.s038.t012	bn:00030616n 0.18534776055428223	bn:00014138n 0.11118435167658396	bn:00081569n 0.09918547589015864	bn:00049570n 0.09752307681208314	bn:00049573n 0.09332881063955846	bn:00081570n 0.09264156169853391	bn:00062309n 0.08470361261999687	bn:00030625n 0.08413100438878504	bn:00081568n 0.07799838776567304	bn:00049571n 0.07395595795434466	bn:00049578n 0.0	bn:00018361n 0.0	bn:00157422n 0.0	bn:15338434n 0.0	bn:00074791n 0.0	bn:14959529n 0.0	bn:00081600n 0.0	bn:00018756n 0.0	bn:00030626n 0.0	bn:00894737n 0.0	bn:00081619n 0.0	bn:02968850n 0.0	bn:14138510n 0.0
d003.s012.t020_d003.s012.t020	bn:00030616n 0.16445700200160993	bn:00014138n 0.12565774486036518	bn:00049570n 0.10752112849570788	bn:00081568n 0.09506523684246716	bn:00049571n 0.09375831296119826	bn:00062309n 0.08806968756342733	bn:00081569n 0.08628112339734334	bn:00081570n 0.08352150938851695	bn:00030625n 0.0808933728461183	bn:00049573n 0.07477488164324585	bn:00049578n 0.0	bn:00018361n 0.0	bn:00157422n 0.0	bn:15338434n 0.0	bn:00074791n 0.0	bn:14959529n 0.0	bn:00081600n 0.0	bn:00018756n 0.0	bn:00030626n 0.0	bn:00894737n 0.0	bn:00081619n 0.0	bn:02968850n 0.0	bn:14138510n 0.0
d004.s006.t018_d004.s006.t018	bn:00003057n 0.5567540377507247	bn:00050802n 0.44324596224927526	bn:02051987n 0.0	bn:00023358n 0.0	bn:01299949n 0.0	bn:00017752n 0.0	bn:00950340n 0.0	bn:02458570n 0.0	bn:08920233n 0.0	bn:00006363n 0.0	bn:03029217n 0.0	bn:00050804n 0.0
d002.s038.t007_d002.s038.t007	bn:00012135n 0.3613764659788476	bn:00050969n 0.2597729087697995	bn:00012115n 0.1937063485050358	bn:00012141n 0.1851442767463172	bn:00050968n 0.0	bn:00050967n 0.0	bn:00012140n 0.0	bn:03473734n 0.0	bn:00012121n 0.0
d003.s019.t007_d003.s019.t007	bn:00027476n 1.0	bn:00053368n 0.0	bn:15601034n 0.0	bn:00059746n 0.0	bn:10482242n 0.0	bn:00050314n 0.0	bn:17806623n 0.0	bn:15536282n 0.0	bn:01005952n 0.0
d002.s001.t008_d002.s001.t008	bn:00049910n 0.3016801065967439	bn:00005597n 0.16901573695926655	bn:00048027n 0.16361480336567316	bn:00049911n 0.1289729012568459	bn:00072052n 0.11892386555087922	bn:00026066n 0.1177925862705913	bn:00077565n 0.0	bn:00049914n 0.0	bn:00056990n 0.0	bn:00045840n 0.0
d002.s031.t004_d002.s031.t004	bn:00023140n 0.6119183618457226	bn:00051508n 0.38808163815427743	bn:17162478n 0.0	bn:02857401n 0.0	bn:00051510n 0.0	bn:00072174n 0.0	bn:02117586n 0.0	bn:16373979n 0.0	bn:00072069n 0.0	bn:00068132n 0.0	bn:11368876n 0.0	bn:00732826n 0.0	bn:00008282n 0.0
d002.s051.t008_d002.s051.t008	bn:00023140n 0.6850439368767833	bn:00051508n 0.31495606312321667	bn:17162478n 0.0	bn:02857401n 0.0	bn:00051510n 0.0	bn:00072174n 0.0	bn:02117586n 0.0	bn:16373979n 0.0	bn:00072069n 0.0	bn:00068132n 0.0	bn:11368876n 0.0	bn:00732826n 0.0	bn:00008282n 0.0
d004.s013.t013_d004.s013.t013	bn:00025965n 0.34033995429265224	bn:00029117n 0.1853428523105714	bn:00062767n 0.1649578560921611	bn:00041239n 0.1603305156602019	bn:00025966n 0.14902882164441336	bn:17370166n 0.0	bn:01182399n 0.0	bn:11360155n 0.0	bn:00050860n 0.0	bn:00050861n 0.0	bn:11355052n 0.0	bn:08909966n 0.0	bn:01433931n 0.0	bn:00059304n 0.0	bn:00037568n 0.0	bn:00035305n 0.0	bn:00000169n 0.0
d004.s006.t010_d004.s006.t010	bn:00051872n 1.0	bn:04316097n 0.0	bn:13892051n 0.0	bn:01074356n 0.0	bn:01403593n 0.0	bn:01827674n 0.0
d001.s023.t032_d001.s023.t032	bn:00053801n 0.5945580983894713	bn:00031322n 0.40544190161052873	bn:11386894n 0.0	bn:00053870n 0.0	bn:00053803n 0.0	bn:15358232n 0.0	bn:00053802n 0.0	bn:00031321n 0.0
d001.s032.t016_d001.s032.t016	bn:00005677n 0.5777000993250021	bn:00007449n 0.2695057997303463	bn:00054001n 0.15279410094465176	bn:04103486n 0.0	bn:03520758n 0.0	bn:08279709n 0.0	bn:01234035n 0.0	bn:00520776n 0.0	bn:00148776n 0.0	bn:15710077n 0.0	bn:00048459n 0.0	bn:00234839n 0.0	bn:00048619n 0.0	bn:00054149n 0.0
d001.s002.t012_d001.s002.t012	bn:00054128n 1.0	bn:00061887n 0.0	bn:00054133n 0.0
d001.s002.t034_d001.s002.t034	bn:00054128n 1.0	bn:00061887n 0.0	bn:00054133n 0.0
d001.s012.t002_d001.s012.t002	bn:00054128n 1.0	bn:00061887n 0.0	bn:00054133n 0.0
d001.s022.t011_d001.s022.t011	bn:00054128n 1.0	bn:00061887n 0.0	bn:00054133n 0.0
d001.s028.t010_d001.s028.t010	bn:00054128n 1.0	bn:00061887n 0.0	bn:00054133n 0.0
d004.s008.t008_d004.s008.t008	bn:00054128n 1.0	bn:00061887n 0.0	bn:00054133n 0.0
d004.s009.t017_d004.s009.t017	bn:00054128n 1.0	bn:00061887n 0.0	bn:00054133n 0.0
d004.s017.t020_d004.s017.t020	bn:00054128n 1.0	bn:00061887n 0.0	bn:00054133n 0.0
d004.s023.t013_d004.s023.t013	bn:00054128n 1.0	bn:00061887n 0.0	bn:00054133n 0.0
d001.s014.t011_d001.s014.t011	bn:00027976n 1.0	bn:00018021n 0.0	bn:00019829n 0.0	bn:00034749n 0.0	bn:00054102n 0.0	bn:00054116n 0.0
d001.s009.t018_d001.s009.t018	bn:00049774n 0.7059210159908833	bn:00054285n 0.2940789840091167	bn:17188654n 0.0	bn:14432891n 0.0	bn:00054284n 0.0	bn:00070625n 0.0	bn:02002028n 0.0
d001.s032.t018_d001.s032.t018	bn:00014710n 1.0	bn:00732387n 0.0	bn:00055794n 0.0
d001.s032.t023_d001.s032.t023	bn:00014710n 1.0	bn:00732387n 0.0	bn:00055794n 0.0
d001.s034.t021_d001.s034.t021	bn:00014710n 1.0	bn:00732387n 0.0	bn:00055794n 0.0
d001.s035.t022_d001.s035.t022	bn:00014710n 1.0	bn:00732387n 0.0	bn:00055794n 0.0
d001.s009.t013_d001.s009.t013	bn:00054512n 1.0
d001.s025.t005_d001.s025.t005	bn:00054512n 1.0
d001.s031.t012_d001.s031.t012	bn:00054512n 1.0
d002.s038.t003_d002.s038.t003	bn:00061229n 0.6445784593346326	bn:00054625n 0.35542154066536735	bn:09065058n 0.0	bn:00030689n 0.0	bn:00009654n 0.0	bn:01641329n 0.0	bn:16998653n 0.0	bn:05739841n 0.0
d001.s015.t011_d001.s015.t011	bn:00053680n 0.34245769693721123	bn:00052501n 0.2800946694472307	bn:00009400n 0.21931829288507904	bn:00054612n 0.1581293407304791	bn:16167751n 0.0	bn:03517313n 0.0	bn:16321740n 0.0	bn:00081841n 0.0	bn:08924288n 0.0	bn:00079005n 0.0	bn:02409894n 0.0	bn:09016639n 0.0	bn:02195086n 0.0	bn:00081834n 0.0	bn:00068525n 0.0	bn:00054667n 0.0	bn:08995432n 0.0	bn:03737013n 0.0	bn:14220227n 0.0	bn:03077501n 0.0	bn:17875055n 0.0	bn:01082559n 0.0
d003.s005.t007_d003.s005.t007	bn:00014446n 0.37108449831187806	bn:00055180n 0.33788095093337045	bn:00055179n 0.2910345507547514	bn:03743591n 0.0	bn:01924713n 0.0	bn:00055177n 0.0
d001.s015.t034_d001.s015.t034	bn:00055094n 1.0	bn:00005459n 0.0	bn:00076337n 0.0	bn:03591236n 0.0	bn:00046942n 0.0	bn:17938287n 0.0	bn:00010728n 0.0
d004.s010.t005_d004.s010.t005	bn:00054019n 0.24124973838260916	bn:00055459n 0.10978367455420437	bn:00025965n 0.10735157103166347	bn:00003603n 0.10595304595794632	bn:00071887n 0.0957944274720889	bn:00054018n 0.09313669762390976	bn:00008465n 0.0848448855311427	bn:00037515n 0.08295641788264008	bn:00071888n 0.07892954156379536	bn:00054021n 0.0	bn:00012418n 0.0	bn:00055458n 0.0	bn:00962262n 0.0	bn:01258038n 0.0	bn:00032426n 0.0	bn:00032425n 0.0
d004.s020.t012_d004.s020.t012	bn:00054019n 0.24799791228544937	bn:00008465n 0.11267055804694852	bn:00071888n 0.10965544937891267	bn:00003603n 0.10441774096673102	bn:00054018n 0.0956004391962716	bn:00037515n 0.09307430335913647	bn:00071887n 0.09085534552662768	bn:00055459n 0.07438849416979745	bn:00025965n 0.07133975707012516	bn:00054021n 0.0	bn:00012418n 0.0	bn:00055458n 0.0	bn:00962262n 0.0	bn:01258038n 0.0	bn:00032426n 0.0	bn:00032425n 0.0
d003.s012.t014_d003.s012.t014	bn:00035908n 0.19076264628382708	bn:00005418n 0.10693240762108158	bn:00033735n 0.09865749331684172	bn:00036197n 0.0941367693339499	bn:00032101n 0.08750395099083876	bn:00055448n 0.08711797690140136	bn:00011593n 0.08699533215075009	bn:00022071n 0.08497024709029397	bn:00035907n 0.0836736625858712	bn:00061054n 0.07924951372514444	bn:00941864n 0.0	bn:00042107n 0.0	bn:01586254n 0.0	bn:00061055n 0.0	bn:00055446n 0.0	bn:14236043n 0.0	bn:00022334n 0.0	bn:08918329n 0.0	bn:02473997n 0.0	bn:05967837n 0.0	bn:00055449n 0.0	bn:01299975n 0.0	bn:00055447n 0.0	bn:01211328n 0.0	bn:00055450n 0.0	bn:03554102n 0.0	bn:01026105n 0.0	bn:02579396n 0.0	bn:16006479n 0.0	bn:00004995n 0.0	bn:00026537n 0.0	bn:00032100n 0.0
d002.s013.t010_d002.s013.t010	bn:00056300n 1.0	bn:01887925n 0.0	bn:00056299n 0.0
d002.s034.t002_d002.s034.t002	bn:00056688n 0.7051288398011796	bn:00057820n 0.2948711601988204	bn:03830535n 0.0	bn:03806040n 0.0	bn:00058225n 0.0	bn:17086306n 0.0	bn:00058314n 0.0	bn:00029051n 0.0	bn:00238000n 0.0	bn:03752554n 0.0	bn:00016957n 0.0	bn:03316271n 0.0	bn:16174201n 0.0	bn:16667692n 0.0	bn:00006901n 0.0	bn:14024665n 0.0	bn:03303892n 0.0	bn:15958780n 0.0	bn:03650125n 0.0	bn:03316260n 0.0	bn:01513915n 0.0	bn:00056686n 0.0	bn:01835486n 0.0	bn:01858691n 0.0	bn:14620603n 0.0
d003.s003.t005_d003.s003.t005	bn:00046157n 0.7782706159651317	bn:00056037n 0.2217293840348683	bn:00057131n 0.0	bn:00057164n 0.0	bn:00026103n 0.0	bn:00026107n 0.0	bn:01444232n 0.0	bn:00031631n 0.0
d001.s023.t021_d001.s023.t021	bn:00008788n 1.0
d003.s009.t025_d003.s009.t025	bn:00030616n 0.7320941873928558	bn:00014138n 0.2679058126071442	bn:00030625n 0.0	bn:00058562n 0.0	bn:00060564n 0.0	bn:00056170n 0.0	bn:00054958n 0.0	bn:03614384n 0.0	bn:04153283n 0.0	bn:00058565n 0.0
d003.s022.t005_d003.s022.t005	bn:00058443n 0.2883353690342038	bn:00058445n 0.20636918026919554	bn:00058442n 0.17533450474438558	bn:00022154n 0.1680338030090616	bn:00074900n 0.16192714294315352	bn:16831815n 0.0	bn:21705913n 0.0	bn:01068410n 0.0	bn:04064026n 0.0	bn:04892946n 0.0	bn:08970810n 0.0	bn:03334078n 0.0	bn:00011744n 0.0	bn:13149446n 0.0	bn:09058378n 0.0	bn:00002179n 0.0	bn:00058444n 0.0
d002.s019.t017_d002.s019.t017	bn:00001975n 0.48584818378656425	bn:00059141n 0.3400501599489348	bn:00015015n 0.17410165626450105	bn:00053226n 0.0	bn:03386475n 0.0	bn:00059142n 0.0	bn:00059143n 0.0	bn:00736975n 0.0	bn:00064912n 0.0	bn:02283006n 0.0	bn:03255669n 0.0	bn:02304686n 0.0	bn:16281811n 0.0	bn:01026649n 0.0
d002.s020.t009_d002.s020.t009	bn:00001975n 0.4055676471068642	bn:00059141n 0.3539245378028568	bn:00015015n 0.240507815090279	bn:00053226n 0.0	bn:03386475n 0.0	bn:00059142n 0.0	bn:00059143n 0.0	bn:00736975n 0.0	bn:00064912n 0.0	bn:02283006n 0.0	bn:03255669n 0.0	bn:02304686n 0.0	bn:16281811n 0.0	bn:01026649n 0.0
d002.s029.t012_d002.s029.t012	bn:00001975n 0.4935243041686123	bn:00059141n 0.2937891509919294	bn:00015015n 0.21268654483945826	bn:00053226n 0.0	bn:03386475n 0.0	bn:00059142n 0.0	bn:00059143n 0.0	bn:00736975n 0.0	bn:00064912n 0.0	bn:02283006n 0.0	bn:03255669n 0.0	bn:02304686n 0.0	bn:16281811n 0.0	bn:01026649n 0.0
d002.s002.t004_d002.s002.t004	bn:00059129n 0.48588495043842195	bn:00053826n 0.3365282042589964	bn:00054973n 0.17758684530258184	bn:00059128n 0.0	bn:00059126n 0.0	bn:00059127n 0.0	bn:00025567n 0.0	bn:03211034n 0.0	bn:05668966n 0.0	bn:00059130n 0.0
d002.s023.t014_d002.s023.t014	bn:00059129n 0.4729659249089195	bn:00053826n 0.3059228770524724	bn:00054973n 0.22111119803860818	bn:00059128n 0.0	bn:00059126n 0.0	bn:00059127n 0.0	bn:00025567n 0.0	bn:03211034n 0.0	bn:05668966n 0.0	bn:00059130n 0.0
d003.s009.t003_d003.s009.t003	bn:00059275n 1.0	bn:00073170n 0.0	bn:00050485n 0.0	bn:03844900n 0.0	bn:00506931n 0.0	bn:00067608n 0.0	bn:00005598n 0.0
d001.s023.t002_d001.s023.t002	bn:00009677n 0.41422165803019706	bn:00054731n 0.23821016056026534	bn:00011744n 0.18081391290474746	bn:00031641n 0.16675426850479003	bn:00059485n 0.0
d003.s012.t018_d003.s012.t018	bn:00059480n 0.5483205564998678	bn:00001423n 0.25008535033714235	bn:00059482n 0.20159409316298987	bn:00005864n 0.0	bn:03439996n 0.0	bn:00005866n 0.0	bn:17098420n 0.0	bn:00020875n 0.0	bn:00059483n 0.0	bn:13837627n 0.0	bn:04094324n 0.0	bn:00005863n 0.0
d003.s002.t030_d003.s002.t032	bn:02438777n 1.0
d003.s007.t024_d003.s007.t024	bn:00042729n 0.323901010040093	bn:00077773n 0.1989833901142587	bn:00070724n 0.18884169321823172	bn:00023235n 0.14822623436208374	bn:00023236n 0.14004767226533288	bn:00023237n 0.0	bn:00014397n 0.0	bn:03522140n 0.0
d003.s011.t003_d003.s011.t003	bn:00042729n 0.31793666890882616	bn:00077773n 0.23927661682227386	bn:00023236n 0.16359695748461123	bn:00070724n 0.14270428906413857	bn:00023235n 0.13648546772015016	bn:00023237n 0.0	bn:00014397n 0.0	bn:03522140n 0.0
d004.s015.t024_d004.s015.t024	bn:00042729n 0.3684524574260839	bn:00077773n 0.2074699198765394	bn:00023236n 0.18182223402275507	bn:00070724n 0.14419152746986508	bn:00023235n 0.0980638612047565	bn:00023237n 0.0	bn:00014397n 0.0	bn:03522140n 0.0
d003.s009.t048_d003.s009.t048	bn:00060708n 1.0	bn:13602487n 0.0	bn:03639931n 0.0	bn:03645756n 0.0
d003.s009.t057_d003.s009.t057	bn:00060708n 1.0	bn:13602487n 0.0	bn:03639931n 0.0	bn:03645756n 0.0
d003.s007.t013_d003.s007.t013	bn:00060834n 0.41098182756052853	bn:00060770n 0.22168745664255807	bn:00021395n 0.1861438584549748	bn:00060837n 0.1811868573419386	bn:00074639n 0.0	bn:00036823n 0.0	bn:00027912n 0.0	bn:00055525n 0.0	bn:00071432n 0.0	bn:00060765n 0.0	bn:00060764n 0.0	bn:00060766n 0.0	bn:00060768n 0.0	bn:00022269n 0.0	bn:00017749n 0.0	bn:11373086n 0.0
d003.s006.t023_d003.s006.t023	bn:00021221n 0.753927850423125	bn:00030844n 0.24607214957687495	bn:00070915n 0.0	bn:00031333n 0.0	bn:00064634n 0.0	bn:13605630n 0.0
d001.s011.t013_d001.s011.t013	bn:00060929n 0.6006098078942709	bn:00060927n 0.3993901921057291	bn:06819443n 0.0	bn:00014353n 0.0	bn:16243336n 0.0	bn:00060928n 0.0
d001.s011.t021_d001.s011.t021	bn:00060929n 0.6006098078942709	bn:00060927n 0.3993901921057291	bn:06819443n 0.0	bn:00014353n 0.0	bn:16243336n 0.0	bn:00060928n 0.0
d001.s028.t028_d001.s028.t028	bn:00060929n 0.6108575203041384	bn:00060927n 0.3891424796958616	bn:06819443n 0.0	bn:00014353n 0.0	bn:16243336n 0.0	bn:00060928n 0.0
d001.s034.t005_d001.s034.t005	bn:00060929n 0.5707145139099173	bn:00060927n 0.42928548609008266	bn:06819443n 0.0	bn:00014353n 0.0	bn:16243336n 0.0	bn:00060928n 0.0
d001.s035.t005_d001.s035.t005	bn:00060929n 0.5776987208168904	bn:00060927n 0.42230127918310956	bn:06819443n 0.0	bn:00014353n 0.0	bn:16243336n 0.0	bn:00060928n 0.0
d001.s011.t009_d001.s011.t009	bn:00061017n 1.0	bn:08923262n 0.0	bn:00001742n 0.0	bn:00051919n 0.0
d001.s011.t018_d001.s011.t018	bn:00061017n 1.0	bn:08923262n 0.0	bn:00001742n 0.0	bn:00051919n 0.0
d001.s015.t025_d001.s015.t025	bn:00061017n 1.0	bn:08923262n 0.0	bn:00001742n 0.0	bn:00051919n 0.0
d001.s016.t008_d001.s016.t008	bn:00061017n 1.0	bn:08923262n 0.0	bn:00001742n 0.0	bn:00051919n 0.0
d001.s017.t009_d001.s017.t009	bn:00061017n 1.0	bn:08923262n 0.0	bn:00001742n 0.0	bn:00051919n 0.0
d001.s018.t017_d001.s018.t017	bn:00061017n 1.0	bn:08923262n 0.0	bn:00001742n 0.0	bn:00051919n 0.0
d001.s019.t008_d001.s019.t008	bn:00061017n 1.0	bn:08923262n 0.0	bn:00001742n 0.0	bn:00051919n 0.0
d001.s025.t022_d001.s025.t022	bn:00061017n 1.0	bn:08923262n 0.0	bn:00001742n 0.0	bn:00051919n 0.0
d001.s027.t035_d001.s027.t035	bn:00061017n 1.0	bn:08923262n 0.0	bn:00001742n 0.0	bn:00051919n 0.0
d001.s028.t025_d001.s028.t025	bn:00061017n 1.0	bn:08923262n 0.0	bn:00001742n 0.0	bn:00051919n 0.0
d001.s029.t019_d001.s029.t019	bn:00061017n 1.0	bn:08923262n 0.0	bn:00001742n 0.0	bn:00051919n 0.0
d001.s032.t025_d001.s032.t025	bn:00061017n 1.0	bn:08923262n 0.0	bn:00001742n 0.0	bn:00051919n 0.0
d001.s033.t004_d001.s033.t004	bn:00061017n 1.0	bn:08923262n 0.0	bn:00001742n 0.0	bn:00051919n 0.0
d001.s034.t002_d001.s034.t002	bn:00061017n 1.0	bn:08923262n 0.0	bn:00001742n 0.0	bn:00051919n 0.0
d001.s035.t002_d001.s035.t002	bn:00061017n 1.0	bn:08923262n 0.0	bn:00001742n 0.0	bn:00051919n 0.0
d001.s036.t008_d001.s036.t008	bn:00061017n 1.0	bn:08923262n 0.0	bn:00001742n 0.0	bn:00051919n 0.0
d004.s022.t021_d004.s022.t021	bn:00070056n 0.24543792690045668	bn:00031261n 0.17088891418005128	bn:00070528n 0.13940794451340358	bn:00061605n 0.1182575564675599	bn:00076588n 0.117792668431734	bn:00061606n 0.10472173159936927	bn:00001937n 0.1034932579074254	bn:03749002n 0.0	bn:00040167n 0.0	bn:00077267n 0.0	bn:01698879n 0.0	bn:00077268n 0.0	bn:04833664n 0.0	bn:14041025n 0.0	bn:00031353n 0.0	bn:00207123n 0.0	bn:08919612n 0.0	bn:00036471n 0.0
d004.s023.t009_d004.s023.t009	bn:00046516n 0.530144522181383	bn:00061450n 0.2383296996102445	bn:00061715n 0.2315257782083725	bn:00143547n 0.0	bn:00061714n 0.0	bn:14504203n 0.0	bn:01698802n 0.0	bn:00017749n 0.0	bn:00045971n 0.0	bn:17805122n 0.0	bn:00044576n 0.0
d003.s013.t012_d003.s013.t012	bn:00042833n 0.7192477371072286	bn:00035770n 0.28075226289277144	bn:00073803n 0.0	bn:00030616n 0.0	bn:00073801n 0.0	bn:00061723n 0.0	bn:00073805n 0.0
d001.s015.t023_d001.s015.t023	bn:00054686n 0.3626909479735012	bn:00080831n 0.15631690182577296	bn:00018378n 0.13867132629497192	bn:00061774n 0.13250555314095241	bn:00080835n 0.12021101260974813	bn:00020700n 0.0896042581550534	bn:00080832n 0.0	bn:01109182n 0.0	bn:00013486n 0.0	bn:00041360n 0.0	bn:00024253n 0.0	bn:04241511n 0.0	bn:19848348n 0.0	bn:00080834n 0.0	bn:00080833n 0.0	bn:14193353n 0.0	bn:00061773n 0.0	bn:00062306n 0.0	bn:00013941n 0.0	bn:00032209n 0.0	bn:00071283n 0.0	bn:00043535n 0.0	bn:03138601n 0.0	bn:02132727n 0.0
d004.s017.t013_d004.s017.t013	bn:00062717n 1.0	bn:01751974n 0.0	bn:00278074n 0.0
d004.s017.t035_d004.s017.t035	bn:00062717n 1.0	bn:01751974n 0.0	bn:00278074n 0.0
d001.s009.t022_d001.s009.t022	bn:00052341n 1.0	bn:01949886n 0.0	bn:00256260n 0.0	bn:01074532n 0.0
d001.s006.t004_d001.s006.t004	bn:00029192n 1.0	bn:00063926n 0.0	bn:00029193n 0.0	bn:14286585n 0.0	bn:00025634n 0.0	bn:03723815n 0.0	bn:09064477n 0.0	bn:03087891n 0.0	bn:08886090n 0.0
d002.s014.t007_d002.s014.t007	bn:00030820n 0.2607388912721059	bn:00035768n 0.1730224540478963	bn:00063940n 0.1590368054591548	bn:00032362n 0.138553423676444	bn:00063941n 0.138472559993563	bn:00041585n 0.13017586555083613	bn:00074567n 0.0	bn:00030160n 0.0	bn:00005674n 0.0	bn:09080601n 0.0	bn:00046693n 0.0	bn:00035773n 0.0	bn:00624509n 0.0	bn:00035769n 0.0	bn:15398016n 0.0	bn:00448735n 0.0	bn:11354613n 0.0	bn:03063507n 0.0	bn:01714039n 0.0	bn:00032355n 0.0	bn:00035909n 0.0	bn:00054902n 0.0	bn:03231066n 0.0
d002.s016.t005_d002.s016.t005	bn:00030820n 0.2619533125931615	bn:00035768n 0.18782394550990875	bn:00041585n 0.1454998154573746	bn:00063940n 0.14262183444675766	bn:00032362n 0.13708390557859185	bn:00063941n 0.1250171864142057	bn:00074567n 0.0	bn:00030160n 0.0	bn:00005674n 0.0	bn:09080601n 0.0	bn:00046693n 0.0	bn:00035773n 0.0	bn:00624509n 0.0	bn:00035769n 0.0	bn:15398016n 0.0	bn:00448735n 0.0	bn:11354613n 0.0	bn:03063507n 0.0	bn:01714039n 0.0	bn:00032355n 0.0	bn:00035909n 0.0	bn:00054902n 0.0	bn:03231066n 0.0
d004.s017.t042_d004.s017.t042	bn:00010210n 0.43239899451937236	bn:00064761n 0.29164051457621903	bn:00008467n 0.2759604909044087	bn:00064298n 0.0	bn:16600655n 0.0	bn:00064296n 0.0	bn:00035874n 0.0	bn:21272642n 0.0	bn:05014997n 0.0
d003.s006.t010_d003.s006.t010	bn:00049573n 0.471767912442309	bn:00062759n 0.34775922909716744	bn:00005439n 0.18047285846052372	bn:03453952n 0.0	bn:13546914n 0.0	bn:01534657n 0.0	bn:00064665n 0.0	bn:00011594n 0.0	bn:03139277n 0.0	bn:03158994n 0.0	bn:17565072n 0.0	bn:03623538n 0.0	bn:00028549n 0.0	bn:00069579n 0.0
d003.s018.t006_d003.s018.t006	bn:00049573n 0.5331922995565461	bn:00062759n 0.28415974671633554	bn:00005439n 0.18264795372711837	bn:03453952n 0.0	bn:13546914n 0.0	bn:01534657n 0.0	bn:00064665n 0.0	bn:00011594n 0.0	bn:03139277n 0.0	bn:03158994n 0.0	bn:17565072n 0.0	bn:03623538n 0.0	bn:00028549n 0.0	bn:00069579n 0.0
d003.s019.t010_d003.s019.t010	bn:00049573n 0.5468192685817083	bn:00062759n 0.2392969299932104	bn:00005439n 0.21388380142508132	bn:03453952n 0.0	bn:13546914n 0.0	bn:01534657n 0.0	bn:00064665n 0.0	bn:00011594n 0.0	bn:03139277n 0.0	bn:03158994n 0.0	bn:17565072n 0.0	bn:03623538n 0.0	bn:00028549n 0.0	bn:00069579n 0.0
d003.s021.t002_d003.s021.t002	bn:00049573n 0.5642329382905528	bn:00062759n 0.2524046653113777	bn:00005439n 0.18336239639806962	bn:03453952n 0.0	bn:13546914n 0.0	bn:01534657n 0.0	bn:00064665n 0.0	bn:00011594n 0.0	bn:03139277n 0.0	bn:03158994n 0.0	bn:17565072n 0.0	bn:03623538n 0.0	bn:00028549n 0.0	bn:00069579n 0.0
d003.s017.t017_d003.s017.t017	bn:00075094n 1.0	bn:00056032n 0.0	bn:02687704n 0.0	bn:08863186n 0.0	bn:00064776n 0.0	bn:03851567n 0.0	bn:02277371n 0.0	bn:00064624n 0.0	bn:09046621n 0.0
d004.s001.t004_d004.s001.t004	bn:00007096n 0.6010697810782449	bn:00063584n 0.39893021892175506	bn:00007097n 0.0	bn:00972218n 0.0	bn:02278936n 0.0	bn:00065080n 0.0
d002.s044.t002_d002.s044.t002	bn:00065472n 1.0	bn:03297013n 0.0	bn:02070027n 0.0	bn:03442320n 0.0	bn:00641001n 0.0	bn:03611242n 0.0	bn:00522735n 0.0	bn:00065484n 0.0	bn:00065726n 0.0	bn:00371192n 0.0	bn:01108201n 0.0	bn:14220324n 0.0	bn:13966330n 0.0
d003.s006.t008_d003.s006.t008	bn:00060201n 0.6568500078125656	bn:00075812n 0.34314999218743436	bn:08851771n 0.0	bn:00069553n 0.0	bn:11397631n 0.0	bn:00014537n 0.0	bn:00013813n 0.0	bn:00011644n 0.0	bn:00060202n 0.0	bn:09024914n 0.0	bn:00045970n 0.0	bn:14728974n 0.0	bn:08885806n 0.0	bn:00063707n 0.0
d004.s006.t026_d004.s006.t026	bn:00003603n 0.492617418718486	bn:00065553n 0.26641921273573677	bn:00013769n 0.24096336854577724	bn:16518256n 0.0	bn:00065552n 0.0	bn:00003602n 0.0	bn:09062099n 0.0	bn:00003601n 0.0
d003.s010.t005_d003.s010.t005	bn:00021880n 0.20946415344221753	bn:00066247n 0.10558686270132513	bn:00066995n 0.10157896363059296	bn:00021912n 0.09538586252026163	bn:00028017n 0.09126593948638484	bn:00021901n 0.08916882782149625	bn:00000739n 0.08080817547213447	bn:00067181n 0.0783400014821475	bn:00067002n 0.07541624692504778	bn:00035732n 0.07298496651839188	bn:00045161n 0.0	bn:00001755n 0.0	bn:03086039n 0.0	bn:00066192n 0.0	bn:08878455n 0.0
d003.s014.t007_d003.s014.t007	bn:00021880n 0.21892598811532632	bn:00028017n 0.10471622439813605	bn:00066995n 0.09270445264712608	bn:00066247n 0.09095633844796762	bn:00000739n 0.08651228758747521	bn:00021912n 0.08388811822840721	bn:00067002n 0.08364648370399311	bn:00021901n 0.08087125652267768	bn:00067181n 0.08000825985611221	bn:00035732n 0.07777059049277868	bn:00045161n 0.0	bn:00001755n 0.0	bn:03086039n 0.0	bn:00066192n 0.0	bn:08878455n 0.0
d003.s015.t002_d003.s015.t002	bn:00021880n 0.16922174239112142	bn:00066247n 0.1403301833037823	bn:00066995n 0.10235596642681243	bn:00028017n 0.09856790497748343	bn:00021901n 0.09472548197062111	bn:00021912n 0.08881696229371969	bn:00035732n 0.08505842879427951	bn:00000739n 0.0776771727775255	bn:00067002n 0.07675537324807537	bn:00067181n 0.06649078381657911	bn:00045161n 0.0	bn:00001755n 0.0	bn:03086039n 0.0	bn:00066192n 0.0	bn:08878455n 0.0
d003.s007.t017_d003.s007.t017	bn:00001964n 0.5621030698141747	bn:00021019n 0.2517079672555101	bn:00067192n 0.18618896293031514	bn:00026026n 0.0	bn:08897653n 0.0	bn:08945433n 0.0
d004.s013.t004_d004.s013.t004	bn:00066515n 1.0	bn:14945754n 0.0	bn:03875786n 0.0
d003.s022.t023_d003.s022.t023	bn:00049171n 0.5201685717866447	bn:00049169n 0.25490421025523363	bn:00049170n 0.22492721795812182	bn:00066962n 0.0	bn:00049192n 0.0	bn:00066961n 0.0	bn:00049167n 0.0	bn:00055624n 0.0
d003.s022.t023_d003.s022.t024	bn:00013173n 1.0
d001.s001.t008_d001.s001.t008	bn:00045161n 0.25641011435169486	bn:00067181n 0.14112651634289555	bn:00066995n 0.1384275086340233	bn:00021902n 0.1284939979279996	bn:00000739n 0.11599437986274333	bn:00000745n 0.11305512922883192	bn:00067002n 0.10649235365181138	bn:08840841n 0.0	bn:08904168n 0.0	bn:00021410n 0.0	bn:00067182n 0.0	bn:00064752n 0.0	bn:00067001n 0.0	bn:01697591n 0.0	bn:00001735n 0.0	bn:04521746n 0.0	bn:00052130n 0.0	bn:14947163n 0.0	bn:14410550n 0.0	bn:02545645n 0.0	bn:01221619n 0.0
d003.s009.t028_d003.s009.t028	bn:00045161n 0.3399439962931844	bn:00000745n 0.12331795540067096	bn:00067002n 0.12235894730465109	bn:00021902n 0.1109581032347019	bn:00066995n 0.11024432498873749	bn:00000739n 0.1012461580722305	bn:00067181n 0.09193051470582363	bn:08840841n 0.0	bn:08904168n 0.0	bn:00021410n 0.0	bn:00067182n 0.0	bn:00064752n 0.0	bn:00067001n 0.0	bn:01697591n 0.0	bn:00001735n 0.0	bn:04521746n 0.0	bn:00052130n 0.0	bn:14947163n 0.0	bn:14410550n 0.0	bn:02545645n 0.0	bn:01221619n 0.0
d004.s002.t009_d004.s002.t009	bn:00045161n 0.26406162734093364	bn:00067181n 0.14584301322173682	bn:00066995n 0.1315662650893057	bn:00021902n 0.12192705774475772	bn:00067002n 0.11531415807293496	bn:00000739n 0.11188534257032856	bn:00000745n 0.1094025359600026	bn:08840841n 0.0	bn:08904168n 0.0	bn:00021410n 0.0	bn:00067182n 0.0	bn:00064752n 0.0	bn:00067001n 0.0	bn:01697591n 0.0	bn:00001735n 0.0	bn:04521746n 0.0	bn:00052130n 0.0	bn:14947163n 0.0	bn:14410550n 0.0	bn:02545645n 0.0	bn:01221619n 0.0
d003.s022.t002_d003.s022.t002	bn:00067280n 0.5259150595142393	bn:00067181n 0.2751382710660271	bn:00067283n 0.19894666941973357	bn:00045243n 0.0	bn:00070036n 0.0	bn:00051979n 0.0	bn:00065672n 0.0	bn:01370909n 0.0	bn:00065332n 0.0	bn:00017920n 0.0	bn:00030952n 0.0
d004.s024.t005_d004.s024.t005	bn:00030747n 1.0	bn:03339160n 0.0	bn:03204009n 0.0	bn:17337971n 0.0	bn:16309910n 0.0	bn:02695864n 0.0	bn:00061595n 0.0	bn:01804728n 0.0	bn:00046877n 0.0	bn:02025184n 0.0	bn:00025171n 0.0
d004.s017.t002_d004.s017.t002	bn:00021961n 0.4957235492077058	bn:00000724n 0.20015958858093258	bn:00036688n 0.1594022084356897	bn:00053827n 0.14471465377567194	bn:00034520n 0.0	bn:00030721n 0.0	bn:02169132n 0.0	bn:00030709n 0.0	bn:00004452n 0.0	bn:00029900n 0.0	bn:00046065n 0.0
d001.s023.t029_d001.s023.t029	bn:00067714n 1.0
d003.s002.t019_d003.s002.t019	bn:00068130n 0.6373207015093098	bn:00063706n 0.36267929849069025	bn:15978658n 0.0	bn:00068132n 0.0	bn:00036823n 0.0	bn:00036822n 0.0	bn:14132983n 0.0	bn:00017749n 0.0	bn:00056525n 0.0	bn:08907323n 0.0
d002.s039.t002_d002.s039.t002	bn:00068673n 0.686236416180475	bn:00068672n 0.31376358381952496	bn:03297747n 0.0	bn:03218904n 0.0	bn:00029053n 0.0	bn:00016957n 0.0	bn:00071519n 0.0	bn:14318781n 0.0	bn:16174249n 0.0	bn:16066840n 0.0	bn:03126412n 0.0	bn:01939187n 0.0	bn:08348796n 0.0	bn:16068338n 0.0	bn:00315664n 0.0	bn:01834130n 0.0	bn:00030164n 0.0	bn:00071084n 0.0	bn:03355929n 0.0	bn:03752579n 0.0	bn:00006846n 0.0	bn:03423778n 0.0	bn:01434426n 0.0	bn:00069061n 0.0	bn:03137359n 0.0	bn:14158820n 0.0	bn:02773531n 0.0	bn:14835970n 0.0	bn:19844461n 0.0	bn:00672297n 0.0	bn:00054702n 0.0
d002.s011.t007_d002.s011.t007	bn:00070494n 0.2627646766631848	bn:00046139n 0.23215336708294765	bn:00054009n 0.19651729238968488	bn:00027353n 0.1708379331078548	bn:00070497n 0.13772673075632796	bn:00001714n 0.0	bn:00070496n 0.0	bn:03413360n 0.0	bn:00033965n 0.0	bn:00070499n 0.0	bn:03351152n 0.0	bn:00070498n 0.0	bn:00000657n 0.0	bn:00192422n 0.0	bn:07363172n 0.0	bn:00021164n 0.0
d003.s002.t038_d003.s002.t038	bn:00070651n 0.3368250071830416	bn:00044916n 0.21553415016668392	bn:00023362n 0.1907741642727309	bn:00070665n 0.13786736031038924	bn:00070653n 0.11899931806715429	bn:00026068n 0.0	bn:00029240n 0.0	bn:00070647n 0.0	bn:00046921n 0.0	bn:00070652n 0.0	bn:00070654n 0.0	bn:00070659n 0.0	bn:03503074n 0.0	bn:03880841n 0.0	bn:03387424n 0.0	bn:17635661n 0.0
d003.s003.t024_d003.s003.t024	bn:00070651n 0.2687731572981553	bn:00070653n 0.2253416287060287	bn:00044916n 0.22246516178543158	bn:00070665n 0.1669271766266864	bn:00023362n 0.11649287558369786	bn:00026068n 0.0	bn:00029240n 0.0	bn:00070647n 0.0	bn:00046921n 0.0	bn:00070652n 0.0	bn:00070654n 0.0	bn:00070659n 0.0	bn:03503074n 0.0	bn:03880841n 0.0	bn:03387424n 0.0	bn:17635661n 0.0
d003.s020.t006_d003.s020.t006	bn:00037634n 0.5354768706789325	bn:00070772n 0.46452312932106754	bn:04312034n 0.0	bn:05975250n 0.0	bn:16104355n 0.0	bn:00070773n 0.0
d001.s015.t039_d001.s015.t039	bn:00043484n 1.0	bn:00014711n 0.0	bn:00080816n 0.0	bn:00080813n 0.0	bn:01904456n 0.0
d003.s009.t013_d003.s009.t013	bn:00050522n 0.7075947160610493	bn:00050523n 0.2924052839389507	bn:00050538n 0.0	bn:03131041n 0.0	bn:00020635n 0.0	bn:00050521n 0.0	bn:21169678n 0.0	bn:08639791n 0.0	bn:00902572n 0.0	bn:00050001n 0.0	bn:00400605n 0.0	bn:08932654n 0.0
d001.s001.t005_d001.s001.t005	bn:00075742n 0.6130741863779232	bn:00000489n 0.3869258136220768	bn:03483995n 0.0	bn:00075142n 0.0	bn:04058234n 0.0	bn:00075743n 0.0	bn:17775858n 0.0
d004.s001.t001_d004.s001.t001	bn:00075742n 0.5833465541238497	bn:00000489n 0.4166534458761503	bn:03483995n 0.0	bn:00075142n 0.0	bn:04058234n 0.0	bn:00075743n 0.0	bn:17775858n 0.0
d004.s013.t015_d004.s013.t015	bn:00075762n 0.19253557966103269	bn:00021497n 0.12672346096071882	bn:00075763n 0.09452490536104788	bn:00069580n 0.08932153070536489	bn:00054625n 0.08602604944447152	bn:00054657n 0.08546287038794473	bn:00075759n 0.0838068296948286	bn:00075761n 0.0838006080022412	bn:00005863n 0.0829614171831482	bn:00075760n 0.07483674859920143	bn:01012745n 0.0	bn:00061005n 0.0	bn:01657858n 0.0	bn:02437884n 0.0	bn:00062929n 0.0	bn:08925807n 0.0	bn:14360366n 0.0	bn:00863086n 0.0	bn:15125301n 0.0	bn:18590376n 0.0
d004.s013.t015_d004.s013.t016	bn:00057341n 1.0
d004.s013.t015_d004.s013.t017	bn:00017184n 1.0
d001.s006.t008_d001.s006.t008	bn:00072760n 1.0	bn:00031293n 0.0	bn:00405734n 0.0	bn:00004452n 0.0	bn:00067339n 0.0	bn:00072761n 0.0
d004.s004.t016_d004.s004.t016	bn:00072760n 1.0	bn:00031293n 0.0	bn:00405734n 0.0	bn:00004452n 0.0	bn:00067339n 0.0	bn:00072761n 0.0
d002.s013.t008_d002.s013.t008	bn:00055233n 1.0	bn:00021524n 0.0	bn:00050004n 0.0
d001.s010.t072_d001.s010.t072	bn:00005532n 0.6923388458089783	bn:00061898n 0.3076611541910217	bn:00025966n 0.0	bn:16327908n 0.0	bn:08943571n 0.0	bn:02005392n 0.0	bn:03713736n 0.0	bn:16374890n 0.0	bn:08853797n 0.0	bn:00204855n 0.0	bn:08859953n 0.0	bn:09028340n 0.0	bn:14877112n 0.0
d004.s015.t028_d004.s015.t029	NO_MATCH 1.0
d004.s015.t028_d004.s015.t031	NO_MATCH 1.0
d001.s024.t002_d001.s024.t002	bn:00074786n 0.23422743629451176	bn:00031755n 0.2210152233614009	bn:00071923n 0.16349407726688242	bn:00074793n 0.14550206743174812	bn:00014169n 0.12139355552670325	bn:00067181n 0.11436764011875347	bn:01666584n 0.0	bn:00064665n 0.0	bn:00061758n 0.0	bn:00074788n 0.0	bn:00074795n 0.0	bn:00005097n 0.0	bn:00016012n 0.0	bn:00074790n 0.0	bn:00074791n 0.0	bn:00031622n 0.0	bn:00074792n 0.0	bn:00047693n 0.0
d001.s025.t017_d001.s025.t017	bn:00074786n 0.24558102824475467	bn:00071923n 0.170887023558512	bn:00031755n 0.1684182461797642	bn:00074793n 0.1393339284659974	bn:00067181n 0.13819944396627318	bn:00014169n 0.13758032958469857	bn:01666584n 0.0	bn:00064665n 0.0	bn:00061758n 0.0	bn:00074788n 0.0	bn:00074795n 0.0	bn:00005097n 0.0	bn:00016012n 0.0	bn:00074790n 0.0	bn:00074791n 0.0	bn:00031622n 0.0	bn:00074792n 0.0	bn:00047693n 0.0
d001.s027.t031_d001.s027.t031	bn:00074786n 0.2574535110039317	bn:00071923n 0.19222845952584902	bn:00031755n 0.1711612937671716	bn:00014169n 0.13383776431251906	bn:00067181n 0.1310316034031009	bn:00074793n 0.11428736798742758	bn:01666584n 0.0	bn:00064665n 0.0	bn:00061758n 0.0	bn:00074788n 0.0	bn:00074795n 0.0	bn:00005097n 0.0	bn:00016012n 0.0	bn:00074790n 0.0	bn:00074791n 0.0	bn:00031622n 0.0	bn:00074792n 0.0	bn:00047693n 0.0
d001.s028.t022_d001.s028.t022	bn:00031755n 0.20109342560517351	bn:00074786n 0.19072940974337638	bn:00071923n 0.17793913773846076	bn:00074793n 0.1502581090050036	bn:00014169n 0.14500189240383524	bn:00067181n 0.1349780255041504	bn:01666584n 0.0	bn:00064665n 0.0	bn:00061758n 0.0	bn:00074788n 0.0	bn:00074795n 0.0	bn:00005097n 0.0	bn:00016012n 0.0	bn:00074790n 0.0	bn:00074791n 0.0	bn:00031622n 0.0	bn:00074792n 0.0	bn:00047693n 0.0
d001.s030.t009_d001.s030.t009	bn:00074786n 0.24610849519274963	bn:00071923n 0.19356079640988275	bn:00031755n 0.17774546113243164	bn:00067181n 0.13362355109956678	bn:00074793n 0.12648546199666744	bn:00014169n 0.1224762341687018	bn:01666584n 0.0	bn:00064665n 0.0	bn:00061758n 0.0	bn:00074788n 0.0	bn:00074795n 0.0	bn:00005097n 0.0	bn:00016012n 0.0	bn:00074790n 0.0	bn:00074791n 0.0	bn:00031622n 0.0	bn:00074792n 0.0	bn:00047693n 0.0
d001.s036.t006_d001.s036.t006	bn:00074786n 0.3126434057029345	bn:00031755n 0.16401224195985453	bn:00074793n 0.1361047514407178	bn:00067181n 0.13518337926966417	bn:00014169n 0.13190825463636383	bn:00071923n 0.12014796699046516	bn:01666584n 0.0	bn:00064665n 0.0	bn:00061758n 0.0	bn:00074788n 0.0	bn:00074795n 0.0	bn:00005097n 0.0	bn:00016012n 0.0	bn:00074790n 0.0	bn:00074791n 0.0	bn:00031622n 0.0	bn:00074792n 0.0	bn:00047693n 0.0
d003.s006.t014_d003.s006.t014	bn:00074786n 0.2630322853250916	bn:00071923n 0.17751144508421213	bn:00067181n 0.16015129405553172	bn:00031755n 0.14872605443076975	bn:00014169n 0.13276154308215457	bn:00074793n 0.11781737802224004	bn:01666584n 0.0	bn:00064665n 0.0	bn:00061758n 0.0	bn:00074788n 0.0	bn:00074795n 0.0	bn:00005097n 0.0	bn:00016012n 0.0	bn:00074790n 0.0	bn:00074791n 0.0	bn:00031622n 0.0	bn:00074792n 0.0	bn:00047693n 0.0
d003.s007.t002_d003.s007.t002	bn:00074786n 0.26125273851015035	bn:00071923n 0.18909754979471383	bn:00031755n 0.1654115067588778	bn:00067181n 0.1367006302978379	bn:00074793n 0.1252679273691168	bn:00014169n 0.12226964726930324	bn:01666584n 0.0	bn:00064665n 0.0	bn:00061758n 0.0	bn:00074788n 0.0	bn:00074795n 0.0	bn:00005097n 0.0	bn:00016012n 0.0	bn:00074790n 0.0	bn:00074791n 0.0	bn:00031622n 0.0	bn:00074792n 0.0	bn:00047693n 0.0
d003.s010.t001_d003.s010.t001	bn:00074786n 0.24460663708552913	bn:00071923n 0.214403770806725	bn:00067181n 0.18476072701898225	bn:00014169n 0.13849744830492183	bn:00074793n 0.12069820121164183	bn:00031755n 0.09703321557220002	bn:01666584n 0.0	bn:00064665n 0.0	bn:00061758n 0.0	bn:00074788n 0.0	bn:00074795n 0.0	bn:00005097n 0.0	bn:00016012n 0.0	bn:00074790n 0.0	bn:00074791n 0.0	bn:00031622n 0.0	bn:00074792n 0.0	bn:00047693n 0.0
d003.s011.t016_d003.s011.t016	bn:00074786n 0.2599316456937137	bn:00071923n 0.19681142339461039	bn:00031755n 0.1437497469833448	bn:00014169n 0.1432953766910297	bn:00067181n 0.1287399197340394	bn:00074793n 0.12747188750326194	bn:01666584n 0.0	bn:00064665n 0.0	bn:00061758n 0.0	bn:00074788n 0.0	bn:00074795n 0.0	bn:00005097n 0.0	bn:00016012n 0.0	bn:00074790n 0.0	bn:00074791n 0.0	bn:00031622n 0.0	bn:00074792n 0.0	bn:00047693n 0.0
d003.s012.t002_d003.s012.t002	bn:00074786n 0.3163750383329328	bn:00071923n 0.18144917416031756	bn:00031755n 0.13748657843267045	bn:00067181n 0.12438811180286484	bn:00074793n 0.12109965385138771	bn:00014169n 0.11920144341982672	bn:01666584n 0.0	bn:00064665n 0.0	bn:00061758n 0.0	bn:00074788n 0.0	bn:00074795n 0.0	bn:00005097n 0.0	bn:00016012n 0.0	bn:00074790n 0.0	bn:00074791n 0.0	bn:00031622n 0.0	bn:00074792n 0.0	bn:00047693n 0.0
d003.s014.t002_d003.s014.t002	bn:00074786n 0.2530002736103216	bn:00071923n 0.21556399775326468	bn:00074793n 0.1376205748121648	bn:00031755n 0.1370407596995475	bn:00014169n 0.13233411157371325	bn:00067181n 0.12444028255098806	bn:01666584n 0.0	bn:00064665n 0.0	bn:00061758n 0.0	bn:00074788n 0.0	bn:00074795n 0.0	bn:00005097n 0.0	bn:00016012n 0.0	bn:00074790n 0.0	bn:00074791n 0.0	bn:00031622n 0.0	bn:00074792n 0.0	bn:00047693n 0.0
d004.s015.t005_d004.s015.t005	bn:00074786n 0.2896363935522315	bn:00031755n 0.1784175204246415	bn:00067181n 0.14083201615804597	bn:00014169n 0.1330648887612628	bn:00071923n 0.12918386931239573	bn:00074793n 0.1288653117914226	bn:01666584n 0.0	bn:00064665n 0.0	bn:00061758n 0.0	bn:00074788n 0.0	bn:00074795n 0.0	bn:00005097n 0.0	bn:00016012n 0.0	bn:00074790n 0.0	bn:00074791n 0.0	bn:00031622n 0.0	bn:00074792n 0.0	bn:00047693n 0.0
d004.s016.t009_d004.s016.t009	bn:00074786n 0.24610849519274963	bn:00071923n 0.19356079640988275	bn:00031755n 0.17774546113243164	bn:00067181n 0.13362355109956678	bn:00074793n 0.12648546199666744	bn:00014169n 0.1224762341687018	bn:01666584n 0.0	bn:00064665n 0.0	bn:00061758n 0.0	bn:00074788n 0.0	bn:00074795n 0.0	bn:00005097n 0.0	bn:00016012n 0.0	bn:00074790n 0.0	bn:00074791n 0.0	bn:00031622n 0.0	bn:00074792n 0.0	bn:00047693n 0.0
d004.s017.t004_d004.s017.t004	bn:00074786n 0.2771622077636595	bn:00071923n 0.19078335805433908	bn:00031755n 0.16452946426730333	bn:00067181n 0.15042020812682397	bn:00014169n 0.115318611276129	bn:00074793n 0.101786150511745	bn:01666584n 0.0	bn:00064665n 0.0	bn:00061758n 0.0	bn:00074788n 0.0	bn:00074795n 0.0	bn:00005097n 0.0	bn:00016012n 0.0	bn:00074790n 0.0	bn:00074791n 0.0	bn:00031622n 0.0	bn:00074792n 0.0	bn:00047693n 0.0
d002.s027.t033_d002.s027.t033	bn:00876917n 1.0
d001.s015.t014_d001.s015.t014	bn:00005513n 0.420019909462661	bn:00040160n 0.20996421778603094	bn:00075373n 0.20555525681956135	bn:00075374n 0.16446061593174674	bn:02146864n 0.0	bn:00029430n 0.0	bn:00005518n 0.0	bn:00001018n 0.0	bn:00001014n 0.0	bn:15179836n 0.0
d003.s005.t027_d003.s005.t027	bn:00056025n 0.5157370638312064	bn:00008793n 0.20988473385701792	bn:00074900n 0.16063467503310666	bn:00045803n 0.11374352727866908	bn:01190735n 0.0	bn:03758279n 0.0	bn:00076890n 0.0	bn:00678951n 0.0	bn:08990501n 0.0	bn:01440907n 0.0	bn:00043267n 0.0	bn:21706388n 0.0	bn:00056024n 0.0	bn:13845352n 0.0	bn:00798964n 0.0
d001.s003.t012_d001.s003.t012	bn:00076843n 1.0	bn:00047235n 0.0	bn:00076842n 0.0
d004.s010.t012_d004.s010.t012	bn:00076843n 1.0	bn:00047235n 0.0	bn:00076842n 0.0
d004.s020.t018_d004.s020.t018	bn:00076843n 1.0	bn:00047235n 0.0	bn:00076842n 0.0
d002.s041.t004_d002.s041.t004	bn:00076732n 0.7010280766242394	bn:00069638n 0.2989719233757606	bn:00049912n 0.0	bn:06060589n 0.0	bn:03103700n 0.0	bn:01848600n 0.0	bn:09011273n 0.0
d002.s041.t016_d002.s041.t016	bn:00076732n 0.7010280766242394	bn:00069638n 0.2989719233757606	bn:00049912n 0.0	bn:06060589n 0.0	bn:03103700n 0.0	bn:01848600n 0.0	bn:09011273n 0.0
d002.s047.t007_d002.s047.t007	bn:00076732n 0.6734999408392144	bn:00069638n 0.3265000591607856	bn:00049912n 0.0	bn:06060589n 0.0	bn:03103700n 0.0	bn:01848600n 0.0	bn:09011273n 0.0
d001.s009.t010_d001.s009.t010	bn:00057267n 1.0	bn:00015180n 0.0	bn:15087009n 0.0
d001.s009.t016_d001.s009.t016	bn:00057267n 1.0	bn:00015180n 0.0	bn:15087009n 0.0
d001.s010.t016_d001.s010.t016	bn:00057267n 1.0	bn:00015180n 0.0	bn:15087009n 0.0
d001.s027.t037_d001.s027.t037	bn:00057267n 1.0	bn:00015180n 0.0	bn:15087009n 0.0
d001.s028.t037_d001.s028.t037	bn:00057267n 1.0	bn:00015180n 0.0	bn:15087009n 0.0
d001.s036.t011_d001.s036.t011	bn:00057267n 1.0	bn:00015180n 0.0	bn:15087009n 0.0
d001.s037.t007_d001.s037.t007	bn:00057267n 1.0	bn:00015180n 0.0	bn:15087009n 0.0
d004.s024.t008_d004.s024.t008	bn:00044576n 0.312387091645314	bn:00001533n 0.24957279150841782	bn:00045153n 0.23668490799196368	bn:00053096n 0.2013552088543045	bn:03478581n 0.0	bn:00053100n 0.0	bn:00053099n 0.0	bn:00053098n 0.0	bn:15182425n 0.0	bn:02873369n 0.0	bn:00010936n 0.0	bn:03405528n 0.0	bn:00053097n 0.0	bn:00222682n 0.0	bn:00045157n 0.0
d002.s020.t020_d002.s020.t020	bn:00022095n 0.6075457344678257	bn:00079373n 0.39245426553217433	bn:01322530n 0.0	bn:00032337n 0.0	bn:02763770n 0.0	bn:16060211n 0.0
d002.s027.t007_d002.s027.t007	bn:00022095n 0.6542493779019478	bn:00079373n 0.3457506220980522	bn:01322530n 0.0	bn:00032337n 0.0	bn:02763770n 0.0	bn:16060211n 0.0
d003.s002.t036_d003.s002.t036	bn:00022095n 0.6867533186856425	bn:00079373n 0.3132466813143575	bn:01322530n 0.0	bn:00032337n 0.0	bn:02763770n 0.0	bn:16060211n 0.0
d003.s003.t019_d003.s003.t019	bn:00022095n 0.6062877018880489	bn:00079373n 0.3937122981119511	bn:01322530n 0.0	bn:00032337n 0.0	bn:02763770n 0.0	bn:16060211n 0.0
d002.s021.t008_d002.s021.t008	bn:00029680n 0.17966164497536086	bn:00012839n 0.10462298456336191	bn:00046139n 0.09057163967008736	bn:00079511n 0.08596953280851274	bn:00058151n 0.07989947607716867	bn:00003601n 0.0798231118870996	bn:00079508n 0.0789192700534781	bn:00079510n 0.0787057674493161	bn:00054453n 0.07781992056089286	bn:00079509n 0.07779485318804251	bn:00037094n 0.06621179876667932	bn:00081660n 0.0	bn:00013121n 0.0	bn:00020445n 0.0	bn:14271057n 0.0	bn:00046143n 0.0	bn:15387140n 0.0	bn:02476555n 0.0	bn:00025222n 0.0
d002.s032.t020_d002.s032.t020	bn:00012839n 0.17582096760192126	bn:00029680n 0.10265939740398251	bn:00079511n 0.09492843316535335	bn:00079510n 0.08076977345063492	bn:00079509n 0.07965079267308776	bn:00046139n 0.07846137192680254	bn:00003601n 0.07838510390772331	bn:00054453n 0.07779663954443253	bn:00037094n 0.07762877149529966	bn:00058151n 0.07729742706881827	bn:00079508n 0.07660132176194402	bn:00081660n 0.0	bn:00013121n 0.0	bn:00020445n 0.0	bn:14271057n 0.0	bn:00046143n 0.0	bn:15387140n 0.0	bn:02476555n 0.0	bn:00025222n 0.0
d002.s033.t009_d002.s033.t009	bn:00012839n 0.14802680618700062	bn:00029680n 0.13941765874864273	bn:00079510n 0.09142238202877957	bn:00037094n 0.08446694084010871	bn:00079509n 0.08175371930542924	bn:00058151n 0.08093378095603417	bn:00079508n 0.078706098814616	bn:00046139n 0.07684390114711656	bn:00003601n 0.07593328233380944	bn:00054453n 0.0717659580944761	bn:00079511n 0.07072947154398698	bn:00081660n 0.0	bn:00013121n 0.0	bn:00020445n 0.0	bn:14271057n 0.0	bn:00046143n 0.0	bn:15387140n 0.0	bn:02476555n 0.0	bn:00025222n 0.0
d002.s017.t009_d002.s017.t009	bn:00079583n 1.0	bn:14817685n 0.0	bn:00005604n 0.0	bn:00079582n 0.0	bn:02394228n 0.0	bn:00079581n 0.0	bn:00079580n 0.0
d002.s021.t011_d002.s021.t011	bn:00079583n 1.0	bn:14817685n 0.0	bn:00005604n 0.0	bn:00079582n 0.0	bn:02394228n 0.0	bn:00079581n 0.0	bn:00079580n 0.0
d002.s031.t006_d002.s031.t006	bn:00079583n 1.0	bn:14817685n 0.0	bn:00005604n 0.0	bn:00079582n 0.0	bn:02394228n 0.0	bn:00079581n 0.0	bn:00079580n 0.0
d002.s033.t011_d002.s033.t011	bn:00079583n 1.0	bn:14817685n 0.0	bn:00005604n 0.0	bn:00079582n 0.0	bn:02394228n 0.0	bn:00079581n 0.0	bn:00079580n 0.0
d001.s006.t017_d001.s006.t017	bn:00079681n 1.0	bn:00009476n 0.0	bn:11367809n 0.0	bn:04315654n 0.0	bn:17611112n 0.0	bn:00055130n 0.0	bn:00051675n 0.0	bn:01584696n 0.0
d003.s009.t055_d003.s009.t055	bn:00079921n 0.5104255399993287	bn:00079435n 0.48957446000067134
d003.s017.t007_d003.s017.t007	bn:00009669n 0.2902000459048658	bn:00071509n 0.13944750409263945	bn:00045979n 0.12772118543542577	bn:00059169n 0.11736411958161479	bn:00023260n 0.11719546164339834	bn:00006384n 0.10706049413578542	bn:00080132n 0.10101118920627046	bn:04502075n 0.0	bn:00071517n 0.0	bn:00071507n 0.0	bn:00199426n 0.0	bn:00071511n 0.0	bn:00032559n 0.0	bn:00048900n 0.0	bn:01448729n 0.0	bn:00382394n 0.0	bn:03621187n 0.0	bn:16712759n 0.0	bn:00071508n 0.0	bn:04624527n 0.0	bn:00042225n 0.0	bn:08874385n 0.0	bn:03796877n 0.0	bn:00032558n 0.0	bn:00080087n 0.0	bn:21706412n 0.0	bn:00063237n 0.0
d001.s016.t020_d001.s016.t020	bn:00080147n 1.0	bn:09070814n 0.0
d001.s016.t026_d001.s016.t026	bn:00080147n 1.0	bn:09070814n 0.0
d001.s017.t019_d001.s017.t019	bn:00027565n 1.0	bn:08281842n 0.0	bn:00008567n 0.0	bn:16370894n 0.0
d004.s008.t012_d004.s008.t012	bn:00027565n 1.0	bn:08281842n 0.0	bn:00008567n 0.0	bn:16370894n 0.0
d004.s009.t008_d004.s009.t008	bn:00027565n 1.0	bn:08281842n 0.0	bn:00008567n 0.0	bn:16370894n 0.0
d004.s009.t032_d004.s009.t032	bn:00027565n 1.0	bn:08281842n 0.0	bn:00008567n 0.0	bn:16370894n 0.0
d004.s010.t027_d004.s010.t027	bn:00027565n 1.0	bn:08281842n 0.0	bn:00008567n 0.0	bn:16370894n 0.0
d004.s017.t024_d004.s017.t024	bn:00027565n 1.0	bn:08281842n 0.0	bn:00008567n 0.0	bn:16370894n 0.0
d004.s017.t044_d004.s017.t044	bn:00027565n 1.0	bn:08281842n 0.0	bn:00008567n 0.0	bn:16370894n 0.0
d004.s018.t007_d004.s018.t007	bn:00027565n 1.0	bn:08281842n 0.0	bn:00008567n 0.0	bn:16370894n 0.0
d004.s018.t020_d004.s018.t020	bn:00027565n 1.0	bn:08281842n 0.0	bn:00008567n 0.0	bn:16370894n 0.0
d004.s020.t006_d004.s020.t006	bn:00027565n 1.0	bn:08281842n 0.0	bn:00008567n 0.0	bn:16370894n 0.0
d004.s020.t025_d004.s020.t025	bn:00027565n 1.0	bn:08281842n 0.0	bn:00008567n 0.0	bn:16370894n 0.0
