d006.s013.t008	bn:00001530n 0.412830958261038	bn:00034016n 0.3642238899375671	bn:00053531n 0.22290387283346552	bn:00025097n 4.1278967929310874e-05
d008.s014.t005	bn:00018105n 0.9999000199960009	bn:00021394n 9.998000399920017e-05
d008.s026.t005	bn:00006845n 1.0
d001.s026.t011	bn:00029345n 1.0
d006.s021.t002	bn:00032381n 1.0
d002.s016.t004	bn:00047683n 1.0
d009.s007.t003	bn:00070537n 1.0
d012.s019.t003	bn:00023237n 0.6866053813249017	bn:00028934n 0.1697807669589143	bn:00023235n 0.14354519804341878	bn:00023236n 6.865367276521365e-05
d009.s032.t003	bn:00017171n 1.0
d001.s023.t002	bn:00058674n 1.0
d009.s025.t006	bn:00026817n 0.9999000199960009	bn:00017904n 9.998000399920017e-05
d012.s017.t003	bn:00046019n 1.0
d004.s004.t001	bn:00021286n 0.4456232313887332	bn:00031008n 0.23073703505673135	bn:00022811n 0.20317044427615805	bn:00014160n 0.07746689815225558	bn:00014137n 0.04295783325876975	bn:00014138n 4.455786735213811e-05
d004.s002.t006	bn:00007085n 1.0
d008.s025.t006	bn:00052888n 1.0
d004.s018.t003	bn:00002362n 1.0
d003.s013.t005	bn:00061135n 0.9999000199960009	bn:00061499n 9.998000399920017e-05
d001.s011.t012	bn:00002954n 0.9999000199960009	bn:00035296n 9.998000399920017e-05
d009.s032.t006	bn:00068130n 1.0
d010.s026.t002	bn:00043372n 1.0
d013.s007.t004	bn:00030605n 0.9999000199960009	bn:00041611n 9.998000399920017e-05
d006.s003.t002	bn:00067181n 1.0
d012.s008.t004	bn:00044759n 1.0
d010.s019.t005	bn:00048488n 1.0
d009.s011.t001	bn:00061757n 1.0
d005.s003.t005	bn:00043544n 0.5205517940677282	bn:00030330n 0.47939615595786256	bn:00003142n 5.204997440933189e-05
d009.s028.t004	bn:00061135n 0.9999000199960009	bn:00061499n 9.998000399920017e-05
d001.s025.t006	bn:00028247n 0.9908211122691817	bn:00034158n 0.009079815526811702	bn:00028248n 9.907220400651752e-05
d009.s013.t001	bn:00042601n 1.0
d002.s005.t001	bn:00037180n 0.5738686823056284	bn:00037182n 0.42607393656425413	bn:00007800n 5.7381130117551084e-05
d012.s013.t009	bn:00029670n 1.0
d010.s003.t003	bn:00048488n 1.0
d009.s013.t008	bn:00026817n 0.9999000199960009	bn:00017904n 9.998000399920017e-05
d001.s028.t001	bn:00079435n 1.0
d009.s015.t001	bn:00078738n 0.40511984327668094	bn:00006662n 0.21745360841603753	bn:00081857n 0.20100201006741678	bn:00001939n 0.17634352237279582	bn:00004379n 4.050793353431467e-05	bn:00004401n 4.050793353431467e-05
d010.s008.t007	bn:00025878n 0.9999000199960009	bn:00025871n 9.998000399920017e-05
d008.s023.t001	bn:00047356n 1.0
d004.s003.t005	bn:00068130n 1.0
d009.s031.t009	bn:00078738n 0.4001042374667804	bn:00006662n 0.2127420405964736	bn:00081857n 0.19886932275170766	bn:00001939n 0.18820438633882933	bn:00004379n 4.000642310436761e-05	bn:00004401n 4.000642310436761e-05
d002.s016.t008	bn:00070056n 0.9999000199960009	bn:00072547n 9.998000399920017e-05
d001.s011.t006	bn:00078738n 0.3692655601456693	bn:00006662n 0.22434165722562252	bn:00081857n 0.21854409775949513	bn:00001939n 0.18777483914175655	bn:00004379n 3.6922863728194114e-05	bn:00004401n 3.6922863728194114e-05
d001.s011.t013	bn:00028863n 1.0
d003.s011.t002	bn:00027386n 0.4998423346992915	bn:00029425n 0.2538011249375892	bn:00041883n 0.1433610712937751	bn:00035304n 0.10294548983379771	bn:00007037n 4.9979235546374516e-05
d012.s021.t006	bn:00046019n 1.0
d001.s014.t003	bn:00016756n 1.0
d013.s013.t001	bn:00071671n 0.9999000199960009	bn:00059750n 9.998000399920017e-05
d001.s004.t002	bn:00026838n 1.0
d006.s032.t005	bn:00023362n 0.9999000199960009	bn:00067181n 9.998000399920017e-05
d006.s021.t005	bn:00078738n 0.29244986711158827	bn:00001939n 0.24663474715033729	bn:00081857n 0.23399506196004116	bn:00006662n 0.22686183965302337	bn:00004379n 2.9242062504908336e-05	bn:00004401n 2.9242062504908336e-05
d003.s001.t001	bn:00080397n 1.0
d010.s019.t001	bn:00031709n 1.0
d004.s009.t005	bn:00077905n 0.8503020915533084	bn:00033729n 0.1496128867397069	bn:00047741n 8.502170698463237e-05
d010.s014.t002	bn:00081857n 0.3594906225250634	bn:00006662n 0.34597943337490733	bn:00001939n 0.2681240689274982	bn:00078738n 0.026333984237119325	bn:00004379n 3.594546770573577e-05	bn:00004401n 3.594546770573577e-05
d008.s014.t001	bn:00027529n 1.0
d011.s010.t003	bn:00040851n 1.0
d012.s001.t001	bn:00046021n 1.0
d009.s030.t005	bn:00014137n 1.0
d008.s028.t001	bn:00005917n 1.0
d012.s003.t001	bn:00029806n 1.0
d009.s018.t002	bn:00050165n 1.0
d009.s021.t005	bn:00050165n 1.0
d008.s008.t005	bn:00005917n 1.0
d006.s008.t002	bn:00047208n 1.0
d008.s010.t006	bn:00051054n 0.9255892865675897	bn:00051047n 0.07431816375872102	bn:00051045n 9.254967368939004e-05
d012.s002.t007	bn:00045163n 1.0
d010.s009.t002	bn:00075315n 0.9999000199960009	bn:00027206n 9.998000399920017e-05
d004.s016.t002	bn:00000728n 0.41429602120681563	bn:00022227n 0.3211350698241203	bn:00000726n 0.2645274835094894	bn:00021275n 4.142545957472409e-05
d001.s004.t004	bn:00043484n 1.0
d006.s015.t002	bn:00021624n 1.0
d012.s013.t010	bn:00029416n 1.0
d007.s004.t005	bn:00058701n 0.4429327828288353	bn:00078929n 0.2786565362929773	bn:00035711n 0.2783663920287894	bn:00005340n 4.428884939794374e-05
d008.s019.t001	bn:00005917n 1.0
d006.s032.t001	bn:00058461n 1.0
d005.s010.t005	bn:00055644n 1.0
d009.s032.t005	bn:00028934n 0.45974022119412794	bn:00023236n 0.3204543474848717	bn:00023235n 0.2197594618958235	bn:00023237n 4.596942517689511e-05
d012.s025.t001	bn:00077593n 1.0
d001.s019.t007	bn:00023236n 0.6634219426699777	bn:00023235n 0.2565204723411718	bn:00028934n 0.07999124942813955	bn:00023237n 6.633556071092667e-05
d009.s023.t002	bn:00029678n 0.9999000199960009	bn:00007078n 9.998000399920017e-05
d004.s011.t001	bn:00008679n 1.0
d007.s004.t001	bn:00055094n 1.0
d009.s023.t004	bn:00064234n 0.9999000199960009	bn:00017517n 9.998000399920017e-05
d009.s031.t010	bn:00067239n 1.0
d001.s024.t005	bn:00047208n 1.0
d004.s018.t001	bn:00031008n 0.2795447202454094	bn:00021286n 0.25557689401833505	bn:00014160n 0.1982293968306083	bn:00022811n 0.14444461564592667	bn:00014138n 0.12217642158286361	bn:00014137n 2.7951676856855256e-05
d009.s031.t007	bn:00003341n 1.0
d003.s002.t006	bn:00050378n 0.9999000199960009	bn:00046478n 9.998000399920017e-05
d001.s028.t003	bn:00059480n 0.538577005369874	bn:00059482n 0.2805221756781941	bn:00001423n 0.18084696663662647	bn:00005863n 5.385231530545686e-05
d010.s004.t003	bn:00023236n 0.9661211125323788	bn:00023235n 0.033782285016613116	bn:00064914n 9.660245100813707e-05
d005.s003.t009	bn:00031888n 1.0
d001.s016.t004	bn:00047021n 1.0
d001.s001.t001	bn:00062759n 1.0
d004.s005.t004	bn:00036512n 1.0
d009.s032.t002	bn:00023235n 0.4115472692600345	bn:00028934n 0.3152701412033074	bn:00023236n 0.2731414389247932	bn:00023237n 4.115061186481697e-05
d006.s016.t007	bn:00015656n 1.0
d003.s002.t010	bn:00061135n 0.9999000199960009	bn:00061499n 9.998000399920017e-05
d004.s019.t004	bn:00008694n 1.0
d006.s011.t002	bn:00081546n 1.0
d001.s014.t005	bn:00014103n 1.0
d013.s023.t007	bn:00078738n 0.37990633513789973	bn:00006662n 0.24877031376008316	bn:00081857n 0.19037418447891405	bn:00001939n 0.18087319295344237	bn:00004379n 3.798683483030695e-05	bn:00004401n 3.798683483030695e-05
d013.s022.t002	bn:00033638n 1.0
d006.s032.t002	bn:00021628n 0.3814415208799678	bn:00025693n 0.33939082526200615	bn:00048496n 0.26120602512687513	bn:00018661n 0.017923488393096626	bn:00003132n 3.814033805419137e-05
d009.s017.t001	bn:00029680n 0.9999000199960009	bn:00079508n 9.998000399920017e-05
d009.s003.t001	bn:00023827n 1.0
d001.s002.t006	bn:00017219n 0.7278221499592562	bn:00017145n 0.2121034380738837	bn:00011299n 0.06000163702935783	bn:00062785n 7.277493750217541e-05
d013.s005.t003	bn:00023681n 1.0
d013.s006.t004	bn:00008364n 0.4989558486139085	bn:00008367n 0.21055533702479468	bn:00009850n 0.17973994133361587	bn:00009475n 0.11069898243187894	bn:00074567n 4.989059580181068e-05
d004.s002.t005	bn:00068696n 1.0
d006.s029.t002	bn:00048461n 1.0
d005.s006.t005	bn:00055644n 1.0
d011.s019.t002	bn:00073699n 1.0
d006.s010.t001	bn:00048488n 1.0
d007.s015.t003	bn:00015925n 1.0
d009.s016.t003	bn:00023235n 0.4440366623033687	bn:00023236n 0.4370238994840348	bn:00028934n 0.11889503898628868	bn:00023237n 4.43992263077061e-05
d001.s020.t001	bn:00037180n 0.6692113121794665	bn:00037182n 0.3307217733807596	bn:00007800n 6.691443977396925e-05
d008.s007.t004	bn:00006912n 1.0
d008.s029.t004	bn:00040165n 0.5988723179829556	bn:00031353n 0.4010678007733705	bn:00001648n 5.9881243673928174e-05
d009.s031.t013	bn:00078738n 0.41419114955472713	bn:00006662n 0.21515114780119857	bn:00081857n 0.1931724770398586	bn:00001939n 0.17740239565729915	bn:00004379n 4.1414973458126906e-05	bn:00004401n 4.1414973458126906e-05
d009.s024.t001	bn:00054693n 1.0
d012.s008.t006	bn:00078738n 0.29816893449954684	bn:00006662n 0.29507529967286433	bn:00081857n 0.22557232895748272	bn:00001939n 0.18112380904598843	bn:00004379n 2.9813912058748815e-05	bn:00004401n 2.9813912058748815e-05
d007.s008.t002	bn:00031735n 1.0
d006.s033.t002	bn:00017234n 1.0
d006.s025.t001	bn:00014710n 0.6510923410930143	bn:00052325n 0.3488425561831487	bn:00055794n 6.510272383691775e-05
d006.s026.t002	bn:00034625n 1.0
d012.s023.t003	bn:00026684n 1.0
d012.s006.t011	bn:00036202n 1.0
d009.s031.t002	bn:00061135n 0.9999000199960009	bn:00061499n 9.998000399920017e-05
d008.s025.t002	bn:00006845n 1.0
d006.s024.t003	bn:00023362n 0.9999000199960009	bn:00067181n 9.998000399920017e-05
d006.s018.t001	bn:00064601n 1.0
d006.s012.t001	bn:00025646n 1.0
d005.s003.t007	bn:00079129n 0.750146850704907	bn:00028114n 0.24977814211074087	bn:00028115n 7.500718435205551e-05
d003.s006.t003	bn:00078738n 0.25496424746927776	bn:00081857n 0.25484464671689067	bn:00006662n 0.2518637293211079	bn:00001939n 0.2382763887420047	bn:00004379n 2.549387535939184e-05	bn:00004401n 2.549387535939184e-05
d009.s018.t001	bn:00025646n 1.0
d008.s014.t007	bn:00051675n 0.5415580753429758	bn:00037572n 0.45838777426452915	bn:00031053n 5.415039249504808e-05
d001.s021.t003	bn:00022227n 0.5094484961705631	bn:00021275n 0.26819584689970327	bn:00000728n 0.22230471717409206	bn:00000726n 5.093975564149217e-05
d005.s010.t003	bn:00000762n 0.6687165082394659	bn:00034540n 0.33121662679620656	bn:00058469n 6.686496432751384e-05
d012.s003.t010	bn:00070648n 1.0
d001.s017.t003	bn:00037180n 0.8785285105560822	bn:00037182n 0.12138364537726884	bn:00007800n 8.784406664894333e-05
d002.s011.t001	bn:00068495n 1.0
d006.s009.t005	bn:00048655n 0.7049191258163733	bn:00067807n 0.2950103893195314	bn:00064490n 7.048486409522781e-05
d002.s003.t005	bn:00078365n 1.0
d008.s014.t009	bn:00064601n 1.0
d009.s014.t003	bn:00023236n 0.5166972780483975	bn:00023235n 0.4586149853264468	bn:00023237n 0.024636072063807007	bn:00028934n 5.166456134870488e-05
d011.s007.t001	bn:00060799n 1.0
d001.s011.t002	bn:00014791n 0.9999000199960009	bn:00075966n 9.998000399920017e-05
d009.s012.t002	bn:00029678n 0.9999000199960009	bn:00007078n 9.998000399920017e-05
d009.s032.t008	bn:00057614n 1.0
d011.s004.t007	bn:00023236n 0.38788714412236475	bn:00023235n 0.32080389204607207	bn:00028934n 0.29127017899563434	bn:00023237n 3.8784835928643614e-05
d001.s018.t001	bn:00005731n 0.9999000199960009	bn:00020858n 9.998000399920017e-05
d011.s006.t004	bn:00060340n 1.0
d013.s003.t004	bn:00003341n 1.0
d003.s003.t003	bn:00028458n 1.0
d011.s012.t002	bn:00060799n 1.0
d005.s009.t004	bn:00047365n 1.0
d006.s005.t005	bn:00021904n 1.0
d008.s011.t003	bn:00029424n 0.7077704983208832	bn:00027386n 0.13710785343406606	bn:00041883n 0.09413344713172186	bn:00029425n 0.060917431140493875	bn:00029429n 7.076997283480485e-05
d013.s006.t001	bn:00060464n 1.0
d007.s006.t002	bn:00020119n 0.9999000199960009	bn:00077924n 9.998000399920017e-05
d001.s025.t004	bn:00001697n 1.0
d009.s023.t001	bn:00012786n 1.0
d006.s032.t004	bn:00021624n 1.0
d009.s004.t005	bn:00003341n 1.0
d001.s018.t006	bn:00016756n 1.0
d009.s027.t002	bn:00078738n 0.39120205047525897	bn:00006662n 0.21999464961494522	bn:00081857n 0.20778084259297724	bn:00001939n 0.180944224729982	bn:00004379n 3.911629341818408e-05	bn:00004401n 3.911629341818408e-05
d005.s011.t003	bn:00079129n 0.6677025464759683	bn:00028114n 0.332230689945742	bn:00028115n 6.676357828976786e-05
d008.s025.t007	bn:00055809n 0.31229442662152895	bn:00055813n 0.2763531074551473	bn:00052325n 0.26983739126930056	bn:00055794n 0.14148384833399294	bn:00005913n 3.1226320030149885e-05
d004.s004.t003	bn:00034265n 0.46861536544759297	bn:00006752n 0.31107522707997376	bn:00005869n 0.12650747955169195	bn:00034274n 0.09375507106988158	bn:00034267n 4.6856850859673334e-05
d006.s005.t007	bn:00015656n 1.0
d006.s007.t002	bn:00023362n 0.9999000199960009	bn:00067181n 9.998000399920017e-05
d001.s002.t005	bn:00028018n 1.0
d001.s005.t001	bn:00076732n 0.9999000199960009	bn:00014512n 9.998000399920017e-05
d010.s008.t002	bn:00000020n 1.0
d001.s018.t005	bn:00052888n 1.0
d003.s001.t003	bn:00028114n 0.5633860968560039	bn:00079129n 0.4365575701676082	bn:00028115n 5.63329763879616e-05
d006.s019.t001	bn:00007051n 0.9999000199960009	bn:00008722n 9.998000399920017e-05
d012.s002.t006	bn:00023236n 0.3872736338227145	bn:00028934n 0.3092732556445675	bn:00023235n 0.3034143870416847	bn:00023237n 3.8723491033168135e-05
d006.s015.t001	bn:00007051n 0.9999000199960009	bn:00008722n 9.998000399920017e-05
d001.s003.t001	bn:00076732n 0.9999000199960009	bn:00014512n 9.998000399920017e-05
d006.s008.t001	bn:00058461n 1.0
d013.s003.t006	bn:00000013n 1.0
d009.s015.t003	bn:00078738n 0.39941666292738986	bn:00006662n 0.23269596181493704	bn:00081857n 0.18863713818262692	bn:00001939n 0.17917036172999515	bn:00004379n 3.993767252548644e-05	bn:00004401n 3.993767252548644e-05
d009.s013.t005	bn:00066884n 0.9999000199960009	bn:00005515n 9.998000399920017e-05
d009.s032.t004	bn:00003341n 1.0
d013.s003.t011	bn:00023681n 1.0
d009.s031.t006	bn:00066884n 0.9999000199960009	bn:00005515n 9.998000399920017e-05
d006.s013.t006	bn:00059675n 1.0
d008.s010.t001	bn:00027529n 1.0
d011.s010.t009	bn:00040851n 1.0
d004.s019.t007	bn:00006752n 0.4250565434185261	bn:00034265n 0.34607913488150777	bn:00034267n 0.1489845707000638	bn:00034274n 0.07983724959570083	bn:00005869n 4.250140420143247e-05
d009.s011.t008	bn:00078738n 0.4303891501336826	bn:00006662n 0.20928192616581714	bn:00081857n 0.20008318058117563	bn:00001939n 0.16015967389622007	bn:00004379n 4.303461155221304e-05	bn:00004401n 4.303461155221304e-05
d008.s008.t001	bn:00069680n 1.0
d010.s006.t003	bn:00053318n 1.0
d008.s026.t006	bn:00005917n 1.0
d001.s013.t002	bn:00018663n 0.9999000199960009	bn:00035965n 9.998000399920017e-05
d012.s012.t005	bn:00030113n 0.3158871337132811	bn:00008198n 0.3060133638067729	bn:00018661n 0.19022459408560755	bn:00030114n 0.1878433228395225	bn:00003132n 3.158555481584653e-05
d007.s009.t002	bn:00005601n 0.9999000199960009	bn:00055838n 9.998000399920017e-05
d008.s025.t008	bn:00005917n 1.0
d009.s008.t001	bn:00078602n 0.9999000199960009	bn:00045201n 9.998000399920017e-05
d006.s025.t007	bn:00041204n 1.0
d011.s006.t002	bn:00036512n 1.0
d012.s020.t007	bn:00061135n 0.9999000199960009	bn:00061499n 9.998000399920017e-05
d010.s004.t002	bn:00016403n 0.9999000199960009	bn:00021348n 9.998000399920017e-05
d012.s006.t013	bn:00045153n 0.7345976876293224	bn:00022991n 0.26532885994715705	bn:00029424n 7.345242352058019e-05
d002.s010.t005	bn:00006752n 1.0
d009.s030.t001	bn:00061135n 0.9999000199960009	bn:00061499n 9.998000399920017e-05
d004.s014.t003	bn:00006662n 0.27915124372614775	bn:00081857n 0.24795003039230434	bn:00001939n 0.243350308929494	bn:00078738n 0.2294925922857753	bn:00004379n 2.7912333139300844e-05	bn:00004401n 2.7912333139300844e-05
d005.s006.t002	bn:00022372n 1.0
d013.s019.t005	bn:00002216n 1.0
d003.s002.t012	bn:00061135n 0.9999000199960009	bn:00061499n 9.998000399920017e-05
d003.s013.t010	bn:00061135n 0.9999000199960009	bn:00061499n 9.998000399920017e-05
d012.s019.t005	bn:00003755n 1.0
d009.s019.t002	bn:00023236n 0.4055044021139341	bn:00023235n 0.35194773001135604	bn:00028934n 0.24250732148913687	bn:00023237n 4.054638557283613e-05
d008.s017.t001	bn:00027529n 1.0
d008.s008.t004	bn:00006845n 1.0
d009.s031.t011	bn:00061135n 0.9999000199960009	bn:00061499n 9.998000399920017e-05
d006.s010.t003	bn:00043484n 1.0
d009.s011.t003	bn:00061135n 0.9999000199960009	bn:00061499n 9.998000399920017e-05
d005.s010.t004	bn:00023236n 0.8407398625722066	bn:00023235n 0.15917607184809418	bn:00064914n 8.406557969925074e-05
d001.s016.t003	bn:00000741n 1.0
d006.s030.t004	bn:00023308n 0.9999000199960009	bn:00027574n 9.998000399920017e-05
d012.s006.t008	bn:00023236n 0.44685951961705656	bn:00023235n 0.31319436139536694	bn:00028934n 0.2399014375037631	bn:00023237n 4.4681483813324325e-05
d012.s002.t004	bn:00063351n 0.9999000199960009	bn:00063329n 9.998000399920017e-05
d009.s032.t009	bn:00067239n 1.0
d002.s016.t006	bn:00037180n 0.6680380625697286	bn:00037182n 0.3318951403037271	bn:00007800n 6.679712654431844e-05
d009.s007.t005	bn:00032512n 0.9999000199960009	bn:00013626n 9.998000399920017e-05
d004.s019.t006	bn:00055180n 1.0
d010.s003.t005	bn:00061826n 1.0
d001.s011.t008	bn:00079129n 1.0
d012.s021.t003	bn:00027862n 1.0
d007.s017.t001	bn:00047208n 1.0
d006.s005.t003	bn:00032893n 0.9999000199960009	bn:00032896n 9.998000399920017e-05
d001.s016.t009	bn:00043415n 1.0
d007.s021.t003	bn:00073699n 1.0
d004.s003.t006	bn:00064229n 1.0
d005.s005.t004	bn:00055644n 1.0
d010.s004.t007	bn:00021844n 0.568679138773751	bn:00021846n 0.28373097647270806	bn:00021845n 0.14753302252588635	bn:00022333n 5.686222765460964e-05
d006.s011.t001	bn:00017362n 0.9999000199960009	bn:00070219n 9.998000399920017e-05
d010.s024.t002	bn:00048488n 1.0
d011.s016.t005	bn:00036014n 1.0
d009.s029.t005	bn:00061135n 0.9999000199960009	bn:00061499n 9.998000399920017e-05
d010.s007.t006	bn:00001426n 1.0
d004.s017.t001	bn:00073171n 0.9999000199960009	bn:00047203n 9.998000399920017e-05
d002.s008.t002	bn:00037180n 0.6700476660482834	bn:00037182n 0.32988533588491853	bn:00007800n 6.699806679814853e-05
d008.s030.t002	bn:00056879n 1.0
d009.s031.t008	bn:00061135n 0.9999000199960009	bn:00061499n 9.998000399920017e-05
d009.s028.t008	bn:00061135n 0.9999000199960009	bn:00061499n 9.998000399920017e-05
d006.s016.t006	bn:00064601n 1.0
d009.s028.t003	bn:00036346n 1.0
d010.s013.t002	bn:00075315n 0.9999000199960009	bn:00027206n 9.998000399920017e-05
d012.s003.t002	bn:00042917n 0.5000451387573854	bn:00061697n 0.49990486172869003	bn:00004359n 4.9999513924346113e-05
d001.s025.t005	bn:00041948n 1.0
d012.s024.t002	bn:00053151n 1.0
d006.s032.t003	bn:00044064n 1.0
d001.s014.t002	bn:00070193n 0.40280779064839345	bn:00051289n 0.32484498674728407	bn:00040153n 0.27230694585293275	bn:00014457n 4.027675138970038e-05
d006.s010.t007	bn:00032047n 0.9999000199960009	bn:00053828n 9.998000399920017e-05
d007.s015.t007	bn:00058701n 0.4479982949320874	bn:00078929n 0.2762472698200781	bn:00035711n 0.2757096398978763	bn:00005340n 4.479534995821293e-05
d013.s019.t004	bn:00003341n 1.0
d004.s016.t006	bn:00000356n 0.6316924359919469	bn:00029305n 0.3682444010807466	bn:00044994n 6.316292730646405e-05
d008.s022.t002	bn:00005917n 1.0
d009.s003.t003	bn:00079045n 1.0
d008.s020.t001	bn:00077790n 1.0
d006.s006.t005	bn:00014839n 0.9999000199960009	bn:00005019n 9.998000399920017e-05
d013.s008.t001	bn:00008364n 0.4886406255689643	bn:00009850n 0.2302268949908013	bn:00009475n 0.14887966773648506	bn:00008367n 0.13220395252711006	bn:00074567n 4.885917663923251e-05
d012.s017.t004	bn:00026980n 0.9999000199960009	bn:00041853n 9.998000399920017e-05
d001.s020.t004	bn:00054693n 1.0
d006.s030.t001	bn:00007051n 0.9999000199960009	bn:00008722n 9.998000399920017e-05
d009.s028.t005	bn:00014137n 1.0
d004.s011.t007	bn:00002362n 1.0
d002.s010.t006	bn:00042759n 1.0
d010.s002.t004	bn:00047208n 1.0
d007.s014.t003	bn:00060799n 1.0
d011.s002.t002	bn:00060799n 1.0
d009.s028.t009	bn:00026817n 0.9999000199960009	bn:00017904n 9.998000399920017e-05
d010.s017.t004	bn:00017818n 0.9999000199960009	bn:00009906n 9.998000399920017e-05
d003.s008.t005	bn:00061135n 0.9999000199960009	bn:00061499n 9.998000399920017e-05
d011.s004.t006	bn:00060799n 1.0
d008.s021.t002	bn:00018105n 0.9999000199960009	bn:00021394n 9.998000399920017e-05
d001.s003.t004	bn:00064077n 0.5581784628979098	bn:00033948n 0.44176572483702686	bn:00069579n 5.5812265063284656e-05
d006.s022.t005	bn:00047208n 1.0
d012.s013.t002	bn:00062309n 1.0
d005.s011.t001	bn:00076744n 1.0
d009.s025.t004	bn:00048242n 0.7503667447232927	bn:00064527n 0.2495582261051522	bn:00064526n 7.502917155517376e-05
d005.s004.t002	bn:00067181n 1.0
d008.s006.t007	bn:00052671n 1.0
d002.s010.t001	bn:00037180n 0.7103743958734082	bn:00037182n 0.2895545737900381	bn:00007800n 7.103033655368545e-05
d013.s022.t003	bn:00033911n 1.0
d003.s002.t001	bn:00010302n 1.0
d011.s004.t001	bn:00023012n 1.0
d010.s021.t005	bn:00046077n 1.0
d006.s022.t013	bn:00025693n 0.4352461719248124	bn:00021628n 0.3203360264453161	bn:00048496n 0.22754525020766753	bn:00003132n 0.016829031157037926	bn:00018661n 4.352026516596465e-05
d001.s027.t002	bn:00041200n 1.0
d006.s013.t004	bn:00021628n 0.6493356680908076	bn:00048496n 0.35059940483509083	bn:00059308n 6.492707410167058e-05
d002.s009.t001	bn:00036777n 0.7950744068604122	bn:00063223n 0.20484609364885079	bn:00063213n 7.949949073696753e-05
d003.s002.t002	bn:00036512n 1.0
d010.s019.t006	bn:00051016n 0.9999000199960009	bn:00032874n 9.998000399920017e-05
d009.s015.t002	bn:00061135n 0.9999000199960009	bn:00061499n 9.998000399920017e-05
d002.s010.t007	bn:00037180n 0.6485627393288355	bn:00037182n 0.35137241088221055	bn:00007800n 6.484978895398815e-05
d008.s003.t007	bn:00018105n 0.9999000199960009	bn:00021394n 9.998000399920017e-05
d004.s015.t004	bn:00080816n 0.9999000199960009	bn:00080813n 9.998000399920017e-05
d009.s031.t003	bn:00061135n 0.9999000199960009	bn:00061499n 9.998000399920017e-05
d008.s009.t002	bn:00067181n 1.0
d001.s019.t004	bn:00023012n 1.0
d006.s022.t015	bn:00080813n 0.9999000199960009	bn:00080816n 9.998000399920017e-05
d012.s012.t002	bn:00046021n 1.0
d010.s024.t004	bn:00048242n 0.725512573036852	bn:00064527n 0.2744148829602445	bn:00064526n 7.254400290339487e-05
d001.s009.t005	bn:00061135n 1.0
d008.s007.t006	bn:00006846n 1.0
d001.s027.t003	bn:00054897n 1.0
d010.s004.t001	bn:00016403n 0.7684040680505165	bn:00016411n 0.2315190992259508	bn:00042677n 7.68327235326984e-05
d001.s004.t005	bn:00045153n 0.674442783573752	bn:00022991n 0.32548977889164404	bn:00029424n 6.743753460391482e-05
d012.s003.t007	bn:00053941n 1.0
d006.s013.t003	bn:00003341n 1.0
d001.s018.t003	bn:00029676n 1.0
d003.s005.t001	bn:00053458n 0.9999000199960009	bn:00053459n 9.998000399920017e-05
d002.s005.t004	bn:00049603n 0.9999000199960009	bn:00024572n 9.998000399920017e-05
d010.s017.t010	bn:00021492n 0.38527183855956054	bn:00062759n 0.3289050856273326	bn:00013235n 0.25018577283685156	bn:00021497n 0.03559877964473232	bn:00069568n 3.8523331522803774e-05
d008.s010.t004	bn:00051054n 0.926671940757605	bn:00051047n 0.0732354013141121	bn:00051045n 9.265792828293222e-05
d004.s012.t005	bn:00070914n 1.0
d002.s015.t004	bn:00035768n 1.0
d008.s012.t006	bn:00024712n 1.0
d011.s004.t003	bn:00019887n 0.683250468357441	bn:00077172n 0.2108362158498355	bn:00075767n 0.10584499757770933	bn:00081700n 6.831821501424268e-05
d010.s020.t004	bn:00023308n 0.9999000199960009	bn:00027574n 9.998000399920017e-05
d010.s010.t001	bn:00061047n 1.0
d008.s025.t001	bn:00054731n 1.0
d006.s021.t004	bn:00078738n 0.2588685332786191	bn:00001939n 0.25780041602964493	bn:00081857n 0.24713447474285427	bn:00006662n 0.23614480741907887	bn:00004379n 2.5884264901371775e-05	bn:00004401n 2.5884264901371775e-05
d013.s020.t001	bn:00047367n 1.0
d009.s027.t003	bn:00029680n 0.9999000199960009	bn:00079508n 9.998000399920017e-05
d004.s002.t002	bn:00035772n 0.9999000199960009	bn:00034115n 9.998000399920017e-05
d008.s012.t004	bn:00027529n 1.0
d006.s027.t004	bn:00007051n 0.9999000199960009	bn:00008722n 9.998000399920017e-05
d001.s011.t011	bn:00019782n 1.0
d010.s017.t008	bn:00073171n 0.9999000199960009	bn:00047203n 9.998000399920017e-05
d002.s014.t003	bn:00055094n 1.0
d007.s018.t005	bn:00073699n 1.0
d004.s007.t001	bn:00021286n 0.4114637928292773	bn:00031008n 0.2346009395868402	bn:00022811n 0.19346500697240415	bn:00014160n 0.10365313466059053	bn:00014137n 0.056775983685831324	bn:00014138n 4.114226505642209e-05
d001.s019.t005	bn:00063940n 1.0
d006.s029.t007	bn:00023362n 0.9999000199960009	bn:00067181n 9.998000399920017e-05
d008.s002.t001	bn:00027529n 1.0
d010.s003.t004	bn:00041948n 0.9999000199960009	bn:00023864n 9.998000399920017e-05
d007.s011.t004	bn:00000657n 0.4294515645363182	bn:00070498n 0.3063489062407406	bn:00070494n 0.2641565883605737	bn:00070499n 4.294086236739508e-05
d013.s006.t003	bn:00029680n 0.9999000199960009	bn:00079508n 9.998000399920017e-05
d010.s020.t001	bn:00048488n 1.0
d004.s019.t001	bn:00021286n 0.4615402024717121	bn:00022811n 0.2337377761039925	bn:00031008n 0.19423374700021429	bn:00014138n 0.0943040479027055	bn:00014137n 0.01613807711606871	bn:00014160n 4.614940530664055e-05
d006.s019.t002	bn:00078738n 0.29817874307502257	bn:00081857n 0.270975829008544	bn:00001939n 0.24599138378091137	bn:00006662n 0.18479441434988547	bn:00004379n 2.981489281822044e-05	bn:00004401n 2.981489281822044e-05
d009.s022.t001	bn:00023236n 0.38001884649512907	bn:00023237n 0.3307243583659052	bn:00023235n 0.28921879705412473	bn:00028934n 3.7998084841028806e-05
d004.s001.t001	bn:00000728n 0.3716933879730279	bn:00022227n 0.3528909545512619	bn:00021275n 0.2753784918534749	bn:00000726n 3.7165622235079286e-05
d013.s002.t003	bn:00003341n 1.0
d006.s004.t005	bn:00018345n 1.0
d009.s012.t003	bn:00078738n 0.3429610189266943	bn:00006662n 0.23519004489652529	bn:00081857n 0.2206489592618936	bn:00001939n 0.20113139156963594	bn:00004379n 3.429267262540689e-05	bn:00004401n 3.429267262540689e-05
d008.s026.t004	bn:00045800n 1.0
d006.s025.t004	bn:00021904n 1.0
d011.s010.t002	bn:00066893n 0.40500865357114646	bn:00046419n 0.28785052377062426	bn:00059469n 0.2580300459485761	bn:00066891n 0.04907027989397751	bn:00066890n 4.049681567554709e-05
d004.s013.t003	bn:00021286n 0.3011467695853818	bn:00031008n 0.22266425765405815	bn:00014160n 0.20914256763059308	bn:00022811n 0.19959497037985685	bn:00014137n 0.06742132308431799	bn:00014138n 3.0111665791958986e-05
d001.s012.t004	bn:00043484n 1.0
d001.s006.t001	bn:00060280n 1.0
d013.s009.t004	bn:00079129n 0.607113610465072	bn:00028114n 0.39282568424441067	bn:00028115n 6.070529051745545e-05
d006.s021.t001	bn:00048658n 1.0
d004.s009.t002	bn:00001939n 0.539091301942979	bn:00004379n 0.12340213054985968	bn:00004401n 0.12340213054985968	bn:00081857n 0.12262856346520623	bn:00006662n 0.09142196975227489	bn:00078738n 5.390373982031588e-05
d004.s007.t004	bn:00034265n 0.5445012175691522	bn:00006752n 0.3079232687366186	bn:00034267n 0.1223836724532042	bn:00005869n 0.02513739656373594	bn:00034274n 5.44446772891863e-05
d006.s029.t001	bn:00047238n 1.0
d009.s015.t004	bn:00026817n 0.9999000199960009	bn:00017904n 9.998000399920017e-05
d012.s010.t003	bn:00046019n 1.0
d010.s022.t004	bn:00001968n 1.0
d011.s024.t001	bn:00023012n 1.0
d012.s006.t012	bn:00046157n 1.0
d006.s006.t006	bn:00023308n 0.9999000199960009	bn:00027574n 9.998000399920017e-05
d009.s009.t003	bn:00046954n 1.0
d004.s019.t003	bn:00033939n 1.0
d012.s014.t001	bn:00046021n 1.0
d004.s006.t001	bn:00031008n 0.30674369342524976	bn:00022811n 0.21739812240644327	bn:00021286n 0.2168583815053061	bn:00014160n 0.15885085059509813	bn:00014137n 0.10011828076569029	bn:00014138n 3.067130221230375e-05
d005.s011.t004	bn:00015496n 1.0
d012.s003.t008	bn:00036202n 1.0
d005.s003.t002	bn:00054897n 1.0
d009.s026.t001	bn:00061135n 0.9999000199960009	bn:00061499n 9.998000399920017e-05
d009.s024.t002	bn:00017171n 1.0
d006.s010.t009	bn:00060907n 1.0
d005.s008.t003	bn:00077270n 0.9999000199960009	bn:00076545n 9.998000399920017e-05
d012.s019.t001	bn:00059129n 0.9999000199960009	bn:00059122n 9.998000399920017e-05
d004.s013.t004	bn:00022227n 0.48694505153626466	bn:00000728n 0.4823883108287465	bn:00021275n 0.030617947998798623	bn:00000726n 4.868963619000747e-05
d007.s003.t007	bn:00046794n 1.0
d006.s004.t003	bn:00006469n 0.9999000199960009	bn:00070782n 9.998000399920017e-05
d006.s015.t003	bn:00017234n 1.0
d006.s022.t003	bn:00015656n 1.0
d001.s021.t005	bn:00014791n 0.9999000199960009	bn:00075966n 9.998000399920017e-05
d007.s020.t004	bn:00030844n 0.9999000199960009	bn:00000722n 9.998000399920017e-05
d010.s018.t002	bn:00016403n 0.9932233042970989	bn:00042677n 0.006677383303711301	bn:00016411n 9.931239918979092e-05
d007.s007.t005	bn:00045153n 0.5769593675272393	bn:00022991n 0.42298294230502476	bn:00029424n 5.769016773595034e-05
d008.s023.t002	bn:00007854n 1.0
d008.s025.t003	bn:00005917n 1.0
d012.s015.t004	bn:00045976n 1.0
d012.s025.t002	bn:00046019n 1.0
d012.s016.t001	bn:00032306n 0.9999000199960009	bn:00032307n 9.998000399920017e-05
d008.s007.t003	bn:00006901n 1.0
d009.s016.t002	bn:00021844n 0.4954472561384851	bn:00021846n 0.41188664328830893	bn:00021845n 0.09261656080156912	bn:00022333n 4.953977163668484e-05
d010.s009.t001	bn:00021286n 0.2583734197907397	bn:00031008n 0.2454583526460757	bn:00022811n 0.2232290770043971	bn:00014160n 0.2069447321795812	bn:00014138n 0.06596858362070301	bn:00014137n 2.583475850322365e-05
d012.s021.t013	bn:00046019n 1.0
d008.s012.t009	bn:00051054n 0.9115174622202937	bn:00051047n 0.08839139514774742	bn:00051045n 9.114263195883349e-05
d012.s001.t003	bn:00029678n 0.9999000199960009	bn:00007078n 9.998000399920017e-05
d012.s021.t007	bn:00057831n 1.0
d004.s003.t002	bn:00000728n 0.4481650621067422	bn:00021275n 0.3165319105953439	bn:00022227n 0.23525821527290572	bn:00000726n 4.48120250081734e-05
d012.s019.t008	bn:00029416n 1.0
d003.s013.t008	bn:00078738n 0.4957592688111259	bn:00001939n 0.21159202124245152	bn:00081857n 0.1829766542898669	bn:00006662n 0.10957291371698723	bn:00004379n 4.9570969784134183e-05	bn:00004401n 4.9570969784134183e-05
d003.s002.t011	bn:00056893n 1.0
d003.s008.t001	bn:00003341n 1.0
d010.s019.t004	bn:00016403n 0.9999000199960009	bn:00021348n 9.998000399920017e-05
d002.s001.t001	bn:00078365n 1.0
d007.s019.t003	bn:00020039n 1.0
d009.s025.t002	bn:00023827n 1.0
d004.s002.t001	bn:00021461n 1.0
d001.s020.t005	bn:00017171n 1.0
d004.s010.t002	bn:00002362n 1.0
d004.s003.t004	bn:00068622n 1.0
d002.s016.t003	bn:00073699n 1.0
d009.s009.t002	bn:00021207n 1.0
d008.s010.t007	bn:00035908n 0.544317396411768	bn:00035911n 0.23447272391048765	bn:00035909n 0.22115545338073275	bn:00059241n 5.442629701147566e-05
d007.s009.t009	bn:00044654n 1.0
d001.s003.t005	bn:00041712n 1.0
d010.s019.t010	bn:00017517n 0.9999000199960009	bn:00064234n 9.998000399920017e-05
d011.s007.t004	bn:00030861n 1.0
d009.s006.t002	bn:00066884n 0.9999000199960009	bn:00005515n 9.998000399920017e-05
d001.s026.t009	bn:00042759n 1.0
d001.s011.t015	bn:00025949n 1.0
d011.s010.t008	bn:00013179n 1.0
d003.s002.t009	bn:00028458n 1.0
d013.s015.t001	bn:00055949n 1.0
d003.s013.t004	bn:00031998n 0.9999000199960009	bn:00032002n 9.998000399920017e-05
d013.s023.t004	bn:00029680n 0.9999000199960009	bn:00079508n 9.998000399920017e-05
d006.s013.t001	bn:00021628n 0.41606000662942283	bn:00025693n 0.32296279810962436	bn:00048496n 0.24397939878621264	bn:00018661n 0.016956194634261068	bn:00003132n 4.16018404788944e-05
d004.s015.t005	bn:00022227n 0.4986054088294422	bn:00021275n 0.2542285467146298	bn:00000728n 0.24711618890060044	bn:00000726n 4.9855555327411486e-05
d001.s028.t002	bn:00063351n 0.9999000199960009	bn:00063329n 9.998000399920017e-05
d010.s008.t003	bn:00021286n 0.29795386532830787	bn:00014160n 0.2677733684035155	bn:00031008n 0.23950805115088272	bn:00022811n 0.16411013468838148	bn:00014138n 0.03062478802162011	bn:00014137n 2.979240729210158e-05
d011.s023.t001	bn:00040851n 1.0
d011.s010.t005	bn:00068696n 1.0
d007.s007.t004	bn:00063989n 1.0
d004.s005.t003	bn:00007085n 1.0
d002.s004.t001	bn:00078365n 1.0
d009.s028.t001	bn:00059788n 1.0
d001.s012.t003	bn:00014791n 0.9999000199960009	bn:00075966n 9.998000399920017e-05
d001.s016.t002	bn:00000127n 1.0
d010.s007.t003	bn:00050588n 0.9999000199960009	bn:00050250n 9.998000399920017e-05
d001.s009.t010	bn:00061605n 0.9999000199960009	bn:00031261n 9.998000399920017e-05
d013.s003.t008	bn:00000013n 1.0
d007.s003.t005	bn:00058192n 1.0
d005.s013.t001	bn:00048592n 1.0
d009.s008.t002	bn:00050165n 1.0
d010.s008.t004	bn:00075315n 0.9999000199960009	bn:00027206n 9.998000399920017e-05
d009.s023.t003	bn:00063592n 1.0
d012.s023.t004	bn:00046516n 0.9999000199960009	bn:00061715n 9.998000399920017e-05
d009.s030.t003	bn:00063237n 1.0
d009.s021.t007	bn:00061135n 0.9999000199960009	bn:00061499n 9.998000399920017e-05
d001.s009.t008	bn:00026694n 1.0
d007.s028.t002	bn:00063309n 0.9999000199960009	bn:00063308n 9.998000399920017e-05
d001.s021.t002	bn:00019782n 1.0
d009.s030.t004	bn:00061135n 0.9999000199960009	bn:00061499n 9.998000399920017e-05
d005.s005.t001	bn:00046952n 1.0
d009.s022.t003	bn:00026817n 0.9999000199960009	bn:00017904n 9.998000399920017e-05
d001.s002.t003	bn:00036512n 1.0
d006.s013.t009	bn:00021628n 0.39601216518721916	bn:00025693n 0.28147975783460755	bn:00048496n 0.2604917283727399	bn:00018661n 0.06197675134864041	bn:00003132n 3.9597256793042614e-05
d009.s029.t003	bn:00023235n 0.47104610411891534	bn:00023236n 0.44586408299844804	bn:00023237n 0.08304271298221472	bn:00028934n 4.709990042184935e-05
d009.s029.t002	bn:00036346n 1.0
d007.s009.t007	bn:00004527n 1.0
d001.s012.t002	bn:00034718n 0.9999000199960009	bn:00009919n 9.998000399920017e-05
d001.s005.t003	bn:00023236n 0.5906045106048948	bn:00023235n 0.3363750192390571	bn:00023237n 0.07296141561044221	bn:00028934n 5.905454560592889e-05
d011.s007.t008	bn:00044532n 1.0
d010.s026.t004	bn:00025878n 0.9999000199960009	bn:00025871n 9.998000399920017e-05
d011.s012.t004	bn:00008553n 1.0
d009.s010.t003	bn:00075812n 1.0
d012.s013.t001	bn:00029667n 1.0
d006.s014.t004	bn:00023807n 0.6972798447832076	bn:00034010n 0.30265043420441534	bn:00025804n 6.972101237708306e-05
d008.s018.t003	bn:00056879n 1.0
d010.s026.t003	bn:00016403n 0.8610551846230633	bn:00016411n 0.13885871846816522	bn:00042677n 8.609690877142919e-05
d001.s016.t007	bn:00003341n 1.0
d003.s013.t007	bn:00011974n 0.9999000199960009	bn:00051693n 9.998000399920017e-05
d010.s007.t005	bn:00007054n 1.0
d009.s025.t001	bn:00050165n 1.0
d012.s003.t004	bn:00057574n 1.0
d006.s028.t001	bn:00011299n 0.3983993343642636	bn:00062785n 0.30744737283390566	bn:00017219n 0.2941134568519892	bn:00017145n 3.983594984144222e-05
d010.s001.t002	bn:00023308n 0.9999000199960009	bn:00027574n 9.998000399920017e-05
d001.s025.t007	bn:00057552n 1.0
d001.s026.t007	bn:00023236n 0.3703673272990519	bn:00023235n 0.32622886806106355	bn:00028934n 0.3033667716104575	bn:00023237n 3.70330294269625e-05
d003.s009.t003	bn:00025645n 1.0
d001.s018.t007	bn:00003341n 1.0
d008.s008.t002	bn:00007854n 1.0
d010.s026.t005	bn:00050588n 0.9999000199960009	bn:00050250n 9.998000399920017e-05
d009.s003.t002	bn:00048242n 0.6142990969660166	bn:00064527n 0.3856394792666636	bn:00064526n 6.142376731986967e-05
d004.s017.t002	bn:00016756n 1.0
d007.s004.t003	bn:00077270n 0.9999000199960009	bn:00076545n 9.998000399920017e-05
d010.s004.t004	bn:00066830n 1.0
d012.s005.t001	bn:00056025n 0.7355276930822773	bn:00045803n 0.2643987615029559	bn:00074900n 7.354541476675106e-05
d008.s001.t003	bn:00029424n 0.6571986527641605	bn:00027386n 0.144648441194556	bn:00029425n 0.10143997058333287	bn:00041883n 0.0966472221640037	bn:00029429n 6.571329394702135e-05
d006.s005.t001	bn:00076744n 1.0
d006.s004.t007	bn:00034625n 1.0
d003.s002.t008	bn:00028114n 0.5263115675452744	bn:00079129n 0.4736358065605606	bn:00028115n 5.262589416511093e-05
d010.s011.t002	bn:00000127n 1.0
d003.s011.t001	bn:00029680n 0.9999000199960009	bn:00079508n 9.998000399920017e-05
d013.s018.t001	bn:00070537n 1.0
d011.s014.t002	bn:00000009n 1.0
d009.s013.t003	bn:00012786n 1.0
d002.s008.t006	bn:00005053n 1.0
d006.s013.t002	bn:00044064n 1.0
d001.s016.t008	bn:00016756n 1.0
d006.s012.t004	bn:00028425n 1.0
d008.s012.t002	bn:00057552n 1.0
d006.s022.t001	bn:00065086n 0.3280018132417388	bn:00025890n 0.2805464675735715	bn:00007051n 0.27023365436597113	bn:00050565n 0.1079082287052996	bn:00025885n 0.009028035836499013	bn:00025871n 0.004249003375285824	bn:00036782n 3.2796901634010484e-05
d003.s013.t001	bn:00047691n 1.0
d006.s014.t001	bn:00076429n 1.0
d013.s007.t002	bn:00060834n 0.9999000199960009	bn:00060837n 9.998000399920017e-05
d009.s011.t002	bn:00029678n 0.9999000199960009	bn:00007078n 9.998000399920017e-05
d004.s009.t001	bn:00002362n 1.0
d001.s007.t002	bn:00035189n 1.0
d012.s021.t012	bn:00081801n 1.0
d013.s019.t003	bn:00008364n 0.45856442116818036	bn:00009850n 0.22013102251857974	bn:00008367n 0.1760785602923601	bn:00009475n 0.14518014416394853	bn:00074567n 4.585185693112492e-05
d008.s003.t001	bn:00069680n 1.0
d012.s023.t002	bn:00001939n 0.28542740859500065	bn:00006662n 0.2802847804865247	bn:00081857n 0.23969060056426592	bn:00078738n 0.19454013058046696	bn:00004379n 2.8539886870812983e-05	bn:00004401n 2.8539886870812983e-05
d001.s007.t005	bn:00003365n 0.9999000199960009	bn:00032035n 9.998000399920017e-05
d009.s028.t007	bn:00078738n 0.431589494144919	bn:00006662n 0.2095096240030643	bn:00081857n 0.1924380234902039	bn:00001939n 0.16637654909391053	bn:00004379n 4.315463395109679e-05	bn:00004401n 4.315463395109679e-05
d013.s007.t003	bn:00023308n 0.9999000199960009	bn:00027574n 9.998000399920017e-05
d010.s021.t004	bn:00016853n 0.9999000199960009	bn:00019403n 9.998000399920017e-05
d008.s014.t008	bn:00009716n 0.5666504908460782	bn:00059168n 0.3698521818663678	bn:00021870n 0.06344066790440771	bn:00064277n 5.665938314629319e-05
d010.s003.t002	bn:00076744n 1.0
d009.s030.t006	bn:00017517n 0.9999000199960009	bn:00064234n 9.998000399920017e-05
d013.s023.t006	bn:00079129n 0.6470345008155037	bn:00028114n 0.3529008022041127	bn:00028115n 6.469698038351202e-05
d011.s013.t001	bn:00043484n 1.0
d012.s011.t002	bn:00021492n 0.30976362198191504	bn:00069568n 0.29898464389726637	bn:00062759n 0.2637053142449673	bn:00013235n 0.1275154466109795	bn:00021497n 3.097326487170434e-05
d010.s011.t003	bn:00023308n 0.9999000199960009	bn:00027574n 9.998000399920017e-05
d010.s002.t011	bn:00075315n 0.9999000199960009	bn:00027206n 9.998000399920017e-05
d007.s002.t003	bn:00080216n 1.0
d006.s017.t001	bn:00067181n 1.0
d006.s015.t007	bn:00077270n 0.9999000199960009	bn:00076545n 9.998000399920017e-05
d008.s003.t002	bn:00007854n 1.0
d009.s021.t001	bn:00067181n 1.0
d004.s016.t003	bn:00021286n 0.3015151182866105	bn:00031008n 0.27512595144832086	bn:00022811n 0.21419810444001797	bn:00014160n 0.16930732377824045	bn:00014138n 0.039823353549831256	bn:00014137n 3.0148496978963154e-05
d010.s004.t010	bn:00003341n 1.0
d012.s020.t003	bn:00061135n 0.9999000199960009	bn:00061499n 9.998000399920017e-05
d009.s025.t003	bn:00023236n 0.4558504844827215	bn:00023235n 0.3795564496523494	bn:00023237n 0.16454748537452976	bn:00028934n 4.558049039923223e-05
d012.s015.t001	bn:00033854n 1.0
d004.s002.t004	bn:00001426n 1.0
d001.s018.t010	bn:00000020n 1.0
d012.s006.t005	bn:00000013n 1.0
d006.s020.t001	bn:00065086n 0.3019287761134833	bn:00007051n 0.25986023656504054	bn:00025890n 0.24645886448702056	bn:00050565n 0.15617248550160115	bn:00025885n 0.01839036967577883	bn:00025871n 0.01715907779844993	bn:00036782n 3.0189858625485783e-05
d009.s026.t002	bn:00078738n 0.36740748246830096	bn:00006662n 0.2134634218184717	bn:00081857n 0.2127176145099625	bn:00001939n 0.20633800705418598	bn:00004379n 3.673707453937616e-05	bn:00004401n 3.673707453937616e-05
d010.s001.t003	bn:00016403n 0.881695584242392	bn:00042677n 0.11821625501525791	bn:00016411n 8.81607423500042e-05
d009.s002.t001	bn:00021207n 1.0
d012.s023.t006	bn:00005677n 1.0
d003.s004.t003	bn:00061135n 0.9999000199960009	bn:00061499n 9.998000399920017e-05
d001.s025.t008	bn:00043484n 1.0
d005.s005.t008	bn:00033939n 1.0
d004.s003.t007	bn:00058745n 1.0
d012.s021.t005	bn:00064765n 0.6001789648114058	bn:00062300n 0.23459504411335305	bn:00060768n 0.1651659791799496	bn:00074971n 6.0011895291611414e-05
d012.s022.t001	bn:00046021n 1.0
d009.s011.t007	bn:00061135n 0.9999000199960009	bn:00061499n 9.998000399920017e-05
d012.s009.t005	bn:00072566n 0.965845444818363	bn:00020039n 0.03405798029464387	bn:00019924n 9.6574886993137e-05
d004.s009.t004	bn:00037486n 0.20183576194956634	bn:00028247n 0.1770955852121729	bn:00040846n 0.17204010440540793	bn:00077653n 0.17046561159098275	bn:00028248n 0.12575071898510126	bn:00071684n 0.08767108345179149	bn:00035672n 0.03262028324191678	bn:00028138n 0.032500669605021244	bn:00017676n 2.018155803915272e-05
d010.s019.t012	bn:00003341n 1.0
d001.s014.t006	bn:00078738n 0.37636240576476926	bn:00081857n 0.21778643984591162	bn:00006662n 0.21010196124493447	bn:00001939n 0.19567392818972706	bn:00004379n 3.763247732874405e-05	bn:00004401n 3.763247732874405e-05
d004.s004.t002	bn:00060768n 0.6719777119911808	bn:00064765n 0.2545964796881058	bn:00074971n 0.07335861726861952	bn:00062300n 6.71910520939087e-05
d001.s019.t006	bn:00022995n 1.0
d008.s019.t003	bn:00054731n 1.0
d011.s002.t001	bn:00031605n 1.0
d006.s022.t014	bn:00048658n 1.0
d012.s002.t003	bn:00063351n 0.9999000199960009	bn:00063329n 9.998000399920017e-05
d002.s008.t008	bn:00020419n 1.0
d010.s023.t001	bn:00053531n 1.0
d002.s008.t003	bn:00037180n 0.634872558054166	bn:00037182n 0.3650639610381194	bn:00007800n 6.348090771464514e-05
d008.s003.t004	bn:00063237n 1.0
d010.s002.t001	bn:00000086n 0.44170143774388576	bn:00025419n 0.36536096083462494	bn:00025422n 0.1928934356942875	bn:00025417n 4.416572720166841e-05
d013.s022.t006	bn:00079129n 0.6533750372935025	bn:00028114n 0.34655963173586524	bn:00028115n 6.533097063228703e-05
d008.s020.t003	bn:00006845n 1.0
d001.s005.t002	bn:00055652n 1.0
d012.s008.t005	bn:00077356n 1.0
d012.s009.t004	bn:00029678n 0.9999000199960009	bn:00007078n 9.998000399920017e-05
d010.s011.t001	bn:00075315n 0.9999000199960009	bn:00027206n 9.998000399920017e-05
d001.s002.t004	bn:00065108n 1.0
d006.s023.t001	bn:00048658n 1.0
d004.s012.t002	bn:00042757n 1.0
d006.s004.t006	bn:00044994n 0.5964265801118493	bn:00000356n 0.4035137831938088	bn:00029305n 5.9636694341750765e-05
d008.s025.t005	bn:00029424n 0.755261708038766	bn:00027386n 0.11258562599534508	bn:00041883n 0.07298477606437825	bn:00029425n 0.059092371282568584	bn:00029429n 7.551861894198241e-05
d008.s014.t010	bn:00013173n 1.0
d001.s009.t001	bn:00035318n 1.0
d009.s029.t001	bn:00061135n 0.9999000199960009	bn:00061499n 9.998000399920017e-05
d003.s001.t004	bn:00032134n 0.5178917051407652	bn:00002181n 0.4820565108671199	bn:00019479n 5.1783992114865036e-05
d006.s025.t005	bn:00015050n 1.0
d003.s013.t003	bn:00054897n 1.0
d010.s017.t006	bn:00059480n 0.4995173389211062	bn:00001423n 0.2544447667710341	bn:00059482n 0.24598794756864145	bn:00005863n 4.99467392181888e-05
d008.s007.t001	bn:00006890n 1.0
d007.s010.t002	bn:00005601n 0.9999000199960009	bn:00055838n 9.998000399920017e-05
d006.s002.t001	bn:00000020n 1.0
d002.s003.t003	bn:00076309n 1.0
d012.s017.t001	bn:00046019n 1.0
d012.s021.t008	bn:00041092n 1.0
d006.s026.t003	bn:00030581n 1.0
d010.s017.t003	bn:00048488n 1.0
d006.s016.t008	bn:00021904n 1.0
d009.s019.t001	bn:00026406n 1.0
d006.s021.t007	bn:00000298n 0.9631925019171602	bn:00027620n 0.036711188463610066	bn:00004710n 9.630961922979305e-05
d011.s008.t003	bn:00081625n 1.0
d012.s015.t007	bn:00029416n 1.0
d006.s004.t002	bn:00025871n 0.9999000199960009	bn:00025878n 9.998000399920017e-05
d005.s006.t004	bn:00079129n 0.7328071785972566	bn:00028114n 0.2671195480122227	bn:00028115n 7.32733905206736e-05
d004.s005.t002	bn:00030844n 0.9999000199960009	bn:00000722n 9.998000399920017e-05
d001.s018.t002	bn:00026061n 1.0
d001.s002.t011	bn:00036941n 0.9999000199960009	bn:00036942n 9.998000399920017e-05
d012.s023.t009	bn:00031888n 1.0
d003.s002.t003	bn:00032134n 0.6391850842866016	bn:00002181n 0.3607510035961815	bn:00019479n 6.391211721693846e-05
d009.s013.t002	bn:00054693n 1.0
d008.s001.t001	bn:00054731n 1.0
d004.s005.t001	bn:00021286n 0.4121856338503158	bn:00031008n 0.28839804751015613	bn:00022811n 0.15658100251008772	bn:00014160n 0.13867127662678636	bn:00014138n 0.004122825060713125	bn:00014137n 4.12144419408375e-05
d009.s021.t006	bn:00078738n 0.4032878832798418	bn:00006662n 0.21914424948241615	bn:00081857n 0.19708853481903085	bn:00001939n 0.18039868290700622	bn:00004379n 4.032475585239894e-05	bn:00004401n 4.032475585239894e-05
d004.s018.t002	bn:00064699n 0.9999000199960009	bn:00058469n 9.998000399920017e-05
d011.s007.t002	bn:00020039n 1.0
d013.s022.t004	bn:00080229n 1.0
d001.s010.t003	bn:00061135n 1.0
d009.s017.t002	bn:00078738n 0.2919654024568395	bn:00006662n 0.2507829398223871	bn:00081857n 0.23200259433879117	bn:00001939n 0.2251906761402148	bn:00004379n 2.9193620883595595e-05	bn:00004401n 2.9193620883595595e-05
d001.s015.t005	bn:00076732n 0.9999000199960009	bn:00014512n 9.998000399920017e-05
d002.s016.t002	bn:00065099n 0.9999000199960009	bn:00062699n 9.998000399920017e-05
d006.s015.t004	bn:00005599n 0.9999000199960009	bn:00005603n 9.998000399920017e-05
d001.s021.t001	bn:00023236n 0.42235361696267787	bn:00023235n 0.32163425231695286	bn:00028934n 0.2559698995817867	bn:00023237n 4.223113858240955e-05
d012.s021.t004	bn:00029670n 1.0
d006.s031.t001	bn:00007051n 0.9999000199960009	bn:00008722n 9.998000399920017e-05
d009.s016.t005	bn:00001426n 1.0
d010.s006.t006	bn:00021628n 0.9999000199960009	bn:00048496n 9.998000399920017e-05
d003.s004.t001	bn:00046418n 0.9999000199960009	bn:00046419n 9.998000399920017e-05
d006.s006.t007	bn:00078738n 0.31032456928916563	bn:00081857n 0.2607379368388663	bn:00001939n 0.23401141828561237	bn:00006662n 0.19486401687836855	bn:00004379n 3.102935399351721e-05	bn:00004401n 3.102935399351721e-05
d004.s007.t002	bn:00000728n 0.49486122024189855	bn:00022227n 0.3958422596054269	bn:00000726n 0.10924703897876757	bn:00021275n 4.9481173906799175e-05
d004.s003.t008	bn:00025646n 1.0
d003.s009.t005	bn:00079156n 1.0
d008.s007.t002	bn:00006823n 1.0
d006.s025.t008	bn:00070461n 0.9999000199960009	bn:00070458n 9.998000399920017e-05
d004.s003.t003	bn:00016756n 1.0
d012.s022.t006	bn:00061135n 0.9999000199960009	bn:00061499n 9.998000399920017e-05
d004.s015.t001	bn:00021286n 0.4661003371547605	bn:00022811n 0.19586953080615604	bn:00031008n 0.17853306857370935	bn:00014160n 0.13235121957775303	bn:00014137n 0.027099238514442812	bn:00014138n 4.660537317815824e-05
d003.s010.t002	bn:00052325n 0.8983332508969836	bn:00055794n 0.10157692476036102	bn:00014710n 8.982434265543282e-05
d013.s007.t001	bn:00056025n 0.6183713726517348	bn:00045803n 0.38156679639409546	bn:00074900n 6.183095416975651e-05
d009.s032.t007	bn:00028188n 1.0
d004.s016.t004	bn:00000728n 0.5007375764595596	bn:00000726n 0.47937045081045676	bn:00021275n 0.019841903979212618	bn:00022227n 5.006875077087888e-05
d013.s001.t002	bn:00003341n 1.0
d008.s010.t005	bn:00069680n 1.0
d007.s006.t006	bn:00055644n 0.9999000199960009	bn:00003601n 9.998000399920017e-05
d010.s002.t006	bn:00064234n 0.9999000199960009	bn:00017517n 9.998000399920017e-05
d001.s008.t001	bn:00028018n 1.0
d007.s009.t013	bn:00028615n 1.0
d012.s012.t001	bn:00045976n 1.0
d008.s016.t004	bn:00018105n 0.9999000199960009	bn:00021394n 9.998000399920017e-05
d002.s006.t003	bn:00006143n 1.0
d007.s009.t014	bn:00044268n 0.43720575445203486	bn:00000738n 0.3274887977889954	bn:00056857n 0.23526173155514474	bn:00044270n 4.371620382482101e-05
d010.s002.t013	bn:00016403n 0.9616874588490294	bn:00042677n 0.038216382020998675	bn:00016411n 9.615912997190575e-05
d007.s009.t004	bn:00073699n 1.0
d009.s021.t003	bn:00043484n 1.0
d003.s003.t006	bn:00056893n 1.0
d012.s013.t005	bn:00053941n 1.0
d003.s009.t004	bn:00014710n 0.715416395953623	bn:00052325n 0.28451206956023023	bn:00055794n 7.153448614674764e-05
d009.s032.t001	bn:00054693n 1.0
d011.s004.t005	bn:00015531n 0.9999000199960009	bn:00069108n 9.998000399920017e-05
d001.s002.t009	bn:00041712n 1.0
d009.s010.t001	bn:00023235n 0.4306434926276312	bn:00023236n 0.3851985601143458	bn:00028934n 0.18411488721476452	bn:00023237n 4.306004325843728e-05
d006.s027.t001	bn:00015008n 1.0
d009.s016.t001	bn:00061135n 0.9999000199960009	bn:00061499n 9.998000399920017e-05
d006.s004.t004	bn:00009472n 0.9999000199960009	bn:00009474n 9.998000399920017e-05
d005.s002.t001	bn:00034180n 0.9970203824927186	bn:00034181n 0.0028799254382389406	bn:00034172n 9.969206904236763e-05
d003.s002.t005	bn:00003341n 1.0
d010.s017.t005	bn:00050588n 0.9999000199960009	bn:00050250n 9.998000399920017e-05
d004.s012.t004	bn:00030747n 1.0
d003.s008.t002	bn:00068918n 1.0
d011.s004.t002	bn:00032227n 1.0
d008.s005.t003	bn:00005917n 1.0
d010.s020.t002	bn:00007051n 0.9999000199960009	bn:00008722n 9.998000399920017e-05
d010.s012.t004	bn:00070461n 0.9999000199960009	bn:00070458n 9.998000399920017e-05
d006.s020.t003	bn:00048488n 1.0
d001.s026.t010	bn:00042759n 1.0
d001.s003.t006	bn:00022742n 0.9999000199960009	bn:00058511n 9.998000399920017e-05
d001.s026.t003	bn:00046516n 0.9999000199960009	bn:00061715n 9.998000399920017e-05
d009.s007.t001	bn:00032655n 0.9999000199960009	bn:00032654n 9.998000399920017e-05
d004.s011.t008	bn:00045153n 0.6959325315043806	bn:00029424n 0.3039978822010984	bn:00022991n 6.958629452098596e-05
d008.s022.t003	bn:00006845n 1.0
d006.s028.t002	bn:00023362n 0.9999000199960009	bn:00067181n 9.998000399920017e-05
d002.s014.t002	bn:00078365n 1.0
d012.s004.t001	bn:00063351n 0.9999000199960009	bn:00063329n 9.998000399920017e-05
d005.s005.t007	bn:00061119n 0.9999000199960009	bn:00025954n 9.998000399920017e-05
d009.s002.t002	bn:00050165n 1.0
d006.s020.t005	bn:00048658n 1.0
d012.s013.t003	bn:00007498n 0.5101166740365212	bn:00020452n 0.4898323193967319	bn:00047307n 5.1006566746977425e-05
d001.s023.t008	bn:00016756n 1.0
d001.s018.t009	bn:00023236n 0.5302454603649043	bn:00023235n 0.2707431731912139	bn:00028934n 0.19895834719976974	bn:00023237n 5.301924411207922e-05
d004.s013.t005	bn:00055180n 1.0
d001.s005.t004	bn:00023236n 0.5469489872275017	bn:00028934n 0.2891268282787149	bn:00023235n 0.16386949506400356	bn:00023237n 5.46894297797722e-05
d003.s013.t002	bn:00078738n 0.4032512549526232	bn:00081857n 0.22875653940210863	bn:00001939n 0.20734898013077022	bn:00006662n 0.16056258332772597	bn:00004379n 4.032109338592373e-05	bn:00004401n 4.032109338592373e-05
d001.s011.t009	bn:00078738n 0.36680440980889323	bn:00081857n 0.21710948775459005	bn:00006662n 0.21459148858040888	bn:00001939n 0.20142126030950067	bn:00004379n 3.667677330355896e-05	bn:00004401n 3.667677330355896e-05
d012.s002.t008	bn:00036202n 1.0
d008.s006.t005	bn:00067181n 1.0
d012.s021.t002	bn:00046019n 1.0
d013.s008.t003	bn:00025638n 0.6250580577791969	bn:00042128n 0.37487944266498074	bn:00042129n 6.249955582233746e-05
d007.s004.t002	bn:00073699n 1.0
d008.s007.t005	bn:00006845n 1.0
d012.s016.t004	bn:00064608n 0.347411974259918	bn:00030616n 0.28070784082450445	bn:00014138n 0.21779863100861033	bn:00030625n 0.15404681618331365	bn:00064607n 3.473772365362643e-05
d012.s006.t007	bn:00048242n 0.7125662043090865	bn:00064527n 0.2873625461954322	bn:00064526n 7.124949548136051e-05
d009.s030.t008	bn:00036346n 0.5334657589604155	bn:00019924n 0.46648089979781265	bn:00014137n 5.334124177186437e-05
d010.s025.t002	bn:00023308n 0.9999000199960009	bn:00027574n 9.998000399920017e-05
d009.s005.t002	bn:00023235n 0.4467488460856171	bn:00023236n 0.4227715987434908	bn:00028934n 0.13043488475332515	bn:00023237n 4.467041756680503e-05
d006.s007.t006	bn:00048658n 1.0
d002.s015.t003	bn:00070193n 0.37255903493070164	bn:00051289n 0.36089352545429737	bn:00040153n 0.2665101874367256	bn:00014457n 3.725217827524265e-05
d001.s018.t008	bn:00064699n 0.9999000199960009	bn:00058469n 9.998000399920017e-05
d009.s019.t003	bn:00050165n 1.0
d002.s013.t001	bn:00073699n 1.0
d007.s001.t001	bn:00006759n 1.0
d007.s010.t005	bn:00006759n 1.0
d006.s022.t006	bn:00048488n 1.0
d005.s007.t002	bn:00001296n 0.9999000199960009	bn:00003604n 9.998000399920017e-05
d010.s014.t001	bn:00048488n 1.0
d002.s009.t003	bn:00031998n 0.9999000199960009	bn:00032002n 9.998000399920017e-05
d012.s013.t004	bn:00046021n 1.0
d007.s006.t003	bn:00020039n 1.0
d012.s019.t004	bn:00025913n 0.6106269497480743	bn:00025865n 0.23110463211103544	bn:00053188n 0.15820736155157442	bn:00025916n 6.105658931587585e-05
d002.s001.t002	bn:00047679n 1.0
d001.s008.t005	bn:00017123n 1.0
d010.s005.t001	bn:00048488n 1.0
d011.s007.t005	bn:00078738n 0.3256294194213733	bn:00006662n 0.23637872760656795	bn:00001939n 0.2208169818373409	bn:00081857n 0.21710975176277067	bn:00004379n 3.255968597353997e-05	bn:00004401n 3.255968597353997e-05
d009.s030.t002	bn:00067239n 1.0
d001.s026.t005	bn:00001170n 1.0
d010.s002.t014	bn:00023308n 0.9999000199960009	bn:00027574n 9.998000399920017e-05
d013.s019.t002	bn:00078738n 0.27798297305994324	bn:00081857n 0.2673381933878737	bn:00006662n 0.25635299399650624	bn:00001939n 0.19827024852016836	bn:00004379n 2.7795517754218904e-05	bn:00004401n 2.7795517754218904e-05
d001.s026.t008	bn:00009716n 0.46160318714394255	bn:00059168n 0.37003021113070667	bn:00021870n 0.1683204460222065	bn:00064277n 4.615570314407985e-05
d012.s009.t002	bn:00046019n 1.0
d001.s023.t009	bn:00010203n 1.0
d012.s002.t002	bn:00058285n 1.0
d009.s004.t002	bn:00066884n 0.9999000199960009	bn:00005515n 9.998000399920017e-05
d012.s019.t002	bn:00064527n 1.0
d012.s020.t006	bn:00061135n 0.9999000199960009	bn:00061499n 9.998000399920017e-05
d004.s017.t003	bn:00077905n 0.6798956625686396	bn:00047741n 0.3200363546633803	bn:00033729n 6.798276798006596e-05
d012.s005.t003	bn:00067808n 1.0
d013.s009.t002	bn:00061119n 0.9999000199960009	bn:00025954n 9.998000399920017e-05
d012.s024.t004	bn:00077593n 1.0
d006.s013.t007	bn:00019742n 1.0
d010.s002.t003	bn:00028247n 0.7429066806113326	bn:00034158n 0.2570190361489302	bn:00028248n 7.428323973715955e-05
d001.s008.t004	bn:00060158n 1.0
d010.s019.t007	bn:00023308n 0.9999000199960009	bn:00027574n 9.998000399920017e-05
d004.s011.t002	bn:00078546n 1.0
d009.s014.t002	bn:00063989n 1.0
d012.s022.t003	bn:00023237n 0.4560396126532179	bn:00023235n 0.33912566744568096	bn:00028934n 0.2047891204997759	bn:00023236n 4.5599401325189276e-05
d008.s011.t002	bn:00054731n 1.0
d011.s002.t004	bn:00045208n 1.0
d002.s015.t002	bn:00036777n 0.6501859548045842	bn:00063213n 0.3497490331011448	bn:00063223n 6.501209427103132e-05
d012.s019.t007	bn:00046021n 1.0
d009.s013.t004	bn:00023236n 0.5540446474686461	bn:00023235n 0.38195553680535577	bn:00028934n 0.06394441680114374	bn:00023237n 5.539892485437917e-05
d011.s013.t005	bn:00036014n 1.0
d007.s029.t003	bn:00006759n 1.0
d011.s010.t006	bn:00030861n 1.0
d001.s017.t007	bn:00012898n 1.0
d001.s011.t004	bn:00002291n 1.0
d001.s019.t008	bn:00023236n 0.6653868915565906	bn:00028934n 0.20632650958603502	bn:00023235n 0.1282200668214224	bn:00023237n 6.653203595206386e-05
d008.s003.t006	bn:00051054n 0.948759305798606	bn:00051047n 0.05114582775745843	bn:00051045n 9.486644393546706e-05
d008.s030.t001	bn:00067280n 1.0
d006.s005.t008	bn:00048658n 1.0
d010.s007.t002	bn:00023308n 0.9999000199960009	bn:00027574n 9.998000399920017e-05
d009.s021.t002	bn:00050165n 1.0
d012.s011.t003	bn:00008267n 1.0
d004.s019.t005	bn:00058732n 1.0
d006.s021.t006	bn:00078738n 0.2822107393429144	bn:00001939n 0.2539070769681876	bn:00081857n 0.234642072044197	bn:00006662n 0.2291836751404827	bn:00004379n 2.8218252109080533e-05	bn:00004401n 2.8218252109080533e-05
d006.s019.t003	bn:00021624n 1.0
d005.s006.t006	bn:00047367n 1.0
d006.s022.t009	bn:00064806n 1.0
d007.s026.t002	bn:00061325n 1.0
d002.s006.t002	bn:00006752n 1.0
d009.s031.t004	bn:00078738n 0.38481679796947255	bn:00006662n 0.22821805516119514	bn:00081857n 0.2055113043952433	bn:00001939n 0.18137688681006137	bn:00004379n 3.847783201374588e-05	bn:00004401n 3.847783201374588e-05
d008.s012.t007	bn:00067181n 1.0
d007.s007.t006	bn:00035704n 0.6755151631970041	bn:00006547n 0.3244172920411523	bn:00008122n 6.754476184351606e-05
d012.s005.t004	bn:00050521n 1.0
d001.s009.t011	bn:00061135n 1.0
d009.s018.t004	bn:00021207n 1.0
d009.s011.t005	bn:00061135n 0.9999000199960009	bn:00061499n 9.998000399920017e-05
d010.s017.t007	bn:00048488n 1.0
d008.s003.t003	bn:00029424n 0.7580905230794087	bn:00029425n 0.08295814893248094	bn:00027386n 0.08243258482911502	bn:00041883n 0.07644294168683471	bn:00029429n 7.580147216072481e-05
d003.s009.t002	bn:00022095n 1.0
d006.s024.t001	bn:00005599n 0.9999000199960009	bn:00005603n 9.998000399920017e-05
d007.s011.t003	bn:00006759n 1.0
d006.s022.t007	bn:00048658n 1.0
d010.s009.t004	bn:00050588n 0.9999000199960009	bn:00050250n 9.998000399920017e-05
d009.s026.t004	bn:00023807n 0.5621102286219762	bn:00034010n 0.4378335659757018	bn:00025804n 5.620540232196543e-05
d004.s007.t003	bn:00048592n 1.0
d013.s005.t006	bn:00030747n 1.0
d009.s012.t001	bn:00054693n 1.0
d006.s012.t002	bn:00023362n 0.9999000199960009	bn:00067181n 9.998000399920017e-05
d009.s022.t002	bn:00023237n 0.4104828580859021	bn:00023236n 0.3323853245063955	bn:00023235n 0.25709077322631185	bn:00028934n 4.104418139045117e-05
