d001.s001.t005_d001.s001.t005	bn:00075742n 0.9556581578225029	bn:00000489n 0.030226588301416602	bn:00075743n 0.014019697615924353	bn:00075142n 9.555626015623467e-05
d001.s001.t008_d001.s001.t008	bn:00067181n 0.24447869113890425	bn:00045161n 0.19066725104111018	bn:00000739n 0.18043704698576787	bn:00067002n 0.11064621197760707	bn:00000745n 0.08288555646643953	bn:00066995n 0.06976957622228654	bn:00001735n 0.06751963094173832	bn:00021410n 0.05357158980157484	bn:00052130n 2.4445424571433285e-05
d001.s002.t009_d001.s002.t009	bn:00021015n 0.8994129472253337	bn:00011638n 0.10049712047317398	bn:00019284n 8.993230149238414e-05
d001.s002.t012_d001.s002.t012	bn:00054128n 1.0
d001.s002.t029_d001.s002.t029	bn:00001592n 1.0
d001.s002.t034_d001.s002.t034	bn:00054128n 1.0
d001.s003.t003_d001.s003.t003	bn:00046705n 0.5864106647094554	bn:00046698n 0.41353070008759396	bn:00046720n 5.863520295065048e-05
d001.s003.t012_d001.s003.t012	bn:00076843n 0.8458081570237576	bn:00047235n 0.15410727061777604	bn:00076842n 8.45723584665291e-05
d001.s003.t016_d001.s003.t016	bn:00062308n 0.5122241325855257	bn:00035604n 0.48772465012294497	bn:00028015n 5.121729152939963e-05
d001.s003.t029_d001.s003.t029	bn:00004992n 1.0
d001.s004.t003_d001.s004.t003	bn:00046705n 0.5458642560584324	bn:00046698n 0.4540811629740586	bn:00046720n 5.458096750909233e-05
d001.s004.t008_d001.s004.t008	bn:00001592n 1.0
d001.s004.t014_d001.s004.t014	bn:00027544n 0.2907151837330367	bn:00005601n 0.2725622441003927	bn:00025621n 0.2406426352914748	bn:00005599n 0.19605086826358367	bn:00029212n 2.9068611512152452e-05
d001.s006.t004_d001.s006.t004	bn:00029192n 0.5915159595740969	bn:00029193n 0.40842489474451393	bn:00063926n 5.914568138927076e-05
d001.s006.t008_d001.s006.t008	bn:00072760n 0.9999000199960009	bn:00004452n 9.998000399920017e-05
d001.s006.t012_d001.s006.t012	bn:00036739n 0.9999000199960009	bn:00046787n 9.998000399920017e-05
d001.s006.t017_d001.s006.t017	bn:00079681n 0.7829613807167652	bn:00009476n 0.21696033097399414	bn:00055130n 7.828830924075245e-05
d001.s009.t007_d001.s009.t007	bn:00000075n 1.0
d001.s009.t010_d001.s009.t010	bn:00057267n 1.0
d001.s009.t013_d001.s009.t013	bn:00054512n 1.0
d001.s009.t016_d001.s009.t016	bn:00057267n 1.0
d001.s009.t018_d001.s009.t018	bn:00054285n 0.9999000199960009	bn:00049774n 9.998000399920017e-05
d001.s009.t022_d001.s009.t022	bn:00052341n 1.0
d001.s009.t029_d001.s009.t029	bn:00006236n 1.0
d001.s010.t011_d001.s010.t011	bn:00054128n 0.6474371141251666	bn:00028872n 0.19542769782721148	bn:00061887n 0.15707045080993312	bn:00024461n 6.473723768874778e-05
d001.s010.t016_d001.s010.t016	bn:00057267n 1.0
d001.s010.t028_d001.s010.t029	bn:00059129n 1.0
d001.s010.t028_d001.s010.t028	bn:00059129n 0.3502466287722633	bn:00047234n 0.2342491969280083	bn:00007013n 0.1691765406939901	bn:00030844n 0.1542216635840657	bn:00047061n 0.09207094886091131	bn:00047092n 3.502116076115022e-05
d001.s010.t050_d001.s010.t050	bn:00011744n 0.2799885309018859	bn:00014512n 0.21617235905620413	bn:00011746n 0.16451746549053545	bn:00011745n 0.14296467772650345	bn:00011747n 0.1067277496667662	bn:00035769n 0.08960122110461996	bn:00032685n 2.799605348484011e-05
d001.s010.t063_d001.s010.t063	bn:00018141n 1.0
d001.s010.t065_d001.s010.t065	bn:00015180n 0.5526015918211715	bn:00015910n 0.44734315354510984	bn:00057267n 5.5254633718745276e-05
d001.s010.t070_d001.s010.t070	bn:00017027n 1.0
d001.s010.t072_d001.s010.t072	bn:00061898n 0.7791190345698047	bn:00025966n 0.22080306131714958	bn:00005532n 7.79041130456759e-05
d001.s011.t009_d001.s011.t009	bn:00061017n 0.9999000199960009	bn:00001742n 9.998000399920017e-05
d001.s011.t013_d001.s011.t013	bn:00060927n 0.9999000199960009	bn:00060929n 9.998000399920017e-05
d001.s011.t018_d001.s011.t018	bn:00061017n 0.9999000199960009	bn:00001742n 9.998000399920017e-05
d001.s011.t021_d001.s011.t021	bn:00060927n 0.9999000199960009	bn:00060929n 9.998000399920017e-05
d001.s011.t030_d001.s011.t030	bn:00018141n 1.0
d001.s012.t002_d001.s012.t002	bn:00054128n 1.0
d001.s014.t011_d001.s014.t011	bn:00027976n 1.0
d001.s014.t017_d001.s014.t017	bn:00018141n 1.0
d001.s015.t002_d001.s015.t002	bn:00028319n 0.9447887572354358	bn:00003602n 0.05511677333578361	bn:00028320n 9.446942878066551e-05
d001.s015.t009_d001.s015.t009	bn:00054701n 0.46007851033602415	bn:00053978n 0.3879455320575674	bn:00006843n 0.0789081069307792	bn:00049021n 0.07302184742492057	bn:00054662n 4.6003250708531565e-05
d001.s015.t011_d001.s015.t011	bn:00052501n 0.911250639375462	bn:00054612n 0.0643639652897436	bn:00009400n 0.02429427938245195	bn:00053680n 9.111595234231198e-05
d001.s015.t014_d001.s015.t014	bn:00005518n 0.4967977653095029	bn:00075374n 0.23263648363453063	bn:00005513n 0.20935571346390724	bn:00075373n 0.06116036278300895	bn:00040160n 4.9674809050045294e-05
d001.s015.t020_d001.s015.t020	bn:00043545n 0.24219035213774723	bn:00043544n 0.18484019510221908	bn:00062643n 0.1673697311763605	bn:00074066n 0.11321338036607391	bn:00080605n 0.10606916577533551	bn:00043546n 0.06984408293911243	bn:00003111n 0.05851713233564049	bn:00041354n 0.034287552446141775	bn:00074917n 0.0236441911078167	bn:00044124n 2.4216613552419482e-05
d001.s015.t023_d001.s015.t023	bn:00054686n 0.26073096210484076	bn:00080831n 0.2361545444473888	bn:00032209n 0.16302104779259707	bn:00071283n 0.13696375719967804	bn:00013941n 0.08123711029611724	bn:00080835n 0.07527072883269906	bn:00018378n 0.019173997160383652	bn:00020700n 0.012697433649126698	bn:00024253n 0.01090172643349799	bn:00061774n 0.0038226215945090054	bn:00080833n 2.607048916156792e-05
d001.s015.t025_d001.s015.t025	bn:00061017n 0.9999000199960009	bn:00001742n 9.998000399920017e-05
d001.s015.t034_d001.s015.t034	bn:00010728n 0.27984667657345325	bn:00046942n 0.27792530037774915	bn:00005459n 0.2656009679587373	bn:00055094n 0.17659907322058987	bn:00076337n 2.7981869470398286e-05
d001.s015.t039_d001.s015.t039	bn:00043484n 1.0
d001.s016.t004_d001.s016.t004	bn:00029874n 0.19079204374800754	bn:00029872n 0.1598273425382367	bn:00029871n 0.10716175487518904	bn:00021961n 0.10567393107887202	bn:00020445n 0.09613129127167258	bn:00030709n 0.08853922108366198	bn:00061727n 0.0858774320786222	bn:00046065n 0.08423218148048411	bn:00010406n 0.0817457245486087	bn:00073368n 1.907729664513624e-05
d001.s016.t008_d001.s016.t008	bn:00061017n 0.9999000199960009	bn:00001742n 9.998000399920017e-05
d001.s016.t012_d001.s016.t012	bn:00001507n 1.0
d001.s016.t014_d001.s016.t015	bn:00035585n 1.0
d001.s016.t014_d001.s016.t014	bn:00000903n 0.6157822333293659	bn:00000902n 0.3841561946045078	bn:00052223n 6.157206612632395e-05
d001.s016.t020_d001.s016.t020	bn:00080147n 1.0
d001.s016.t024_d001.s016.t024	bn:00046787n 0.9999000199960009	bn:00036739n 9.998000399920017e-05
d001.s016.t026_d001.s016.t027	bn:00004712n 1.0
d001.s016.t026_d001.s016.t026	bn:00080147n 1.0
d001.s017.t009_d001.s017.t009	bn:00061017n 0.9999000199960009	bn:00001742n 9.998000399920017e-05
d001.s017.t014_d001.s017.t014	bn:00004656n 1.0
d001.s017.t019_d001.s017.t019	bn:00027565n 0.9999000199960009	bn:00008567n 9.998000399920017e-05
d001.s017.t030_d001.s017.t030	bn:00025982n 0.9999000199960009	bn:00025983n 9.998000399920017e-05
d001.s017.t036_d001.s017.t036	bn:00006561n 0.2946803658645363	bn:00022107n 0.24755433684092237	bn:00030626n 0.19323145352851176	bn:00000676n 0.168168039359727	bn:00006559n 0.0892236075521935	bn:00006562n 0.007112731764031513	bn:00006560n 2.946509007744589e-05
d001.s018.t011_d001.s018.t011	bn:00028319n 0.5287508161984691	bn:00028320n 0.47119631400689055	bn:00003602n 5.286979464038287e-05
d001.s018.t017_d001.s018.t017	bn:00061017n 0.9999000199960009	bn:00001742n 9.998000399920017e-05
d001.s018.t027_d001.s018.t027	bn:00029874n 0.2706617551160622	bn:00029872n 0.21825087393573353	bn:00021961n 0.10672357624432634	bn:00029871n 0.10034049559140601	bn:00020445n 0.07895476203583354	bn:00061727n 0.06577004909440859	bn:00030709n 0.05764215936897752	bn:00046065n 0.05286843702028138	bn:00010406n 0.04876082812380618	bn:00073368n 2.7063469164689756e-05
d001.s019.t008_d001.s019.t008	bn:00061017n 0.9999000199960009	bn:00001742n 9.998000399920017e-05
d001.s020.t003_d001.s020.t003	bn:00046705n 0.5255698302832438	bn:00046698n 0.4743776179889007	bn:00046720n 5.2551727855538826e-05
d001.s020.t008_d001.s020.t008	bn:00075142n 0.9999000199960009	bn:00000489n 9.998000399920017e-05
d001.s022.t011_d001.s022.t011	bn:00054128n 1.0
d001.s022.t018_d001.s022.t018	bn:00017027n 1.0
d001.s022.t021_d001.s022.t021	bn:00027914n 0.1841556659423863	bn:00027917n 0.16505160994414184	bn:00027919n 0.1604945071879914	bn:00027920n 0.12186880208314783	bn:00027912n 0.11628624647567928	bn:00027913n 0.10485621121915942	bn:00027911n 0.06788950226384832	bn:00027886n 0.06719573231651314	bn:00005706n 0.012183308841910778	bn:00044906n 1.841372522171646e-05
d001.s022.t034_d001.s022.t034	bn:00004691n 1.0
d001.s023.t002_d001.s023.t002	bn:00054731n 0.3516553398137862	bn:00011744n 0.33055923134597376	bn:00009677n 0.31775026682246027	bn:00031641n 3.516201777960066e-05
d001.s023.t016_d001.s023.t016	bn:00031085n 1.0
d001.s023.t021_d001.s023.t021	bn:00008788n 1.0
d001.s023.t027_d001.s023.t027	bn:00026301n 1.0
d001.s023.t029_d001.s023.t029	bn:00067714n 1.0
d001.s023.t032_d001.s023.t032	bn:00053801n 0.8433076213377407	bn:00031322n 0.15660805633235858	bn:00053870n 8.4322329900784e-05
d001.s023.t035_d001.s023.t035	bn:00017027n 1.0
d001.s024.t002_d001.s024.t002	bn:00074790n 0.20382745516602033	bn:00047693n 0.16964916458774004	bn:00067181n 0.1578587540201836	bn:00014169n 0.12714000241820964	bn:00074791n 0.12233792159014108	bn:00074795n 0.05128228021438588	bn:00071923n 0.05114724756235767	bn:00005097n 0.03875014706814795	bn:00074786n 0.027191873716073383	bn:00031755n 0.02618448923682751	bn:00074793n 0.024610283712467162	bn:00016012n 2.0380707445857447e-05
d001.s025.t005_d001.s025.t005	bn:00054512n 1.0
d001.s025.t017_d001.s025.t017	bn:00067181n 0.1886442241317627	bn:00074786n 0.1606093669958535	bn:00047693n 0.13690918414867076	bn:00074790n 0.13304694066161768	bn:00074791n 0.09752536396996796	bn:00014169n 0.08558287450949853	bn:00074793n 0.05969558350585284	bn:00071923n 0.05631066851130267	bn:00005097n 0.03267793183435671	bn:00074795n 0.03037606524760518	bn:00031755n 0.01860293394735178	bn:00016012n 1.8862536159560315e-05
d001.s025.t022_d001.s025.t022	bn:00061017n 0.9999000199960009	bn:00001742n 9.998000399920017e-05
d001.s026.t002_d001.s026.t002	bn:00029872n 0.2620655085173006	bn:00029874n 0.19973853121853152	bn:00061727n 0.10494690398447475	bn:00021961n 0.09571256281634963	bn:00029871n 0.08817362705188192	bn:00030709n 0.0724757384334048	bn:00046065n 0.06981183097568554	bn:00010406n 0.06286575078507832	bn:00020445n 0.04418334228683423	bn:00073368n 2.6203930458684194e-05
d001.s027.t005_d001.s027.t005	bn:00015910n 0.5090672101302615	bn:00015180n 0.4908818882388887	bn:00057267n 5.090163084994115e-05
d001.s027.t010_d001.s027.t010	bn:00017027n 1.0
d001.s027.t013_d001.s027.t013	bn:00029872n 0.29298531928486227	bn:00029874n 0.23092112545630808	bn:00061727n 0.12698236091092607	bn:00021961n 0.09934170998012395	bn:00029871n 0.08197232537840866	bn:00020445n 0.04426185612558355	bn:00030709n 0.043063698608637964	bn:00010406n 0.04081923342313636	bn:00046065n 0.03962307522964493	bn:00073368n 2.92956023682494e-05
d001.s027.t026_d001.s027.t026	bn:00054128n 0.6116833938406353	bn:00061887n 0.19884721704388783	bn:00028872n 0.18940822689231504	bn:00024461n 6.116222316174736e-05
d001.s027.t031_d001.s027.t031	bn:00067181n 0.17481375061432777	bn:00074786n 0.15566513347970376	bn:00047693n 0.13807728836671498	bn:00074790n 0.1326823871909629	bn:00074791n 0.09372558082433677	bn:00014169n 0.07998398593964845	bn:00071923n 0.06780873913542645	bn:00074793n 0.050917910764636566	bn:00074795n 0.04275953276559387	bn:00005097n 0.03217032798524796	bn:00031755n 0.03137788330630186	bn:00016012n 1.7479627098722908e-05
d001.s027.t035_d001.s027.t035	bn:00061017n 0.9999000199960009	bn:00001742n 9.998000399920017e-05
d001.s027.t037_d001.s027.t037	bn:00057267n 1.0
d001.s027.t039_d001.s027.t039	bn:00061898n 0.6146500109233601	bn:00035914n 0.38185696035033406	bn:00061900n 0.0034315698710989024	bn:00025966n 6.145885520681534e-05
d001.s027.t049_d001.s027.t049	bn:00018141n 1.0
d001.s028.t010_d001.s028.t010	bn:00054128n 1.0
d001.s028.t022_d001.s028.t022	bn:00067181n 0.17988397030750328	bn:00074786n 0.15887735294089494	bn:00047693n 0.1355553766180706	bn:00074790n 0.11923585954180076	bn:00074791n 0.09047094879666845	bn:00014169n 0.08011480107108634	bn:00071923n 0.06410937284913486	bn:00074793n 0.061963583906363424	bn:00074795n 0.050514311719476346	bn:00031755n 0.03621196992076387	bn:00005097n 0.023044465729866372	bn:00016012n 1.7986598370913237e-05
d001.s028.t025_d001.s028.t025	bn:00061017n 0.9999000199960009	bn:00001742n 9.998000399920017e-05
d001.s028.t028_d001.s028.t028	bn:00060927n 0.9999000199960009	bn:00060929n 9.998000399920017e-05
d001.s028.t035_d001.s028.t035	bn:00018141n 1.0
d001.s028.t037_d001.s028.t037	bn:00057267n 1.0
d001.s029.t012_d001.s029.t012	bn:00029888n 0.9999000199960009	bn:00029876n 9.998000399920017e-05
d001.s029.t019_d001.s029.t019	bn:00061017n 0.9999000199960009	bn:00001742n 9.998000399920017e-05
d001.s030.t009_d001.s030.t009	bn:00074790n 0.1687809661553792	bn:00047693n 0.1475552117844943	bn:00014169n 0.13888884680716534	bn:00074791n 0.1341229779283163	bn:00067181n 0.12874179284096066	bn:00074786n 0.12279083460940804	bn:00005097n 0.0758897045002824	bn:00074793n 0.03530438143761091	bn:00071923n 0.025704618321797622	bn:00074795n 0.019291784016059323	bn:00016012n 0.0029120051895513417	bn:00031755n 1.6876408974640455e-05
d001.s031.t012_d001.s031.t012	bn:00054512n 1.0
d001.s032.t016_d001.s032.t016	bn:00054001n 0.4320610459976378	bn:00005677n 0.3079232676902904	bn:00007449n 0.25997248452765037	bn:00048459n 4.320178442132165e-05
d001.s032.t018_d001.s032.t018	bn:00014710n 0.9999000199960009	bn:00055794n 9.998000399920017e-05
d001.s032.t023_d001.s032.t023	bn:00014710n 0.9999000199960009	bn:00055794n 9.998000399920017e-05
d001.s032.t025_d001.s032.t025	bn:00061017n 0.9999000199960009	bn:00001742n 9.998000399920017e-05
d001.s033.t004_d001.s033.t004	bn:00061017n 0.9999000199960009	bn:00001742n 9.998000399920017e-05
d001.s033.t006_d001.s033.t006	bn:00015910n 0.5123375159554278	bn:00015180n 0.48761125541583955	bn:00057267n 5.1228628732669516e-05
d001.s033.t011_d001.s033.t011	bn:00017027n 1.0
d001.s034.t002_d001.s034.t002	bn:00061017n 0.9999000199960009	bn:00001742n 9.998000399920017e-05
d001.s034.t005_d001.s034.t005	bn:00060927n 0.9999000199960009	bn:00060929n 9.998000399920017e-05
d001.s034.t010_d001.s034.t010	bn:00018141n 1.0
d001.s034.t021_d001.s034.t021	bn:00014710n 0.9999000199960009	bn:00055794n 9.998000399920017e-05
d001.s035.t002_d001.s035.t002	bn:00061017n 0.9999000199960009	bn:00001742n 9.998000399920017e-05
d001.s035.t005_d001.s035.t005	bn:00060927n 0.9999000199960009	bn:00060929n 9.998000399920017e-05
d001.s035.t011_d001.s035.t011	bn:00018141n 1.0
d001.s035.t022_d001.s035.t022	bn:00014710n 0.9999000199960009	bn:00055794n 9.998000399920017e-05
d001.s035.t026_d001.s035.t026	bn:00011375n 0.1423115267146945	bn:00035774n 0.13696992763161706	bn:00008279n 0.13044508442575597	bn:00068051n 0.11915735469059634	bn:00041942n 0.117596729388893	bn:00041943n 0.10887729580646238	bn:00018111n 0.10133115054139552	bn:00013875n 0.09543977050626715	bn:00013873n 0.047856930564619544	bn:00013874n 1.42297296984996e-05
d001.s036.t006_d001.s036.t006	bn:00067181n 0.16362336893732593	bn:00074790n 0.14912306851798848	bn:00047693n 0.1460052810693578	bn:00074791n 0.10048363818742387	bn:00074786n 0.0898368617998528	bn:00014169n 0.08932410912413694	bn:00074795n 0.07825168989100224	bn:00071923n 0.06866518846475102	bn:00031755n 0.05532211149604982	bn:00005097n 0.04068835771802005	bn:00074793n 0.018659964093267548	bn:00016012n 1.6360700823650227e-05
d001.s036.t008_d001.s036.t008	bn:00061017n 0.9999000199960009	bn:00001742n 9.998000399920017e-05
d001.s036.t011_d001.s036.t011	bn:00057267n 1.0
d001.s037.t007_d001.s037.t007	bn:00057267n 1.0
d002.s001.t008_d002.s001.t008	bn:00049910n 0.23391552725439546	bn:00048027n 0.21892390157259325	bn:00005597n 0.15976292507268203	bn:00056990n 0.13451712526680182	bn:00072052n 0.12338524556982529	bn:00026066n 0.06041889357316303	bn:00049911n 0.03974591630881862	bn:00077565n 0.029307076167916352	bn:00049914n 2.3389213804059143e-05
d002.s002.t004_d002.s002.t004	bn:00059128n 0.4448816297105811	bn:00053826n 0.29607927939463907	bn:00054973n 0.12844066302568338	bn:00059130n 0.10473253048557399	bn:00059129n 0.02582141366892276	bn:00025567n 4.448371459959815e-05
d002.s002.t015_d002.s002.t015	bn:00026544n 0.5066623494108095	bn:00041412n 0.2957522604810401	bn:00017904n 0.1975347289393263	bn:00041415n 5.0661168824198526e-05
d002.s005.t020_d002.s005.t020	bn:00030716n 0.3244237921710685	bn:00020452n 0.2972673844291884	bn:00041430n 0.1441519459822743	bn:00021911n 0.10143559086449673	bn:00005134n 0.08333501941639172	bn:00021951n 0.04870400578605166	bn:00000992n 0.0006498222152250247	bn:00000991n 3.2439135303576495e-05
d002.s006.t001_d002.s006.t001	bn:00063683n 0.2153665684337468	bn:00045772n 0.18959604972938313	bn:00032381n 0.18508084857560028	bn:00045972n 0.17736165069647572	bn:00045971n 0.12287535523393495	bn:00045970n 0.053469920775221835	bn:00034396n 0.04295540681171821	bn:00060201n 0.013272665240526178	bn:00030485n 2.1534503393035376e-05
d002.s006.t003_d002.s006.t003	bn:00081285n 0.6740492639526909	bn:00081292n 0.3258833378607325	bn:00081289n 6.739818657661144e-05
d002.s007.t001_d002.s007.t001	bn:00081285n 0.7737771893356715	bn:00081289n 0.22614544068239312	bn:00081292n 7.736998193537363e-05
d002.s008.t002_d002.s008.t002	bn:00081285n 0.5264444906710287	bn:00081292n 0.47350287014382275	bn:00081289n 5.263918514858801e-05
d002.s008.t011_d002.s008.t011	bn:00022002n 0.346696130148102	bn:00014448n 0.3147298548314997	bn:00020953n 0.23569258629551665	bn:00011644n 0.0646414490063378	bn:00022087n 0.038205313572143455	bn:00022001n 3.466614640017019e-05
d002.s008.t023_d002.s008.t023	bn:00026967n 1.0
d002.s009.t007_d002.s009.t007	bn:00034274n 0.09228644750149821	bn:00034269n 0.08710786866630076	bn:00034267n 0.08267177894597619	bn:00007985n 0.07596649044263966	bn:00003268n 0.07543066525480885	bn:00005516n 0.07459404426749534	bn:00034270n 0.07127980724036499	bn:00034265n 0.07125049491421104	bn:00010805n 0.06936719422881782	bn:00034273n 0.06734825231916075	bn:00076525n 0.06389445639122661	bn:00034266n 0.05762615831563385	bn:00017609n 0.05719898064677592	bn:00034268n 0.053968133143112114	bn:00006752n 9.227721977952025e-06
d002.s009.t013_d002.s009.t013	bn:00036821n 0.32591354301929	bn:00036826n 0.2655371320911481	bn:00059130n 0.17501377528746803	bn:00017345n 0.1112670184296736	bn:00036823n 0.07801614280598912	bn:00058687n 0.044219800270938865	bn:00067043n 3.2588095492379765e-05
d002.s009.t016_d002.s009.t016	bn:00023140n 0.27657811901049006	bn:00014689n 0.2382535906444485	bn:00014688n 0.22097962957719336	bn:00014690n 0.1892259352846612	bn:00014692n 0.0749350704368105	bn:00005164n 2.7655046396409364e-05
d002.s011.t007_d002.s011.t008	bn:00021164n 1.0
d002.s011.t007_d002.s011.t007	bn:00070498n 0.2145622076754303	bn:00070497n 0.20201011269389693	bn:00046139n 0.19933617675141327	bn:00000657n 0.14586267975851944	bn:00001714n 0.12922395494807665	bn:00070499n 0.0717630608157348	bn:00054009n 0.033747561604065994	bn:00027353n 0.003472791677502535	bn:00070494n 2.145407536000703e-05
d002.s013.t006_d002.s013.t006	bn:00001296n 1.0
d002.s013.t008_d002.s013.t008	bn:00055233n 0.9995652203821505	bn:00050004n 0.0003348330904639708	bn:00021524n 9.994652738547651e-05
d002.s013.t010_d002.s013.t010	bn:00056300n 0.9999000199960009	bn:00056299n 9.998000399920017e-05
d002.s013.t012_d002.s013.t012	bn:00027919n 0.21071602963900823	bn:00027913n 0.15369875192035418	bn:00027914n 0.14098929630766036	bn:00027912n 0.11958141230444676	bn:00027911n 0.11394009338850987	bn:00027917n 0.10888553378735577	bn:00044906n 0.08718452312971145	bn:00027920n 0.061219860317422325	bn:00027886n 0.0037634297095169916	bn:00005706n 2.1069496014299395e-05
d002.s014.t007_d002.s014.t007	bn:00063941n 0.16432885023953245	bn:00030820n 0.1521222939819949	bn:00035768n 0.13306227718576522	bn:00035773n 0.12982104685400153	bn:00046693n 0.11644369598155307	bn:00054902n 0.09272448664249568	bn:00032362n 0.09191815810330155	bn:00035769n 0.0665398094680687	bn:00063940n 0.05302295030138734	bn:00041585n 1.643124189976327e-05
d002.s016.t005_d002.s016.t005	bn:00030820n 0.18198140497725698	bn:00063941n 0.18100096012270464	bn:00035768n 0.14881152153039473	bn:00032362n 0.10425344604069306	bn:00035773n 0.10249983192660972	bn:00054902n 0.09438643572352391	bn:00046693n 0.08323439914577346	bn:00035769n 0.0735601795435127	bn:00063940n 0.03025362466866531	bn:00041585n 1.8196320865639136e-05
d002.s017.t009_d002.s017.t009	bn:00079583n 0.9999000199960009	bn:00005604n 9.998000399920017e-05
d002.s019.t005_d002.s019.t005	bn:00003802n 0.5043663816267887	bn:00003792n 0.4955831867782081	bn:00030260n 5.0431595003178555e-05
d002.s019.t008_d002.s019.t008	bn:00036821n 0.3799348152340024	bn:00036826n 0.26545950993439676	bn:00059130n 0.14212270028459692	bn:00017345n 0.13387211614640523	bn:00036823n 0.07520497209379488	bn:00058687n 0.0033678966242483943	bn:00067043n 3.798968255514473e-05
d002.s019.t017_d002.s019.t017	bn:00059141n 0.41094246106568943	bn:00001975n 0.2698276794724904	bn:00053226n 0.24634135473694407	bn:00059142n 0.0728474145877831	bn:00015015n 4.109013709285966e-05
d002.s020.t009_d002.s020.t009	bn:00059141n 0.48762929508151037	bn:00053226n 0.22361395028597597	bn:00001975n 0.22330034712416547	bn:00059142n 0.06540764945464525	bn:00015015n 4.8758053702780764e-05
d002.s020.t019_d002.s020.t019	bn:00036821n 0.39464841846805554	bn:00036826n 0.2374910249920259	bn:00017345n 0.16774434993930332	bn:00059130n 0.14785416566931042	bn:00036823n 0.04787376771244294	bn:00058687n 0.004348812323104645	bn:00067043n 3.9460895757229836e-05
d002.s020.t020_d002.s020.t020	bn:00079373n 0.9999000199960009	bn:00022095n 9.998000399920017e-05
d002.s021.t008_d002.s021.t008	bn:00079508n 0.162426338633302	bn:00029680n 0.15312685893469996	bn:00079509n 0.10741714186520135	bn:00058151n 0.10089808839897484	bn:00046139n 0.08043355457549256	bn:00079511n 0.08041043414583483	bn:00046143n 0.06573619313549481	bn:00003601n 0.06501938551418743	bn:00020445n 0.06448717534429912	bn:00079510n 0.055688873162760555	bn:00054453n 0.04372862047951747	bn:00012839n 0.020611094800472806	bn:00025222n 1.6241009762353966e-05
d002.s021.t011_d002.s021.t011	bn:00079583n 0.9999000199960009	bn:00005604n 9.998000399920017e-05
d002.s023.t002_d002.s023.t002	bn:00025928n 1.0
d002.s023.t014_d002.s023.t014	bn:00059128n 0.4734218258223199	bn:00053826n 0.3500456209589706	bn:00054973n 0.1257980384804097	bn:00025567n 0.04462597165064616	bn:00059129n 0.006061205638816256	bn:00059130n 4.7337448837348254e-05
d002.s026.t005_d002.s026.t005	bn:00036821n 0.4624112851792261	bn:00036826n 0.2121331208994776	bn:00059130n 0.12436072084444943	bn:00017345n 0.12397190593881117	bn:00036823n 0.0640732993903304	bn:00058687n 0.013003431242837813	bn:00067043n 4.623650486743587e-05
d002.s027.t007_d002.s027.t007	bn:00079373n 0.9999000199960009	bn:00022095n 9.998000399920017e-05
d002.s027.t020_d002.s027.t020	bn:00036821n 0.36314505944347497	bn:00036826n 0.24251665798851707	bn:00017345n 0.13761653643832222	bn:00059130n 0.1359766990847915	bn:00036823n 0.08559851041942158	bn:00058687n 0.035110225750615724	bn:00067043n 3.631087485686181e-05
d002.s027.t024_d002.s027.t024	bn:00071710n 1.0
d002.s027.t029_d002.s027.t030	bn:00023040n 0.3588617708851824	bn:00022956n 0.3249934974674182	bn:00022961n 0.3161088490585697	bn:00019189n 3.588258882963528e-05
d002.s027.t029_d002.s027.t029	bn:00036821n 0.4352099451387775	bn:00036826n 0.18933396497139468	bn:00059130n 0.14312350552392425	bn:00017345n 0.11478194011715115	bn:00036823n 0.08325058126295098	bn:00067043n 0.03425654634295185	bn:00058687n 4.351664284959279e-05
d002.s028.t006_d002.s028.t006	bn:00036821n 0.44775606414762703	bn:00036826n 0.237792215432883	bn:00017345n 0.15743086827738145	bn:00059130n 0.1018327047604863	bn:00036823n 0.05253347394846814	bn:00067043n 0.0026099023038522857	bn:00058687n 4.477112930183252e-05
d002.s029.t005_d002.s029.t005	bn:00056300n 1.0
d002.s029.t012_d002.s029.t012	bn:00059141n 0.5744015456546934	bn:00053226n 0.17324242455239278	bn:00059142n 0.1685546047068095	bn:00001975n 0.08374399067498006	bn:00015015n 5.74344111243569e-05
d002.s030.t002_d002.s030.t002	bn:00014448n 0.32298713295074083	bn:00022002n 0.23076478862609662	bn:00020953n 0.1763463175476355	bn:00011644n 0.1608000069232554	bn:00022001n 0.10906945846852496	bn:00022087n 3.229548374669942e-05
d002.s031.t004_d002.s031.t004	bn:00051508n 0.3141895156827685	bn:00051510n 0.2826158866189765	bn:00023140n 0.26988207164580663	bn:00008282n 0.13328111024246092	bn:00072174n 3.141580998727812e-05
d002.s031.t006_d002.s031.t006	bn:00005604n 0.9999000199960009	bn:00079583n 9.998000399920017e-05
d002.s032.t011_d002.s032.t013	bn:00026837n 1.0
d002.s032.t011_d002.s032.t011	bn:00081292n 0.5776940835957745	bn:00081285n 0.4222481527722292	bn:00081289n 5.776363199637781e-05
d002.s032.t020_d002.s032.t020	bn:00079508n 0.17353183574168743	bn:00029680n 0.14492349443390615	bn:00079509n 0.10935348901559655	bn:00058151n 0.1077441655307425	bn:00020445n 0.08705691933541357	bn:00046139n 0.08612660972022007	bn:00079511n 0.07219996986681233	bn:00046143n 0.06465780633167173	bn:00079510n 0.059995722157682806	bn:00003601n 0.04283849615724454	bn:00054453n 0.037840601325305506	bn:00012839n 0.013713538935287714	bn:00025222n 1.735144842932581e-05
d002.s033.t006_d002.s033.t006	bn:00045841n 0.13785144251858367	bn:00032395n 0.12638079780736308	bn:00062115n 0.11883324268425713	bn:00027673n 0.11208631859071196	bn:00032393n 0.10508548680900204	bn:00006386n 0.10208370064896671	bn:00032392n 0.10086618866510579	bn:00032401n 0.09884028837338502	bn:00032396n 0.0979587501367493	bn:00032391n 1.3783765875270841e-05
d002.s033.t009_d002.s033.t009	bn:00079508n 0.17553854147013978	bn:00029680n 0.15542729448928339	bn:00079509n 0.1168471009104455	bn:00058151n 0.10425971441169186	bn:00046139n 0.08480772713235858	bn:00079511n 0.07825365695817092	bn:00020445n 0.07091213760802205	bn:00046143n 0.061242804555886626	bn:00079510n 0.05194594601787448	bn:00003601n 0.050846915639420384	bn:00054453n 0.039625335039907644	bn:00012839n 0.01027527366786176	bn:00025222n 1.7552098937120267e-05
d002.s033.t011_d002.s033.t011	bn:00079583n 0.9999000199960009	bn:00005604n 9.998000399920017e-05
d002.s034.t001_d002.s034.t001	bn:00020947n 1.0
d002.s034.t002_d002.s034.t002	bn:00056688n 0.9999000199960009	bn:00057820n 9.998000399920017e-05
d002.s035.t003_d002.s035.t003	bn:00022002n 0.2737347770280606	bn:00020953n 0.27273500719845284	bn:00014448n 0.2708344238030686	bn:00011644n 0.1011135235397683	bn:00022001n 0.08155489769002082	bn:00022087n 2.737074062874319e-05
d002.s036.t001_d002.s036.t001	bn:00020947n 1.0
d002.s036.t002_d002.s036.t002	bn:00014379n 0.5755484608484575	bn:00014377n 0.4243939900603669	bn:00014374n 5.754909117572817e-05
d002.s037.t007_d002.s037.t007	bn:00021475n 0.9999000199960009	bn:00025320n 9.998000399920017e-05
d002.s038.t003_d002.s038.t003	bn:00061229n 0.48137673161750977	bn:00054625n 0.42637421338745085	bn:00030689n 0.09220092213516344	bn:00009654n 4.8132859875763406e-05
d002.s038.t007_d002.s038.t007	bn:00012141n 0.3981356025602963	bn:00050969n 0.1759034652702294	bn:00012140n 0.1537997727957906	bn:00050967n 0.14675578325330962	bn:00012121n 0.06532086916551483	bn:00012135n 0.0600446973755611	bn:00012115n 3.9809579298099824e-05
d002.s038.t012_d002.s038.t012	bn:00030616n 0.1438961702244858	bn:00049573n 0.11391129231699126	bn:00030625n 0.11198760227625074	bn:00062309n 0.11189548059304603	bn:00081570n 0.10338432143189995	bn:00018756n 0.10023165538989964	bn:00014138n 0.08508450927114383	bn:00081568n 0.08033208535077521	bn:00081569n 0.07864960852976358	bn:00049570n 0.07061288643753912	bn:00049571n 1.438817820462812e-05
d002.s039.t001_d002.s039.t001	bn:00020947n 1.0
d002.s039.t002_d002.s039.t002	bn:00068672n 0.9999000199960009	bn:00068673n 9.998000399920017e-05
d002.s040.t003_d002.s040.t003	bn:00020945n 0.394130043110787	bn:00041853n 0.23224161966156284	bn:00027356n 0.19678807364602444	bn:00029807n 0.11568270443284762	bn:00012992n 0.061118150085373184	bn:00026980n 3.940906340473823e-05
d002.s041.t002_d002.s041.t004	bn:00028018n 1.0
d002.s041.t002_d002.s041.t002	bn:00021475n 0.9999000199960009	bn:00025320n 9.998000399920017e-05
d002.s041.t004_d002.s041.t004	bn:00076732n 0.9999000199960009	bn:00069638n 9.998000399920017e-05
d002.s041.t014_d002.s041.t016	bn:00076736n 1.0
d002.s041.t014_d002.s041.t014	bn:00029775n 0.9999000199960009	bn:00076736n 9.998000399920017e-05
d002.s041.t016_d002.s041.t016	bn:00076732n 0.9999000199960009	bn:00069638n 9.998000399920017e-05
d002.s042.t001_d002.s042.t001	bn:00020947n 1.0
d002.s042.t002_d002.s042.t002	bn:00024266n 0.5744935764434994	bn:00049537n 0.3532043134624457	bn:00000123n 0.07224466648077196	bn:00049538n 5.7443613283021635e-05
d002.s043.t009_d002.s043.t009	bn:00021475n 0.9999000199960009	bn:00025320n 9.998000399920017e-05
d002.s044.t001_d002.s044.t001	bn:00020947n 1.0
d002.s044.t002_d002.s044.t002	bn:00065472n 1.0
d002.s046.t005_d002.s046.t005	bn:00026544n 0.5145032181309038	bn:00041412n 0.28891565943661474	bn:00017904n 0.196529677255186	bn:00041415n 5.144517729536085e-05
d002.s046.t014_d002.s046.t014	bn:00026544n 0.7181170678362789	bn:00041412n 0.1827064514055708	bn:00017904n 0.09910467623181932	bn:00041415n 7.18045263309948e-05
d002.s046.t026_d002.s046.t026	bn:00036821n 0.3348745245170979	bn:00036826n 0.309023341094715	bn:00017345n 0.20047784411556235	bn:00059130n 0.07174098626790326	bn:00058687n 0.04929907150982608	bn:00067043n 0.03455074839085405	bn:00036823n 3.348410404130566e-05
d002.s047.t005_d002.s047.t005	bn:00024256n 0.6268577478319408	bn:00012528n 0.3730795726612267	bn:00073714n 6.267950683251083e-05
d002.s047.t007_d002.s047.t007	bn:00076732n 0.9999000199960009	bn:00069638n 9.998000399920017e-05
d002.s048.t006_d002.s048.t006	bn:00036821n 0.5010206986338629	bn:00036826n 0.21158913421361925	bn:00017345n 0.1390453231109351	bn:00059130n 0.10728976238824811	bn:00036823n 0.038592936570111945	bn:00067043n 0.00241204802306539	bn:00058687n 5.009706015737055e-05
d002.s049.t005_d002.s049.t005	bn:00036821n 0.3973952286420732	bn:00036826n 0.33376716112591437	bn:00017345n 0.18451966523314017	bn:00059130n 0.050740095976404366	bn:00036823n 0.03232487611377236	bn:00058687n 0.001213237359386151	bn:00067043n 3.9735549309276395e-05
d002.s049.t007_d002.s049.t007	bn:00058395n 1.0
d002.s049.t011_d002.s049.t011	bn:00026544n 0.5263038831860429	bn:00017904n 0.32360958398850126	bn:00041412n 0.15003390769964986	bn:00041415n 5.262512580602369e-05
d002.s049.t013_d002.s049.t013	bn:00081292n 0.5994484030058587	bn:00081285n 0.4004916581477254	bn:00081289n 5.993884641594428e-05
d002.s050.t004_d002.s050.t004	bn:00026544n 0.6573427044968094	bn:00017904n 0.2791772998494396	bn:00041412n 0.06341426795607091	bn:00041415n 6.572769767991296e-05
d002.s051.t008_d002.s051.t008	bn:00051508n 0.342373974484716	bn:00051510n 0.2846225486224562	bn:00008282n 0.2732638733534837	bn:00023140n 0.09970536956529298	bn:00072174n 3.423397405106649e-05
d002.s052.t005_d002.s052.t005	bn:00020726n 0.5219343928468563	bn:00075106n 0.26413269801799616	bn:00060187n 0.213880720914685	bn:00020730n 5.2188220462639364e-05
d002.s052.t008_d002.s052.t008	bn:00026544n 0.7333811185458289	bn:00041412n 0.1695009902426684	bn:00017904n 0.09704456043272605	bn:00041415n 7.333077877670521e-05
d003.s002.t019_d003.s002.t019	bn:00068130n 0.4178142261712563	bn:00017749n 0.2367353052711243	bn:00068132n 0.21806072042301525	bn:00063706n 0.12734797088971142	bn:00036823n 4.177724489263637e-05
d003.s002.t025_d003.s002.t025	bn:00001961n 0.4134592552236185	bn:00007299n 0.16824109891407624	bn:00042120n 0.16438216609513723	bn:00067253n 0.10719895377801636	bn:00007300n 0.10671665448878596	bn:00007293n 0.039960529709022426	bn:00007301n 4.134179134322753e-05
d003.s002.t036_d003.s002.t036	bn:00022095n 0.9999000199960009	bn:00079373n 9.998000399920017e-05
d003.s002.t038_d003.s002.t038	bn:00070651n 0.22965165664027928	bn:00044916n 0.1441228931188666	bn:00070653n 0.13452289117788205	bn:00070659n 0.11874691647905826	bn:00070654n 0.1173469551985033	bn:00023362n 0.09722309876322253	bn:00029240n 0.08279082089334285	bn:00070665n 0.07557180485946804	bn:00070647n 2.296286937709022e-05
d003.s003.t005_d003.s003.t005	bn:00026107n 0.3643304139586647	bn:00056037n 0.2872826026552793	bn:00057131n 0.192612747443742	bn:00031631n 0.15573780654385805	bn:00046157n 3.642939845602088e-05
d003.s003.t008_d003.s003.t008	bn:00062795n 1.0
d003.s003.t016_d003.s003.t016	bn:00032655n 0.15902330258343722	bn:00032657n 0.13916557947617303	bn:00001127n 0.13242981288764497	bn:00032656n 0.1305886795769508	bn:00001077n 0.10853397242339977	bn:00032654n 0.09685542749540837	bn:00001734n 0.08933292952925148	bn:00063215n 0.08347985572844936	bn:00042904n 0.0605745395591007	bn:00001131n 1.590074018432529e-05
d003.s003.t019_d003.s003.t019	bn:00022095n 0.9999000199960009	bn:00079373n 9.998000399920017e-05
d003.s003.t024_d003.s003.t024	bn:00070651n 0.2619242231420813	bn:00070653n 0.13939300162743726	bn:00070654n 0.1294332672793665	bn:00044916n 0.12170905747040514	bn:00070659n 0.10868072009882195	bn:00070665n 0.10710516396263565	bn:00029240n 0.09146743798388486	bn:00023362n 0.04026093863203352	bn:00070647n 2.6189803333874746e-05
d003.s003.t026_d003.s003.t026	bn:00051906n 0.2790259609222143	bn:00047644n 0.24281445389347436	bn:00065272n 0.1866377989230289	bn:00046990n 0.16988734620897797	bn:00019967n 0.1216065402461928	bn:00070102n 2.7899806111610272e-05
d003.s005.t003_d003.s005.t003	bn:00021015n 0.4210426938858145	bn:00011638n 0.36180634652171395	bn:00021016n 0.21710885953308878	bn:00059308n 4.210005938264319e-05
d003.s005.t007_d003.s005.t007	bn:00055180n 0.5412859785466243	bn:00014446n 0.45865989826783954	bn:00055179n 5.412318553610882e-05
d003.s005.t017_d003.s005.t017	bn:00037072n 1.0
d003.s005.t027_d003.s005.t027	bn:00074900n 0.23996968561858442	bn:00045803n 0.23709790476010736	bn:00043267n 0.2259826964702773	bn:00008793n 0.18382225498813204	bn:00056025n 0.11310346359379413	bn:00056024n 2.399456910494795e-05
d003.s005.t028_d003.s005.t029	bn:00053403n 1.0
d003.s005.t028_d003.s005.t028	bn:00053403n 0.9999000199960009	bn:00030015n 9.998000399920017e-05
d003.s005.t039_d003.s005.t039	bn:00055177n 0.5906081896425969	bn:00002157n 0.33816163387179327	bn:00002155n 0.07117112157213694	bn:00007013n 5.9054913472912404e-05
d003.s006.t008_d003.s006.t008	bn:00075812n 0.23940414462671078	bn:00063707n 0.210078699902635	bn:00060202n 0.20867883444243476	bn:00069553n 0.19891608578780282	bn:00011644n 0.13290244350064206	bn:00013813n 0.009995853719113884	bn:00060201n 2.393802066060502e-05
d003.s006.t010_d003.s006.t010	bn:00062759n 0.5005924795575398	bn:00049573n 0.49935746619992866	bn:00005439n 5.0054242531500836e-05
d003.s006.t014_d003.s006.t014	bn:00067181n 0.1665443281063778	bn:00074790n 0.15633085566548843	bn:00047693n 0.13058579486037647	bn:00074786n 0.12732484173861458	bn:00074791n 0.08610324154496571	bn:00014169n 0.08436284246819213	bn:00071923n 0.058928834768146754	bn:00074795n 0.055772876912566244	bn:00005097n 0.052084408197188126	bn:00031755n 0.04328290966689791	bn:00074793n 0.038662413303651916	bn:00016012n 1.6652767533884393e-05
d003.s006.t023_d003.s006.t023	bn:00064634n 0.43134250931488793	bn:00070915n 0.366206008298392	bn:00021221n 0.2024083524487823	bn:00030844n 4.312993793769503e-05
d003.s007.t002_d003.s007.t002	bn:00074790n 0.14133022808410428	bn:00074786n 0.13347732630221099	bn:00067181n 0.12635317479023384	bn:00047693n 0.12014727849009976	bn:00014169n 0.10081957334977129	bn:00074791n 0.08963382098347833	bn:00071923n 0.06995378822019246	bn:00074793n 0.06874984169673971	bn:00074795n 0.06365834748679343	bn:00031755n 0.04691631664792285	bn:00005097n 0.038946172338805686	bn:00016012n 1.4131609647445686e-05
d003.s007.t007_d003.s007.t007	bn:00047238n 0.9999000199960009	bn:00007099n 9.998000399920017e-05
d003.s007.t011_d003.s007.t011	bn:00032179n 0.46685504830401714	bn:00043259n 0.39080003829301896	bn:00043325n 0.14229823256621704	bn:00001436n 4.668083674672704e-05
d003.s007.t013_d003.s007.t013	bn:00060834n 0.3749578407808407	bn:00017749n 0.15321994424322075	bn:00022269n 0.1286372583271518	bn:00060837n 0.12686455722832155	bn:00060770n 0.12359937521486855	bn:00021395n 0.09268353217072198	bn:00074639n 3.749203487459661e-05
d003.s007.t017_d003.s007.t017	bn:00021019n 0.5130073863306797	bn:00026026n 0.35424643223371605	bn:00067192n 0.13269488582653216	bn:00001964n 5.129560907216075e-05
d003.s007.t024_d003.s007.t024	bn:00023235n 0.3465429477378909	bn:00023236n 0.2837032044459792	bn:00077773n 0.1999186438532118	bn:00070724n 0.16980055313322717	bn:00042729n 3.465082969082001e-05
d003.s008.t012_d003.s008.t012	bn:00046576n 0.5545931890016048	bn:00046575n 0.44535135722487235	bn:00027133n 5.545377352280821e-05
d003.s009.t003_d003.s009.t003	bn:00059275n 0.9999000199960009	bn:00050485n 9.998000399920017e-05
d003.s009.t009_d003.s009.t010	bn:00053403n 1.0
d003.s009.t013_d003.s009.t013	bn:00050522n 0.6890638399539047	bn:00050521n 0.24821614438023026	bn:00050001n 0.06265111617181911	bn:00050523n 6.889949404598589e-05
d003.s009.t015_d003.s009.t015	bn:00067810n 0.786716672186971	bn:00067808n 0.2132046640121903	bn:00067811n 7.866380083861324e-05
d003.s009.t025_d003.s009.t025	bn:00014138n 0.40956807154664165	bn:00054958n 0.284034941492208	bn:00030616n 0.12402350449719159	bn:00060564n 0.10032702595489632	bn:00030625n 0.08200550379717876	bn:00056170n 4.0952711883475823e-05
d003.s009.t028_d003.s009.t028	bn:00045161n 0.3094504506261516	bn:00067002n 0.2587255053816456	bn:00067181n 0.19841265074703765	bn:00066995n 0.09793308037424892	bn:00000745n 0.05421320891297961	bn:00000739n 0.039803216222937685	bn:00052130n 0.03369657547016512	bn:00021410n 0.007734370313966282	bn:00001735n 3.094195086752841e-05
d003.s009.t035_d003.s009.t035	bn:00021015n 0.5128735057776527	bn:00011638n 0.4077482703060955	bn:00059308n 0.07932694169389629	bn:00021016n 5.1282222355529715e-05
d003.s009.t040_d003.s009.t040	bn:00021015n 0.6843318491777449	bn:00011638n 0.3155997244799715	bn:00019284n 6.842634228354614e-05
d003.s009.t046_d003.s009.t046	bn:00026427n 0.5711340271119072	bn:00021852n 0.385875164025493	bn:00026025n 0.04293370117065773	bn:00047203n 5.7107691941996526e-05
d003.s009.t048_d003.s009.t048	bn:00060708n 1.0
d003.s009.t055_d003.s009.t055	bn:00079921n 0.9999000199960009	bn:00079435n 9.998000399920017e-05
d003.s009.t057_d003.s009.t057	bn:00060708n 1.0
d003.s009.t062_d003.s009.t062	bn:00021015n 0.637390173503103	bn:00011638n 0.3625460938528111	bn:00019284n 6.373264408590171e-05
d003.s010.t001_d003.s010.t001	bn:00074790n 0.20163270462774482	bn:00047693n 0.17335515916773458	bn:00067181n 0.16652089360122163	bn:00014169n 0.1625441386861912	bn:00074791n 0.12020252248884561	bn:00005097n 0.08023696188466269	bn:00071923n 0.03140882896664538	bn:00074795n 0.028335619367607277	bn:00016012n 0.023951767797180605	bn:00074786n 0.010284164558678673	bn:00074793n 0.001507077599150263	bn:00031755n 2.016125433734075e-05
d003.s010.t005_d003.s010.t005	bn:00067181n 0.2657723943963071	bn:00028017n 0.1927932105091734	bn:00066247n 0.15859749042382118	bn:00000739n 0.1126073853315063	bn:00035732n 0.1083825205651668	bn:00067002n 0.05912091168404305	bn:00066995n 0.0480644132571834	bn:00021912n 0.035049746944496425	bn:00021901n 0.019585352306320955	bn:00021880n 2.657458198143257e-05
d003.s010.t012_d003.s010.t012	bn:00034797n 1.0
d003.s010.t023_d003.s010.t023	bn:00024591n 0.9999000199960009	bn:00063989n 9.998000399920017e-05
d003.s010.t031_d003.s010.t031	bn:00059480n 0.4278350003429144	bn:00012992n 0.30046377012577297	bn:00041853n 0.27165845030920033	bn:00035942n 4.277922211208023e-05
d003.s010.t036_d003.s010.t036	bn:00064681n 0.747792789661033	bn:00081593n 0.25213243853718104	bn:00042955n 7.477180178592471e-05
d003.s010.t039_d003.s010.t039	bn:00021286n 0.24937705052952008	bn:00022811n 0.2477470292172308	bn:00073910n 0.22834214879818668	bn:00014160n 0.19591101780481912	bn:00014136n 0.07859781843871166	bn:00016473n 2.493521153179883e-05
d003.s011.t003_d003.s011.t003	bn:00023235n 0.3481887871656846	bn:00023236n 0.24013947771778052	bn:00077773n 0.23300081857306823	bn:00070724n 0.17863610114628967	bn:00042729n 3.481539717685078e-05
d003.s011.t007_d003.s011.t007	bn:00034797n 1.0
d003.s011.t016_d003.s011.t016	bn:00074790n 0.1622658364033844	bn:00074786n 0.150664862566421	bn:00047693n 0.14228852142717055	bn:00067181n 0.13821765907302005	bn:00074791n 0.10955159683177099	bn:00014169n 0.10020308591438733	bn:00071923n 0.05218519304313058	bn:00005097n 0.04609242964636399	bn:00074793n 0.04571503139452952	bn:00074795n 0.036509763454441214	bn:00031755n 0.016289795284236075	bn:00016012n 1.622496114422402e-05
d003.s012.t002_d003.s012.t002	bn:00074790n 0.17046740360053114	bn:00067181n 0.1537931982797482	bn:00047693n 0.14294750205736553	bn:00074791n 0.10992269101005486	bn:00074786n 0.10644519464231815	bn:00014169n 0.08728451146795278	bn:00074795n 0.05816302410477852	bn:00071923n 0.055166531469964385	bn:00005097n 0.05185403627985148	bn:00031755n 0.04105054866674672	bn:00074793n 0.02288831338483183	bn:00016012n 1.704503585646747e-05
d003.s012.t008_d003.s012.t008	bn:00034797n 1.0
d003.s012.t014_d003.s012.t014	bn:00055450n 0.1870619029924683	bn:00035908n 0.14992823307842887	bn:00036197n 0.12788885351095258	bn:00022071n 0.08768583795099809	bn:00032101n 0.07063110386034542	bn:00005418n 0.0609358452490095	bn:00055448n 0.055244745214675574	bn:00032100n 0.050842074390711284	bn:00061054n 0.04710916103992042	bn:00011593n 0.04646426584090721	bn:00042107n 0.04443988625014505	bn:00033735n 0.03009271861739586	bn:00055447n 0.021881244323286066	bn:00055446n 0.019775423360888524	bn:00035907n 1.8704319867260106e-05
d003.s012.t018_d003.s012.t018	bn:00059480n 0.3695333109157217	bn:00005863n 0.17556371442866686	bn:00059482n 0.1553557946994005	bn:00005864n 0.15424265594390396	bn:00001423n 0.14526757437617888	bn:00059483n 3.694963612795938e-05
d003.s012.t020_d003.s012.t020	bn:00030616n 0.18196509322078583	bn:00030625n 0.11470757287735005	bn:00049573n 0.10966943765886922	bn:00018756n 0.09192442990707783	bn:00062309n 0.09134149670240789	bn:00014138n 0.08788852691750365	bn:00049570n 0.08788134750434402	bn:00081568n 0.0831827338602605	bn:00081570n 0.0773668570618981	bn:00081569n 0.07405430959964986	bn:00049571n 1.8194689853093275e-05
d003.s012.t030_d003.s012.t030	bn:00034797n 1.0
d003.s013.t007_d003.s013.t007	bn:00047238n 0.9999000199960009	bn:00007099n 9.998000399920017e-05
d003.s013.t012_d003.s013.t012	bn:00042833n 0.9999000199960009	bn:00035770n 9.998000399920017e-05
d003.s014.t002_d003.s014.t002	bn:00074790n 0.13987921313813814	bn:00047693n 0.13616778943033175	bn:00067181n 0.13107552294128771	bn:00074786n 0.11884724077661867	bn:00014169n 0.10869428041433951	bn:00074791n 0.10277959009891328	bn:00071923n 0.0631894639850903	bn:00074795n 0.056339105033047183	bn:00074793n 0.051598147221287666	bn:00031755n 0.04596752006743979	bn:00005097n 0.045448140370844686	bn:00016012n 1.398652266154766e-05
d003.s014.t007_d003.s014.t007	bn:00067181n 0.24845854618022659	bn:00067002n 0.19821626132136874	bn:00028017n 0.15476744768612907	bn:00066247n 0.12790199559491813	bn:00035732n 0.09829010248326353	bn:00021880n 0.07058713634856181	bn:00066995n 0.03934475932043783	bn:00000739n 0.03517782796494892	bn:00021912n 0.027231079729864358	bn:00021901n 2.4843370280994562e-05
d003.s014.t012_d003.s014.t012	bn:00024591n 0.9999000199960009	bn:00063989n 9.998000399920017e-05
d003.s015.t002_d003.s015.t002	bn:00067181n 0.22162074716279168	bn:00028017n 0.17528397471966378	bn:00067002n 0.13984510917291645	bn:00066247n 0.13442351469694247	bn:00035732n 0.11387797290857954	bn:00000739n 0.08205230135293654	bn:00066995n 0.059380809267122935	bn:00021912n 0.053604844841058284	bn:00021901n 0.019888566019257904	bn:00021880n 2.215985873040613e-05
d003.s015.t025_d003.s015.t025	bn:00078738n 0.2333920218110162	bn:00006662n 0.18417174953053847	bn:00081857n 0.15503031943738538	bn:00001939n 0.11149433160658827	bn:00004379n 0.10584485260585498	bn:00004401n 0.10584485260585498	bn:00019477n 0.09956617531976403	bn:00001937n 0.004632360214503669	bn:00081856n 2.3336868494252194e-05
d003.s016.t017_d003.s016.t017	bn:00059480n 0.4469091732989128	bn:00012992n 0.41643080943895383	bn:00041853n 0.13661533081344832	bn:00035942n 4.4686448685022776e-05
d003.s016.t021_d003.s016.t021	bn:00016850n 0.1989530731927604	bn:00016403n 0.1727105209486559	bn:00066443n 0.16136083602180554	bn:00015051n 0.1470209025236693	bn:00016851n 0.09414835631911735	bn:00016845n 0.09265822666112507	bn:00001134n 0.0717142080014991	bn:00041881n 0.06141398301337994	bn:00072264n 1.9893317987477296e-05
d003.s017.t007_d003.s017.t007	bn:00009669n 0.24708341694360086	bn:00045979n 0.22379883460711242	bn:00071509n 0.14768786577442983	bn:00059169n 0.13140654636384305	bn:00006384n 0.12978347556702435	bn:00080132n 0.12021515487288234	bn:00023260n 2.4705871107249364e-05
d003.s017.t017_d003.s017.t017	bn:00056032n 0.5598703917414716	bn:00075094n 0.4400736268174984	bn:00064776n 5.598144103004416e-05
d003.s018.t006_d003.s018.t006	bn:00049573n 0.6114055525740132	bn:00062759n 0.38853331298417354	bn:00005439n 6.113444181322e-05
d003.s018.t030_d003.s018.t030	bn:00064681n 0.7497760022351498	bn:00081593n 0.25014902766163694	bn:00042955n 7.497010321319367e-05
d003.s019.t007_d003.s019.t007	bn:00027476n 1.0
d003.s019.t010_d003.s019.t010	bn:00049573n 0.6483904488716252	bn:00062759n 0.3515447185667438	bn:00005439n 6.483256163099942e-05
d003.s019.t021_d003.s019.t021	bn:00067463n 1.0
d003.s019.t023_d003.s019.t023	bn:00081593n 0.5081313524845871	bn:00064681n 0.4918178394609699	bn:00042955n 5.0808054443014406e-05
d003.s020.t006_d003.s020.t006	bn:00037634n 0.9999000199960009	bn:00070772n 9.998000399920017e-05
d003.s020.t020_d003.s020.t020	bn:00027538n 0.9999000199960009	bn:00027539n 9.998000399920017e-05
d003.s021.t002_d003.s021.t002	bn:00049573n 0.580515040818221	bn:00062759n 0.41942691348226724	bn:00005439n 5.804569951187092e-05
d003.s021.t005_d003.s021.t005	bn:00034797n 1.0
d003.s021.t011_d003.s021.t011	bn:00027538n 0.9999000199960009	bn:00027539n 9.998000399920017e-05
d003.s021.t023_d003.s021.t023	bn:00022811n 0.15455268180069057	bn:00014160n 0.1479199058845027	bn:00073910n 0.13652207250047368	bn:00021286n 0.11696127016610727	bn:00030751n 0.10988690037867296	bn:00014137n 0.10915863439112894	bn:00014138n 0.09383830063704196	bn:00031008n 0.08779579236256066	bn:00029900n 0.04334898815601346	bn:00007011n 1.545372280778828e-05
d003.s022.t002_d003.s022.t002	bn:00067280n 0.2634989911897964	bn:00067283n 0.24143295790381558	bn:00045243n 0.20327945415709683	bn:00067181n 0.14713187707461256	bn:00051979n 0.14463037241028603	bn:00030952n 2.634726439254039e-05
d003.s022.t005_d003.s022.t005	bn:00022154n 0.27191462143539663	bn:00058442n 0.20293155511975275	bn:00002179n 0.17760053474798376	bn:00058443n 0.1759258537272552	bn:00058445n 0.1716002462263424	bn:00074900n 2.7188743269212743e-05
d003.s022.t007_d003.s022.t007	bn:00003341n 0.9999000199960009	bn:00023236n 9.998000399920017e-05
d003.s022.t010_d003.s022.t010	bn:00009714n 1.0
d003.s022.t012_d003.s022.t012	bn:00036202n 1.0
d003.s022.t014_d003.s022.t014	bn:00026684n 1.0
d003.s022.t016_d003.s022.t016	bn:00030401n 1.0
d003.s022.t018_d003.s022.t018	bn:00047705n 1.0
d003.s022.t023_d003.s022.t024	bn:00013173n 1.0
d003.s022.t023_d003.s022.t023	bn:00049170n 0.7246755127694279	bn:00049169n 0.18110337461685647	bn:00049171n 0.09414865230846939	bn:00066961n 7.246030524641816e-05
d004.s001.t001_d004.s001.t001	bn:00075743n 0.7057917064961733	bn:00075142n 0.1907565369342293	bn:00000489n 0.10338118445615901	bn:00075742n 7.05721134382735e-05
d004.s001.t004_d004.s001.t004	bn:00063584n 0.9999000199960009	bn:00007096n 9.998000399920017e-05
d004.s002.t003_d004.s002.t003	bn:00015915n 0.20558895113120174	bn:00028016n 0.18714461998678428	bn:00028017n 0.1761352736226067	bn:00028015n 0.17086605560406312	bn:00028018n 0.15392188862673875	bn:00025320n 0.062444937217758456	bn:00066578n 0.04387771697141761	bn:00044259n 2.055683942917726e-05
d004.s002.t009_d004.s002.t009	bn:00067181n 0.2249928076182273	bn:00045161n 0.17285310240603163	bn:00000739n 0.1651404608701022	bn:00000745n 0.10827953305149958	bn:00067002n 0.10217379340018738	bn:00066995n 0.10120604039758699	bn:00001735n 0.0733529236439453	bn:00021410n 0.05197884158136108	bn:00052130n 2.249703105871686e-05
d004.s004.t013_d004.s004.t013	bn:00052222n 0.9999000199960009	bn:00021435n 9.998000399920017e-05
d004.s004.t016_d004.s004.t016	bn:00072760n 0.9999000199960009	bn:00004452n 9.998000399920017e-05
d004.s005.t002_d004.s005.t002	bn:00052222n 0.9999000199960009	bn:00021435n 9.998000399920017e-05
d004.s005.t020_d004.s005.t020	bn:00027886n 0.15389319836888865	bn:00027920n 0.12924739140555075	bn:00027919n 0.12592886342012896	bn:00027917n 0.11755328807112171	bn:00027914n 0.11197416924196882	bn:00027911n 0.10786769627380503	bn:00027913n 0.10396003942233856	bn:00027912n 0.09866805065874117	bn:00044906n 0.05089191535639777	bn:00005706n 1.5387781058782985e-05
d004.s005.t023_d004.s005.t023	bn:00042601n 0.5215350834077948	bn:00054842n 0.47841276829869395	bn:00010161n 5.2148293511428334e-05
d004.s006.t002_d004.s006.t002	bn:00052222n 0.9999000199960009	bn:00021435n 9.998000399920017e-05
d004.s006.t010_d004.s006.t010	bn:00051872n 1.0
d004.s006.t018_d004.s006.t018	bn:00003057n 0.9999000199960009	bn:00050802n 9.998000399920017e-05
d004.s006.t026_d004.s006.t026	bn:00013769n 0.3621832152747437	bn:00065552n 0.3235131275004074	bn:00003602n 0.2609621414940398	bn:00003603n 0.053305301030751547	bn:00065553n 3.621470005746862e-05
d004.s008.t004_d004.s008.t004	bn:00004656n 1.0
d004.s008.t008_d004.s008.t008	bn:00054128n 1.0
d004.s008.t012_d004.s008.t012	bn:00027565n 0.9999000199960009	bn:00008567n 9.998000399920017e-05
d004.s009.t004_d004.s009.t004	bn:00015267n 0.6009742126623533	bn:00020265n 0.18571940418400515	bn:00023518n 0.13596011622726134	bn:00007888n 0.07728617551425523	bn:00011025n 6.0091412125022834e-05
d004.s009.t008_d004.s009.t008	bn:00027565n 0.9999000199960009	bn:00008567n 9.998000399920017e-05
d004.s009.t015_d004.s009.t015	bn:00018141n 1.0
d004.s009.t017_d004.s009.t017	bn:00054128n 1.0
d004.s009.t021_d004.s009.t021	bn:00002157n 0.315301116779959	bn:00047235n 0.28902950156389656	bn:00024485n 0.13582986608085562	bn:00002155n 0.10247717778012776	bn:00007026n 0.09387303851717695	bn:00016012n 0.060811040118117964	bn:00024461n 0.002646732200883989	bn:00016015n 3.152695898209769e-05
d004.s009.t023_d004.s009.t023	bn:00015180n 0.477196268761473	bn:00057267n 0.3551499098654005	bn:00015181n 0.13986013497264685	bn:00015183n 0.027745971545089	bn:00015182n 4.7714855390608244e-05
d004.s009.t032_d004.s009.t032	bn:00027565n 0.9999000199960009	bn:00008567n 9.998000399920017e-05
d004.s010.t005_d004.s010.t005	bn:00003603n 0.17327189758354336	bn:00008465n 0.1478559491747234	bn:00055459n 0.11479655705094347	bn:00054018n 0.10553162137024101	bn:00054021n 0.0960718503215832	bn:00037515n 0.09427880230596601	bn:00071887n 0.08578289363253432	bn:00025965n 0.06346903199766137	bn:00054019n 0.03766989095085143	bn:00032425n 0.03754076869879627	bn:00071888n 0.03747017346438863	bn:00055458n 0.0062432379915547155	bn:00032426n 1.7325457212633074e-05
d004.s010.t012_d004.s010.t012	bn:00076843n 0.7254742514450444	bn:00047235n 0.2744532083838282	bn:00076842n 7.254017112739171e-05
d004.s010.t016_d004.s010.t016	bn:00027011n 0.72181136663334	bn:00027013n 0.17123493305024673	bn:00027014n 0.10688152639714181	bn:00027012n 7.217391927140687e-05
d004.s010.t027_d004.s010.t027	bn:00027565n 0.9999000199960009	bn:00008567n 9.998000399920017e-05
d004.s010.t031_d004.s010.t031	bn:00036739n 0.9999000199960009	bn:00046787n 9.998000399920017e-05
d004.s010.t034_d004.s010.t034	bn:00036739n 0.9999000199960009	bn:00046787n 9.998000399920017e-05
d004.s010.t037_d004.s010.t037	bn:00052222n 0.9999000199960009	bn:00021435n 9.998000399920017e-05
d004.s013.t004_d004.s013.t004	bn:00066515n 1.0
d004.s013.t013_d004.s013.t013	bn:00041239n 0.431561979587917	bn:00062767n 0.16449355182348463	bn:00029117n 0.15813404404781128	bn:00025965n 0.1552900519868607	bn:00025966n 0.09047722067115575	bn:00059304n 4.3151882770514654e-05
d004.s013.t015_d004.s013.t017	bn:00017184n 1.0
d004.s013.t015_d004.s013.t015	bn:00075762n 0.24003543009120146	bn:00069580n 0.17431146967529815	bn:00075759n 0.16888937416228794	bn:00075763n 0.15268105891502765	bn:00075760n 0.07728174808370883	bn:00005863n 0.05712042257019093	bn:00021497n 0.051821099792961664	bn:00075761n 0.03217948689904325	bn:00054625n 0.0176200127161182	bn:00054657n 0.014485323677701027	bn:00062929n 0.013550572273566075	bn:00061005n 2.4001142894830665e-05
d004.s013.t015_d004.s013.t016	bn:00057341n 1.0
d004.s014.t006_d004.s014.t006	bn:00029888n 0.9999000199960009	bn:00029876n 9.998000399920017e-05
d004.s015.t005_d004.s015.t005	bn:00074790n 0.15822645123397402	bn:00067181n 0.13731214281832416	bn:00074786n 0.12982251700670125	bn:00047693n 0.11907452875157155	bn:00014169n 0.11461709308555577	bn:00074791n 0.1067472951311005	bn:00071923n 0.0615730777935414	bn:00074795n 0.05869480572589158	bn:00031755n 0.04333259312121545	bn:00005097n 0.04332655241215407	bn:00074793n 0.027257121856953264	bn:00016012n 1.5821063017095695e-05
d004.s015.t011_d004.s015.t011	bn:00015267n 0.4489365111479996	bn:00023518n 0.24428655667074672	bn:00020265n 0.24130127032649465	bn:00007888n 0.0654307726925605	bn:00011025n 4.4889162198580105e-05
d004.s015.t013_d004.s015.t013	bn:00071216n 0.9999000199960009	bn:00049551n 9.998000399920017e-05
d004.s015.t016_d004.s015.t016	bn:00004222n 1.0
d004.s015.t018_d004.s015.t018	bn:00002157n 0.22033694622190517	bn:00047235n 0.18617467798792356	bn:00007026n 0.1440636881600942	bn:00016015n 0.14309563363209368	bn:00024485n 0.1421470864858102	bn:00002155n 0.09127531859447366	bn:00016012n 0.07288461742622655	bn:00024461n 2.203149147304321e-05
d004.s015.t024_d004.s015.t024	bn:00023235n 0.3097306363067251	bn:00023236n 0.27118086257225427	bn:00077773n 0.24220289753510113	bn:00070724n 0.17685463361928547	bn:00042729n 3.096996663400911e-05
d004.s015.t031_d004.s015.t031	bn:00003342n 0.9999000199960009	bn:00003341n 9.998000399920017e-05
d004.s016.t009_d004.s016.t009	bn:00074790n 0.1724747565029442	bn:00047693n 0.14354093212142607	bn:00014169n 0.13733717539670287	bn:00074791n 0.1334046732218341	bn:00067181n 0.13156635668288272	bn:00074786n 0.11238148494751166	bn:00005097n 0.08376126255829903	bn:00071923n 0.028059962923569885	bn:00074793n 0.02463010299494752	bn:00074795n 0.01725955034962879	bn:00016012n 0.015566496549178294	bn:00031755n 1.7245751075186903e-05
d004.s017.t002_d004.s017.t002	bn:00053827n 0.20786748801907862	bn:00004452n 0.18250477726847217	bn:00021961n 0.1654552337458444	bn:00030709n 0.15496255171424705	bn:00046065n 0.14850973494508882	bn:00034520n 0.14067942963693414	bn:00000724n 2.0784670334874376e-05
d004.s017.t004_d004.s017.t004	bn:00067181n 0.16768589030434553	bn:00074790n 0.16129973459335917	bn:00074786n 0.11790642069340193	bn:00047693n 0.1143640121556065	bn:00014169n 0.10158312046248422	bn:00074791n 0.09738357449910379	bn:00074795n 0.06543149198920042	bn:00005097n 0.05165324726663061	bn:00071923n 0.04992759881634703	bn:00031755n 0.043075853726018694	bn:00074793n 0.029672288581163043	bn:00016012n 1.6766912339200635e-05
d004.s017.t013_d004.s017.t013	bn:00062717n 1.0
d004.s017.t016_d004.s017.t016	bn:00015267n 0.5415615137479425	bn:00023518n 0.2077953306121189	bn:00020265n 0.1898632244960286	bn:00007888n 0.06072578040760876	bn:00011025n 5.415073630116413e-05
d004.s017.t020_d004.s017.t020	bn:00054128n 1.0
d004.s017.t024_d004.s017.t024	bn:00027565n 0.9999000199960009	bn:00008567n 9.998000399920017e-05
d004.s017.t031_d004.s017.t031	bn:00004222n 1.0
d004.s017.t035_d004.s017.t035	bn:00062717n 1.0
d004.s017.t042_d004.s017.t042	bn:00064761n 0.5522253276070063	bn:00008467n 0.4477194553819341	bn:00010210n 5.521701105959468e-05
d004.s017.t044_d004.s017.t044	bn:00027565n 0.9999000199960009	bn:00008567n 9.998000399920017e-05
d004.s018.t005_d004.s018.t005	bn:00015267n 0.6360970117879798	bn:00020265n 0.17470853163792072	bn:00011025n 0.1567698976222846	bn:00007888n 0.03236095561097002	bn:00023518n 6.360334084471352e-05
d004.s018.t007_d004.s018.t007	bn:00027565n 0.9999000199960009	bn:00008567n 9.998000399920017e-05
d004.s018.t012_d004.s018.t012	bn:00036739n 0.9999000199960009	bn:00046787n 9.998000399920017e-05
d004.s018.t016_d004.s018.t016	bn:00004222n 1.0
d004.s018.t020_d004.s018.t020	bn:00027565n 0.9999000199960009	bn:00008567n 9.998000399920017e-05
d004.s018.t029_d004.s018.t029	bn:00052222n 0.9999000199960009	bn:00021435n 9.998000399920017e-05
d004.s019.t015_d004.s019.t015	bn:00015267n 0.4680321927790002	bn:00011025n 0.2218480853663734	bn:00020265n 0.1952530425763679	bn:00007888n 0.1148198807388344	bn:00023518n 4.679853942395763e-05
d004.s020.t004_d004.s020.t004	bn:00002157n 0.2201055014025531	bn:00047235n 0.21952846073734933	bn:00007026n 0.14883839801515442	bn:00016015n 0.1333517366886218	bn:00024485n 0.13299020830293015	bn:00002155n 0.07769586036869718	bn:00016012n 0.06746782613538876	bn:00024461n 2.200834930532478e-05
d004.s020.t006_d004.s020.t006	bn:00027565n 0.9999000199960009	bn:00008567n 9.998000399920017e-05
d004.s020.t012_d004.s020.t012	bn:00003603n 0.1727534221659374	bn:00008465n 0.14747232133499738	bn:00055459n 0.13050300924431585	bn:00054018n 0.11249402565825116	bn:00054021n 0.09385465419846742	bn:00037515n 0.09231753918058422	bn:00025965n 0.07850969295128846	bn:00071887n 0.07013385333718451	bn:00032425n 0.05473481691183618	bn:00071888n 0.03309627401228377	bn:00055458n 0.009156042393781445	bn:00054019n 0.0049570749962173895	bn:00032426n 1.727361485510823e-05
d004.s020.t018_d004.s020.t018	bn:00076843n 0.8234547890910231	bn:00047235n 0.1764628736637923	bn:00076842n 8.233724518458385e-05
d004.s020.t025_d004.s020.t025	bn:00027565n 0.9999000199960009	bn:00008567n 9.998000399920017e-05
d004.s022.t010_d004.s022.t010	bn:00028319n 0.9418634694955874	bn:00028320n 0.058042353575156	bn:00003602n 9.417692925663308e-05
d004.s022.t016_d004.s022.t016	bn:00028320n 0.5804691251686925	bn:00028319n 0.41947283372290145	bn:00003602n 5.8041108406028656e-05
d004.s022.t021_d004.s022.t023	bn:00061605n 1.0
d004.s022.t021_d004.s022.t021	bn:00076588n 0.184872409228732	bn:00001937n 0.13879660756766807	bn:00077267n 0.13604408744151794	bn:00061605n 0.12611782301679922	bn:00031261n 0.11407232245164599	bn:00040167n 0.09124085335718173	bn:00061606n 0.07650885878511171	bn:00031353n 0.07002828220569676	bn:00070528n 0.06230027055326299	bn:00070056n 1.8485392383634838e-05
d004.s022.t030_d004.s022.t030	bn:00022192n 0.4102436089723188	bn:00022191n 0.3764881030612126	bn:00073082n 0.21322726770759715	bn:00030810n 4.1020258871344754e-05
d004.s023.t009_d004.s023.t009	bn:00046516n 0.617924368525404	bn:00061450n 0.300423967761377	bn:00061715n 0.08158987745499238	bn:00061714n 6.178625822671773e-05
d004.s023.t013_d004.s023.t013	bn:00054128n 1.0
d004.s023.t017_d004.s023.t017	bn:00022118n 0.5980290842613937	bn:00022119n 0.24717415723419597	bn:00022113n 0.15473696157567726	bn:00022112n 5.979692873326604e-05
d004.s023.t020_d004.s023.t020	bn:00004222n 1.0
d004.s024.t005_d004.s024.t005	bn:00025171n 0.6480292419575829	bn:00046877n 0.35190596159786586	bn:00030747n 6.479644455130317e-05
d004.s024.t008_d004.s024.t008	bn:00001533n 0.41764270000443265	bn:00044576n 0.28509329752096263	bn:00045153n 0.2533936643428247	bn:00053096n 0.043828578037788994	bn:00053100n 4.176009399104416e-05
