d001.s001.t005_d001.s001.t005	bn:00075742n 0.5729289529549142	bn:00075142n 0.384794401440006	bn:00000489n 0.042219358438501	bn:00075743n 5.728716657883354e-05
d001.s001.t008_d001.s001.t008	bn:00067181n 0.2723754493213519	bn:00000739n 0.1720466899395366	bn:00067002n 0.12913991638811134	bn:00045161n 0.11167173907049745	bn:00021410n 0.10032581981939012	bn:00000745n 0.09804132731601659	bn:00001735n 0.0801876206289372	bn:00066995n 0.03618420269470876	bn:00052130n 2.7234821449990193e-05
d001.s002.t009_d001.s002.t009	bn:00021015n 0.8713325784697614	bn:00011638n 0.12858029698484613	bn:00019284n 8.71245453924369e-05
d001.s002.t012_d001.s002.t012	bn:00054128n 1.0
d001.s002.t029_d001.s002.t029	bn:00001592n 1.0
d001.s002.t034_d001.s002.t034	bn:00054128n 1.0
d001.s003.t003_d001.s003.t003	bn:00046705n 0.5381881258087873	bn:00046698n 0.461758060759975	bn:00046720n 5.381343123775495e-05
d001.s003.t012_d001.s003.t012	bn:00076843n 0.6940974129934999	bn:00047235n 0.30583318420548095	bn:00076842n 6.940280101924807e-05
d001.s003.t016_d001.s003.t016	bn:00062308n 0.5122241325855257	bn:00035604n 0.48772465012294497	bn:00028015n 5.121729152939963e-05
d001.s003.t029_d001.s003.t029	bn:00004992n 1.0
d001.s004.t003_d001.s004.t003	bn:00046698n 0.5376701606466066	bn:00046705n 0.4622760777134927	bn:00046720n 5.3761639900670594e-05
d001.s004.t008_d001.s004.t008	bn:00001592n 1.0
d001.s004.t014_d001.s004.t014	bn:00027544n 0.30003010930786533	bn:00005601n 0.2634299225519078	bn:00025621n 0.23978970459777596	bn:00005599n 0.1967202635315212	bn:00029212n 3.0000010929693566e-05
d001.s006.t004_d001.s006.t004	bn:00029192n 0.652255170716287	bn:00029193n 0.3476796102885408	bn:00063926n 6.52189951721115e-05
d001.s006.t008_d001.s006.t008	bn:00072760n 0.9999000199960009	bn:00004452n 9.998000399920017e-05
d001.s006.t012_d001.s006.t012	bn:00036739n 0.9999000199960009	bn:00046787n 9.998000399920017e-05
d001.s006.t017_d001.s006.t017	bn:00079681n 0.6863215480285197	bn:00009476n 0.31360982667920667	bn:00055130n 6.862529227362462e-05
d001.s009.t007_d001.s009.t007	bn:00000075n 1.0
d001.s009.t010_d001.s009.t010	bn:00057267n 1.0
d001.s009.t013_d001.s009.t013	bn:00054512n 1.0
d001.s009.t016_d001.s009.t016	bn:00057267n 1.0
d001.s009.t018_d001.s009.t018	bn:00054285n 0.9999000199960009	bn:00049774n 9.998000399920017e-05
d001.s009.t022_d001.s009.t022	bn:00052341n 1.0
d001.s009.t029_d001.s009.t029	bn:00006236n 1.0
d001.s010.t011_d001.s010.t011	bn:00054128n 0.7743296885575667	bn:00028872n 0.12290388051858565	bn:00061887n 0.1026890056975145	bn:00024461n 7.742522633312336e-05
d001.s010.t016_d001.s010.t016	bn:00057267n 1.0
d001.s010.t028_d001.s010.t029	bn:00059129n 1.0
d001.s010.t028_d001.s010.t028	bn:00059129n 0.3502466287722633	bn:00047234n 0.2342491969280083	bn:00007013n 0.1691765406939901	bn:00030844n 0.1542216635840657	bn:00047061n 0.09207094886091131	bn:00047092n 3.502116076115022e-05
d001.s010.t050_d001.s010.t050	bn:00011744n 0.2692195703894549	bn:00014512n 0.2177528733976738	bn:00011746n 0.1690911138898061	bn:00011745n 0.13122098635375912	bn:00035769n 0.12063174673236654	bn:00011747n 0.09205678997182709	bn:00032685n 2.6919265112434245e-05
d001.s010.t063_d001.s010.t063	bn:00018141n 1.0
d001.s010.t065_d001.s010.t065	bn:00015180n 0.839274383903138	bn:00015910n 0.16064169705037631	bn:00057267n 8.391904648566525e-05
d001.s010.t070_d001.s010.t070	bn:00017027n 1.0
d001.s010.t072_d001.s010.t072	bn:00061898n 0.7791190345698047	bn:00025966n 0.22080306131714958	bn:00005532n 7.79041130456759e-05
d001.s011.t009_d001.s011.t009	bn:00061017n 0.9999000199960009	bn:00001742n 9.998000399920017e-05
d001.s011.t013_d001.s011.t013	bn:00060929n 0.9999000199960009	bn:00060927n 9.998000399920017e-05
d001.s011.t018_d001.s011.t018	bn:00061017n 0.9999000199960009	bn:00001742n 9.998000399920017e-05
d001.s011.t021_d001.s011.t021	bn:00060927n 0.9999000199960009	bn:00060929n 9.998000399920017e-05
d001.s011.t030_d001.s011.t030	bn:00018141n 1.0
d001.s012.t002_d001.s012.t002	bn:00054128n 1.0
d001.s014.t011_d001.s014.t011	bn:00027976n 1.0
d001.s014.t017_d001.s014.t017	bn:00018141n 1.0
d001.s015.t002_d001.s015.t002	bn:00028319n 0.6837011295826803	bn:00003602n 0.3162305071406892	bn:00028320n 6.836327663060497e-05
d001.s015.t009_d001.s015.t009	bn:00054701n 0.4497186702390407	bn:00053978n 0.4033915307242116	bn:00049021n 0.13228768798663235	bn:00006843n 0.014557143679828393	bn:00054662n 4.4967370286875386e-05
d001.s015.t011_d001.s015.t011	bn:00052501n 0.8513456763330951	bn:00054612n 0.09549392030851656	bn:00009400n 0.053075277303360605	bn:00053680n 8.512605502780673e-05
d001.s015.t014_d001.s015.t014	bn:00005518n 0.43030287501353803	bn:00005513n 0.335368276961378	bn:00075374n 0.16156172224945894	bn:00075373n 0.07272409979072204	bn:00040160n 4.302598490286352e-05
d001.s015.t020_d001.s015.t020	bn:00043545n 0.23179649530756555	bn:00043544n 0.16621656362053713	bn:00074066n 0.13609982972060963	bn:00062643n 0.12456085019501327	bn:00043546n 0.12106773294160945	bn:00080605n 0.08867451286225002	bn:00041354n 0.07180778479253289	bn:00003111n 0.04454048958538874	bn:00074917n 0.01521256364269565	bn:00044124n 2.3177331797576798e-05
d001.s015.t023_d001.s015.t023	bn:00054686n 0.23482824219413337	bn:00080831n 0.2002345715577525	bn:00071283n 0.1394901934789724	bn:00032209n 0.13743265040445268	bn:00013941n 0.08466833409547093	bn:00080835n 0.06466292414235773	bn:00080833n 0.03903344238797502	bn:00018378n 0.03578607198652091	bn:00061774n 0.03247838153315975	bn:00020700n 0.03136170774303293	bn:00024253n 2.348047617179616e-05
d001.s015.t025_d001.s015.t025	bn:00061017n 0.9999000199960009	bn:00001742n 9.998000399920017e-05
d001.s015.t034_d001.s015.t034	bn:00010728n 0.3275845244143655	bn:00046942n 0.3017754158531311	bn:00005459n 0.20762499923251487	bn:00055094n 0.16298230532306476	bn:00076337n 3.2755176923744177e-05
d001.s015.t039_d001.s015.t039	bn:00043484n 1.0
d001.s016.t004_d001.s016.t004	bn:00029874n 0.2279763443534934	bn:00029872n 0.16357242181821066	bn:00021961n 0.09697918616964606	bn:00020445n 0.0918515335621867	bn:00029871n 0.09061492330436308	bn:00010406n 0.09030392931432696	bn:00030709n 0.08662756203551039	bn:00046065n 0.08321847313612163	bn:00061727n 0.06883283095124111	bn:00073368n 2.2795354899859356e-05
d001.s016.t008_d001.s016.t008	bn:00061017n 0.9999000199960009	bn:00001742n 9.998000399920017e-05
d001.s016.t012_d001.s016.t012	bn:00001507n 1.0
d001.s016.t014_d001.s016.t015	bn:00035585n 1.0
d001.s016.t014_d001.s016.t014	bn:00000903n 0.6108699103676366	bn:00000902n 0.3890690087494151	bn:00052223n 6.10808829484688e-05
d001.s016.t020_d001.s016.t020	bn:00080147n 1.0
d001.s016.t024_d001.s016.t024	bn:00046787n 0.9999000199960009	bn:00036739n 9.998000399920017e-05
d001.s016.t026_d001.s016.t027	bn:00004712n 1.0
d001.s016.t026_d001.s016.t026	bn:00080147n 1.0
d001.s017.t009_d001.s017.t009	bn:00061017n 0.9999000199960009	bn:00001742n 9.998000399920017e-05
d001.s017.t014_d001.s017.t014	bn:00004656n 1.0
d001.s017.t019_d001.s017.t019	bn:00027565n 0.9999000199960009	bn:00008567n 9.998000399920017e-05
d001.s017.t030_d001.s017.t030	bn:00025982n 0.9999000199960009	bn:00025983n 9.998000399920017e-05
d001.s017.t036_d001.s017.t036	bn:00006561n 0.29713620050474454	bn:00000676n 0.19390166248545634	bn:00030626n 0.18792106475367515	bn:00022107n 0.14121297647608502	bn:00006559n 0.10705295845222723	bn:00006562n 0.07274542667882601	bn:00006560n 2.97106489855759e-05
d001.s018.t011_d001.s018.t011	bn:00028319n 0.5212520473552454	bn:00028320n 0.47869583265201837	bn:00003602n 5.2119992736250925e-05
d001.s018.t017_d001.s018.t017	bn:00061017n 0.9999000199960009	bn:00001742n 9.998000399920017e-05
d001.s018.t027_d001.s018.t027	bn:00029874n 0.3268316981331236	bn:00029872n 0.24339636990903507	bn:00021961n 0.10583360402652284	bn:00029871n 0.09942712846355554	bn:00030709n 0.05782044796725891	bn:00020445n 0.0545042445092215	bn:00046065n 0.05048839138947383	bn:00061727n 0.030986794777531343	bn:00010406n 0.030678640922454006	bn:00073368n 3.267990182313005e-05
d001.s019.t008_d001.s019.t008	bn:00061017n 0.9999000199960009	bn:00001742n 9.998000399920017e-05
d001.s020.t003_d001.s020.t003	bn:00046698n 0.5077251980618728	bn:00046705n 0.4922240344950654	bn:00046720n 5.076744306188109e-05
d001.s020.t008_d001.s020.t008	bn:00075142n 0.9999000199960009	bn:00000489n 9.998000399920017e-05
d001.s022.t011_d001.s022.t011	bn:00054128n 1.0
d001.s022.t018_d001.s022.t018	bn:00017027n 1.0
d001.s022.t021_d001.s022.t021	bn:00027914n 0.16700233807537349	bn:00027917n 0.16285804818942134	bn:00027920n 0.14007831793962824	bn:00027912n 0.12932339284043623	bn:00027919n 0.12253914410307373	bn:00027913n 0.10008711830396756	bn:00027911n 0.08483356543909908	bn:00027886n 0.07088629352189459	bn:00005706n 0.02237508302315466	bn:00044906n 1.6698563951142236e-05
d001.s022.t034_d001.s022.t034	bn:00004691n 1.0
d001.s023.t002_d001.s023.t002	bn:00011744n 0.3524292340245099	bn:00054731n 0.32444351440411145	bn:00009677n 0.323092012171916	bn:00031641n 3.523939946250474e-05
d001.s023.t016_d001.s023.t016	bn:00031085n 1.0
d001.s023.t021_d001.s023.t021	bn:00008788n 1.0
d001.s023.t027_d001.s023.t027	bn:00026301n 1.0
d001.s023.t029_d001.s023.t029	bn:00067714n 1.0
d001.s023.t032_d001.s023.t032	bn:00053801n 0.8433076213377407	bn:00031322n 0.15660805633235858	bn:00053870n 8.4322329900784e-05
d001.s023.t035_d001.s023.t035	bn:00017027n 1.0
d001.s024.t002_d001.s024.t002	bn:00074790n 0.17510960343440585	bn:00067181n 0.1616039284401493	bn:00047693n 0.1607820836988644	bn:00074791n 0.13023172424227014	bn:00014169n 0.1157293988064451	bn:00005097n 0.06827436440686124	bn:00071923n 0.06756630750926189	bn:00074795n 0.03660950897763392	bn:00016012n 0.03654415724532974	bn:00074786n 0.028287401913958045	bn:00074793n 0.019244012115397995	bn:00031755n 1.7509209422498336e-05
d001.s025.t005_d001.s025.t005	bn:00054512n 1.0
d001.s025.t017_d001.s025.t017	bn:00067181n 0.1927190102786984	bn:00074786n 0.15794062756935504	bn:00074790n 0.13559313872615114	bn:00047693n 0.11622125576576103	bn:00074791n 0.09826256364921654	bn:00014169n 0.08550778577376507	bn:00071923n 0.07482095036320317	bn:00074793n 0.06275575096639462	bn:00005097n 0.04315644364664992	bn:00074795n 0.028449882220705037	bn:00031755n 0.004553321066069567	bn:00016012n 1.9269974030466795e-05
d001.s025.t022_d001.s025.t022	bn:00061017n 0.9999000199960009	bn:00001742n 9.998000399920017e-05
d001.s026.t002_d001.s026.t002	bn:00029872n 0.31985818343127614	bn:00029874n 0.18183904036174908	bn:00021961n 0.10068464644390639	bn:00061727n 0.09261374848248353	bn:00029871n 0.08305483673171317	bn:00030709n 0.08201840968937055	bn:00046065n 0.07955823396516944	bn:00010406n 0.03267925235140898	bn:00020445n 0.027661665922841486	bn:00073368n 3.19826200811195e-05
d001.s027.t005_d001.s027.t005	bn:00015910n 0.5393851810114558	bn:00015180n 0.46056088586375554	bn:00057267n 5.393312478866671e-05
d001.s027.t010_d001.s027.t010	bn:00017027n 1.0
d001.s027.t013_d001.s027.t013	bn:00029872n 0.3206762547641932	bn:00029874n 0.22320239194425517	bn:00061727n 0.10783191700710597	bn:00021961n 0.10702096523109657	bn:00029871n 0.07657599836692805	bn:00030709n 0.05006115827324275	bn:00046065n 0.04831352110004209	bn:00010406n 0.03807801422908575	bn:00020445n 0.028207714665015773	bn:00073368n 3.206441903451587e-05
d001.s027.t026_d001.s027.t026	bn:00054128n 0.7790596683808396	bn:00061887n 0.11459531775662679	bn:00028872n 0.10626711568551327	bn:00024461n 7.789817702038193e-05
d001.s027.t031_d001.s027.t031	bn:00067181n 0.1746247771835219	bn:00074786n 0.1602235380926495	bn:00047693n 0.13051878587737867	bn:00074790n 0.12949384541539785	bn:00074791n 0.0946837902495739	bn:00014169n 0.09011643583245216	bn:00071923n 0.07077362208764008	bn:00074793n 0.05012723263974142	bn:00074795n 0.037778982834655195	bn:00005097n 0.03760468289941369	bn:00031755n 0.024036846155930536	bn:00016012n 1.746073164518767e-05
d001.s027.t035_d001.s027.t035	bn:00061017n 0.9999000199960009	bn:00001742n 9.998000399920017e-05
d001.s027.t037_d001.s027.t037	bn:00057267n 1.0
d001.s027.t039_d001.s027.t039	bn:00061898n 0.6146500109233601	bn:00035914n 0.38185696035033406	bn:00061900n 0.0034315698710989024	bn:00025966n 6.145885520681534e-05
d001.s027.t049_d001.s027.t049	bn:00018141n 1.0
d001.s028.t010_d001.s028.t010	bn:00054128n 1.0
d001.s028.t022_d001.s028.t022	bn:00067181n 0.1860562200160526	bn:00074786n 0.17243432617075707	bn:00047693n 0.12459850450765146	bn:00074790n 0.11492374033084138	bn:00014169n 0.09105152050327217	bn:00074791n 0.0839615697412844	bn:00071923n 0.06244527171505157	bn:00074793n 0.05640279164806357	bn:00074795n 0.040884108111755045	bn:00005097n 0.03669720409412265	bn:00031755n 0.03052613939952256	bn:00016012n 1.8603761625442714e-05
d001.s028.t025_d001.s028.t025	bn:00061017n 0.9999000199960009	bn:00001742n 9.998000399920017e-05
d001.s028.t028_d001.s028.t028	bn:00060927n 0.9999000199960009	bn:00060929n 9.998000399920017e-05
d001.s028.t035_d001.s028.t035	bn:00018141n 1.0
d001.s028.t037_d001.s028.t037	bn:00057267n 1.0
d001.s029.t012_d001.s029.t012	bn:00029888n 0.9999000199960009	bn:00029876n 9.998000399920017e-05
d001.s029.t019_d001.s029.t019	bn:00061017n 0.9999000199960009	bn:00001742n 9.998000399920017e-05
d001.s030.t009_d001.s030.t009	bn:00074790n 0.14975452666952876	bn:00047693n 0.14443057379654367	bn:00074786n 0.13212878714199855	bn:00074791n 0.1301663010239375	bn:00067181n 0.1251622932603887	bn:00014169n 0.12238533512952361	bn:00005097n 0.07369630632688012	bn:00071923n 0.0462014532808365	bn:00074793n 0.04368724377286882	bn:00074795n 0.018184600274366997	bn:00016012n 0.014187605367855497	bn:00031755n 1.4973955271425736e-05
d001.s031.t012_d001.s031.t012	bn:00054512n 1.0
d001.s032.t016_d001.s032.t016	bn:00054001n 0.48137512966907503	bn:00005677n 0.2608022044298005	bn:00007449n 0.2577745332014274	bn:00048459n 4.813269969693781e-05
d001.s032.t018_d001.s032.t018	bn:00014710n 0.9999000199960009	bn:00055794n 9.998000399920017e-05
d001.s032.t023_d001.s032.t023	bn:00014710n 0.9999000199960009	bn:00055794n 9.998000399920017e-05
d001.s032.t025_d001.s032.t025	bn:00061017n 0.9999000199960009	bn:00001742n 9.998000399920017e-05
d001.s033.t004_d001.s033.t004	bn:00061017n 0.9999000199960009	bn:00001742n 9.998000399920017e-05
d001.s033.t006_d001.s033.t006	bn:00015910n 0.5258700184992973	bn:00015180n 0.4740773997570271	bn:00057267n 5.2581743675562175e-05
d001.s033.t011_d001.s033.t011	bn:00017027n 1.0
d001.s034.t002_d001.s034.t002	bn:00061017n 0.9999000199960009	bn:00001742n 9.998000399920017e-05
d001.s034.t005_d001.s034.t005	bn:00060927n 0.9999000199960009	bn:00060929n 9.998000399920017e-05
d001.s034.t010_d001.s034.t010	bn:00018141n 1.0
d001.s034.t021_d001.s034.t021	bn:00014710n 0.9999000199960009	bn:00055794n 9.998000399920017e-05
d001.s035.t002_d001.s035.t002	bn:00061017n 0.9999000199960009	bn:00001742n 9.998000399920017e-05
d001.s035.t005_d001.s035.t005	bn:00060927n 0.9999000199960009	bn:00060929n 9.998000399920017e-05
d001.s035.t011_d001.s035.t011	bn:00018141n 1.0
d001.s035.t022_d001.s035.t022	bn:00014710n 0.9999000199960009	bn:00055794n 9.998000399920017e-05
d001.s035.t026_d001.s035.t026	bn:00035774n 0.14704918523054342	bn:00008279n 0.13955292779340592	bn:00011375n 0.13679665771799612	bn:00068051n 0.1209614720389923	bn:00041942n 0.1200700158864329	bn:00041943n 0.1093282709794143	bn:00013875n 0.09871331461473037	bn:00018111n 0.09855199709604617	bn:00013873n 0.028961455194260317	bn:00013874n 1.470344817823652e-05
d001.s036.t006_d001.s036.t006	bn:00067181n 0.19164685825876573	bn:00074790n 0.1719245486552776	bn:00047693n 0.14906872409979424	bn:00074791n 0.10635153959732918	bn:00074786n 0.09145729312433842	bn:00014169n 0.08947871655259536	bn:00074795n 0.06539328674720785	bn:00071923n 0.056234344319257015	bn:00005097n 0.04816463638499878	bn:00031755n 0.029342379839969363	bn:00016012n 0.0009185096509174224	bn:00074793n 1.9162769548921684e-05
d001.s036.t008_d001.s036.t008	bn:00061017n 0.9999000199960009	bn:00001742n 9.998000399920017e-05
d001.s036.t011_d001.s036.t011	bn:00057267n 1.0
d001.s037.t007_d001.s037.t007	bn:00057267n 1.0
d002.s001.t008_d002.s001.t008	bn:00049910n 0.2124515854589485	bn:00048027n 0.1980289740736281	bn:00005597n 0.161144909427759	bn:00056990n 0.1368475313715217	bn:00072052n 0.10257549488503769	bn:00049911n 0.07465427394048058	bn:00026066n 0.06057848780755977	bn:00077565n 0.05369750000082225	bn:00049914n 2.1243034242470604e-05
d002.s002.t004_d002.s002.t004	bn:00059128n 0.4880577813323928	bn:00053826n 0.34865297325331984	bn:00054973n 0.10930484580541715	bn:00059130n 0.04527159443236549	bn:00025567n 0.008664004278461285	bn:00059129n 4.8800898043434945e-05
d002.s002.t015_d002.s002.t015	bn:00041412n 0.3885663590692554	bn:00026544n 0.37111865954510687	bn:00017904n 0.24027612863500586	bn:00041415n 3.885275063186236e-05
d002.s005.t020_d002.s005.t020	bn:00030716n 0.3370767432848951	bn:00020452n 0.2909399778957855	bn:00041430n 0.138589086753408	bn:00021911n 0.10275585604889494	bn:00005134n 0.06736972020632719	bn:00021951n 0.04710583763605145	bn:00000992n 0.01612907387073973	bn:00000991n 3.37043038980997e-05
d002.s006.t001_d002.s006.t001	bn:00045972n 0.2032813442374029	bn:00032381n 0.18510041962721738	bn:00063683n 0.17819787471838464	bn:00045971n 0.13251242642006994	bn:00045772n 0.12264549583963005	bn:00030485n 0.10016358564583734	bn:00034396n 0.0423062960839089	bn:00045970n 0.0357722313257354	bn:00060201n 2.0326101813558938e-05
d002.s006.t003_d002.s006.t003	bn:00081285n 0.7016345631210877	bn:00081292n 0.29829528043824416	bn:00081289n 7.015644066804197e-05
d002.s007.t001_d002.s007.t001	bn:00081289n 0.6078561435295393	bn:00081292n 0.3920830769340613	bn:00081285n 6.0779536399314006e-05
d002.s008.t002_d002.s008.t002	bn:00081285n 0.5569614518661855	bn:00081292n 0.44298285755768546	bn:00081289n 5.569057612900565e-05
d002.s008.t011_d002.s008.t011	bn:00022002n 0.33200413961298336	bn:00014448n 0.3099623752839189	bn:00020953n 0.25435907416578707	bn:00011644n 0.07501477239481	bn:00022001n 0.028626441448248732	bn:00022087n 3.319709425187315e-05
d002.s008.t023_d002.s008.t023	bn:00026967n 1.0
d002.s009.t007_d002.s009.t007	bn:00034274n 0.09181548353323148	bn:00034267n 0.0864253649147675	bn:00034269n 0.08601903612952633	bn:00003268n 0.0823983205166704	bn:00005516n 0.07676869723367202	bn:00034273n 0.07368353956803583	bn:00007985n 0.0720988656696691	bn:00034266n 0.06726027492374645	bn:00034270n 0.06625506391156427	bn:00034265n 0.06558898139699308	bn:00010805n 0.06304500878120671	bn:00017609n 0.058380308714753616	bn:00034268n 0.05617395081920956	bn:00076525n 0.054077923256663496	bn:00006752n 9.180630290294119e-06
d002.s009.t013_d002.s009.t013	bn:00036821n 0.2726105791087831	bn:00036826n 0.23222701638368687	bn:00059130n 0.20890092595166604	bn:00036823n 0.12487170148969626	bn:00017345n 0.11466828863076814	bn:00058687n 0.04669423010332175	bn:00067043n 2.7258332077670547e-05
d002.s009.t016_d002.s009.t016	bn:00014689n 0.2739968185433355	bn:00023140n 0.27355698387741684	bn:00014688n 0.23400174369496246	bn:00014690n 0.1793577975715411	bn:00014692n 0.039059259370583806	bn:00005164n 2.7396942160117545e-05
d002.s011.t007_d002.s011.t008	bn:00021164n 1.0
d002.s011.t007_d002.s011.t007	bn:00046139n 0.2073022399957993	bn:00070498n 0.2037055313982303	bn:00070497n 0.17959918669486824	bn:00000657n 0.15689416156525418	bn:00001714n 0.09694510632944149	bn:00054009n 0.09466460456809689	bn:00070494n 0.03199468600555177	bn:00070499n 0.028873755291573402	bn:00027353n 2.0728151184461484e-05
d002.s013.t006_d002.s013.t006	bn:00001296n 1.0
d002.s013.t008_d002.s013.t008	bn:00055233n 0.8292079913931579	bn:00021524n 0.17070909609895366	bn:00050004n 8.291250788852694e-05
d002.s013.t010_d002.s013.t010	bn:00056300n 0.9999000199960009	bn:00056299n 9.998000399920017e-05
d002.s013.t012_d002.s013.t012	bn:00027919n 0.20028873859199656	bn:00027913n 0.16228509522101756	bn:00027914n 0.13296510442968862	bn:00027912n 0.12169012039625457	bn:00027917n 0.10640099519823326	bn:00027911n 0.10067204350029803	bn:00044906n 0.08548078691297964	bn:00027920n 0.07772588202431445	bn:00027886n 0.012471206854045283	bn:00005706n 2.0026871172082448e-05
d002.s014.t007_d002.s014.t007	bn:00063941n 0.16432885023953245	bn:00030820n 0.1521222939819949	bn:00035768n 0.13306227718576522	bn:00035773n 0.12982104685400153	bn:00046693n 0.11644369598155307	bn:00054902n 0.09272448664249568	bn:00032362n 0.09191815810330155	bn:00035769n 0.0665398094680687	bn:00063940n 0.05302295030138734	bn:00041585n 1.643124189976327e-05
d002.s016.t005_d002.s016.t005	bn:00030820n 0.18198140497725698	bn:00063941n 0.18100096012270464	bn:00035768n 0.14881152153039473	bn:00032362n 0.10425344604069306	bn:00035773n 0.10249983192660972	bn:00054902n 0.09438643572352391	bn:00046693n 0.08323439914577346	bn:00035769n 0.0735601795435127	bn:00063940n 0.03025362466866531	bn:00041585n 1.8196320865639136e-05
d002.s017.t009_d002.s017.t009	bn:00079583n 0.9999000199960009	bn:00005604n 9.998000399920017e-05
d002.s019.t005_d002.s019.t005	bn:00003802n 0.5909249281669915	bn:00003792n 0.40901598524885024	bn:00030260n 5.9086584158283326e-05
d002.s019.t008_d002.s019.t008	bn:00036821n 0.39495739176930666	bn:00036826n 0.2727033631482507	bn:00059130n 0.14509532776648482	bn:00017345n 0.1074780058791308	bn:00036823n 0.07122658504663527	bn:00058687n 0.008499834600193667	bn:00067043n 3.9491789997930874e-05
d002.s019.t017_d002.s019.t017	bn:00059141n 0.5761635293528777	bn:00001975n 0.209051264074772	bn:00053226n 0.16605648282766708	bn:00059142n 0.048671113152807234	bn:00015015n 5.7610591876100166e-05
d002.s020.t009_d002.s020.t009	bn:00059141n 0.5387595932910938	bn:00001975n 0.20444647119764908	bn:00053226n 0.18505604537117307	bn:00059142n 0.07168401956781216	bn:00015015n 5.387057227188219e-05
d002.s020.t019_d002.s020.t019	bn:00036821n 0.35182259350942097	bn:00036826n 0.23125202571894019	bn:00059130n 0.17092409103082	bn:00017345n 0.13730507867732406	bn:00036823n 0.08911217650030134	bn:00058687n 0.01954885582171651	bn:00067043n 3.517874147679442e-05
d002.s020.t020_d002.s020.t020	bn:00079373n 0.9999000199960009	bn:00022095n 9.998000399920017e-05
d002.s021.t008_d002.s021.t008	bn:00079508n 0.16303213791026816	bn:00029680n 0.1510845590286844	bn:00079509n 0.11019860616020229	bn:00058151n 0.09188570165054975	bn:00079511n 0.0795717392690376	bn:00046139n 0.0766093154901165	bn:00046143n 0.07349153545304275	bn:00020445n 0.07221547689857356	bn:00003601n 0.058697568301800604	bn:00079510n 0.0533763523609477	bn:00054453n 0.04880025526283649	bn:00012839n 0.021020450630307472	bn:00025222n 1.630158363266355e-05
d002.s021.t011_d002.s021.t011	bn:00079583n 0.9999000199960009	bn:00005604n 9.998000399920017e-05
d002.s023.t002_d002.s023.t002	bn:00025928n 1.0
d002.s023.t014_d002.s023.t014	bn:00059128n 0.4831504828830949	bn:00053826n 0.33097158747594563	bn:00025567n 0.08504494407587472	bn:00054973n 0.05794856062853948	bn:00059130n 0.04283611471927844	bn:00059129n 4.8310217266582834e-05
d002.s026.t005_d002.s026.t005	bn:00036821n 0.4624112851792261	bn:00036826n 0.2121331208994776	bn:00059130n 0.12436072084444943	bn:00017345n 0.12397190593881117	bn:00036823n 0.0640732993903304	bn:00058687n 0.013003431242837813	bn:00067043n 4.623650486743587e-05
d002.s027.t007_d002.s027.t007	bn:00079373n 0.9999000199960009	bn:00022095n 9.998000399920017e-05
d002.s027.t020_d002.s027.t020	bn:00036821n 0.37563438594070625	bn:00036826n 0.2253647066132321	bn:00059130n 0.13580733343847	bn:00017345n 0.12649520309082987	bn:00036823n 0.09658781946358747	bn:00058687n 0.04007299177054839	bn:00067043n 3.755968262580804e-05
d002.s027.t024_d002.s027.t024	bn:00071710n 1.0
d002.s027.t029_d002.s027.t030	bn:00023040n 0.3588617708851824	bn:00022956n 0.3249934974674182	bn:00022961n 0.3161088490585697	bn:00019189n 3.588258882963528e-05
d002.s027.t029_d002.s027.t029	bn:00036821n 0.4352099451387775	bn:00036826n 0.18933396497139468	bn:00059130n 0.14312350552392425	bn:00017345n 0.11478194011715115	bn:00036823n 0.08325058126295098	bn:00067043n 0.03425654634295185	bn:00058687n 4.351664284959279e-05
d002.s028.t006_d002.s028.t006	bn:00036821n 0.44775606414762703	bn:00036826n 0.237792215432883	bn:00017345n 0.15743086827738145	bn:00059130n 0.1018327047604863	bn:00036823n 0.05253347394846814	bn:00067043n 0.0026099023038522857	bn:00058687n 4.477112930183252e-05
d002.s029.t005_d002.s029.t005	bn:00056300n 1.0
d002.s029.t012_d002.s029.t012	bn:00059141n 0.6223882105608811	bn:00059142n 0.16774460413127937	bn:00053226n 0.14804049931090005	bn:00001975n 0.061764453399143195	bn:00015015n 6.223259779630848e-05
d002.s030.t002_d002.s030.t002	bn:00014448n 0.32223585611812394	bn:00022002n 0.2791688866035698	bn:00020953n 0.22499166307457896	bn:00011644n 0.12415834342925341	bn:00022001n 0.04941303041089837	bn:00022087n 3.222036357545485e-05
d002.s031.t004_d002.s031.t004	bn:00051508n 0.3106465950943626	bn:00023140n 0.29170758707637445	bn:00051510n 0.2654614244260558	bn:00008282n 0.1321533318498529	bn:00072174n 3.106155335410085e-05
d002.s031.t006_d002.s031.t006	bn:00005604n 0.9999000199960009	bn:00079583n 9.998000399920017e-05
d002.s032.t011_d002.s032.t013	bn:00026837n 1.0
d002.s032.t011_d002.s032.t011	bn:00081292n 0.5776940835957745	bn:00081285n 0.4222481527722292	bn:00081289n 5.776363199637781e-05
d002.s032.t020_d002.s032.t020	bn:00029680n 0.15876189173915223	bn:00079508n 0.1569624165217543	bn:00079509n 0.12413218991761527	bn:00020445n 0.09082080280826435	bn:00058151n 0.08904138784859246	bn:00046139n 0.08445293688994963	bn:00046143n 0.07700895503331634	bn:00079511n 0.0634441116344659	bn:00054453n 0.05155209016747933	bn:00079510n 0.047536958254740906	bn:00003601n 0.039639647316557544	bn:00012839n 0.016630737266397962	bn:00025222n 1.587460171374385e-05
d002.s033.t006_d002.s033.t006	bn:00045841n 0.1393472793665938	bn:00062115n 0.13113028410315675	bn:00032395n 0.12576981396371487	bn:00027673n 0.11181948215750129	bn:00032393n 0.10180551580419778	bn:00032396n 0.10141399371566037	bn:00006386n 0.10087960218255966	bn:00032392n 0.09481097006988787	bn:00032401n 0.09300912530212438	bn:00032391n 1.393333460319906e-05
d002.s033.t009_d002.s033.t009	bn:00079508n 0.18215852093912235	bn:00029680n 0.15634659502921222	bn:00079509n 0.11719297562945492	bn:00058151n 0.09520558243810333	bn:00020445n 0.08092825954401048	bn:00046139n 0.07607436722937676	bn:00046143n 0.07510801937319372	bn:00079511n 0.06973794658681819	bn:00003601n 0.0524104324456535	bn:00054453n 0.04005683921844165	bn:00079510n 0.03840068577031256	bn:00012839n 0.01636156176560954	bn:00025222n 1.8214030690843152e-05
d002.s033.t011_d002.s033.t011	bn:00079583n 0.9999000199960009	bn:00005604n 9.998000399920017e-05
d002.s034.t001_d002.s034.t001	bn:00020947n 1.0
d002.s034.t002_d002.s034.t002	bn:00056688n 0.9999000199960009	bn:00057820n 9.998000399920017e-05
d002.s035.t003_d002.s035.t003	bn:00020953n 0.31128350664457377	bn:00022002n 0.27844328572964977	bn:00014448n 0.2771679897583806	bn:00011644n 0.10196714746016587	bn:00022001n 0.031106945169089267	bn:00022087n 3.112523814064331e-05
d002.s036.t001_d002.s036.t001	bn:00020947n 1.0
d002.s036.t002_d002.s036.t002	bn:00014379n 0.5755484608484575	bn:00014377n 0.4243939900603669	bn:00014374n 5.754909117572817e-05
d002.s037.t007_d002.s037.t007	bn:00021475n 0.9999000199960009	bn:00025320n 9.998000399920017e-05
d002.s038.t003_d002.s038.t003	bn:00061229n 0.48137673161750977	bn:00054625n 0.42637421338745085	bn:00030689n 0.09220092213516344	bn:00009654n 4.8132859875763406e-05
d002.s038.t007_d002.s038.t007	bn:00012141n 0.3830525528444631	bn:00050969n 0.25326533995091843	bn:00050967n 0.1296833198285637	bn:00012140n 0.09994810505322439	bn:00012135n 0.09362856204900528	bn:00012121n 0.040383818848683105	bn:00012115n 3.830142514193212e-05
d002.s038.t012_d002.s038.t012	bn:00030616n 0.1361498852185503	bn:00062309n 0.12046639287656644	bn:00049573n 0.11835763680256843	bn:00018756n 0.10127174224277302	bn:00030625n 0.10057728455039226	bn:00081570n 0.09855558002934157	bn:00081568n 0.09670712735217778	bn:00081569n 0.08064039201362402	bn:00014138n 0.07590824207582646	bn:00049570n 0.07135210321102067	bn:00049571n 1.3613627159139115e-05
d002.s039.t001_d002.s039.t001	bn:00020947n 1.0
d002.s039.t002_d002.s039.t002	bn:00068672n 0.9999000199960009	bn:00068673n 9.998000399920017e-05
d002.s040.t003_d002.s040.t003	bn:00020945n 0.3834966356470456	bn:00041853n 0.22312851191025357	bn:00027356n 0.1590817292973155	bn:00029807n 0.1347418944660298	bn:00012992n 0.0995128828503735	bn:00026980n 3.8345828981806384e-05
d002.s041.t002_d002.s041.t004	bn:00028018n 1.0
d002.s041.t002_d002.s041.t002	bn:00021475n 0.9999000199960009	bn:00025320n 9.998000399920017e-05
d002.s041.t004_d002.s041.t004	bn:00076732n 0.9999000199960009	bn:00069638n 9.998000399920017e-05
d002.s041.t014_d002.s041.t016	bn:00076736n 1.0
d002.s041.t014_d002.s041.t014	bn:00029775n 0.9999000199960009	bn:00076736n 9.998000399920017e-05
d002.s041.t016_d002.s041.t016	bn:00076732n 0.9999000199960009	bn:00069638n 9.998000399920017e-05
d002.s042.t001_d002.s042.t001	bn:00020947n 1.0
d002.s042.t002_d002.s042.t002	bn:00024266n 0.5744935764434994	bn:00049537n 0.3532043134624457	bn:00000123n 0.07224466648077196	bn:00049538n 5.7443613283021635e-05
d002.s043.t009_d002.s043.t009	bn:00021475n 0.9999000199960009	bn:00025320n 9.998000399920017e-05
d002.s044.t001_d002.s044.t001	bn:00020947n 1.0
d002.s044.t002_d002.s044.t002	bn:00065472n 1.0
d002.s046.t005_d002.s046.t005	bn:00041412n 0.3917840350960306	bn:00026544n 0.3739295336220654	bn:00017904n 0.23424725679584302	bn:00041415n 3.917448606099697e-05
d002.s046.t014_d002.s046.t014	bn:00026544n 0.3962623996002065	bn:00041412n 0.34082175047368013	bn:00017904n 0.26287622764838103	bn:00041415n 3.9622277732247425e-05
d002.s046.t026_d002.s046.t026	bn:00036821n 0.4184211889073269	bn:00036826n 0.3369364066905026	bn:00017345n 0.14867144666666243	bn:00059130n 0.07712244846109942	bn:00058687n 0.015953905378642958	bn:00036823n 0.0028527659606685644	bn:00067043n 4.183793509722297e-05
d002.s047.t005_d002.s047.t005	bn:00024256n 0.6011686896094404	bn:00012528n 0.39877119953268453	bn:00073714n 6.0110857875156525e-05
d002.s047.t007_d002.s047.t007	bn:00076732n 0.9999000199960009	bn:00069638n 9.998000399920017e-05
d002.s048.t006_d002.s048.t006	bn:00036821n 0.48506191933688825	bn:00036826n 0.23988210678982289	bn:00017345n 0.1229420922208262	bn:00059130n 0.10849214141230035	bn:00036823n 0.024699648212866625	bn:00058687n 0.0188735906854959	bn:00067043n 4.850134179950888e-05
d002.s049.t005_d002.s049.t005	bn:00036821n 0.3663072630882522	bn:00036826n 0.31769917890920774	bn:00017345n 0.14518080577150833	bn:00059130n 0.08652574283419638	bn:00036823n 0.06384550476318754	bn:00058687n 0.02040487757004536	bn:00067043n 3.6627063602464976e-05
d002.s049.t007_d002.s049.t007	bn:00058395n 1.0
d002.s049.t011_d002.s049.t011	bn:00026544n 0.3866949479144381	bn:00017904n 0.3273516069362088	bn:00041412n 0.2859147795211245	bn:00041415n 3.866562822862095e-05
d002.s049.t013_d002.s049.t013	bn:00081292n 0.6143551093619863	bn:00081285n 0.3855834612700143	bn:00081289n 6.142936799939869e-05
d002.s050.t004_d002.s050.t004	bn:00026544n 0.36091865250967803	bn:00041412n 0.35103198915405165	bn:00017904n 0.2880132700798449	bn:00041415n 3.608825642532527e-05
d002.s051.t008_d002.s051.t008	bn:00051510n 0.30909260627995944	bn:00051508n 0.2953177634495252	bn:00008282n 0.20886948480189277	bn:00023140n 0.18668923929861145	bn:00072174n 3.0906170010994844e-05
d002.s052.t005_d002.s052.t005	bn:00020726n 0.5283794277333366	bn:00075106n 0.25508834346813314	bn:00060187n 0.21647939613902295	bn:00020730n 5.283265950738292e-05
d002.s052.t008_d002.s052.t008	bn:00026544n 0.4271538237145938	bn:00041412n 0.33249881044333923	bn:00017904n 0.24030465473080656	bn:00041415n 4.2711111260333356e-05
d003.s002.t019_d003.s002.t019	bn:00068130n 0.4320517894804309	bn:00017749n 0.2228812842565604	bn:00068132n 0.1896849308148402	bn:00063706n 0.1553387945893062	bn:00036823n 4.3200858862156877e-05
d003.s002.t025_d003.s002.t025	bn:00001961n 0.36985037357713096	bn:00042120n 0.16708074844945833	bn:00007299n 0.16337481122009026	bn:00067253n 0.1322473193799233	bn:00007300n 0.12076312134286185	bn:00007301n 0.04664664469131136	bn:00007293n 3.698133922379072e-05
d003.s002.t036_d003.s002.t036	bn:00079373n 0.9999000199960009	bn:00022095n 9.998000399920017e-05
d003.s002.t038_d003.s002.t038	bn:00070651n 0.2652129756900142	bn:00044916n 0.17088946302437238	bn:00070653n 0.12641159772375798	bn:00070659n 0.10773272573701329	bn:00023362n 0.10525105664046433	bn:00070654n 0.09906837911297445	bn:00029240n 0.07183529818969563	bn:00070665n 0.053571985236003324	bn:00070647n 2.6518645704430973e-05
d003.s003.t005_d003.s003.t005	bn:00026107n 0.5011849732174405	bn:00031631n 0.2243602781756129	bn:00056037n 0.1806507800389257	bn:00046157n 0.09375385508204763	bn:00057131n 5.011348597314674e-05
d003.s003.t008_d003.s003.t008	bn:00062795n 1.0
d003.s003.t016_d003.s003.t016	bn:00032655n 0.17536253646722483	bn:00001127n 0.14599193890946982	bn:00001077n 0.1287656612663684	bn:00032657n 0.12797790053868086	bn:00032654n 0.11709292876205026	bn:00032656n 0.10906812485379619	bn:00063215n 0.10563629520400203	bn:00001734n 0.0814287256864782	bn:00042904n 0.008658353811732772	bn:00001131n 1.7534500196702815e-05
d003.s003.t019_d003.s003.t019	bn:00022095n 0.9999000199960009	bn:00079373n 9.998000399920017e-05
d003.s003.t024_d003.s003.t024	bn:00070651n 0.28313628217681663	bn:00044916n 0.1456595514122245	bn:00070653n 0.14551273042021676	bn:00070654n 0.11515721125620323	bn:00070659n 0.09350742144446261	bn:00029240n 0.08061853283965431	bn:00023362n 0.0693322772751796	bn:00070665n 0.06704768237810438	bn:00070647n 2.8310797137967866e-05
d003.s003.t026_d003.s003.t026	bn:00051906n 0.2790259609222143	bn:00047644n 0.24281445389347436	bn:00065272n 0.1866377989230289	bn:00046990n 0.16988734620897797	bn:00019967n 0.1216065402461928	bn:00070102n 2.7899806111610272e-05
d003.s005.t003_d003.s005.t003	bn:00011638n 0.44613881519872856	bn:00021015n 0.38633499215934486	bn:00021016n 0.16748158322134862	bn:00059308n 4.460942057781508e-05
d003.s005.t007_d003.s005.t007	bn:00055180n 0.5396609703850552	bn:00014446n 0.4602850689139764	bn:00055179n 5.396070096840869e-05
d003.s005.t017_d003.s005.t017	bn:00037072n 1.0
d003.s005.t027_d003.s005.t027	bn:00074900n 0.23996968561858442	bn:00045803n 0.23709790476010736	bn:00043267n 0.2259826964702773	bn:00008793n 0.18382225498813204	bn:00056025n 0.11310346359379413	bn:00056024n 2.399456910494795e-05
d003.s005.t028_d003.s005.t029	bn:00053403n 1.0
d003.s005.t028_d003.s005.t028	bn:00053403n 0.9999000199960009	bn:00030015n 9.998000399920017e-05
d003.s005.t039_d003.s005.t039	bn:00055177n 0.5645944216808086	bn:00002157n 0.3417987155971845	bn:00002155n 0.09355040892521853	bn:00007013n 5.645379678840203e-05
d003.s006.t008_d003.s006.t008	bn:00075812n 0.23940414462671078	bn:00063707n 0.210078699902635	bn:00060202n 0.20867883444243476	bn:00069553n 0.19891608578780282	bn:00011644n 0.13290244350064206	bn:00013813n 0.009995853719113884	bn:00060201n 2.393802066060502e-05
d003.s006.t010_d003.s006.t010	bn:00049573n 0.5112403851768217	bn:00062759n 0.48870849589655335	bn:00005439n 5.111892662501967e-05
d003.s006.t014_d003.s006.t014	bn:00067181n 0.20113331257091016	bn:00074790n 0.19382229001994578	bn:00047693n 0.1450355092155156	bn:00074786n 0.13553480949927657	bn:00074791n 0.08960443222551126	bn:00014169n 0.07716114693757578	bn:00005097n 0.056867364587798556	bn:00071923n 0.04498208112043856	bn:00074795n 0.02732454491259658	bn:00074793n 0.0186928442977925	bn:00031755n 0.009821553292513647	bn:00016012n 2.011132012507851e-05
d003.s006.t023_d003.s006.t023	bn:00064634n 0.6655321906710213	bn:00070915n 0.2845563513482029	bn:00021221n 0.049844911416365066	bn:00030844n 6.654656441066107e-05
d003.s007.t002_d003.s007.t002	bn:00074790n 0.1547480040726358	bn:00067181n 0.1432463637838809	bn:00074786n 0.1312772874857477	bn:00047693n 0.12570466807514372	bn:00074791n 0.09714046258172164	bn:00014169n 0.09384917911411471	bn:00071923n 0.06462868438282654	bn:00074793n 0.05866933334407024	bn:00074795n 0.05158531209482758	bn:00005097n 0.04866683246026924	bn:00031755n 0.030468399351680057	bn:00016012n 1.547325308195539e-05
d003.s007.t007_d003.s007.t007	bn:00047238n 0.9999000199960009	bn:00007099n 9.998000399920017e-05
d003.s007.t011_d003.s007.t011	bn:00043259n 0.4333687982338668	bn:00032179n 0.3625769122556653	bn:00043325n 0.20401095696389904	bn:00001436n 4.333254656872981e-05
d003.s007.t013_d003.s007.t013	bn:00060834n 0.3749578407808407	bn:00017749n 0.15321994424322075	bn:00022269n 0.1286372583271518	bn:00060837n 0.12686455722832155	bn:00060770n 0.12359937521486855	bn:00021395n 0.09268353217072198	bn:00074639n 3.749203487459661e-05
d003.s007.t017_d003.s007.t017	bn:00021019n 0.5130073863306797	bn:00026026n 0.35424643223371605	bn:00067192n 0.13269488582653216	bn:00001964n 5.129560907216075e-05
d003.s007.t024_d003.s007.t024	bn:00023235n 0.3445789337627137	bn:00023236n 0.2793547760090718	bn:00077773n 0.2009946500674409	bn:00070724n 0.17503718571284205	bn:00042729n 3.4454447931478224e-05
d003.s008.t012_d003.s008.t012	bn:00046576n 0.5897452342263819	bn:00046575n 0.41019579714705806	bn:00027133n 5.8968626559982203e-05
d003.s009.t003_d003.s009.t003	bn:00059275n 0.9999000199960009	bn:00050485n 9.998000399920017e-05
d003.s009.t009_d003.s009.t010	bn:00053403n 1.0
d003.s009.t013_d003.s009.t013	bn:00050522n 0.6848540924484079	bn:00050521n 0.28905242692842714	bn:00050523n 0.026025002061776253	bn:00050001n 6.847856138870193e-05
d003.s009.t015_d003.s009.t015	bn:00067810n 0.7441232681060376	bn:00067808n 0.25580232700764033	bn:00067811n 7.440488632197157e-05
d003.s009.t025_d003.s009.t025	bn:00014138n 0.3737781625977714	bn:00030625n 0.3013816386148297	bn:00030616n 0.13863950969458533	bn:00056170n 0.11219984212816363	bn:00054958n 0.07396347288579815	bn:00060564n 3.7374078851891953e-05
d003.s009.t028_d003.s009.t028	bn:00067181n 0.23266717892994873	bn:00067002n 0.22326992889055972	bn:00045161n 0.20073337876478528	bn:00001735n 0.09918584512831329	bn:00000745n 0.0703550286582489	bn:00052130n 0.06814619595402922	bn:00066995n 0.052935799354888784	bn:00000739n 0.05268337992777221	bn:00021410n 2.326439145384949e-05
d003.s009.t035_d003.s009.t035	bn:00021015n 0.46082398509441197	bn:00011638n 0.45678224031686576	bn:00059308n 0.08234769679799177	bn:00021016n 4.607779073036816e-05
d003.s009.t040_d003.s009.t040	bn:00021015n 0.6818854512428034	bn:00011638n 0.31804636703024497	bn:00019284n 6.81817269515852e-05
d003.s009.t046_d003.s009.t046	bn:00026427n 0.5711340271119072	bn:00021852n 0.385875164025493	bn:00026025n 0.04293370117065773	bn:00047203n 5.7107691941996526e-05
d003.s009.t048_d003.s009.t048	bn:00060708n 1.0
d003.s009.t055_d003.s009.t055	bn:00079921n 0.9999000199960009	bn:00079435n 9.998000399920017e-05
d003.s009.t057_d003.s009.t057	bn:00060708n 1.0
d003.s009.t062_d003.s009.t062	bn:00021015n 0.6574020193485146	bn:00011638n 0.3425322470229134	bn:00019284n 6.573362857199426e-05
d003.s010.t001_d003.s010.t001	bn:00074790n 0.18223522799807307	bn:00047693n 0.15616976540341496	bn:00067181n 0.15422705912835266	bn:00014169n 0.14012317149104273	bn:00074791n 0.11718375112780544	bn:00005097n 0.0891432778559478	bn:00016012n 0.0427070198797076	bn:00071923n 0.04046735447951938	bn:00074786n 0.030838282394918173	bn:00074795n 0.02561617053314103	bn:00074793n 0.021270698007447752	bn:00031755n 1.8221700629744333e-05
d003.s010.t005_d003.s010.t005	bn:00067181n 0.3147371862516797	bn:00028017n 0.2043303192274334	bn:00066247n 0.14710274540297694	bn:00035732n 0.11487311291238408	bn:00000739n 0.0936822420590075	bn:00067002n 0.07661794582318435	bn:00066995n 0.029510864869564172	bn:00021912n 0.014955371028038594	bn:00021901n 0.004158741854163105	bn:00021880n 3.147057156801117e-05
d003.s010.t012_d003.s010.t012	bn:00034797n 1.0
d003.s010.t023_d003.s010.t023	bn:00024591n 0.9999000199960009	bn:00063989n 9.998000399920017e-05
d003.s010.t031_d003.s010.t031	bn:00059480n 0.38408850040490705	bn:00012992n 0.32959429638432675	bn:00041853n 0.28627879820122665	bn:00035942n 3.840500953953675e-05
d003.s010.t036_d003.s010.t036	bn:00081593n 0.7126694350121447	bn:00064681n 0.28725930517033577	bn:00042955n 7.125981751946254e-05
d003.s010.t039_d003.s010.t039	bn:00021286n 0.24937705052952008	bn:00022811n 0.2477470292172308	bn:00073910n 0.22834214879818668	bn:00014160n 0.19591101780481912	bn:00014136n 0.07859781843871166	bn:00016473n 2.493521153179883e-05
d003.s011.t003_d003.s011.t003	bn:00023235n 0.35463721047325325	bn:00023236n 0.25769154229360397	bn:00077773n 0.2218407424533238	bn:00070724n 0.16579504460478892	bn:00042729n 3.5460175029822344e-05
d003.s011.t007_d003.s011.t007	bn:00034797n 1.0
d003.s011.t016_d003.s011.t016	bn:00074790n 0.17345536209596163	bn:00067181n 0.15173903040151487	bn:00047693n 0.14114692658565664	bn:00074786n 0.14013207697627802	bn:00074791n 0.11705826775234011	bn:00014169n 0.0999772035641394	bn:00005097n 0.06418932843018024	bn:00071923n 0.04678739152000521	bn:00074793n 0.030544614413630808	bn:00074795n 0.018774020394247953	bn:00016012n 0.01617843406421598	bn:00031755n 1.7343801829413223e-05
d003.s012.t002_d003.s012.t002	bn:00074790n 0.19492169697837886	bn:00067181n 0.17364319651073937	bn:00047693n 0.15034061175333027	bn:00074786n 0.1065284691056837	bn:00074791n 0.10383891713921978	bn:00014169n 0.09609508626040983	bn:00005097n 0.05465566342900971	bn:00071923n 0.050963151753049205	bn:00074795n 0.043233728523960104	bn:00031755n 0.0161039510817021	bn:00074793n 0.009656037243841488	bn:00016012n 1.949022067577031e-05
d003.s012.t008_d003.s012.t008	bn:00034797n 1.0
d003.s012.t014_d003.s012.t014	bn:00035908n 0.19409399435121372	bn:00055450n 0.18520181434027455	bn:00036197n 0.11228474111936936	bn:00022071n 0.07755215833062915	bn:00035907n 0.0691443392593155	bn:00011593n 0.06513906378523941	bn:00061054n 0.0626647346678071	bn:00032101n 0.060834310382538406	bn:00042107n 0.04316792962434379	bn:00032100n 0.03760380482128376	bn:00005418n 0.03664548836670346	bn:00033735n 0.020473657329403348	bn:00055446n 0.019769790367691588	bn:00055448n 0.015404765795497639	bn:00055447n 1.9407458689252446e-05
d003.s012.t018_d003.s012.t018	bn:00059480n 0.36729377851724426	bn:00005864n 0.17909042804678676	bn:00005863n 0.17524330464324625	bn:00059482n 0.17189565771454957	bn:00001423n 0.10644010537289195	bn:00059483n 3.672570528119631e-05
d003.s012.t020_d003.s012.t020	bn:00030616n 0.1760341523838428	bn:00049573n 0.11551408859698187	bn:00030625n 0.11224492818591417	bn:00018756n 0.09930640456902314	bn:00014138n 0.093823179968261	bn:00062309n 0.08479939992977407	bn:00049570n 0.08427744769452027	bn:00081568n 0.08375500108103118	bn:00081570n 0.07911763013068569	bn:00081569n 0.0711101658048929	bn:00049571n 1.7601655072876992e-05
d003.s012.t030_d003.s012.t030	bn:00034797n 1.0
d003.s013.t007_d003.s013.t007	bn:00047238n 0.9999000199960009	bn:00007099n 9.998000399920017e-05
d003.s013.t012_d003.s013.t012	bn:00042833n 0.9999000199960009	bn:00035770n 9.998000399920017e-05
d003.s014.t002_d003.s014.t002	bn:00074790n 0.17339087526128735	bn:00067181n 0.16005790398792266	bn:00047693n 0.15013034505796083	bn:00074786n 0.12055142979031007	bn:00074791n 0.10698280605613845	bn:00014169n 0.10453375109174327	bn:00071923n 0.058634516663175915	bn:00005097n 0.05523158858051166	bn:00074795n 0.03626091132142582	bn:00074793n 0.018890173984659985	bn:00031755n 0.015318360851073305	bn:00016012n 1.733735379074966e-05
d003.s014.t007_d003.s014.t007	bn:00067181n 0.26690750269897023	bn:00028017n 0.16679943702332986	bn:00067002n 0.15293229751604054	bn:00035732n 0.12390595719274226	bn:00066247n 0.10984978907240489	bn:00021880n 0.06988925009059768	bn:00000739n 0.061992371169108246	bn:00066995n 0.02770266337218046	bn:00021912n 0.01999404378316399	bn:00021901n 2.668808146175085e-05
d003.s014.t012_d003.s014.t012	bn:00024591n 0.9999000199960009	bn:00063989n 9.998000399920017e-05
d003.s015.t002_d003.s015.t002	bn:00067181n 0.25351986868050147	bn:00028017n 0.18710533355568518	bn:00035732n 0.145112557790955	bn:00067002n 0.13576621931088817	bn:00066247n 0.12123521282089775	bn:00000739n 0.08734048507760858	bn:00021912n 0.03609647019055872	bn:00066995n 0.02571840192532428	bn:00021901n 0.008080101195658029	bn:00021880n 2.534945192285786e-05
d003.s015.t025_d003.s015.t025	bn:00078738n 0.2333920218110162	bn:00006662n 0.18417174953053847	bn:00081857n 0.15503031943738538	bn:00001939n 0.11149433160658827	bn:00004379n 0.10584485260585498	bn:00004401n 0.10584485260585498	bn:00019477n 0.09956617531976403	bn:00001937n 0.004632360214503669	bn:00081856n 2.3336868494252194e-05
d003.s016.t017_d003.s016.t017	bn:00012992n 0.41497733747936777	bn:00059480n 0.3759735592719515	bn:00041853n 0.20900760966429116	bn:00035942n 4.149358438949783e-05
d003.s016.t021_d003.s016.t021	bn:00016850n 0.17909202098400304	bn:00016403n 0.17440130498720025	bn:00015051n 0.13939614732608044	bn:00066443n 0.13663242411460183	bn:00016851n 0.11999066695894188	bn:00016845n 0.11066347441187793	bn:00041881n 0.07466260661082433	bn:00001134n 0.06514344719511307	bn:00072264n 1.790741135726458e-05
d003.s017.t007_d003.s017.t007	bn:00009669n 0.24708341694360086	bn:00045979n 0.22379883460711242	bn:00071509n 0.14768786577442983	bn:00059169n 0.13140654636384305	bn:00006384n 0.12978347556702435	bn:00080132n 0.12021515487288234	bn:00023260n 2.4705871107249364e-05
d003.s017.t017_d003.s017.t017	bn:00056032n 0.8095012148729528	bn:00075094n 0.19041784309976262	bn:00064776n 8.094202728456683e-05
d003.s018.t006_d003.s018.t006	bn:00049573n 0.6067194137058789	bn:00062759n 0.39321992041933806	bn:00005439n 6.066587478310958e-05
d003.s018.t030_d003.s018.t030	bn:00064681n 0.5955102744771426	bn:00081593n 0.40443018044991697	bn:00042955n 5.954507294042022e-05
d003.s019.t007_d003.s019.t007	bn:00027476n 1.0
d003.s019.t010_d003.s019.t010	bn:00049573n 0.6428465820007644	bn:00062759n 0.3570891397688586	bn:00005439n 6.427823037703875e-05
d003.s019.t021_d003.s019.t021	bn:00067463n 1.0
d003.s019.t023_d003.s019.t023	bn:00081593n 0.5638488989633648	bn:00064681n 0.4360947217846641	bn:00042955n 5.637925197113936e-05
d003.s020.t006_d003.s020.t006	bn:00037634n 0.9999000199960009	bn:00070772n 9.998000399920017e-05
d003.s020.t020_d003.s020.t020	bn:00027538n 0.9999000199960009	bn:00027539n 9.998000399920017e-05
d003.s021.t002_d003.s021.t002	bn:00049573n 0.5624496596502542	bn:00062759n 0.437494101007715	bn:00005439n 5.623934203082234e-05
d003.s021.t005_d003.s021.t005	bn:00034797n 1.0
d003.s021.t011_d003.s021.t011	bn:00027538n 0.9999000199960009	bn:00027539n 9.998000399920017e-05
d003.s021.t023_d003.s021.t023	bn:00022811n 0.15254206190863717	bn:00014160n 0.1311945638460244	bn:00073910n 0.12240337013907751	bn:00021286n 0.11764707434985644	bn:00031008n 0.1146440392953069	bn:00014137n 0.11104123027431564	bn:00030751n 0.10195551651174886	bn:00014138n 0.0982668929547948	bn:00029900n 0.05028999803931559	bn:00007011n 1.5252680922771443e-05
d003.s022.t002_d003.s022.t002	bn:00067283n 0.2529836761978606	bn:00067280n 0.2503550701310335	bn:00045243n 0.18985062925933546	bn:00067181n 0.15765240792081264	bn:00051979n 0.14913292065292172	bn:00030952n 2.5295838035982464e-05
d003.s022.t005_d003.s022.t005	bn:00022154n 0.27191462143539663	bn:00058442n 0.20293155511975275	bn:00002179n 0.17760053474798376	bn:00058443n 0.1759258537272552	bn:00058445n 0.1716002462263424	bn:00074900n 2.7188743269212743e-05
d003.s022.t007_d003.s022.t007	bn:00003341n 0.9999000199960009	bn:00023236n 9.998000399920017e-05
d003.s022.t010_d003.s022.t010	bn:00009714n 1.0
d003.s022.t012_d003.s022.t012	bn:00036202n 1.0
d003.s022.t014_d003.s022.t014	bn:00026684n 1.0
d003.s022.t016_d003.s022.t016	bn:00030401n 1.0
d003.s022.t018_d003.s022.t018	bn:00047705n 1.0
d003.s022.t023_d003.s022.t024	bn:00013173n 1.0
d003.s022.t023_d003.s022.t023	bn:00049170n 0.633992716389098	bn:00049169n 0.31399788875379586	bn:00049171n 0.05194600192476041	bn:00066961n 6.339293234567524e-05
d004.s001.t001_d004.s001.t001	bn:00075142n 0.5189239655860327	bn:00000489n 0.2954037665630506	bn:00075743n 0.18562038064307876	bn:00075742n 5.188720783781949e-05
d004.s001.t004_d004.s001.t004	bn:00063584n 0.9999000199960009	bn:00007096n 9.998000399920017e-05
d004.s002.t003_d004.s002.t003	bn:00015915n 0.20558895113120174	bn:00028016n 0.18714461998678428	bn:00028017n 0.1761352736226067	bn:00028015n 0.17086605560406312	bn:00028018n 0.15392188862673875	bn:00025320n 0.062444937217758456	bn:00066578n 0.04387771697141761	bn:00044259n 2.055683942917726e-05
d004.s002.t009_d004.s002.t009	bn:00067181n 0.251669875100194	bn:00000739n 0.12568355282558744	bn:00067002n 0.12194267032358332	bn:00000745n 0.12135737397783829	bn:00021410n 0.1210822762954114	bn:00045161n 0.10996634348219535	bn:00001735n 0.07531539305973746	bn:00066995n 0.07295735046438985	bn:00052130n 2.516447106291311e-05
d004.s004.t013_d004.s004.t013	bn:00052222n 0.9999000199960009	bn:00021435n 9.998000399920017e-05
d004.s004.t016_d004.s004.t016	bn:00072760n 0.9999000199960009	bn:00004452n 9.998000399920017e-05
d004.s005.t002_d004.s005.t002	bn:00052222n 0.9999000199960009	bn:00021435n 9.998000399920017e-05
d004.s005.t020_d004.s005.t020	bn:00027886n 0.15389319836888865	bn:00027920n 0.12924739140555075	bn:00027919n 0.12592886342012896	bn:00027917n 0.11755328807112171	bn:00027914n 0.11197416924196882	bn:00027911n 0.10786769627380503	bn:00027913n 0.10396003942233856	bn:00027912n 0.09866805065874117	bn:00044906n 0.05089191535639777	bn:00005706n 1.5387781058782985e-05
d004.s005.t023_d004.s005.t023	bn:00042601n 0.5186192070332326	bn:00054842n 0.4813289362317376	bn:00010161n 5.185673502982028e-05
d004.s006.t002_d004.s006.t002	bn:00052222n 0.9999000199960009	bn:00021435n 9.998000399920017e-05
d004.s006.t010_d004.s006.t010	bn:00051872n 1.0
d004.s006.t018_d004.s006.t018	bn:00003057n 0.9999000199960009	bn:00050802n 9.998000399920017e-05
d004.s006.t026_d004.s006.t026	bn:00003602n 0.30055619002263284	bn:00065552n 0.2622460480734823	bn:00013769n 0.22509615393701327	bn:00003603n 0.2120715553531306	bn:00065553n 3.00526137408892e-05
d004.s008.t004_d004.s008.t004	bn:00004656n 1.0
d004.s008.t008_d004.s008.t008	bn:00054128n 1.0
d004.s008.t012_d004.s008.t012	bn:00027565n 0.9999000199960009	bn:00008567n 9.998000399920017e-05
d004.s009.t004_d004.s009.t004	bn:00015267n 0.6730739940373915	bn:00007888n 0.18475025177775964	bn:00020265n 0.13938808830323418	bn:00023518n 0.0027203652122778886	bn:00011025n 6.730066933680547e-05
d004.s009.t008_d004.s009.t008	bn:00027565n 0.9999000199960009	bn:00008567n 9.998000399920017e-05
d004.s009.t015_d004.s009.t015	bn:00018141n 1.0
d004.s009.t017_d004.s009.t017	bn:00054128n 1.0
d004.s009.t021_d004.s009.t021	bn:00047235n 0.2896582684675471	bn:00002157n 0.28149059502933255	bn:00024485n 0.12156206197335137	bn:00007026n 0.11675012338150405	bn:00002155n 0.09555934897711764	bn:00016012n 0.086274857754107	bn:00016015n 0.008675781486486612	bn:00024461n 2.896293055369934e-05
d004.s009.t023_d004.s009.t023	bn:00015180n 0.47638868235781456	bn:00057267n 0.39437052699183295	bn:00015181n 0.08123085318058015	bn:00015183n 0.04796230336494694	bn:00015182n 4.763410482529893e-05
d004.s009.t032_d004.s009.t032	bn:00027565n 0.9999000199960009	bn:00008567n 9.998000399920017e-05
d004.s010.t005_d004.s010.t005	bn:00003603n 0.1432491424461977	bn:00008465n 0.124096219869537	bn:00054018n 0.11296841402518758	bn:00055459n 0.1096596969555118	bn:00071887n 0.09447022750937371	bn:00054021n 0.09166536916567614	bn:00037515n 0.09036655137658108	bn:00025965n 0.07915483341534307	bn:00055458n 0.04847300193924378	bn:00071888n 0.03956333488261102	bn:00032425n 0.0339024108579415	bn:00054019n 0.032416474074899095	bn:00032426n 1.4323481896430129e-05
d004.s010.t012_d004.s010.t012	bn:00076843n 0.5698358688256896	bn:00047235n 0.43010715328521687	bn:00076842n 5.6977889093659596e-05
d004.s010.t016_d004.s010.t016	bn:00027011n 0.6596899623046366	bn:00027013n 0.18858384554605506	bn:00027014n 0.15166022974931778	bn:00027012n 6.596239999046462e-05
d004.s010.t027_d004.s010.t027	bn:00027565n 0.9999000199960009	bn:00008567n 9.998000399920017e-05
d004.s010.t031_d004.s010.t031	bn:00036739n 0.9999000199960009	bn:00046787n 9.998000399920017e-05
d004.s010.t034_d004.s010.t034	bn:00036739n 0.9999000199960009	bn:00046787n 9.998000399920017e-05
d004.s010.t037_d004.s010.t037	bn:00052222n 0.9999000199960009	bn:00021435n 9.998000399920017e-05
d004.s013.t004_d004.s013.t004	bn:00066515n 1.0
d004.s013.t013_d004.s013.t013	bn:00041239n 0.431561979587917	bn:00062767n 0.16449355182348463	bn:00029117n 0.15813404404781128	bn:00025965n 0.1552900519868607	bn:00025966n 0.09047722067115575	bn:00059304n 4.3151882770514654e-05
d004.s013.t015_d004.s013.t017	bn:00017184n 1.0
d004.s013.t015_d004.s013.t015	bn:00075762n 0.2411803734438597	bn:00069580n 0.17612333410422493	bn:00075759n 0.16392636067754793	bn:00075763n 0.12869717715167478	bn:00005863n 0.06506216411826767	bn:00021497n 0.05965315408224761	bn:00075760n 0.05141659386563912	bn:00075761n 0.0439077592695978	bn:00054657n 0.028018991898470992	bn:00062929n 0.021047434901385872	bn:00054625n 0.02094254086130186	bn:00061005n 2.411562578180779e-05
d004.s013.t015_d004.s013.t016	bn:00057341n 1.0
d004.s014.t006_d004.s014.t006	bn:00029888n 0.9999000199960009	bn:00029876n 9.998000399920017e-05
d004.s015.t005_d004.s015.t005	bn:00074790n 0.15880858423688177	bn:00067181n 0.143372493837646	bn:00074786n 0.13774885299502276	bn:00047693n 0.12876201922205893	bn:00014169n 0.11908661896480088	bn:00074791n 0.1077780580817829	bn:00071923n 0.06719973747750103	bn:00074795n 0.0444940563990985	bn:00005097n 0.04206310731784672	bn:00074793n 0.02892294255794625	bn:00031755n 0.02174764963891777	bn:00016012n 1.5879270496638514e-05
d004.s015.t011_d004.s015.t011	bn:00015267n 0.45893894136625374	bn:00020265n 0.21636199295597974	bn:00023518n 0.170822242783447	bn:00007888n 0.15383093358911323	bn:00011025n 4.588930520610477e-05
d004.s015.t013_d004.s015.t013	bn:00071216n 0.9999000199960009	bn:00049551n 9.998000399920017e-05
d004.s015.t016_d004.s015.t016	bn:00004222n 1.0
d004.s015.t018_d004.s015.t018	bn:00002157n 0.22033694622190517	bn:00047235n 0.18617467798792356	bn:00007026n 0.1440636881600942	bn:00016015n 0.14309563363209368	bn:00024485n 0.1421470864858102	bn:00002155n 0.09127531859447366	bn:00016012n 0.07288461742622655	bn:00024461n 2.203149147304321e-05
d004.s015.t024_d004.s015.t024	bn:00023235n 0.3097306363067251	bn:00023236n 0.27118086257225427	bn:00077773n 0.24220289753510113	bn:00070724n 0.17685463361928547	bn:00042729n 3.096996663400911e-05
d004.s015.t031_d004.s015.t031	bn:00003342n 0.9999000199960009	bn:00003341n 9.998000399920017e-05
d004.s016.t009_d004.s016.t009	bn:00074790n 0.1588478311053723	bn:00047693n 0.13811505405916671	bn:00074791n 0.13411908020917884	bn:00067181n 0.13242562068323574	bn:00014169n 0.11429539345951757	bn:00074786n 0.11364845178597456	bn:00005097n 0.08497080050444708	bn:00071923n 0.043612378531610166	bn:00016012n 0.0323747118004981	bn:00074793n 0.027664382789764217	bn:00074795n 0.019910411876443806	bn:00031755n 1.5883194791058124e-05
d004.s017.t002_d004.s017.t002	bn:00053827n 0.18450097081819844	bn:00021961n 0.17258050341506978	bn:00004452n 0.16656380384895553	bn:00030709n 0.162986155579028	bn:00046065n 0.15814872715805547	bn:00034520n 0.15520139092843618	bn:00000724n 1.8448252256594187e-05
d004.s017.t004_d004.s017.t004	bn:00067181n 0.17141924207479928	bn:00074790n 0.16625130870128482	bn:00047693n 0.12064294854537132	bn:00074786n 0.11942557802612327	bn:00014169n 0.09651561152730588	bn:00074791n 0.09085982899837379	bn:00074795n 0.06016031106787104	bn:00005097n 0.053302057738548445	bn:00071923n 0.05266049722121415	bn:00074793n 0.03692948906420944	bn:00031755n 0.03181598682471204	bn:00016012n 1.7140210186461282e-05
d004.s017.t013_d004.s017.t013	bn:00062717n 1.0
d004.s017.t016_d004.s017.t016	bn:00015267n 0.576294230069132	bn:00020265n 0.1588562473484711	bn:00007888n 0.1418269730909204	bn:00023518n 0.12296492583083563	bn:00011025n 5.762366064084912e-05
d004.s017.t020_d004.s017.t020	bn:00054128n 1.0
d004.s017.t024_d004.s017.t024	bn:00027565n 0.9999000199960009	bn:00008567n 9.998000399920017e-05
d004.s017.t031_d004.s017.t031	bn:00004222n 1.0
d004.s017.t035_d004.s017.t035	bn:00062717n 1.0
d004.s017.t042_d004.s017.t042	bn:00064761n 0.5297200558283952	bn:00008467n 0.4702269774626929	bn:00010210n 5.296670891194833e-05
d004.s017.t044_d004.s017.t044	bn:00027565n 0.9999000199960009	bn:00008567n 9.998000399920017e-05
d004.s018.t005_d004.s018.t005	bn:00015267n 0.6508186595533565	bn:00020265n 0.1491072730428226	bn:00011025n 0.13555128593420784	bn:00007888n 0.06445770611119384	bn:00023518n 6.507535841949369e-05
d004.s018.t007_d004.s018.t007	bn:00027565n 0.9999000199960009	bn:00008567n 9.998000399920017e-05
d004.s018.t012_d004.s018.t012	bn:00036739n 0.9999000199960009	bn:00046787n 9.998000399920017e-05
d004.s018.t016_d004.s018.t016	bn:00004222n 1.0
d004.s018.t020_d004.s018.t020	bn:00027565n 0.9999000199960009	bn:00008567n 9.998000399920017e-05
d004.s018.t029_d004.s018.t029	bn:00052222n 0.9999000199960009	bn:00021435n 9.998000399920017e-05
d004.s019.t015_d004.s019.t015	bn:00015267n 0.6487006220189323	bn:00020265n 0.18391359782929292	bn:00011025n 0.12988543486810825	bn:00007888n 0.03743548170782219	bn:00023518n 6.48635758443088e-05
d004.s020.t004_d004.s020.t004	bn:00047235n 0.2320725772749272	bn:00002157n 0.21877435183020852	bn:00007026n 0.15185653474541533	bn:00016015n 0.12842669075921273	bn:00024485n 0.12459202957017747	bn:00002155n 0.0737840084555003	bn:00016012n 0.07047060242732478	bn:00024461n 2.3204937233769343e-05
d004.s020.t006_d004.s020.t006	bn:00027565n 0.9999000199960009	bn:00008567n 9.998000399920017e-05
d004.s020.t012_d004.s020.t012	bn:00055459n 0.12962423837984058	bn:00003603n 0.12727740752009106	bn:00008465n 0.1231014561569485	bn:00054018n 0.11762783913740252	bn:00025965n 0.09815394789020351	bn:00054021n 0.09085673376222116	bn:00037515n 0.08988050185460594	bn:00055458n 0.06531451174097737	bn:00071887n 0.06005233509790128	bn:00032425n 0.05080805843334626	bn:00071888n 0.04661350305570381	bn:00032426n 0.0006765058430327201	bn:00054019n 1.2961127725211538e-05
d004.s020.t018_d004.s020.t018	bn:00076843n 0.6946089603340476	bn:00047235n 0.30532158571531415	bn:00076842n 6.945395063834093e-05
d004.s020.t025_d004.s020.t025	bn:00027565n 0.9999000199960009	bn:00008567n 9.998000399920017e-05
d004.s022.t010_d004.s022.t010	bn:00028319n 0.9737036629123973	bn:00028320n 0.026198976457374575	bn:00003602n 9.73606302282169e-05
d004.s022.t016_d004.s022.t016	bn:00028320n 0.5775159905250682	bn:00028319n 0.4224262636504619	bn:00003602n 5.7745824470059814e-05
d004.s022.t021_d004.s022.t023	bn:00061605n 1.0
d004.s022.t021_d004.s022.t021	bn:00076588n 0.19194644716677384	bn:00001937n 0.14444801086631073	bn:00061605n 0.13914062146774436	bn:00077267n 0.13794396003473436	bn:00031261n 0.12565915459285537	bn:00040167n 0.0836045940936121	bn:00031353n 0.07242683496886809	bn:00070528n 0.06543337128011428	bn:00061606n 0.039377812803542786	bn:00070056n 1.9192725444132973e-05
d004.s022.t030_d004.s022.t030	bn:00022191n 0.3862872499735159	bn:00022192n 0.36329947427761367	bn:00073082n 0.25037465088635924	bn:00030810n 3.862486251110048e-05
d004.s023.t009_d004.s023.t009	bn:00046516n 0.6039417280643785	bn:00061450n 0.2802866540831966	bn:00061714n 0.11571122971843188	bn:00061715n 6.038813399303855e-05
d004.s023.t013_d004.s023.t013	bn:00054128n 1.0
d004.s023.t017_d004.s023.t017	bn:00022118n 0.5126568476203404	bn:00022119n 0.29276439799652654	bn:00022113n 0.19452749382442697	bn:00022112n 5.1260558706163427e-05
d004.s023.t020_d004.s023.t020	bn:00004222n 1.0
d004.s024.t005_d004.s024.t005	bn:00025171n 0.6201424818994917	bn:00046877n 0.37979551005312295	bn:00030747n 6.200804738521066e-05
d004.s024.t008_d004.s024.t008	bn:00001533n 0.32043211509606834	bn:00045153n 0.3143009765096043	bn:00044576n 0.26418936394886133	bn:00053096n 0.10104550443795704	bn:00053100n 3.2040007508855955e-05
