d012.s012.t001	bn:00045800n 0.9999000199960009	bn:00058174n 9.998000399920017e-05
d010.s004.t006	bn:00021846n 0.6650174126957932	bn:00021845n 0.3349160922124465	bn:00016124n 6.649509176040328e-05
d008.s002.t002	bn:00007854n 1.0
d002.s010.t009	bn:00053778n 0.4726705701826745	bn:00053772n 0.3525998078044739	bn:00036522n 0.09374652035269795	bn:00053773n 0.08093583932936846	bn:00016701n 4.7262330785188936e-05
d008.s022.t005	bn:00026716n 0.605939732315077	bn:00030852n 0.3939996797704829	bn:00007309n 6.0587914440063704e-05
d001.s015.t001	bn:00003341n 0.9999000199960009	bn:00078848n 9.998000399920017e-05
d010.s018.t006	bn:00048488n 1.0
d013.s005.t002	bn:00053460n 1.0
d005.s008.t001	bn:00054897n 1.0
d007.s022.t004	bn:00025693n 1.0
d007.s023.t007	bn:00055597n 0.9999000199960009	bn:00060969n 9.998000399920017e-05
d012.s024.t006	bn:00077593n 1.0
d004.s014.t001	bn:00021286n 0.2707741854431338	bn:00014160n 0.20656865077188202	bn:00022811n 0.19530294732925932	bn:00020039n 0.12607745401028111	bn:00072566n 0.10979699330522755	bn:00073910n 0.0914526944291429	bn:00001423n 2.7074711073206063e-05
d012.s003.t001	bn:00042917n 1.0
d008.s027.t002	bn:00051048n 0.20770868469581413	bn:00051054n 0.1820987005214822	bn:00010534n 0.15808235536522525	bn:00051047n 0.1532739734654984	bn:00051045n 0.13839067086578125	bn:00002761n 0.08440404153354358	bn:00051049n 0.0760208047610646	bn:00021477n 2.0768791590422373e-05
d010.s007.t003	bn:00000020n 1.0
d012.s016.t002	bn:00066414n 1.0
d009.s012.t001	bn:00002096n 0.34984917495072704	bn:00029676n 0.3397345048792538	bn:00029678n 0.31038133875066587	bn:00077060n 3.4981419353137396e-05
d007.s010.t004	bn:00009657n 0.9044706400776767	bn:00009656n 0.09543892190211757	bn:00009655n 9.04380202057471e-05
d008.s028.t003	bn:00055180n 0.7796089592671289	bn:00055178n 0.15901159829616698	bn:00024459n 0.06130148933608738	bn:00019727n 7.795310061665123e-05
d011.s010.t005	bn:00068696n 1.0
d001.s003.t005	bn:00058511n 0.7477215929790837	bn:00022742n 0.2522036423380866	bn:00044405n 7.476468282962541e-05
d001.s011.t003	bn:00036512n 1.0
d010.s010.t005	bn:00023308n 0.9999000199960009	bn:00023301n 9.998000399920017e-05
d004.s011.t002	bn:00068799n 0.9999000199960009	bn:00070219n 9.998000399920017e-05
d010.s016.t003	bn:00048488n 1.0
d013.s022.t002	bn:00034544n 1.0
d001.s019.t002	bn:00023012n 1.0
d007.s006.t003	bn:00053778n 0.422640072099989	bn:00053772n 0.3228137036644393	bn:00053773n 0.12888464593379229	bn:00036522n 0.12561931852054753	bn:00016701n 4.2259781231875716e-05
d008.s015.t001	bn:00073699n 0.5101792352766777	bn:00071062n 0.4897697519010768	bn:00068051n 5.101282224544323e-05
d001.s028.t003	bn:00079435n 1.0
d012.s025.t003	bn:00046019n 1.0
d004.s002.t005	bn:00021286n 0.2471721892966496	bn:00022811n 0.19168873115481952	bn:00072566n 0.15800144714159717	bn:00020039n 0.1576337863923432	bn:00014160n 0.15503634495336618	bn:00073910n 0.09044278631376952	bn:00001423n 2.4714747454919472e-05
d001.s019.t003	bn:00041585n 0.9705059291952979	bn:00042378n 0.027670538695757377	bn:00054902n 0.001726491220114204	bn:00063941n 9.704088883064673e-05
d006.s015.t010	bn:00021221n 0.9999000199960009	bn:00021226n 9.998000399920017e-05
d004.s011.t007	bn:00022811n 0.21973847531809979	bn:00021286n 0.21597811784048404	bn:00072566n 0.1909774938926227	bn:00014160n 0.1684670432785266	bn:00020039n 0.15694549704485533	bn:00073910n 0.04787140097504481	bn:00001423n 2.19716503667733e-05
d007.s018.t003	bn:00020042n 0.9999000199960009	bn:00020039n 9.998000399920017e-05
d003.s003.t001	bn:00025702n 1.0
d010.s010.t006	bn:00047690n 0.9999000199960009	bn:00001734n 9.998000399920017e-05
d001.s011.t011	bn:00002954n 0.9999000199960009	bn:00035296n 9.998000399920017e-05
d013.s003.t007	bn:00046952n 1.0
d009.s004.t003	bn:00005515n 1.0
d001.s024.t005	bn:00048242n 0.635716902774037	bn:00047690n 0.2798203248214203	bn:00064526n 0.08439920707079861	bn:00064527n 6.35653337440293e-05
d012.s002.t012	bn:00045163n 1.0
d009.s028.t005	bn:00003341n 1.0
d007.s008.t001	bn:00031735n 1.0
d012.s002.t011	bn:00023236n 0.9999000199960009	bn:00023235n 9.998000399920017e-05
d006.s021.t001	bn:00007051n 0.4814662565351609	bn:00008722n 0.2918039359046562	bn:00002132n 0.22668166574871051	bn:00007480n 4.814181147236886e-05
d006.s007.t007	bn:00019227n 0.8826689383751736	bn:00003652n 0.11724280355679567	bn:00019236n 8.825806803071429e-05
d004.s003.t015	bn:00080439n 1.0
d013.s006.t002	bn:00029680n 0.6860389535183266	bn:00037094n 0.3138924494460252	bn:00079508n 6.859703564826783e-05
d009.s016.t002	bn:00048242n 0.7178809787599928	bn:00064526n 0.2407312137294885	bn:00064527n 0.041316026590734786	bn:00047690n 7.178091978402087e-05
d009.s025.t009	bn:00017904n 0.9999000199960009	bn:00005929n 9.998000399920017e-05
d001.s002.t014	bn:00023236n 0.9999000199960009	bn:00056913n 9.998000399920017e-05
d005.s008.t006	bn:00015496n 1.0
d001.s002.t011	bn:00041712n 1.0
d002.s009.t002	bn:00073699n 0.8114198496710889	bn:00071062n 0.18849901645733114	bn:00068051n 8.113387157995091e-05
d001.s016.t007	bn:00003341n 0.9999000199960009	bn:00078848n 9.998000399920017e-05
d009.s024.t003	bn:00078738n 0.4704903258952415	bn:00001939n 0.18183474142995554	bn:00006662n 0.18129674050903258	bn:00081857n 0.16628410350945674	bn:00004379n 4.7044328156708484e-05	bn:00004401n 4.7044328156708484e-05
d012.s001.t001	bn:00046021n 1.0
d001.s006.t013	bn:00076457n 1.0
d002.s013.t011	bn:00023158n 0.697660746123442	bn:00023155n 0.3022694947778556	bn:00019887n 6.975909870247395e-05
d010.s016.t001	bn:00028425n 0.9999000199960009	bn:00028426n 9.998000399920017e-05
d004.s001.t004	bn:00021286n 0.3060366027777027	bn:00022811n 0.18208799355283664	bn:00014160n 0.1785418604053951	bn:00020039n 0.16462813432047482	bn:00073910n 0.09155134005456178	bn:00072566n 0.0771234682888111	bn:00001423n 3.06006002177485e-05
d001.s020.t002	bn:00043539n 1.0
d004.s016.t001	bn:00022227n 0.9999000199960009	bn:00021275n 9.998000399920017e-05
d001.s013.t002	bn:00003341n 0.9999000199960009	bn:00078848n 9.998000399920017e-05
d012.s023.t004	bn:00046019n 1.0
d006.s005.t005	bn:00029305n 0.4032255705986075	bn:00019429n 0.2449425882959787	bn:00032893n 0.21266578076202566	bn:00032894n 0.07449867391134828	bn:00032896n 0.0646270679068324	bn:00018111n 4.031852520734002e-05
d007.s006.t004	bn:00020119n 0.9999000199960009	bn:00077924n 9.998000399920017e-05
d002.s014.t004	bn:00055094n 0.9999000199960009	bn:00005459n 9.998000399920017e-05
d001.s012.t001	bn:00036512n 1.0
d012.s008.t005	bn:00062576n 1.0
d011.s013.t001	bn:00043484n 0.9999000199960009	bn:00080813n 9.998000399920017e-05
d013.s024.t002	bn:00075427n 1.0
d010.s005.t009	bn:00060969n 0.9999000199960009	bn:00055597n 9.998000399920017e-05
d007.s004.t002	bn:00053778n 0.5462326363412681	bn:00053772n 0.3367293272981628	bn:00036522n 0.06733891512502625	bn:00053773n 0.049644503433689015	bn:00016701n 5.4617801853941416e-05
d006.s031.t007	bn:00078198n 0.9999000199960009	bn:00016403n 9.998000399920017e-05
d004.s004.t004	bn:00007085n 0.9665490592311416	bn:00010111n 0.028747782980488044	bn:00066060n 0.0032748240150529927	bn:00004483n 0.0013316885319185636	bn:00014797n 9.664524139897426e-05
d010.s014.t001	bn:00007146n 1.0
d008.s023.t001	bn:00047356n 1.0
d009.s012.t003	bn:00064594n 0.7639033657150104	bn:00064584n 0.2176906466816819	bn:00059788n 0.01832960490500608	bn:00064590n 7.638269830167087e-05
d002.s010.t005	bn:00007146n 1.0
d008.s010.t005	bn:00047356n 1.0
d004.s011.t009	bn:00002362n 1.0
d002.s010.t008	bn:00042759n 0.6158250223564957	bn:00042766n 0.38411340129890315	bn:00025555n 6.157634460118946e-05
d001.s022.t007	bn:00035851n 0.9999000199960009	bn:00007205n 9.998000399920017e-05
d008.s007.t006	bn:00006912n 1.0
d007.s004.t001	bn:00055094n 0.9999000199960009	bn:00005459n 9.998000399920017e-05
d006.s014.t004	bn:00076373n 0.9999000199960009	bn:00012048n 9.998000399920017e-05
d007.s019.t008	bn:00053778n 0.587419687271924	bn:00053772n 0.28087254185388544	bn:00036522n 0.09443947021131519	bn:00053773n 0.037209564567757564	bn:00016701n 5.873609511768063e-05
d002.s014.t001	bn:00073699n 0.6095235284607117	bn:00071062n 0.39041552528106815	bn:00068051n 6.094625822024914e-05
d009.s018.t003	bn:00046157n 0.9999000199960009	bn:00043166n 9.998000399920017e-05
d001.s010.t001	bn:00023236n 0.9999000199960009	bn:00023235n 9.998000399920017e-05
d008.s010.t001	bn:00012940n 0.9999000199960009	bn:00027531n 9.998000399920017e-05
d001.s005.t006	bn:00076591n 0.9999000199960009	bn:00076589n 9.998000399920017e-05
d006.s010.t006	bn:00054149n 0.5822262440729805	bn:00048459n 0.4177155391242925	bn:00054981n 5.821680272702535e-05
d006.s021.t004	bn:00015656n 1.0
d008.s012.t008	bn:00051048n 0.21240374546466656	bn:00051054n 0.20345625203721204	bn:00010534n 0.17959058764001617	bn:00051047n 0.15059637065459067	bn:00051045n 0.13181741380464107	bn:00051049n 0.09295037843716802	bn:00002761n 0.029164013710983955	bn:00021477n 2.1238250721394518e-05
d012.s021.t013	bn:00081800n 1.0
d009.s007.t004	bn:00078738n 0.38535245846029037	bn:00006662n 0.23756808663998363	bn:00001939n 0.19610722818392803	bn:00081857n 0.18089516393038427	bn:00004379n 3.853139270675836e-05	bn:00004401n 3.853139270675836e-05
d012.s015.t004	bn:00045800n 0.9999000199960009	bn:00058174n 9.998000399920017e-05
d011.s022.t003	bn:00023012n 1.0
d002.s001.t001	bn:00078365n 0.920411964575095	bn:00081253n 0.07949600343164688	bn:00079947n 9.203199325818368e-05
d001.s027.t004	bn:00056935n 1.0
d003.s002.t004	bn:00053458n 0.9999000199960009	bn:00053459n 9.998000399920017e-05
d009.s011.t008	bn:00078738n 0.5380510091372828	bn:00006662n 0.1611914125876761	bn:00081857n 0.15548120914553684	bn:00001939n 0.145168769687621	bn:00004379n 5.379972094163412e-05	bn:00004401n 5.379972094163412e-05
d010.s007.t006	bn:00018111n 0.2317535442018165	bn:00041943n 0.21330975776471162	bn:00008279n 0.17614810207484202	bn:00068051n 0.15478499068134402	bn:00079109n 0.15331241874608698	bn:00008280n 0.07066801349408246	bn:00041942n 2.3173037116470006e-05
d005.s003.t008	bn:00062759n 0.6552657461047764	bn:00062766n 0.3446687338726154	bn:00005439n 6.552002260821682e-05
d006.s005.t006	bn:00021905n 0.6616190147313336	bn:00021904n 0.33831482998272194	bn:00021906n 6.61552859445389e-05
d008.s026.t005	bn:00047356n 1.0
d009.s012.t004	bn:00078738n 0.36082304347814476	bn:00081857n 0.32385932513395205	bn:00006662n 0.31528155269142494	bn:00004792n 3.607869647816666e-05
d001.s024.t001	bn:00005599n 0.5309314615794243	bn:00005601n 0.4621373495163624	bn:00025621n 0.0068781010668391455	bn:00055838n 5.308783737420501e-05
d007.s009.t005	bn:00002065n 0.5891853182208999	bn:00043851n 0.4107557691385421	bn:00001456n 5.8912640558034195e-05
d006.s012.t002	bn:00025646n 1.0
d007.s006.t001	bn:00021015n 1.0
d012.s002.t002	bn:00046021n 1.0
d012.s009.t004	bn:00029676n 0.3935209268489707	bn:00029678n 0.3406024209707037	bn:00002096n 0.2658373040224564	bn:00077060n 3.934815786911016e-05
d006.s010.t009	bn:00060907n 1.0
d003.s010.t003	bn:00079129n 0.2680522851588147	bn:00078306n 0.250837975971695	bn:00028114n 0.22174795007396075	bn:00016907n 0.21676183232815427	bn:00028115n 0.04257315391911426	bn:00057522n 2.6802548261055362e-05
d008.s016.t004	bn:00010518n 1.0
d013.s014.t001	bn:00008364n 0.9999000199960009	bn:00008367n 9.998000399920017e-05
d009.s014.t005	bn:00061054n 1.0
d007.s004.t006	bn:00031485n 1.0
d006.s015.t001	bn:00007051n 0.48045732260540785	bn:00008722n 0.36141998351093757	bn:00002132n 0.15807465295548687	bn:00007480n 4.8040928167724015e-05
d008.s007.t004	bn:00006823n 1.0
d008.s028.t002	bn:00056879n 1.0
d006.s008.t002	bn:00048488n 1.0
d007.s020.t008	bn:00053778n 0.4576502115583664	bn:00053772n 0.2683922218743856	bn:00036522n 0.15408103378315594	bn:00053773n 0.11983077233898062	bn:00016701n 4.5760445111325506e-05
d009.s026.t001	bn:00036346n 1.0
d001.s025.t006	bn:00041948n 1.0
d004.s007.t004	bn:00007085n 0.9845794086119989	bn:00010111n 0.010252180155671082	bn:00066060n 0.0030673613276265095	bn:00004483n 0.0020026018086519728	bn:00014797n 9.844809605159473e-05
d004.s017.t003	bn:00041585n 0.8825848630849337	bn:00063941n 0.09315363214903172	bn:00054902n 0.024173255104692225	bn:00042378n 8.824966134235915e-05
d012.s005.t001	bn:00074901n 0.41905855250466667	bn:00074905n 0.2692780445766901	bn:00022157n 0.20803142645161768	bn:00074900n 0.0721059778829151	bn:00045803n 0.031484096919026455	bn:00047690n 4.1901665083958275e-05
d010.s021.t003	bn:00047690n 0.9999000199960009	bn:00001734n 9.998000399920017e-05
d002.s016.t003	bn:00047683n 1.0
d006.s028.t009	bn:00078198n 0.9999000199960009	bn:00016403n 9.998000399920017e-05
d012.s023.t011	bn:00013640n 1.0
d008.s014.t010	bn:00064601n 0.9999000199960009	bn:00069637n 9.998000399920017e-05
d006.s003.t003	bn:00076677n 1.0
d002.s011.t002	bn:00081866n 1.0
d001.s021.t001	bn:00023236n 0.9999000199960009	bn:00023235n 9.998000399920017e-05
d009.s027.t001	bn:00067239n 1.0
d006.s013.t001	bn:00048496n 0.3151507208636174	bn:00048492n 0.2534925981784098	bn:00006502n 0.1554383144018098	bn:00021584n 0.13756996033355373	bn:00048494n 0.09042878188905698	bn:00027469n 0.04788811241265802	bn:00048495n 3.1511920894272314e-05
d006.s009.t009	bn:00078198n 0.9999000199960009	bn:00016403n 9.998000399920017e-05
d009.s028.t006	bn:00078738n 0.4136903357788933	bn:00081857n 0.29330645039652375	bn:00006662n 0.2929618489274946	bn:00004792n 4.1364897088180513e-05
d013.s022.t004	bn:00023236n 0.6144266498978577	bn:00023235n 0.3199582967567208	bn:00064914n 0.06555361682408384	bn:00074011n 6.1436521337652e-05
d012.s016.t003	bn:00046019n 1.0
d009.s004.t001	bn:00003341n 0.9999000199960009	bn:00078848n 9.998000399920017e-05
d013.s022.t009	bn:00055954n 1.0
d006.s013.t006	bn:00019742n 1.0
d005.s005.t003	bn:00000648n 1.0
d004.s019.t010	bn:00034265n 0.7100577976484826	bn:00034274n 0.19435992671137514	bn:00006752n 0.09551127696024532	bn:00034267n 7.09986798968586e-05
d004.s012.t007	bn:00042833n 1.0
d012.s022.t003	bn:00054001n 0.6930900911474661	bn:00007449n 0.30684060677362707	bn:00005677n 6.930207890685592e-05
d009.s002.t002	bn:00021207n 0.7395423113066745	bn:00026146n 0.26038374185687846	bn:00026147n 7.394683644702276e-05
d012.s021.t014	bn:00046019n 1.0
d003.s002.t010	bn:00056893n 1.0
d001.s020.t004	bn:00017171n 1.0
d012.s021.t009	bn:00046019n 1.0
d003.s003.t003	bn:00028458n 1.0
d008.s025.t005	bn:00005917n 0.9999000199960009	bn:00005916n 9.998000399920017e-05
d010.s004.t004	bn:00066830n 0.9999000199960009	bn:00064868n 9.998000399920017e-05
d011.s010.t003	bn:00040851n 1.0
d006.s024.t006	bn:00021905n 0.5994571207840154	bn:00021904n 0.40048293949787805	bn:00021906n 5.993971810659088e-05
d001.s002.t013	bn:00078738n 0.7550103445437556	bn:00006662n 0.1347869120733003	bn:00081857n 0.05758689745690215	bn:00001939n 0.05246485895583035	bn:00004379n 7.549348510586497e-05	bn:00004401n 7.549348510586497e-05
d010.s003.t002	bn:00076744n 1.0
d002.s002.t002	bn:00081253n 0.9999000199960009	bn:00078365n 9.998000399920017e-05
d008.s027.t006	bn:00073699n 0.5039264181216893	bn:00071062n 0.4960231942752589	bn:00068051n 5.038760305186374e-05
d001.s014.t005	bn:00014103n 1.0
d013.s019.t004	bn:00008364n 0.9999000199960009	bn:00008367n 9.998000399920017e-05
d012.s019.t012	bn:00021961n 1.0
d009.s020.t002	bn:00023235n 0.9999000199960009	bn:00023236n 9.998000399920017e-05
d010.s004.t005	bn:00043361n 1.0
d010.s003.t003	bn:00048488n 1.0
d006.s009.t002	bn:00078198n 0.9999000199960009	bn:00016403n 9.998000399920017e-05
d006.s023.t004	bn:00078198n 0.9999000199960009	bn:00016403n 9.998000399920017e-05
d012.s017.t007	bn:00030616n 0.47651519903045525	bn:00030625n 0.1975792671790578	bn:00014138n 0.17662525067873996	bn:00010073n 0.14923263635651937	bn:00030627n 4.7646755227522776e-05
d012.s010.t003	bn:00037691n 1.0
d008.s006.t006	bn:00065108n 0.9999000199960009	bn:00029771n 9.998000399920017e-05
d012.s006.t004	bn:00048242n 0.9160569523249756	bn:00064527n 0.05161693273524362	bn:00047690n 0.032234518404201676	bn:00064526n 9.159653557893967e-05
d013.s018.t004	bn:00047365n 1.0
d012.s019.t005	bn:00025916n 0.9051550579875436	bn:00025913n 0.09475443555730324	bn:00069520n 9.050645515323904e-05
d009.s025.t005	bn:00036346n 1.0
d013.s002.t007	bn:00003340n 1.0
d009.s024.t004	bn:00025702n 1.0
d009.s005.t003	bn:00023236n 0.9999000199960009	bn:00023235n 9.998000399920017e-05
d008.s001.t002	bn:00005917n 0.9999000199960009	bn:00005916n 9.998000399920017e-05
d007.s009.t006	bn:00073699n 0.5614449063421805	bn:00071062n 0.438498954781073	bn:00068051n 5.61388767465434e-05
d003.s010.t006	bn:00031888n 1.0
d006.s029.t001	bn:00007051n 0.46278959331273106	bn:00008722n 0.31387705515466663	bn:00002132n 0.22328707720070426	bn:00007480n 4.62743318980833e-05
d013.s011.t004	bn:00074453n 0.5673889240754034	bn:00026379n 0.3997011314576002	bn:00026375n 0.0328532112479107	bn:00074450n 5.6733219085631785e-05
d004.s015.t001	bn:00021286n 0.26835670353065144	bn:00022811n 0.21180977002081786	bn:00014160n 0.1808401931819218	bn:00020039n 0.1465873749737009	bn:00073910n 0.1138940407646185	bn:00072566n 0.07848508454123518	bn:00001423n 2.683298705435971e-05
d013.s022.t001	bn:00008364n 0.9999000199960009	bn:00008367n 9.998000399920017e-05
d013.s024.t001	bn:00001961n 0.9999000199960009	bn:00007293n 9.998000399920017e-05
d005.s003.t009	bn:00026061n 1.0
d010.s017.t003	bn:00050257n 1.0
d012.s012.t004	bn:00048242n 0.75753472476302	bn:00064527n 0.22669732622112101	bn:00064526n 0.01569220311797249	bn:00047690n 7.574589788651335e-05
d002.s010.t006	bn:00073699n 0.5455602274005519	bn:00071062n 0.45438522203176474	bn:00068051n 5.4550567683286864e-05
d009.s018.t002	bn:00072549n 0.9999000199960009	bn:00065083n 9.998000399920017e-05
d007.s009.t020	bn:00076338n 1.0
d008.s023.t004	bn:00021538n 0.9999000199960009	bn:00021539n 9.998000399920017e-05
d002.s003.t003	bn:00028320n 1.0
d001.s022.t006	bn:00036512n 1.0
d005.s006.t005	bn:00035925n 0.4930700360757583	bn:00069750n 0.23862993217063663	bn:00077409n 0.18191805125731342	bn:00043268n 0.07860805925472941	bn:00005380n 0.00772461916816201	bn:00043320n 4.930207340023581e-05
d007.s003.t010	bn:00046794n 1.0
d009.s010.t004	bn:00072966n 1.0
d005.s009.t003	bn:00047365n 1.0
d001.s011.t006	bn:00078738n 0.3824674863830331	bn:00081857n 0.3134415652842104	bn:00006662n 0.30405270540841045	bn:00004792n 3.8242924345868725e-05
d003.s013.t003	bn:00078738n 0.47058524856738493	bn:00081857n 0.2761981952309399	bn:00006662n 0.2531695023822002	bn:00004792n 4.705381947479102e-05
d001.s018.t012	bn:00023236n 0.9999000199960009	bn:00023235n 9.998000399920017e-05
d004.s007.t002	bn:00022227n 0.9999000199960009	bn:00021275n 9.998000399920017e-05
d001.s005.t002	bn:00076732n 0.9999000199960009	bn:00069638n 9.998000399920017e-05
d005.s003.t004	bn:00079129n 0.3032825232453148	bn:00016907n 0.21083238439025875	bn:00078306n 0.19942693809960232	bn:00028114n 0.17963417579616342	bn:00028115n 0.10679365324885803	bn:00057522n 3.0325219802551226e-05
d001.s026.t006	bn:00060799n 0.9999000199960009	bn:00037168n 9.998000399920017e-05
d010.s017.t004	bn:00047690n 0.9999000199960009	bn:00001734n 9.998000399920017e-05
d004.s017.t001	bn:00016756n 0.9999000199960009	bn:00018432n 9.998000399920017e-05
d006.s025.t001	bn:00054149n 0.6359086145561655	bn:00048459n 0.36402780094082926	bn:00054981n 6.358450300531602e-05
d013.s003.t014	bn:00008364n 0.9999000199960009	bn:00008367n 9.998000399920017e-05
d001.s026.t004	bn:00032226n 1.0
d013.s004.t003	bn:00055954n 1.0
d007.s009.t011	bn:00044654n 1.0
d013.s007.t003	bn:00060770n 0.6344006721531675	bn:00060837n 0.30130826352814827	bn:00009183n 0.06422763059484124	bn:00021395n 6.343372384293247e-05
d002.s008.t002	bn:00073699n 0.5903571162706421	bn:00071062n 0.40958385392071156	bn:00068051n 5.90298086461996e-05
d007.s003.t001	bn:00030015n 0.7658583447283982	bn:00026371n 0.20605677108539597	bn:00027688n 0.028008306009550787	bn:00030014n 7.65781766551743e-05
d008.s005.t002	bn:00005917n 0.9999000199960009	bn:00005916n 9.998000399920017e-05
d013.s006.t004	bn:00008364n 0.9999000199960009	bn:00008367n 9.998000399920017e-05
d009.s010.t005	bn:00075812n 0.46335828120974115	bn:00011012n 0.19817873493065058	bn:00069552n 0.18359678672889673	bn:00005869n 0.15481986593570998	bn:00060201n 4.633119500147397e-05
d001.s021.t009	bn:00002086n 0.5356926872027147	bn:00018745n 0.4642537488849563	bn:00002089n 5.3563912329038564e-05
d003.s002.t001	bn:00010302n 1.0
d001.s004.t003	bn:00060070n 0.4683196130564658	bn:00050371n 0.2057056681893141	bn:00012295n 0.1690245493239172	bn:00018319n 0.15690334215172508	bn:00018320n 4.6827278577788805e-05
d008.s024.t004	bn:00005917n 0.9999000199960009	bn:00005916n 9.998000399920017e-05
d001.s015.t008	bn:00076732n 0.9999000199960009	bn:00069638n 9.998000399920017e-05
d012.s006.t009	bn:00036202n 0.9999000199960009	bn:00003873n 9.998000399920017e-05
d010.s005.t011	bn:00023308n 0.9999000199960009	bn:00023301n 9.998000399920017e-05
d006.s007.t002	bn:00078198n 0.9999000199960009	bn:00016403n 9.998000399920017e-05
d003.s006.t006	bn:00078738n 0.35912034104403817	bn:00006662n 0.2355655166786894	bn:00001939n 0.20546984521565986	bn:00081857n 0.19977248017509225	bn:00004379n 3.590844326007781e-05	bn:00004401n 3.590844326007781e-05
d010.s013.t003	bn:00078738n 0.8121295909117883	bn:00004379n 0.08392609903457347	bn:00004401n 0.08392609903457347	bn:00001939n 0.011158185066927435	bn:00006662n 0.008778821113529955	bn:00081857n 8.12048386073181e-05
d013.s001.t004	bn:00000013n 1.0
d011.s001.t001	bn:00032306n 0.9999000199960009	bn:00032307n 9.998000399920017e-05
d001.s017.t001	bn:00035211n 1.0
d012.s013.t011	bn:00029670n 1.0
d006.s006.t006	bn:00023308n 0.9999000199960009	bn:00023301n 9.998000399920017e-05
d010.s016.t002	bn:00020354n 0.632619527694345	bn:00020352n 0.3673172166784483	bn:00019155n 6.325562720671384e-05
d013.s005.t009	bn:00064584n 0.26639995011203293	bn:00054416n 0.25990636636103276	bn:00029415n 0.2529714217342784	bn:00064585n 0.12403377428155232	bn:00053827n 0.09666185017982543	bn:00056300n 2.6637331278075487e-05
d001.s026.t009	bn:00023236n 0.9999000199960009	bn:00023235n 9.998000399920017e-05
d002.s015.t003	bn:00063218n 0.4870018676292962	bn:00036777n 0.30247821637863526	bn:00025705n 0.13906233257339767	bn:00063223n 0.07140888810143971	bn:00063213n 4.86953172312065e-05
d002.s010.t007	bn:00008203n 1.0
d001.s021.t005	bn:00000728n 0.9999000199960009	bn:00078126n 9.998000399920017e-05
d012.s015.t001	bn:00007502n 0.9999000199960009	bn:00033854n 9.998000399920017e-05
d004.s003.t005	bn:00016756n 0.9999000199960009	bn:00018432n 9.998000399920017e-05
d010.s004.t003	bn:00078198n 0.9999000199960009	bn:00016403n 9.998000399920017e-05
d009.s028.t004	bn:00078738n 0.4005424704630811	bn:00081857n 0.30318055136652383	bn:00006662n 0.29623692792837275	bn:00004792n 4.00502420221059e-05
d011.s005.t008	bn:00036782n 1.0
d013.s009.t003	bn:00000013n 1.0
d006.s016.t006	bn:00064601n 0.9999000199960009	bn:00069637n 9.998000399920017e-05
d004.s002.t001	bn:00078425n 1.0
d008.s007.t008	bn:00006846n 1.0
d011.s007.t005	bn:00017615n 1.0
d009.s007.t007	bn:00058593n 1.0
d010.s016.t006	bn:00059480n 0.5108839563011605	bn:00059482n 0.25633014778475904	bn:00001423n 0.23273481262677914	bn:00005863n 5.108328730138591e-05
d011.s005.t007	bn:00019482n 0.33661749945588204	bn:00019478n 0.2771589431455189	bn:00019586n 0.2174470784826311	bn:00019479n 0.16874282053186054	bn:00016733n 3.365838410717749e-05
d004.s005.t003	bn:00036512n 1.0
d007.s003.t007	bn:00053778n 0.5800856970477811	bn:00053772n 0.2792559257262619	bn:00053773n 0.07456679111835468	bn:00036522n 0.0660335833381744	bn:00016701n 5.800276942783533e-05
d011.s005.t002	bn:00031896n 0.5996510706823498	bn:00021127n 0.4002889702064931	bn:00031894n 5.995911115711927e-05
d001.s016.t008	bn:00016756n 0.9999000199960009	bn:00018432n 9.998000399920017e-05
d004.s003.t004	bn:00021286n 0.7586574572354545	bn:00021287n 0.24126668460463785	bn:00021284n 7.58581599075547e-05
d006.s016.t001	bn:00047021n 0.9999000199960009	bn:00066444n 9.998000399920017e-05
d013.s010.t001	bn:00017517n 0.9999000199960009	bn:00064234n 9.998000399920017e-05
d012.s008.t001	bn:00033854n 1.0
d001.s008.t008	bn:00019782n 1.0
d007.s017.t006	bn:00004452n 0.6168705048442293	bn:00029415n 0.38306781427337455	bn:00021961n 6.168088239618332e-05
d004.s002.t006	bn:00008794n 0.5924811964805407	bn:00008782n 0.4074595613240309	bn:00032645n 5.9242195428511217e-05
d012.s018.t002	bn:00029416n 1.0
d004.s003.t014	bn:00078738n 0.8513305532706589	bn:00004379n 0.05900399441015706	bn:00004401n 0.05900399441015706	bn:00001939n 0.01699478570792406	bn:00006662n 0.013581547658230376	bn:00081857n 8.512454287277861e-05
d012.s018.t001	bn:00021961n 1.0
d012.s002.t001	bn:00063351n 0.9999000199960009	bn:00063329n 9.998000399920017e-05
d008.s020.t003	bn:00006845n 1.0
d010.s002.t008	bn:00043358n 1.0
d008.s006.t005	bn:00067181n 1.0
d004.s019.t005	bn:00008694n 1.0
d006.s018.t005	bn:00015656n 0.9999000199960009	bn:00032172n 9.998000399920017e-05
d008.s028.t005	bn:00056932n 1.0
d012.s023.t006	bn:00078738n 0.4159225958127234	bn:00081857n 0.295704110378121	bn:00006662n 0.2883317057083842	bn:00004792n 4.1588100771195224e-05
d013.s003.t008	bn:00000013n 1.0
d012.s022.t006	bn:00023236n 0.9999000199960009	bn:00023235n 9.998000399920017e-05
d006.s024.t010	bn:00041204n 1.0
d006.s005.t003	bn:00032175n 0.5751163525917604	bn:00044565n 0.42482614152356885	bn:00026580n 5.750588467070897e-05
d004.s013.t003	bn:00022227n 0.9999000199960009	bn:00021275n 9.998000399920017e-05
d009.s029.t007	bn:00028188n 1.0
d009.s023.t006	bn:00048242n 0.7666727041245662	bn:00047690n 0.1930028726530814	bn:00064526n 0.04024776361790041	bn:00064527n 7.665960445201142e-05
d003.s008.t001	bn:00053480n 0.34379118463354963	bn:00068929n 0.3293617245557871	bn:00053479n 0.32681271512976795	bn:00068918n 3.437568089526544e-05
d008.s011.t002	bn:00054731n 1.0
d001.s013.t010	bn:00029676n 0.3726405200267529	bn:00029678n 0.3313349476189817	bn:00002096n 0.2959872720282952	bn:00077060n 3.726032597007829e-05
d009.s023.t005	bn:00079045n 1.0
d004.s004.t002	bn:00030844n 1.0
d003.s008.t003	bn:00058192n 1.0
d008.s009.t004	bn:00067181n 1.0
d005.s007.t004	bn:00008364n 0.9999000199960009	bn:00008367n 9.998000399920017e-05
d005.s006.t006	bn:00047367n 1.0
d010.s023.t001	bn:00021982n 1.0
d013.s011.t003	bn:00008420n 1.0
d002.s004.t004	bn:00063218n 0.5256132857690491	bn:00036777n 0.263500645219337	bn:00025705n 0.1284574563498501	bn:00063223n 0.08237605658879418	bn:00063213n 5.255607296960795e-05
d006.s005.t001	bn:00076744n 1.0
d008.s026.t001	bn:00005917n 0.9999000199960009	bn:00005916n 9.998000399920017e-05
d007.s005.t006	bn:00053778n 0.6616456490171266	bn:00053772n 0.22677746924567735	bn:00036522n 0.07328108761920842	bn:00053773n 0.0382296361688809	bn:00016701n 6.615794910680199e-05
d004.s017.t002	bn:00029676n 0.37318199514565176	bn:00029678n 0.3336874040935464	bn:00002096n 0.29309328629273385	bn:00077060n 3.73144680677584e-05
d001.s004.t001	bn:00026838n 1.0
d006.s013.t004	bn:00021624n 1.0
d001.s001.t002	bn:00078931n 1.0
d009.s011.t003	bn:00005677n 0.5491866268098992	bn:00054001n 0.450758460018737	bn:00007449n 5.491317136385353e-05
d009.s026.t004	bn:00078738n 0.37183420024639124	bn:00081857n 0.3189343865195362	bn:00006662n 0.309194233532018	bn:00004792n 3.717970205443368e-05
d008.s010.t007	bn:00051048n 0.19806873994685664	bn:00051054n 0.17652800519882822	bn:00051047n 0.15276810824305245	bn:00010534n 0.1515393909837368	bn:00051045n 0.14114582915156323	bn:00051049n 0.10384482036428787	bn:00002761n 0.07608530121816943	bn:00021477n 1.980489350533513e-05
d002.s016.t007	bn:00076369n 1.0
d012.s003.t012	bn:00053648n 0.9999000199960009	bn:00013057n 9.998000399920017e-05
d001.s017.t002	bn:00041585n 1.0
d006.s005.t008	bn:00048488n 1.0
d004.s009.t012	bn:00024712n 1.0
d009.s009.t004	bn:00021207n 0.67260979821486	bn:00026146n 0.3273229475307439	bn:00026147n 6.72542543960464e-05
d001.s014.t006	bn:00078738n 0.43603157235604706	bn:00081857n 0.28685631131283457	bn:00006662n 0.2770685175337625	bn:00004792n 4.359879735586912e-05
d006.s009.t010	bn:00007051n 0.41101903982105764	bn:00008722n 0.33521546086271853	bn:00002132n 0.2537244015220212	bn:00007480n 4.10977942026855e-05
d009.s029.t002	bn:00023235n 0.9999000199960009	bn:00023236n 9.998000399920017e-05
d004.s010.t003	bn:00002362n 1.0
d011.s017.t001	bn:00053778n 0.4809606652281836	bn:00053772n 0.37306048577074924	bn:00036522n 0.08933831642999401	bn:00053773n 0.05659244131367601	bn:00016701n 4.809125739707866e-05
d003.s010.t001	bn:00064113n 0.5092751618481725	bn:00063793n 0.4622895146794273	bn:00019749n 0.02838440104845782	bn:00064114n 5.092242394242301e-05
d006.s019.t009	bn:00032381n 1.0
d006.s028.t003	bn:00001768n 1.0
d002.s002.t014	bn:00073699n 0.5473434199134413	bn:00071062n 0.4526018512174542	bn:00068051n 5.4728869104433686e-05
d006.s026.t005	bn:00048461n 0.36064281937984904	bn:00022866n 0.34119831163751185	bn:00057562n 0.2981228083067686	bn:00064260n 3.606067587039787e-05
d006.s019.t012	bn:00048658n 1.0
d005.s002.t002	bn:00023844n 1.0
d013.s022.t011	bn:00079129n 0.3042078227380173	bn:00016907n 0.21131903756709358	bn:00078306n 0.2075695450703354	bn:00028114n 0.19873962654559638	bn:00028115n 0.07813355033845758	bn:00057522n 3.0417740499751754e-05
d004.s019.t002	bn:00007085n 0.9265057445070748	bn:00010111n 0.06829574486665436	bn:00066060n 0.0036640399008751262	bn:00004483n 0.0014418294150760336	bn:00014797n 9.264131031967552e-05
d006.s007.t004	bn:00022866n 0.39031775553885073	bn:00048461n 0.3648033789974892	bn:00057562n 0.24483983759089337	bn:00064260n 3.902787276660841e-05
d004.s015.t003	bn:00022227n 0.9999000199960009	bn:00021275n 9.998000399920017e-05
d007.s007.t006	bn:00006547n 0.9999000199960009	bn:00035705n 9.998000399920017e-05
d004.s016.t004	bn:00022227n 0.9999000199960009	bn:00021275n 9.998000399920017e-05
d013.s007.t004	bn:00048507n 0.5072924674634611	bn:00016403n 0.49265680836221	bn:00036826n 5.072417432891323e-05
d012.s016.t007	bn:00030616n 0.4711537974169586	bn:00023496n 0.3967841990944342	bn:00030625n 0.08360728155929302	bn:00064607n 0.04840761126063912	bn:00014138n 4.7110668674828386e-05
d004.s003.t011	bn:00058741n 0.5635195092229818	bn:00058777n 0.4364241444607275	bn:00058745n 5.634631629066911e-05
d010.s002.t015	bn:00044064n 1.0
d012.s012.t002	bn:00046021n 1.0
d006.s009.t007	bn:00067807n 0.5227211277402262	bn:00048655n 0.47722660537368844	bn:00048654n 5.226688608541408e-05
d007.s025.t001	bn:00012212n 0.9999000199960009	bn:00012417n 9.998000399920017e-05
d006.s021.t012	bn:00080816n 0.9999000199960009	bn:00080813n 9.998000399920017e-05
d006.s016.t009	bn:00015656n 1.0
d008.s007.t005	bn:00006901n 1.0
d006.s016.t004	bn:00078198n 0.9999000199960009	bn:00016403n 9.998000399920017e-05
d012.s003.t004	bn:00057546n 0.9999000199960009	bn:00057547n 9.998000399920017e-05
d004.s019.t001	bn:00021286n 0.30654833460641945	bn:00014160n 0.22945752713329226	bn:00022811n 0.20241192970430313	bn:00073910n 0.19829532450541443	bn:00020039n 0.04673257333898723	bn:00072566n 0.01652365894329974	bn:00001423n 3.0651768283813564e-05
d001.s026.t005	bn:00025422n 0.4847604158432752	bn:00025419n 0.47212974787977596	bn:00000086n 0.043061365082483836	bn:00025417n 4.847119446488104e-05
d006.s005.t010	bn:00048658n 1.0
d012.s003.t007	bn:00053941n 1.0
d013.s019.t002	bn:00078738n 0.7100606631455412	bn:00006662n 0.10824431843286296	bn:00081857n 0.10522154254347689	bn:00001939n 0.0763314779452832	bn:00004379n 7.099896641791233e-05	bn:00004401n 7.099896641791233e-05
d006.s017.t001	bn:00064601n 0.9999000199960009	bn:00069637n 9.998000399920017e-05
d010.s010.t003	bn:00000127n 1.0
d013.s007.t005	bn:00023308n 0.9999000199960009	bn:00023301n 9.998000399920017e-05
d008.s003.t002	bn:00007854n 1.0
d010.s018.t008	bn:00048488n 1.0
d013.s025.t002	bn:00061826n 0.9999000199960009	bn:00026104n 9.998000399920017e-05
d009.s008.t001	bn:00045201n 0.34402632018180257	bn:00045202n 0.27626662169315996	bn:00045200n 0.2064325956816582	bn:00045199n 0.12111766070392355	bn:00011735n 0.05212240254735657	bn:00045203n 3.439919209897036e-05
d010.s023.t002	bn:00048488n 1.0
d006.s021.t005	bn:00048488n 1.0
d012.s020.t005	bn:00076588n 1.0
d013.s022.t003	bn:00046038n 1.0
d001.s011.t001	bn:00021127n 1.0
d008.s006.t008	bn:00076744n 1.0
d010.s024.t001	bn:00053116n 0.9009052131213721	bn:00027355n 0.09900470536546715	bn:00001422n 9.008151316082112e-05
d012.s025.t001	bn:00077593n 1.0
d011.s006.t004	bn:00060340n 0.5621794314393679	bn:00015601n 0.43776435623872045	bn:00011687n 5.6212321911745615e-05
d009.s006.t004	bn:00007047n 0.6223775958056352	bn:00007048n 0.3775601726579378	bn:00027686n 6.223153642692084e-05
d013.s022.t005	bn:00033638n 1.0
d007.s023.t005	bn:00036292n 1.0
d011.s009.t002	bn:00032306n 0.9999000199960009	bn:00032307n 9.998000399920017e-05
d006.s010.t008	bn:00048658n 1.0
d006.s019.t004	bn:00010210n 0.48530576598370656	bn:00025084n 0.3235425233702327	bn:00025082n 0.19110318492203476	bn:00025865n 4.852572402596806e-05
d010.s006.t005	bn:00001422n 0.57829884087323	bn:00053116n 0.4216433350250928	bn:00027355n 5.782410167715529e-05
d009.s017.t004	bn:00066516n 1.0
d004.s011.t011	bn:00024112n 1.0
d006.s013.t012	bn:00078198n 0.9999000199960009	bn:00016403n 9.998000399920017e-05
d010.s004.t001	bn:00047690n 0.9999000199960009	bn:00001734n 9.998000399920017e-05
d004.s012.t008	bn:00030747n 0.9999000199960009	bn:00025171n 9.998000399920017e-05
d004.s005.t001	bn:00021286n 0.2656390817090937	bn:00014160n 0.20514687327051265	bn:00022811n 0.17920656782964006	bn:00073910n 0.15180394004661363	bn:00072566n 0.11236250767658594	bn:00020039n 0.08581446821550819	bn:00001423n 2.6561252045704805e-05
d013.s005.t003	bn:00008364n 0.9999000199960009	bn:00008367n 9.998000399920017e-05
d004.s003.t012	bn:00002362n 1.0
d013.s023.t006	bn:00079129n 0.26525872600904704	bn:00078306n 0.22652517832945612	bn:00028114n 0.21233628298537777	bn:00016907n 0.20639144992070454	bn:00028115n 0.08946183953513567	bn:00057522n 2.6523220278876818e-05
d003.s013.t004	bn:00054897n 1.0
d005.s004.t003	bn:00055177n 0.582677395374497	bn:00002155n 0.2926127544863087	bn:00006523n 0.1246515882258481	bn:00006522n 5.82619133461151e-05
d012.s001.t004	bn:00029676n 0.3870859173105985	bn:00029678n 0.35627383511206895	bn:00002096n 0.25660154285607345	bn:00077060n 3.870472125893396e-05
d008.s002.t003	bn:00005917n 0.9999000199960009	bn:00005916n 9.998000399920017e-05
d006.s023.t002	bn:00021961n 1.0
d010.s018.t001	bn:00046721n 0.4978984175066018	bn:00006469n 0.42471323142059286	bn:00000521n 0.07733856620954092	bn:00046730n 4.978486326433375e-05
d010.s006.t002	bn:00023308n 0.9999000199960009	bn:00023301n 9.998000399920017e-05
d004.s011.t006	bn:00078394n 1.0
d009.s029.t001	bn:00003341n 1.0
d009.s022.t001	bn:00066516n 1.0
d002.s003.t001	bn:00073699n 0.529432132612959	bn:00071062n 0.47051492946757156	bn:00068051n 5.293791946934897e-05
d007.s017.t009	bn:00073699n 0.6413954725219327	bn:00071062n 0.35854039434412854	bn:00068051n 6.41331339387994e-05
d013.s020.t001	bn:00047367n 1.0
d008.s003.t003	bn:00051048n 0.2075885469730904	bn:00051054n 0.20217684041154624	bn:00051047n 0.1445074896526992	bn:00010534n 0.1407549255927198	bn:00051045n 0.13452249780615624	bn:00051049n 0.1092803090681685	bn:00002761n 0.06114863371660023	bn:00021477n 2.07567790194071e-05
d012.s022.t005	bn:00013640n 1.0
d005.s012.t001	bn:00047203n 1.0
d006.s020.t002	bn:00032381n 1.0
d012.s003.t013	bn:00044916n 0.9999000199960009	bn:00070648n 9.998000399920017e-05
d006.s008.t003	bn:00005019n 0.9999000199960009	bn:00014791n 9.998000399920017e-05
d004.s015.t004	bn:00080816n 0.9999000199960009	bn:00080813n 9.998000399920017e-05
d010.s003.t005	bn:00061826n 0.9999000199960009	bn:00068394n 9.998000399920017e-05
d005.s011.t001	bn:00008364n 0.9999000199960009	bn:00008367n 9.998000399920017e-05
d001.s014.t004	bn:00016756n 0.9999000199960009	bn:00018432n 9.998000399920017e-05
d013.s009.t004	bn:00028114n 0.24242954425365335	bn:00078306n 0.22334395646785538	bn:00079129n 0.2202538858713867	bn:00016907n 0.21635783449944979	bn:00028115n 0.09759053837728254	bn:00057522n 2.4240530372328102e-05
d013.s006.t001	bn:00028015n 0.3930255293302489	bn:00028016n 0.3678500858986304	bn:00028017n 0.23908508614804982	bn:00028018n 3.9298623070717825e-05
d004.s009.t006	bn:00072566n 0.21084082602485793	bn:00021286n 0.2091919106823112	bn:00022811n 0.1703316317559888	bn:00014160n 0.1517925585313351	bn:00020039n 0.13623858782790757	bn:00073910n 0.12158340320319436	bn:00001423n 2.1081974405045292e-05
d010.s005.t004	bn:00053536n 0.5833576477483285	bn:00053318n 0.4165840223198898	bn:00053537n 5.832993178165469e-05
d002.s010.t001	bn:00053778n 0.5051404084462732	bn:00053772n 0.3695969886094818	bn:00036522n 0.08167539396039136	bn:00053773n 0.043536699993908114	bn:00016701n 5.0508989945632756e-05
d009.s028.t008	bn:00078738n 0.41077261222375516	bn:00081857n 0.2946457740558092	bn:00006662n 0.2945405405665286	bn:00004792n 4.107315390698482e-05
d011.s024.t001	bn:00023012n 1.0
d004.s007.t005	bn:00048592n 1.0
d002.s013.t012	bn:00063218n 0.9999000199960009	bn:00069755n 9.998000399920017e-05
d001.s009.t007	bn:00023236n 0.9999000199960009	bn:00023235n 9.998000399920017e-05
d007.s006.t008	bn:00060799n 0.9999000199960009	bn:00037168n 9.998000399920017e-05
d004.s002.t004	bn:00001423n 0.9999000199960009	bn:00001426n 9.998000399920017e-05
d001.s016.t003	bn:00035835n 1.0
d013.s017.t003	bn:00008364n 1.0
d008.s012.t006	bn:00067181n 1.0
d004.s001.t001	bn:00055180n 0.537922803611595	bn:00055178n 0.2752683110049832	bn:00024459n 0.1867550984817509	bn:00019727n 5.37869016709924e-05
d012.s013.t013	bn:00030616n 0.502143848553494	bn:00014138n 0.2650818305243503	bn:00030625n 0.19580154705703098	bn:00030627n 0.03692256450120566	bn:00010073n 5.0209363918957516e-05
d009.s013.t005	bn:00005677n 0.9125731912808571	bn:00054001n 0.08733556052483431	bn:00007449n 9.124819430865485e-05
d007.s020.t005	bn:00073699n 0.6494958861698867	bn:00071062n 0.35043917073580566	bn:00068051n 6.494309430755792e-05
d006.s010.t004	bn:00048496n 0.3006011802953819	bn:00048492n 0.2539643668207595	bn:00021584n 0.15492980533928777	bn:00006502n 0.15258275340259228	bn:00048494n 0.08780588919843921	bn:00027469n 0.050085947831221	bn:00048495n 3.0057112318306362e-05
d004.s006.t001	bn:00007085n 0.8912411366196974	bn:00010111n 0.10422333577743426	bn:00066060n 0.0028658258534692165	bn:00004483n 0.0015805865472575344	bn:00014797n 8.911520214175557e-05
d010.s005.t001	bn:00048488n 1.0
d002.s009.t003	bn:00063218n 0.42183467084615767	bn:00036777n 0.28892295362337145	bn:00025705n 0.14502909562472902	bn:00063223n 0.14417110065658204	bn:00063213n 4.21792491596998e-05
d008.s008.t001	bn:00047356n 1.0
d001.s003.t004	bn:00041712n 1.0
d009.s019.t001	bn:00021016n 1.0
d003.s006.t001	bn:00012213n 1.0
d006.s001.t001	bn:00005019n 0.9999000199960009	bn:00014791n 9.998000399920017e-05
d002.s002.t004	bn:00008203n 1.0
d006.s012.t007	bn:00078198n 0.9999000199960009	bn:00016403n 9.998000399920017e-05
d002.s010.t004	bn:00081289n 1.0
d004.s019.t004	bn:00033665n 1.0
d012.s020.t004	bn:00029416n 1.0
d006.s006.t005	bn:00005019n 0.9999000199960009	bn:00014791n 9.998000399920017e-05
d006.s020.t007	bn:00078738n 0.4558545045688851	bn:00081857n 0.27423522295892006	bn:00006662n 0.2698646915798271	bn:00004792n 4.5580892367651744e-05
d004.s012.t001	bn:00021286n 0.29689195639904936	bn:00014160n 0.2093294145093874	bn:00022811n 0.19788667762196738	bn:00072566n 0.13833957332926447	bn:00073910n 0.09516094695267571	bn:00020039n 0.06236174496063849	bn:00001423n 2.968622701720322e-05
d009.s028.t003	bn:00046516n 0.9999000199960009	bn:00061715n 9.998000399920017e-05
d006.s019.t001	bn:00007051n 0.5091536796073963	bn:00008722n 0.33289166808621506	bn:00002132n 0.1579037420294555	bn:00007480n 5.091027693304633e-05
d010.s002.t014	bn:00047690n 0.9999000199960009	bn:00001734n 9.998000399920017e-05
d008.s024.t009	bn:00005917n 0.9999000199960009	bn:00005916n 9.998000399920017e-05
d007.s006.t005	bn:00073699n 0.5127414291745798	bn:00071062n 0.48720730180940436	bn:00068051n 5.12690160158564e-05
d010.s023.t005	bn:00031712n 1.0
d002.s002.t013	bn:00063218n 0.3866839016767524	bn:00036777n 0.294907317285392	bn:00025705n 0.18821305748678518	bn:00063223n 0.13015705902735503	bn:00063213n 3.866452371530371e-05
d010.s022.t002	bn:00021982n 1.0
d008.s014.t002	bn:00031075n 0.9999000199960009	bn:00046665n 9.998000399920017e-05
d008.s022.t001	bn:00005917n 0.9999000199960009	bn:00005916n 9.998000399920017e-05
d007.s014.t013	bn:14866890n 0.9999000199960009	bn:00058701n 9.998000399920017e-05
d001.s011.t002	bn:00026838n 1.0
d004.s018.t001	bn:00072566n 0.28541792617185385	bn:00021286n 0.24495720594958675	bn:00022811n 0.19647610998469225	bn:00014160n 0.11468456289908839	bn:00001423n 0.11015117539153327	bn:00020039n 0.04828448066452213	bn:00073910n 2.8538938723313058e-05
d009.s011.t002	bn:00029670n 1.0
d012.s014.t003	bn:00030616n 0.5127639292255648	bn:00030625n 0.20349360450079024	bn:00014138n 0.1801743142082972	bn:00010073n 0.10351688079955186	bn:00030627n 5.127126579597688e-05
d006.s031.t006	bn:00048461n 1.0
d009.s019.t003	bn:00080813n 0.9999000199960009	bn:00043484n 9.998000399920017e-05
d004.s019.t008	bn:00064594n 0.5837033744068796	bn:00064584n 0.27468434876521863	bn:00059788n 0.14155391232691125	bn:00064590n 5.83645009905889e-05
d002.s008.t006	bn:00005053n 1.0
d003.s002.t006	bn:00003341n 0.9999000199960009	bn:00078848n 9.998000399920017e-05
d012.s021.t006	bn:00045800n 0.9999000199960009	bn:00058174n 9.998000399920017e-05
d006.s012.t003	bn:00048461n 1.0
d001.s003.t003	bn:00002086n 0.5887818034913804	bn:00018745n 0.41115932421549983	bn:00002089n 5.887229311982606e-05
d006.s025.t002	bn:00034625n 1.0
d012.s002.t005	bn:00070651n 0.3063061280806607	bn:00070659n 0.1976154866548327	bn:00026308n 0.16846434709392558	bn:00044916n 0.1345323443686048	bn:00070658n 0.13317723878382803	bn:00070647n 0.05987382746809517	bn:00027898n 3.062755005306077e-05
d006.s031.t010	bn:00054149n 0.5855498294836283	bn:00048459n 0.41439162138833613	bn:00054981n 5.854912803555928e-05
d004.s009.t001	bn:00002362n 1.0
d009.s023.t004	bn:00023807n 0.9999000199960009	bn:00034010n 9.998000399920017e-05
d009.s015.t001	bn:00032769n 1.0
d009.s029.t008	bn:00057614n 1.0
d003.s002.t009	bn:00028458n 1.0
d013.s005.t006	bn:00023681n 1.0
d004.s009.t005	bn:00021286n 0.2764232946519844	bn:00022811n 0.23590717617732324	bn:00014160n 0.15211102109371555	bn:00073910n 0.1427216712408711	bn:00020039n 0.10144433872248768	bn:00072566n 0.09136485854810941	bn:00001423n 2.7639565508647577e-05
d006.s024.t002	bn:00034552n 1.0
d001.s028.t001	bn:00023303n 0.3468394317580606	bn:00023310n 0.27922777392379416	bn:00035631n 0.1961110086046804	bn:00024541n 0.17778710523833657	bn:00023302n 3.4680475128293236e-05
d013.s011.t005	bn:00014143n 1.0
d004.s009.t004	bn:00080439n 1.0
d006.s004.t008	bn:00009472n 0.6525767539794227	bn:00009502n 0.1811878422694039	bn:00009474n 0.10530096009451259	bn:00023691n 0.06086919250637789	bn:00009475n 6.525115028291398e-05
d006.s026.t003	bn:00054149n 0.6256756449213672	bn:00048459n 0.37426179377027147	bn:00054981n 6.256130836130059e-05
d006.s020.t005	bn:00034453n 0.9999000199960009	bn:00025364n 9.998000399920017e-05
d007.s019.t004	bn:00035914n 0.9999000199960009	bn:00061900n 9.998000399920017e-05
d009.s020.t001	bn:00045201n 0.3495658215740049	bn:00045202n 0.2287584627553991	bn:00045200n 0.16523927003671554	bn:00045199n 0.12884953867204085	bn:00011735n 0.1275519538749909	bn:00045203n 3.495308684871562e-05
d012.s019.t002	bn:00059122n 1.0
d001.s002.t002	bn:00019780n 1.0
d006.s026.t008	bn:00007146n 1.0
d008.s014.t011	bn:00059087n 1.0
d007.s005.t005	bn:00053778n 0.677712577985842	bn:00053772n 0.2322863957394843	bn:00036522n 0.06235507889757935	bn:00053773n 0.027578182895744027	bn:00016701n 6.776448135044915e-05
d001.s002.t006	bn:00036512n 1.0
d001.s023.t010	bn:00016756n 0.9999000199960009	bn:00018432n 9.998000399920017e-05
d005.s011.t005	bn:00015496n 1.0
d008.s021.t003	bn:00018105n 0.9999000199960009	bn:00021396n 9.998000399920017e-05
d009.s013.t002	bn:00023236n 0.9999000199960009	bn:00023235n 9.998000399920017e-05
d007.s003.t008	bn:00058192n 1.0
d001.s022.t004	bn:00000728n 0.9999000199960009	bn:00078126n 9.998000399920017e-05
d006.s017.t003	bn:00005019n 0.9999000199960009	bn:00014791n 9.998000399920017e-05
d001.s017.t006	bn:00076967n 1.0
d008.s005.t001	bn:00006845n 1.0
d008.s016.t003	bn:00018105n 0.9999000199960009	bn:00021396n 9.998000399920017e-05
d009.s011.t006	bn:00021207n 0.7087425412127153	bn:00026146n 0.29118659161988014	bn:00026147n 7.086716740453109e-05
d008.s010.t006	bn:00051048n 0.20309450462880207	bn:00051054n 0.16147093425330364	bn:00010534n 0.1605789670549895	bn:00051045n 0.14370994405197543	bn:00051047n 0.14290437851522286	bn:00002761n 0.09814732192071726	bn:00051049n 0.0900736421552684	bn:00021477n 2.030741972090812e-05
d011.s010.t008	bn:00040851n 1.0
d004.s015.t002	bn:00070914n 1.0
d001.s018.t001	bn:00009078n 1.0
d002.s016.t009	bn:00070056n 0.9878262242177104	bn:00070057n 0.012075003037142328	bn:00072547n 9.877274514725631e-05
d008.s021.t001	bn:00009677n 0.9999000199960009	bn:00001961n 9.998000399920017e-05
d008.s019.t001	bn:00005917n 0.9999000199960009	bn:00005916n 9.998000399920017e-05
d013.s003.t011	bn:00031888n 1.0
d008.s027.t007	bn:00067280n 0.773805796512057	bn:00030952n 0.226116830645576	bn:00051979n 7.737284236696902e-05
d001.s008.t004	bn:00026838n 1.0
d012.s013.t014	bn:00023236n 0.9999000199960009	bn:00023235n 9.998000399920017e-05
d001.s002.t009	bn:00028015n 0.35208983806155225	bn:00028017n 0.3437366377710401	bn:00028016n 0.30413831870414765	bn:00028018n 3.5205463259829246e-05
d013.s008.t001	bn:00008364n 0.9999000199960009	bn:00008367n 9.998000399920017e-05
d003.s001.t004	bn:00078306n 0.2453328062158244	bn:00016907n 0.23137471000009163	bn:00079129n 0.22597144249640608	bn:00028114n 0.2151832185784376	bn:00028115n 0.08211329188170158	bn:00057522n 2.4530827538828557e-05
d006.s028.t002	bn:00048461n 0.35579715505699355	bn:00022866n 0.34500311843002984	bn:00057562n 0.2991641503550866	bn:00064260n 3.557615788991037e-05
d010.s024.t005	bn:00078206n 1.0
d010.s008.t003	bn:00020039n 0.9999000199960009	bn:00006544n 9.998000399920017e-05
d001.s013.t006	bn:00041712n 1.0
d006.s017.t004	bn:00045800n 0.9999000199960009	bn:00058174n 9.998000399920017e-05
d012.s003.t009	bn:00036202n 0.9999000199960009	bn:00003873n 9.998000399920017e-05
d008.s003.t001	bn:00047356n 1.0
d012.s019.t013	bn:00029416n 1.0
d006.s013.t011	bn:00016139n 1.0
d006.s015.t003	bn:00005019n 0.9999000199960009	bn:00014791n 9.998000399920017e-05
d008.s008.t005	bn:00005917n 0.9999000199960009	bn:00005916n 9.998000399920017e-05
d003.s002.t008	bn:00079129n 0.2579869349136933	bn:00078306n 0.24377581530416292	bn:00016907n 0.21772013715568253	bn:00028114n 0.20118290724261656	bn:00028115n 0.07930840926996459	bn:00057522n 2.5796113879981334e-05
d009.s019.t006	bn:00078738n 0.5449405503347479	bn:00001939n 0.17080720079940065	bn:00006662n 0.1484669626860878	bn:00081857n 0.13567630896741795	bn:00004379n 5.44886061728575e-05	bn:00004401n 5.44886061728575e-05
d011.s006.t001	bn:00025702n 1.0
d001.s021.t003	bn:00019782n 1.0
d010.s020.t002	bn:00030844n 1.0
d007.s026.t001	bn:00063309n 0.9999000199960009	bn:00063308n 9.998000399920017e-05
d002.s005.t001	bn:00053778n 0.4589966602029565	bn:00053772n 0.3576197018093871	bn:00036522n 0.09650553339634022	bn:00053773n 0.08683220951480343	bn:00016701n 4.5895076512644385e-05
d002.s008.t010	bn:00081289n 1.0
d003.s013.t005	bn:00031998n 1.0
d001.s023.t003	bn:00019780n 1.0
d008.s006.t003	bn:00005684n 1.0
d004.s011.t004	bn:00078546n 1.0
d002.s006.t003	bn:00073699n 0.5091121663498314	bn:00071062n 0.49083692752414626	bn:00068051n 5.0906126022380896e-05
d006.s003.t001	bn:00055094n 0.9999000199960009	bn:00005459n 9.998000399920017e-05
d012.s019.t014	bn:00030616n 0.640711188451386	bn:00014138n 0.16493284472063674	bn:00030625n 0.09825998985634005	bn:00030627n 0.09603191225926334	bn:00010073n 6.406471237390122e-05
d009.s015.t002	bn:00060708n 1.0
d001.s006.t007	bn:00029676n 0.38775190126444437	bn:00029678n 0.3373382273640517	bn:00002096n 0.27487110005850873	bn:00077060n 3.8771312995144924e-05
d001.s006.t006	bn:00029676n 0.36616715715671017	bn:00029678n 0.35046613480273864	bn:00002096n 0.28333009498614087	bn:00077060n 3.6613054410229994e-05
d004.s011.t003	bn:00008679n 1.0
d007.s014.t008	bn:00046721n 0.379181064265977	bn:00006469n 0.3419422757703134	bn:00046730n 0.2788387456487145	bn:00000521n 3.791431499509819e-05
d006.s028.t008	bn:00048461n 1.0
d006.s028.t001	bn:00047238n 1.0
d002.s013.t009	bn:00063218n 0.4995226146612051	bn:00036777n 0.34789726523687997	bn:00025705n 0.14501432450702428	bn:00063213n 0.007515848328151147	bn:00063223n 4.9947266739446565e-05
d007.s018.t002	bn:00053778n 0.5284212644869826	bn:00053772n 0.35702756366238164	bn:00036522n 0.07282190410205427	bn:00053773n 0.04167643090581719	bn:00016701n 5.2836842764421814e-05
d006.s021.t011	bn:00048658n 1.0
d007.s010.t010	bn:00050588n 0.7404293012934172	bn:00048655n 0.2594966631800061	bn:00050250n 7.403552657668406e-05
d007.s002.t003	bn:00019745n 1.0
d013.s001.t001	bn:00008364n 0.9999000199960009	bn:00008367n 9.998000399920017e-05
d007.s014.t005	bn:00017978n 0.9999000199960009	bn:00017977n 9.998000399920017e-05
d009.s027.t002	bn:00059170n 0.15976974779356348	bn:00009717n 0.1522872310383177	bn:00059168n 0.14541412545355278	bn:00001592n 0.13336855386459143	bn:00048492n 0.12446602292835265	bn:00060113n 0.10344366944612345	bn:00023134n 0.09316333532326965	bn:00059171n 0.08807133877498718	bn:00058164n 1.5975377241632184e-05
d008.s014.t009	bn:00051048n 0.2187762397369927	bn:00051054n 0.19619151526633374	bn:00051045n 0.15202840257256325	bn:00010534n 0.151330663260323	bn:00051047n 0.14545450849326996	bn:00051049n 0.09286447634271902	bn:00002761n 0.04333231889136807	bn:00021477n 2.1875436430056265e-05
d007.s008.t003	bn:00006759n 1.0
d001.s015.t002	bn:00002086n 0.5512781509681758	bn:00018745n 0.4486667267289578	bn:00002089n 5.5122302866530925e-05
d001.s009.t002	bn:00002086n 0.6057887600716884	bn:00018745n 0.3941506671095863	bn:00002089n 6.057281872529631e-05
d009.s023.t007	bn:00023236n 0.9999000199960009	bn:00023235n 9.998000399920017e-05
d004.s014.t005	bn:00042759n 0.5169904810087257	bn:00042766n 0.4829578251125613	bn:00025555n 5.169387871300127e-05
d012.s014.t001	bn:00046021n 1.0
d008.s010.t004	bn:00029424n 0.6411082568267225	bn:00027386n 0.10159917198195331	bn:00049855n 0.08053902572779047	bn:00028934n 0.05957903995112224	bn:00023236n 0.04605524209323182	bn:00023235n 0.03696633032285088	bn:00029425n 0.031674952599446166	bn:00029429n 0.0024138760816413596	bn:00041883n 6.410441524114813e-05
d006.s013.t007	bn:00032175n 0.47043217273393323	bn:00044565n 0.33867805032978354	bn:00006465n 0.19084273842286123	bn:00006464n 4.7038513422051116e-05
d001.s007.t003	bn:00003365n 0.5171556445461365	bn:00032035n 0.31500636980833996	bn:00040239n 0.16778627525210826	bn:00012125n 5.1710393415272125e-05
d006.s019.t011	bn:00057001n 1.0
d004.s005.t002	bn:00007085n 0.9411623315729061	bn:00010111n 0.055252208302286596	bn:00066060n 0.0022137358361865507	bn:00004483n 0.0012776174661455503	bn:00014797n 9.41068224750431e-05
d001.s026.t011	bn:00060464n 0.9999000199960009	bn:00062308n 9.998000399920017e-05
d008.s023.t002	bn:00007854n 1.0
d012.s006.t011	bn:00029424n 0.7108247812224404	bn:00045153n 0.28910414340697443	bn:00028141n 7.107537058518552e-05
d010.s005.t005	bn:00004452n 0.6282668302207296	bn:00029415n 0.37167034937828847	bn:00021961n 6.282040098197477e-05
d009.s019.t005	bn:00046157n 1.0
d008.s001.t005	bn:00051048n 0.2102765192578956	bn:00051054n 0.2067630461743363	bn:00010534n 0.15655280133305993	bn:00051045n 0.1337782027135555	bn:00051047n 0.12886070136376615	bn:00051049n 0.12375130796404417	bn:00002761n 0.03999639564397165	bn:00021477n 2.1025549370852476e-05
d004.s012.t004	bn:00021286n 0.2665078996915347	bn:00072566n 0.24013492109900528	bn:00014160n 0.2181737459394159	bn:00022811n 0.19794455694132415	bn:00073910n 0.07496739874919339	bn:00001423n 0.002244829454369939	bn:00020039n 2.664812515663781e-05
d010.s021.t002	bn:00023868n 0.46450068420576524	bn:00023864n 0.3008464685269947	bn:00020981n 0.23460640184336168	bn:00023856n 4.644542387818871e-05
d001.s003.t001	bn:00076732n 0.9999000199960009	bn:00069638n 9.998000399920017e-05
d008.s026.t003	bn:00009676n 0.9999000199960009	bn:00002761n 9.998000399920017e-05
d009.s003.t001	bn:00023807n 0.9999000199960009	bn:00034010n 9.998000399920017e-05
d001.s005.t003	bn:00023236n 0.9999000199960009	bn:00023235n 9.998000399920017e-05
d006.s010.t002	bn:00078198n 0.9999000199960009	bn:00016403n 9.998000399920017e-05
d007.s009.t002	bn:00005599n 0.5356308989714327	bn:00005601n 0.46110439249942253	bn:00025621n 0.0032111507950210202	bn:00055838n 5.3557734123730904e-05
d008.s023.t005	bn:00005917n 0.9999000199960009	bn:00005916n 9.998000399920017e-05
d002.s016.t006	bn:00078365n 0.5200425801546631	bn:00079947n 0.47990542078722725	bn:00081253n 5.199905810965535e-05
d006.s007.t011	bn:00060907n 1.0
d011.s011.t001	bn:00066575n 1.0
d011.s007.t003	bn:00078738n 0.3606694944241008	bn:00006662n 0.3277612438480223	bn:00081857n 0.3115331983847686	bn:00004792n 3.606334310809927e-05
d013.s018.t005	bn:00003341n 1.0
d013.s015.t002	bn:00028018n 0.5620406025005871	bn:00028017n 0.24391767666885905	bn:00028015n 0.19398552239014788	bn:00028016n 5.619844040601811e-05
d008.s025.t004	bn:00045800n 0.9999000199960009	bn:00058174n 9.998000399920017e-05
d009.s014.t003	bn:00021207n 0.7063989911322235	bn:00026146n 0.29353037603194687	bn:00026147n 7.06328358296394e-05
d005.s003.t002	bn:00054897n 1.0
d012.s007.t003	bn:00037691n 1.0
d009.s016.t004	bn:00021207n 0.7085111363848543	bn:00026146n 0.2914180195859101	bn:00026147n 7.084402923556188e-05
d009.s015.t004	bn:00001426n 0.9999000199960009	bn:00001423n 9.998000399920017e-05
d012.s009.t002	bn:00046019n 1.0
d006.s015.t005	bn:00021624n 1.0
d007.s025.t004	bn:00050588n 0.7259426034675884	bn:00050250n 0.27398480953076504	bn:00048655n 7.258700164659419e-05
d001.s019.t007	bn:00023236n 0.9999000199960009	bn:00023235n 9.998000399920017e-05
d003.s009.t007	bn:00079156n 1.0
d003.s005.t001	bn:00053458n 0.9999000199960009	bn:00053459n 9.998000399920017e-05
d008.s025.t006	bn:00006845n 1.0
d005.s008.t002	bn:00031998n 1.0
d002.s015.t001	bn:00073699n 0.7918790533188649	bn:00071062n 0.20804176669380206	bn:00068051n 7.917998733315318e-05
d013.s020.t002	bn:00001961n 0.9999000199960009	bn:00007293n 9.998000399920017e-05
d012.s019.t006	bn:00003755n 1.0
d009.s014.t007	bn:00078738n 0.36643044126558866	bn:00081857n 0.3309900884226727	bn:00006662n 0.30254283093155	bn:00004792n 3.663938018854002e-05
d006.s021.t002	bn:00025875n 0.2844398208661495	bn:00025870n 0.22550940228152824	bn:00025876n 0.14147910634146418	bn:00025874n 0.12299151604015712	bn:00025871n 0.1139275716380194	bn:00078711n 0.08492400616883541	bn:00025873n 0.026700135525873296	bn:00025878n 2.8441137972817668e-05
d007.s013.t002	bn:00002946n 1.0
d009.s020.t003	bn:00017904n 0.9999000199960009	bn:00005929n 9.998000399920017e-05
d001.s011.t007	bn:00078738n 0.6592209517237476	bn:00006662n 0.12484292069894319	bn:00081857n 0.12012797148104847	bn:00001939n 0.09567632508901658	bn:00004379n 6.591550362201256e-05	bn:00004401n 6.591550362201256e-05
d008.s026.t006	bn:00045632n 0.9999000199960009	bn:00021870n 9.998000399920017e-05
d007.s003.t012	bn:00009657n 0.9646025944026421	bn:00009656n 0.03530095498297915	bn:00009655n 9.645061437882632e-05
d012.s017.t005	bn:00012993n 0.9999000199960009	bn:00041853n 9.998000399920017e-05
d004.s019.t006	bn:00055180n 0.5749651188318646	bn:00055178n 0.23779729051704648	bn:00024459n 0.1871800998882821	bn:00019727n 5.749076280690577e-05
d004.s014.t003	bn:00024112n 1.0
d013.s009.t001	bn:00061119n 1.0
d008.s012.t005	bn:00024712n 1.0
d001.s027.t002	bn:00041200n 0.5076583406856627	bn:00070177n 0.49229089855634456	bn:00070176n 5.076075799276699e-05
d006.s004.t002	bn:00025870n 0.2838791118898783	bn:00025875n 0.20195031989266746	bn:00025876n 0.16004078181143283	bn:00025871n 0.11364507681644916	bn:00025873n 0.1088255871465752	bn:00025874n 0.06688686863618429	bn:00078711n 0.06474386873413113	bn:00025878n 2.838507268171966e-05
d001.s008.t002	bn:00028015n 0.34716757813911836	bn:00028016n 0.33444898332579054	bn:00028017n 0.3183487252486057	bn:00028018n 3.471328648526331e-05
d007.s019.t007	bn:00030844n 1.0
d006.s017.t006	bn:00021221n 0.9999000199960009	bn:00021226n 9.998000399920017e-05
d006.s019.t005	bn:00048488n 1.0
d006.s016.t007	bn:00069619n 0.9999000199960009	bn:00069620n 9.998000399920017e-05
d006.s004.t009	bn:00044994n 0.4394344820895053	bn:00000356n 0.23786607148015354	bn:00004837n 0.13863653876227133	bn:00071215n 0.09836139875370552	bn:00029305n 0.08565756986006058	bn:00045000n 4.3939054303520184e-05
d012.s024.t003	bn:00053151n 1.0
d009.s014.t006	bn:00025702n 1.0
d007.s024.t002	bn:00061328n 0.9999000199960009	bn:00037196n 9.998000399920017e-05
d013.s002.t005	bn:00008364n 0.9999000199960009	bn:00008367n 9.998000399920017e-05
d013.s003.t010	bn:00000013n 1.0
d001.s018.t007	bn:00003341n 0.9999000199960009	bn:00078848n 9.998000399920017e-05
d007.s017.t005	bn:00053778n 0.5135351718263669	bn:00053772n 0.3427392789659283	bn:00036522n 0.09455328794605004	bn:00053773n 0.04912091287931041	bn:00016701n 5.134838234440225e-05
d006.s004.t006	bn:00006469n 0.9999000199960009	bn:00070782n 9.998000399920017e-05
d003.s009.t001	bn:00032769n 1.0
d007.s005.t002	bn:00060070n 0.698957040270205	bn:00018320n 0.26005687331475896	bn:00012295n 0.03548974377596901	bn:00050371n 0.005426453923911477	bn:00018319n 6.988871515550496e-05
d008.s004.t001	bn:00009677n 0.9999000199960009	bn:00001961n 9.998000399920017e-05
d008.s018.t008	bn:00005917n 0.9999000199960009	bn:00005916n 9.998000399920017e-05
d006.s014.t005	bn:00034471n 0.7050212485575654	bn:00019127n 0.29490825636708634	bn:00034472n 7.049507534822172e-05
d011.s010.t010	bn:00041948n 0.9999000199960009	bn:00013493n 9.998000399920017e-05
d007.s023.t006	bn:00048655n 0.8703806304780167	bn:00050250n 0.12953234016187143	bn:00050588n 8.702936011179051e-05
d005.s006.t009	bn:00001887n 0.9956748800875402	bn:00055644n 0.004225562380204375	bn:00005568n 9.955753225552848e-05
d005.s003.t006	bn:00055177n 0.5662015773208329	bn:00002155n 0.32293117500558427	bn:00006523n 0.1108106331773005	bn:00006522n 5.661449628245504e-05
d001.s025.t011	bn:00043484n 0.9999000199960009	bn:00080813n 9.998000399920017e-05
d006.s020.t006	bn:00078738n 0.45576769446101517	bn:00006662n 0.2724593105297533	bn:00081857n 0.2717274227970065	bn:00004792n 4.557221222487903e-05
d013.s020.t003	bn:00075427n 1.0
d010.s019.t001	bn:00048488n 1.0
d003.s008.t002	bn:00067417n 0.7619246930119611	bn:00026625n 0.2379991221372229	bn:00026624n 7.61848508161145e-05
d007.s018.t001	bn:00069579n 0.9999000199960009	bn:00074558n 9.998000399920017e-05
d012.s006.t005	bn:00023236n 0.9999000199960009	bn:00023235n 9.998000399920017e-05
d012.s017.t001	bn:00046019n 1.0
d010.s005.t002	bn:00021349n 0.4063203757129938	bn:00017790n 0.3290786932641977	bn:00021348n 0.2645603030480346	bn:00041834n 4.0627974773822e-05
d005.s013.t001	bn:00048592n 1.0
d007.s009.t009	bn:00004527n 1.0
d001.s018.t004	bn:00026061n 1.0
d012.s008.t002	bn:00047325n 1.0
d002.s013.t005	bn:00060969n 0.9999000199960009	bn:00055597n 9.998000399920017e-05
d001.s001.t004	bn:00062759n 0.7356476266074234	bn:00062766n 0.2642788159856565	bn:00005439n 7.355740692005035e-05
d001.s011.t013	bn:00025949n 1.0
d010.s016.t011	bn:00062759n 0.3056834858230193	bn:00062899n 0.2513612116672533	bn:00021497n 0.1572517171865697	bn:00064647n 0.11719538389798348	bn:00021492n 0.08039487678615764	bn:00023295n 0.04685303099431283	bn:00013235n 0.0412297283526506	bn:00064646n 3.056529205309662e-05
d012.s008.t006	bn:00067810n 0.7119362974075503	bn:00067808n 0.2879925160813601	bn:00051291n 7.118651108964607e-05
d004.s011.t012	bn:00029424n 0.7265060621820665	bn:00045153n 0.27342129447604946	bn:00028141n 7.264334188401825e-05
d008.s019.t003	bn:00054731n 1.0
d009.s007.t005	bn:00070537n 1.0
d004.s002.t008	bn:00007085n 0.9667028252902732	bn:00010111n 0.02925293665428904	bn:00004483n 0.003113616122092177	bn:00066060n 0.0008339613168782138	bn:00014797n 9.666061646738059e-05
d005.s010.t001	bn:00001887n 0.9120284305223831	bn:00055644n 0.0878803757539371	bn:00005568n 9.119372367987033e-05
d008.s024.t010	bn:00052888n 1.0
d004.s003.t002	bn:00024112n 1.0
d012.s013.t001	bn:00029667n 1.0
d006.s017.t002	bn:00048488n 1.0
d010.s009.t005	bn:00048507n 0.9999000199960009	bn:00021769n 9.998000399920017e-05
d007.s010.t013	bn:00046139n 0.9999000199960009	bn:00070494n 9.998000399920017e-05
d006.s007.t010	bn:00048658n 1.0
d010.s018.t004	bn:00020352n 0.5515627743141912	bn:00020354n 0.4483820749234536	bn:00019155n 5.515076235518361e-05
d009.s019.t002	bn:00078931n 1.0
d010.s002.t005	bn:00059195n 0.9999000199960009	bn:00059186n 9.998000399920017e-05
d003.s002.t003	bn:00036512n 1.0
d013.s007.t002	bn:00047690n 0.3007940643100966	bn:00074901n 0.2947735357010539	bn:00074905n 0.1515893673518296	bn:00045803n 0.13226347757664866	bn:00022157n 0.12054947866158007	bn:00074900n 3.0076398791130548e-05
d013.s011.t001	bn:00023681n 1.0
d012.s025.t004	bn:00021961n 1.0
d007.s010.t009	bn:00036292n 1.0
d008.s024.t002	bn:00006845n 1.0
d002.s002.t006	bn:00073699n 0.5844027977528239	bn:00071062n 0.4155387678108444	bn:00068051n 5.8434436331649234e-05
d009.s015.t003	bn:00023236n 0.9999000199960009	bn:00023235n 9.998000399920017e-05
d004.s001.t002	bn:00024112n 1.0
d006.s029.t005	bn:00001267n 1.0
d009.s011.t004	bn:00078738n 0.3704174640912863	bn:00081857n 0.3252175564765488	bn:00006662n 0.30432794138955993	bn:00004792n 3.703804260486814e-05
d009.s029.t005	bn:00000704n 1.0
d009.s007.t002	bn:00029415n 0.8787277853529354	bn:00021961n 0.12118435065492866	bn:00004452n 8.786399213607992e-05
d008.s024.t001	bn:00054731n 1.0
d011.s003.t002	bn:00041948n 0.9999000199960009	bn:00013493n 9.998000399920017e-05
d010.s019.t007	bn:00023308n 0.9999000199960009	bn:00023301n 9.998000399920017e-05
d009.s009.t003	bn:00007047n 0.7614736490554158	bn:00027686n 0.2384502111936537	bn:00007048n 7.613975093044854e-05
d001.s008.t005	bn:00060158n 0.9999000199960009	bn:00060163n 9.998000399920017e-05
d004.s008.t005	bn:00002362n 1.0
d001.s023.t009	bn:00029676n 0.41736255779870735	bn:00029678n 0.35051697956463357	bn:00002096n 0.2320787305540874	bn:00077060n 4.1732082571613575e-05
d003.s009.t003	bn:00025645n 1.0
d002.s006.t005	bn:00008203n 1.0
d003.s009.t005	bn:00005164n 1.0
d012.s013.t003	bn:00020452n 0.9999000199960009	bn:00030716n 9.998000399920017e-05
d004.s013.t002	bn:00021286n 0.2342779064817907	bn:00022811n 0.20994211133351567	bn:00014160n 0.1968768166914976	bn:00073910n 0.13167038198406486	bn:00020039n 0.1136918654872935	bn:00072566n 0.11351749257373431	bn:00001423n 2.3425448103368735e-05
d005.s011.t007	bn:00079129n 0.2731149014753286	bn:00078306n 0.23506029687779756	bn:00028114n 0.21544328897350729	bn:00016907n 0.1987456805756862	bn:00028115n 0.07760852333840863	bn:00057522n 2.73087592716057e-05
d007.s013.t004	bn:00073699n 0.5663214776752103	bn:00071062n 0.4336218958396706	bn:00068051n 5.662648511900914e-05
d006.s017.t008	bn:00078198n 0.9999000199960009	bn:00016403n 9.998000399920017e-05
d012.s003.t003	bn:00029806n 0.9999000199960009	bn:00079004n 9.998000399920017e-05
d002.s009.t005	bn:00025236n 1.0
d005.s001.t001	bn:00008364n 0.9999000199960009	bn:00008367n 9.998000399920017e-05
d001.s015.t005	bn:00023236n 0.9999000199960009	bn:00023235n 9.998000399920017e-05
d008.s007.t002	bn:00051054n 0.21612131690371422	bn:00051048n 0.20218522566315517	bn:00010534n 0.13816586910842135	bn:00051045n 0.13043277292623734	bn:00051047n 0.1298104135046142	bn:00051049n 0.1077288718453237	bn:00002761n 0.07553392007784077	bn:00021477n 2.1609970693302094e-05
d001.s027.t003	bn:00054897n 1.0
d013.s003.t009	bn:00079129n 0.26430592435423095	bn:00016907n 0.2179222287591633	bn:00078306n 0.20856778038801432	bn:00028114n 0.2037512857339822	bn:00028115n 0.10542635281496869	bn:00057522n 2.642794964045905e-05
d005.s004.t001	bn:00017686n 1.0
d008.s019.t002	bn:00006845n 1.0
d011.s014.t001	bn:00025702n 1.0
d013.s002.t008	bn:00000013n 1.0
d004.s012.t010	bn:00070914n 1.0
d007.s013.t007	bn:00073699n 0.5881163147812869	bn:00071062n 0.41182487946781	bn:00068051n 5.880575090303839e-05
d007.s027.t003	bn:00006759n 1.0
d007.s005.t009	bn:00035914n 0.9999000199960009	bn:00061900n 9.998000399920017e-05
d009.s014.t009	bn:00017904n 0.9999000199960009	bn:00005929n 9.998000399920017e-05
d002.s016.t004	bn:00055094n 0.9999000199960009	bn:00005459n 9.998000399920017e-05
d001.s018.t008	bn:00011974n 0.5636373630360485	bn:00058469n 0.2983685004047097	bn:00025625n 0.13793777845874822	bn:00064699n 5.6358100493555505e-05
d005.s011.t003	bn:00076744n 1.0
d004.s009.t011	bn:00046705n 0.9999000199960009	bn:00025314n 9.998000399920017e-05
d012.s011.t001	bn:00062899n 0.24040597005305728	bn:00062759n 0.23090895073492337	bn:00023295n 0.19808591204972636	bn:00021492n 0.10561883123112693	bn:00064647n 0.0997877480856578	bn:00021497n 0.08665839763132534	bn:00013235n 0.03851015202099699	bn:00064646n 2.403819318598713e-05
d013.s012.t003	bn:00079129n 0.2432968449996771	bn:00078306n 0.22677346269533535	bn:00016907n 0.21619579787948656	bn:00028114n 0.20937708565621443	bn:00028115n 0.10433248151751183	bn:00057522n 2.432725177479023e-05
d001.s009.t010	bn:00031353n 0.15575226055249544	bn:00076588n 0.15526787649749255	bn:00061605n 0.14262408873314794	bn:00031261n 0.13177445936451748	bn:00040167n 0.10220994760129506	bn:00061615n 0.08541517456593516	bn:00016665n 0.08187587033671678	bn:00054358n 0.07512987427725164	bn:00045520n 0.06993487440245957	bn:00018987n 1.5573668688380707e-05
d009.s014.t001	bn:00005515n 1.0
d006.s003.t002	bn:00067181n 1.0
d013.s010.t003	bn:00008364n 1.0
d001.s017.t007	bn:00028141n 0.6827047097911753	bn:00045153n 0.31722702656421	bn:00029424n 6.826364461465607e-05
d012.s009.t005	bn:00072566n 0.38212049832119077	bn:00001423n 0.18100740919835917	bn:00022811n 0.1598946239348668	bn:00020039n 0.11978683022893757	bn:00021286n 0.10069130746708777	bn:00014160n 0.05646112262054848	bn:00073910n 3.820822900921816e-05
d010.s018.t009	bn:00017517n 0.9999000199960009	bn:00064234n 9.998000399920017e-05
d008.s026.t004	bn:00029424n 0.592659508849979	bn:00028934n 0.12349250066268375	bn:00049855n 0.08353490419488932	bn:00029425n 0.08251935302164896	bn:00027386n 0.07778546770457574	bn:00023235n 0.028416874379685805	bn:00029429n 0.006467151874664063	bn:00023236n 0.005064979286990701	bn:00041883n 5.926002488250965e-05
d007.s014.t001	bn:00032655n 1.0
d006.s016.t011	bn:00067181n 1.0
d007.s014.t006	bn:00036292n 1.0
d006.s013.t013	bn:00054149n 0.6014933966137915	bn:00048459n 0.3984464600608796	bn:00054981n 6.014332532884628e-05
d012.s013.t005	bn:00053941n 1.0
d008.s028.t001	bn:00067280n 0.8122267530707574	bn:00030952n 0.18769203237539087	bn:00051979n 8.121455385169058e-05
d009.s003.t003	bn:00079045n 1.0
d002.s004.t005	bn:00081253n 0.5115955058321303	bn:00078365n 0.48835333973273	bn:00079947n 5.1154435139699065e-05
d001.s018.t002	bn:00026061n 1.0
d010.s015.t001	bn:00048488n 1.0
d001.s011.t008	bn:00023236n 0.9999000199960009	bn:00023235n 9.998000399920017e-05
d009.s010.t002	bn:00021207n 0.7295376225741811	bn:00026146n 0.27038943095820817	bn:00026147n 7.294646761065705e-05
d008.s020.t002	bn:00009657n 0.9038290755301644	bn:00009656n 0.09608055059966966	bn:00009655n 9.037387016599985e-05
d012.s013.t012	bn:00029416n 1.0
d008.s002.t001	bn:00012940n 0.9999000199960009	bn:00027531n 9.998000399920017e-05
d006.s004.t003	bn:00054523n 1.0
d001.s013.t003	bn:00026838n 1.0
d013.s018.t001	bn:00070537n 1.0
d003.s009.t006	bn:00064113n 0.5887686718131155	bn:00063793n 0.2819741835879944	bn:00064114n 0.1291982736188069	bn:00019749n 5.887098008330322e-05
d010.s016.t008	bn:00048488n 1.0
d003.s007.t002	bn:00065106n 0.9999000199960009	bn:00065108n 9.998000399920017e-05
d008.s012.t002	bn:00057552n 1.0
d010.s019.t004	bn:00007051n 0.5430288730854542	bn:00008722n 0.33523189228517	bn:00002132n 0.12168493717181299	bn:00007480n 5.429745756278914e-05
d008.s022.t002	bn:00006845n 1.0
d008.s014.t006	bn:00010518n 1.0
d001.s016.t006	bn:00080813n 0.9999000199960009	bn:00043484n 9.998000399920017e-05
d011.s009.t001	bn:00035713n 1.0
d010.s010.t002	bn:00044967n 1.0
d006.s026.t007	bn:00007051n 0.46694626747133633	bn:00008722n 0.33055041680665215	bn:00002132n 0.20245662576426	bn:00007480n 4.66899577513585e-05
d009.s017.t003	bn:00023236n 0.9999000199960009	bn:00023235n 9.998000399920017e-05
d010.s017.t005	bn:00014137n 0.3560382657315691	bn:00021286n 0.1971579602366427	bn:00022811n 0.15213986527051324	bn:00014160n 0.13770456738465897	bn:00073910n 0.09477216845078726	bn:00031008n 0.0621515726592822	bn:00014138n 3.560026654650226e-05
d004.s012.t005	bn:00001426n 0.9999000199960009	bn:00001423n 9.998000399920017e-05
d006.s024.t011	bn:00070459n 1.0
d010.s015.t002	bn:00020356n 1.0
d006.s018.t003	bn:00007051n 0.4709083904318882	bn:00008722n 0.3812197227260106	bn:00002132n 0.14782480071167078	bn:00007480n 4.708613043014581e-05
d009.s029.t004	bn:00067239n 1.0
d008.s014.t008	bn:00018105n 0.9999000199960009	bn:00021396n 9.998000399920017e-05
d009.s021.t003	bn:00064234n 0.9999000199960009	bn:00017517n 9.998000399920017e-05
d013.s021.t002	bn:00021349n 0.4457569793930391	bn:00017790n 0.3208035973330424	bn:00021348n 0.23339485203310312	bn:00041834n 4.457124081522239e-05
d001.s012.t003	bn:00026838n 1.0
d010.s016.t007	bn:00048655n 0.8293368416826719	bn:00067807n 0.17058023292569913	bn:00048654n 8.292539162910428e-05
d001.s026.t007	bn:00042150n 0.9999000199960009	bn:00007517n 9.998000399920017e-05
d001.s026.t003	bn:00046516n 0.9999000199960009	bn:00061715n 9.998000399920017e-05
d006.s010.t001	bn:00048488n 1.0
d006.s030.t001	bn:00007051n 0.4532590176191611	bn:00008722n 0.3313678046343063	bn:00002132n 0.21532785637690743	bn:00007480n 4.532136962495362e-05
d009.s014.t004	bn:00023236n 0.9999000199960009	bn:00023235n 9.998000399920017e-05
d011.s005.t011	bn:00053778n 0.6264778131281762	bn:00053772n 0.2895164036367748	bn:00036522n 0.054235251010762195	bn:00053773n 0.029707890707125657	bn:00016701n 6.264151716110151e-05
d008.s020.t001	bn:00005917n 0.9999000199960009	bn:00005916n 9.998000399920017e-05
d013.s011.t002	bn:00003341n 1.0
d009.s027.t005	bn:00050522n 0.8191112947734734	bn:00050521n 0.18080680228734314	bn:00050523n 8.190293918342901e-05
d004.s009.t008	bn:00066699n 0.40998278692878587	bn:00028559n 0.28464345022011506	bn:00022538n 0.22581975776288812	bn:00028567n 0.07951301090893599	bn:00028566n 4.099417927495109e-05
d009.s013.t001	bn:00042601n 1.0
d012.s021.t010	bn:00057831n 0.9999000199960009	bn:00057832n 9.998000399920017e-05
d009.s022.t002	bn:00023807n 0.9999000199960009	bn:00034010n 9.998000399920017e-05
d003.s011.t001	bn:00029680n 0.6152691044365612	bn:00037094n 0.38466937480507096	bn:00079508n 6.152075836781934e-05
d007.s001.t001	bn:00006759n 1.0
d007.s016.t004	bn:00031485n 1.0
d006.s025.t004	bn:00047690n 0.9999000199960009	bn:00001734n 9.998000399920017e-05
d008.s009.t001	bn:00079152n 0.9823455423839661	bn:00000568n 0.01755623288426875	bn:00069619n 9.822473176522009e-05
d012.s013.t004	bn:00046021n 1.0
d003.s009.t002	bn:00022095n 1.0
d006.s006.t001	bn:00007051n 0.4763789268886238	bn:00008722n 0.30623009959268305	bn:00002132n 0.21734334038931702	bn:00007480n 4.763312937592479e-05
d012.s002.t010	bn:00063703n 1.0
d011.s007.t006	bn:00021722n 0.9999000199960009	bn:00050410n 9.998000399920017e-05
d004.s011.t001	bn:00078425n 1.0
d013.s004.t002	bn:00028017n 0.42760070265762695	bn:00028015n 0.37642529355448107	bn:00028018n 0.1959312479932055	bn:00028016n 4.275579468629407e-05
d008.s025.t001	bn:00064601n 0.9999000199960009	bn:00069637n 9.998000399920017e-05
d013.s019.t005	bn:00002216n 0.7829776131568106	bn:00035120n 0.21694409691086686	bn:00012938n 7.828993232244883e-05
d005.s013.t002	bn:00008364n 0.9999000199960009	bn:00008367n 9.998000399920017e-05
d010.s023.t004	bn:00048242n 0.7408359596797586	bn:00047690n 0.24209821836725987	bn:00064527n 0.016991745764632384	bn:00064526n 7.407618834914094e-05
d007.s004.t003	bn:00073699n 0.7673393193073964	bn:00071062n 0.2325839544332989	bn:00068051n 7.672625930480916e-05
d013.s003.t013	bn:00008420n 1.0
d005.s010.t002	bn:00053458n 0.9999000199960009	bn:00053459n 9.998000399920017e-05
d009.s026.t003	bn:00023236n 0.9999000199960009	bn:00023235n 9.998000399920017e-05
d001.s018.t006	bn:00016756n 0.9999000199960009	bn:00018432n 9.998000399920017e-05
d001.s006.t010	bn:00006890n 0.9999000199960009	bn:00015858n 9.998000399920017e-05
d001.s015.t003	bn:00029899n 1.0
d010.s003.t001	bn:00032022n 0.9999000199960009	bn:00031224n 9.998000399920017e-05
d005.s002.t001	bn:00008364n 0.9999000199960009	bn:00008367n 9.998000399920017e-05
d007.s001.t003	bn:00050588n 0.722257313065138	bn:00050250n 0.2776704684254065	bn:00048655n 7.221850945556825e-05
d001.s020.t003	bn:00019780n 1.0
d013.s007.t008	bn:00030605n 0.9999000199960009	bn:00041611n 9.998000399920017e-05
d013.s001.t006	bn:00003341n 1.0
d004.s012.t006	bn:00022995n 1.0
d001.s004.t004	bn:00029424n 0.6562997859541454	bn:00045153n 0.34363459062960083	bn:00028141n 6.562341625378916e-05
d006.s016.t003	bn:00054149n 0.6228057202512345	bn:00048459n 0.3771320054041748	bn:00054981n 6.227434459066439e-05
d012.s019.t011	bn:00046019n 1.0
d005.s005.t010	bn:00032300n 0.3014963938377542	bn:00017791n 0.2769057425167639	bn:00022995n 0.24102790171297855	bn:00033939n 0.18053981530778196	bn:00074577n 3.014662472130329e-05
d005.s006.t004	bn:00068929n 0.41362591863727527	bn:00053479n 0.39567775037184844	bn:00053480n 0.19065497253485816	bn:00068918n 4.135845601812571e-05
d001.s008.t003	bn:00076732n 0.9999000199960009	bn:00069638n 9.998000399920017e-05
d007.s009.t013	bn:00003340n 1.0
d004.s017.t005	bn:00024112n 1.0
d013.s012.t001	bn:00003333n 0.9999000199960009	bn:00025084n 9.998000399920017e-05
d006.s010.t007	bn:00032047n 0.9999000199960009	bn:00051859n 9.998000399920017e-05
d011.s001.t002	bn:00073092n 0.5270506312995636	bn:00016558n 0.4728966689072857	bn:00073093n 5.269979315064131e-05
d001.s008.t007	bn:00070168n 0.9999000199960009	bn:00031574n 9.998000399920017e-05
d001.s004.t005	bn:00043484n 0.9999000199960009	bn:00080813n 9.998000399920017e-05
d005.s006.t003	bn:00015496n 1.0
d008.s017.t001	bn:00012940n 0.9999000199960009	bn:00027531n 9.998000399920017e-05
d012.s016.t001	bn:00032306n 0.9999000199960009	bn:00032307n 9.998000399920017e-05
d005.s012.t002	bn:00046705n 0.9999000199960009	bn:00025314n 9.998000399920017e-05
d008.s007.t007	bn:00006845n 1.0
d005.s001.t002	bn:00055177n 0.48398587171004315	bn:00002155n 0.3411260801751092	bn:00006523n 0.17483965436705134	bn:00006522n 4.839374779622469e-05
d010.s022.t001	bn:00053531n 0.8612116986319746	bn:00034016n 0.13870218880941815	bn:00001530n 8.611255860733673e-05
d010.s006.t001	bn:00007051n 0.45864141899690164	bn:00008722n 0.321048131457855	bn:00002132n 0.22026458998929913	bn:00007480n 4.585955594409576e-05
d011.s004.t002	bn:00023012n 1.0
d009.s027.t004	bn:00064234n 0.9999000199960009	bn:00017517n 9.998000399920017e-05
d009.s013.t006	bn:00075812n 0.37603987662643684	bn:00011012n 0.22422325207883556	bn:00005869n 0.22079802126219292	bn:00069552n 0.17890124980489464	bn:00060201n 3.76002276398797e-05
d012.s006.t006	bn:00000013n 1.0
d008.s014.t005	bn:00018105n 0.9999000199960009	bn:00021396n 9.998000399920017e-05
d002.s003.t007	bn:00078365n 0.7208211385852786	bn:00081253n 0.2791067865083535	bn:00079947n 7.207490636789107e-05
d007.s014.t007	bn:00050588n 0.7437805845700238	bn:00048655n 0.25614504480858125	bn:00050250n 7.43706213948629e-05
d008.s018.t002	bn:00046952n 1.0
d006.s005.t009	bn:00015656n 1.0
d010.s004.t010	bn:00021982n 1.0
d006.s013.t003	bn:00075359n 1.0
d005.s006.t008	bn:00079129n 0.2380187805673081	bn:00016907n 0.2166057396246572	bn:00078306n 0.21058160820190133	bn:00028114n 0.20213687838446934	bn:00028115n 0.13263319372355722	bn:00057522n 2.379949810692012e-05
d006.s011.t001	bn:00081546n 1.0
d006.s004.t007	bn:00018346n 0.9999000199960009	bn:00018345n 9.998000399920017e-05
d006.s009.t008	bn:00046516n 0.9999000199960009	bn:00061715n 9.998000399920017e-05
d005.s008.t007	bn:00076588n 0.18004555765113023	bn:00031353n 0.17145987107534227	bn:00061605n 0.1667976681642481	bn:00031261n 0.1287235761273366	bn:00040167n 0.09880148799111048	bn:00045520n 0.07179430300794218	bn:00061615n 0.06936411373174556	bn:00016665n 0.06311721129914817	bn:00054358n 0.04987820819650678	bn:00018987n 1.8002755489564068e-05
d006.s021.t007	bn:00064806n 1.0
d010.s002.t007	bn:00064234n 0.9999000199960009	bn:00017517n 9.998000399920017e-05
d008.s027.t004	bn:00051048n 0.2047749455647592	bn:00051054n 0.19183983462828136	bn:00010534n 0.16141825554481565	bn:00051047n 0.15745233804816788	bn:00051045n 0.14027381759551583	bn:00051049n 0.08796218457405643	bn:00002761n 0.05625814859739198	bn:00021477n 2.0475447011774743e-05
d007.s017.t008	bn:00032655n 1.0
d004.s009.t003	bn:00078738n 0.7031581224268147	bn:00001939n 0.07829373230171978	bn:00004379n 0.07335807377220513	bn:00004401n 0.07335807377220513	bn:00006662n 0.0717616889456907	bn:00081857n 7.030878136454502e-05
d006.s016.t010	bn:00021905n 0.5968381433590985	bn:00021904n 0.40310217879435023	bn:00021906n 5.9677846551254726e-05
d001.s019.t004	bn:00022995n 1.0
d012.s011.t003	bn:00008267n 1.0
d012.s015.t008	bn:00029416n 1.0
d006.s032.t001	bn:00047690n 0.9999000199960009	bn:00001734n 9.998000399920017e-05
d008.s014.t001	bn:00012940n 0.9999000199960009	bn:00027531n 9.998000399920017e-05
d011.s005.t001	bn:00017605n 0.9999000199960009	bn:00000790n 9.998000399920017e-05
d012.s016.t009	bn:00025916n 0.9792137810207409	bn:00069520n 0.020688307392315704	bn:00025913n 9.791158694337975e-05
d003.s013.t006	bn:00078738n 0.480293070311232	bn:00081857n 0.26952422343063337	bn:00006662n 0.2501346817535538	bn:00004792n 4.802450458066513e-05
d001.s019.t006	bn:00041712n 1.0
d001.s011.t004	bn:00028116n 1.0
d004.s018.t004	bn:00002362n 1.0
d006.s015.t002	bn:00023308n 0.9999000199960009	bn:00023301n 9.998000399920017e-05
d011.s006.t002	bn:00036512n 1.0
d012.s013.t015	bn:00046019n 1.0
d008.s015.t002	bn:00067280n 0.7199131643956981	bn:00030952n 0.28001485148627425	bn:00051979n 7.198411802776702e-05
d011.s006.t003	bn:00053778n 0.5616268527782992	bn:00053772n 0.32298035422951576	bn:00053773n 0.0768673722694539	bn:00036522n 0.038469263653160425	bn:00016701n 5.6157069570872824e-05
d001.s022.t005	bn:00060158n 0.9999000199960009	bn:00060163n 9.998000399920017e-05
d001.s025.t009	bn:00046705n 0.9999000199960009	bn:00025314n 9.998000399920017e-05
d013.s014.t002	bn:00075151n 1.0
d012.s011.t005	bn:00048242n 0.9548361538133673	bn:00047690n 0.027372199593063036	bn:00064526n 0.01769617252559509	bn:00064527n 9.547406797453929e-05
d012.s003.t014	bn:00029545n 1.0
d004.s017.t004	bn:00047203n 1.0
d005.s011.t008	bn:00017686n 0.6587131783132627	bn:00017490n 0.18571349672161777	bn:00017489n 0.08938721850301502	bn:00017492n 0.0624673523495445	bn:00074685n 0.003652889381201872	bn:00080500n 6.586473135819046e-05
d001.s008.t001	bn:00060158n 0.9999000199960009	bn:00060163n 9.998000399920017e-05
d006.s021.t009	bn:00034552n 1.0
d006.s031.t004	bn:00021624n 1.0
d005.s009.t005	bn:00011301n 0.9999000199960009	bn:00074458n 9.998000399920017e-05
d003.s007.t005	bn:00053458n 0.9999000199960009	bn:00053459n 9.998000399920017e-05
