d006.s013.t008	bn:00001530n 0.4009135783082488	bn:00034016n 0.3893992415611989	bn:00053531n 0.20964709278145624	bn:00025097n 4.008734909591529e-05
d008.s014.t005	bn:00018105n 0.9999000199960009	bn:00021394n 9.998000399920017e-05
d008.s026.t005	bn:00006845n 1.0
d001.s026.t011	bn:00029345n 1.0
d006.s021.t002	bn:00032381n 1.0
d002.s016.t004	bn:00047683n 1.0
d002.s008.t004	bn:00044531n 0.7177436769916588	bn:00067547n 0.2821845558173612	bn:00047691n 7.176719098006787e-05
d006.s029.t006	bn:00032556n 0.7792579459634331	bn:00051968n 0.22066413603377077	bn:00006386n 7.791800279606371e-05
d009.s007.t003	bn:00070537n 1.0
d007.s005.t001	bn:00053238n 0.6502437212969078	bn:00055441n 0.34969126083274965	bn:00033729n 6.501787034265652e-05
d012.s019.t003	bn:00023237n 0.8110837130934986	bn:00028934n 0.177283826801098	bn:00023236n 0.011551359844120212	bn:00023235n 8.110026128322155e-05
d009.s032.t003	bn:00017171n 1.0
d001.s023.t002	bn:00058674n 1.0
d009.s025.t006	bn:00026817n 0.9999000199960009	bn:00017904n 9.998000399920017e-05
d012.s017.t003	bn:00046019n 1.0
d004.s004.t001	bn:00021286n 0.2942359650811737	bn:00031008n 0.2603536622030053	bn:00014160n 0.16062072662804916	bn:00022811n 0.15485759246476102	bn:00014137n 0.12990263296856794	bn:00014138n 2.9420654442673108e-05
d004.s002.t006	bn:00007085n 1.0
d008.s025.t006	bn:00052888n 1.0
d004.s018.t003	bn:00002362n 1.0
d003.s013.t005	bn:00061135n 0.9999000199960009	bn:00061499n 9.998000399920017e-05
d007.s015.t005	bn:00064192n 0.2777765805528109	bn:00022334n 0.22414253565663533	bn:00066933n 0.2147296004411111	bn:00068525n 0.1362487669746331	bn:00016665n 0.11970607663643072	bn:00054358n 0.02736866485781154	bn:00045520n 2.7774880567224367e-05
d010.s017.t001	bn:00064077n 1.0
d001.s026.t001	bn:00069468n 0.9999000199960009	bn:00032426n 9.998000399920017e-05
d001.s011.t012	bn:00002954n 0.9999000199960009	bn:00035296n 9.998000399920017e-05
d009.s032.t006	bn:00068130n 1.0
d010.s026.t002	bn:00043372n 1.0
d007.s029.t002	bn:00064428n 1.0
d013.s007.t004	bn:00030605n 0.9999000199960009	bn:00041611n 9.998000399920017e-05
d006.s003.t002	bn:00067181n 1.0
d008.s006.t001	bn:00073210n 1.0
d012.s008.t004	bn:00044759n 1.0
d010.s019.t005	bn:00048488n 1.0
d009.s011.t001	bn:00061757n 1.0
d012.s002.t005	bn:00063703n 1.0
d005.s003.t005	bn:00030330n 0.6813134036098967	bn:00043544n 0.31861847186219516	bn:00003142n 6.812452790819884e-05
d009.s028.t004	bn:00061135n 0.9999000199960009	bn:00061499n 9.998000399920017e-05
d001.s025.t006	bn:00028247n 0.9908211122691817	bn:00034158n 0.009079815526811702	bn:00028248n 9.907220400651752e-05
d009.s013.t001	bn:00042601n 1.0
d006.s005.t006	bn:00030722n 1.0
d002.s005.t001	bn:00037180n 0.633413251956451	bn:00037182n 0.3665234130518525	bn:00007800n 6.333499169647547e-05
d012.s008.t001	bn:00004801n 0.9999000199960009	bn:00033854n 9.998000399920017e-05
d012.s013.t009	bn:00029670n 1.0
d010.s003.t003	bn:00048488n 1.0
d009.s013.t008	bn:00026817n 0.9999000199960009	bn:00017904n 9.998000399920017e-05
d001.s028.t001	bn:00079435n 1.0
d012.s014.t002	bn:00026697n 1.0
d009.s015.t001	bn:00078738n 0.44708369151778043	bn:00006662n 0.2068509424864471	bn:00081857n 0.18597072854992056	bn:00001939n 0.16000522964832783	bn:00004379n 4.470389876190185e-05	bn:00004401n 4.470389876190185e-05
d010.s008.t007	bn:00025878n 0.9999000199960009	bn:00025871n 9.998000399920017e-05
d008.s023.t001	bn:00047356n 1.0
d001.s007.t003	bn:00067199n 0.6580486778953576	bn:00026025n 0.3418855238166817	bn:00068929n 6.57982879607397e-05
d004.s003.t005	bn:00068130n 1.0
d009.s031.t009	bn:00078738n 0.4212100522052972	bn:00006662n 0.2199004805728052	bn:00081857n 0.1855089270434291	bn:00001939n 0.1732963065913859	bn:00004379n 4.211679354117561e-05	bn:00004401n 4.211679354117561e-05
d002.s016.t008	bn:00070056n 0.9999000199960009	bn:00072547n 9.998000399920017e-05
d010.s006.t005	bn:00025341n 0.9962971250627922	bn:00063216n 0.003603255186676523	bn:00010728n 9.96197505312261e-05
d001.s011.t006	bn:00078738n 0.38735818678565315	bn:00006662n 0.2193877235807769	bn:00081857n 0.2046592879978829	bn:00001939n 0.18851733774471893	bn:00004379n 3.873194548401692e-05	bn:00004401n 3.873194548401692e-05
d009.s031.t005	bn:00080831n 1.0
d001.s011.t013	bn:00028863n 1.0
d011.s013.t004	bn:00058285n 1.0
d003.s011.t002	bn:00027386n 0.48557856921989084	bn:00029425n 0.20808684633064392	bn:00041883n 0.15570961333404304	bn:00035304n 0.1505764181138002	bn:00007037n 4.855300162182691e-05
d012.s021.t006	bn:00046019n 1.0
d001.s014.t003	bn:00016756n 1.0
d013.s013.t001	bn:00071671n 0.9999000199960009	bn:00059750n 9.998000399920017e-05
d001.s004.t002	bn:00026838n 1.0
d006.s032.t005	bn:00023362n 0.9999000199960009	bn:00067181n 9.998000399920017e-05
d006.s021.t005	bn:00078738n 0.29244986711158827	bn:00001939n 0.24663474715033729	bn:00081857n 0.23399506196004116	bn:00006662n 0.22686183965302337	bn:00004379n 2.9242062504908336e-05	bn:00004401n 2.9242062504908336e-05
d010.s013.t001	bn:00042091n 0.9999000199960009	bn:00037457n 9.998000399920017e-05
d003.s001.t001	bn:00080397n 1.0
d006.s009.t004	bn:00023301n 1.0
d002.s013.t004	bn:00002185n 1.0
d010.s018.t006	bn:00047079n 1.0
d010.s019.t001	bn:00031709n 1.0
d004.s009.t005	bn:00077905n 0.9451483402936042	bn:00047741n 0.05475715432290476	bn:00033729n 9.450538349101132e-05
d001.s010.t002	bn:00030565n 0.9999000199960009	bn:00027473n 9.998000399920017e-05
d010.s014.t002	bn:00001939n 0.31618826459675786	bn:00006662n 0.3074523769254557	bn:00081857n 0.27192599117203753	bn:00078738n 0.10437013597596242	bn:00004379n 3.161566489318647e-05	bn:00004401n 3.161566489318647e-05
d008.s014.t001	bn:00027529n 1.0
d006.s020.t002	bn:00032100n 0.889997188541963	bn:00032099n 0.10991382063826476	bn:00016401n 8.899081977221909e-05
d007.s014.t001	bn:00006385n 1.0
d011.s010.t003	bn:00040851n 1.0
d012.s001.t001	bn:00046021n 1.0
d006.s032.t007	bn:00064192n 0.303951671762607	bn:00022334n 0.25640742055110133	bn:00066933n 0.19717775932615342	bn:00068525n 0.17043776042928813	bn:00054358n 0.04434477626754779	bn:00016665n 0.027650219535338794	bn:00045520n 3.0392127963464355e-05
d009.s030.t005	bn:00014137n 1.0
d008.s028.t001	bn:00005917n 1.0
d007.s005.t005	bn:00062958n 0.3139659456422155	bn:00015914n 0.19329450954726263	bn:00053303n 0.18222816494726246	bn:00015916n 0.17062730016914318	bn:00077174n 0.13985268623889754	bn:00001275n 3.1393455218699686e-05
d001.s009.t002	bn:00000728n 0.965309195908272	bn:00047692n 0.03459428282426398	bn:00026488n 9.65212674640808e-05
d012.s003.t001	bn:00029806n 1.0
d009.s018.t002	bn:00050165n 1.0
d009.s021.t005	bn:00050165n 1.0
d007.s020.t005	bn:00037180n 0.709020270254197	bn:00037182n 0.2909088348082713	bn:00007800n 7.089493753166655e-05
d008.s008.t005	bn:00005917n 1.0
d006.s030.t003	bn:00003125n 0.9999000199960009	bn:00001410n 9.998000399920017e-05
d006.s008.t002	bn:00047208n 1.0
d008.s010.t006	bn:00051054n 0.9883228116599702	bn:00051047n 0.011578365941103803	bn:00051045n 9.88223989261044e-05
d002.s008.t007	bn:00001559n 1.0
d012.s002.t007	bn:00045163n 1.0
d010.s009.t002	bn:00075315n 0.9999000199960009	bn:00027206n 9.998000399920017e-05
d001.s009.t009	bn:00030565n 0.9999000199960009	bn:00027473n 9.998000399920017e-05
d008.s004.t002	bn:00022184n 1.0
d007.s009.t001	bn:00021395n 1.0
d004.s016.t002	bn:00000728n 0.5890495026210755	bn:00022227n 0.34444678232850257	bn:00021275n 0.06644481599006592	bn:00000726n 5.889906035607195e-05
d001.s004.t004	bn:00043484n 1.0
d006.s015.t002	bn:00021624n 1.0
d002.s013.t011	bn:00036111n 1.0
d006.s007.t005	bn:00026624n 1.0
d012.s013.t010	bn:00029416n 1.0
d007.s004.t005	bn:00058701n 0.4287456317022616	bn:00078929n 0.28568162622244825	bn:00035711n 0.28552987179914757	bn:00005340n 4.2870276142611904e-05
d007.s022.t001	bn:00059130n 0.9999000199960009	bn:00054625n 9.998000399920017e-05
d008.s019.t001	bn:00005917n 1.0
d006.s032.t001	bn:00058461n 1.0
d005.s010.t005	bn:00055644n 1.0
d002.s005.t003	bn:00009636n 0.6518492204826355	bn:00009632n 0.34808560111315673	bn:00009635n 6.517840420784277e-05
d009.s032.t005	bn:00028934n 0.45974022119412794	bn:00023236n 0.3204543474848717	bn:00023235n 0.2197594618958235	bn:00023237n 4.596942517689511e-05
d012.s025.t001	bn:00077593n 1.0
d001.s019.t007	bn:00023236n 0.7782885962611676	bn:00028934n 0.1755873552841983	bn:00023235n 0.04604622737711571	bn:00023237n 7.782107751836494e-05
d008.s016.t002	bn:00078198n 1.0
d013.s005.t001	bn:00070613n 0.9999000199960009	bn:00034422n 9.998000399920017e-05
d009.s023.t002	bn:00029678n 0.9999000199960009	bn:00007078n 9.998000399920017e-05
d011.s003.t001	bn:00060158n 1.0
d013.s025.t002	bn:00000763n 0.9999000199960009	bn:00019407n 9.998000399920017e-05
d006.s015.t008	bn:00016403n 0.5072192057585023	bn:00042677n 0.4927300773926068	bn:00016411n 5.071684889096113e-05
d004.s011.t001	bn:00008679n 1.0
d007.s004.t001	bn:00055094n 1.0
d009.s023.t004	bn:00064234n 0.9999000199960009	bn:00017517n 9.998000399920017e-05
d006.s022.t008	bn:00023856n 1.0
d009.s031.t010	bn:00067239n 1.0
d003.s006.t002	bn:00030722n 1.0
d001.s024.t005	bn:00047208n 1.0
d004.s018.t001	bn:00031008n 0.29761015176270833	bn:00021286n 0.27005367998540436	bn:00014160n 0.20581378128609107	bn:00022811n 0.13895512358702394	bn:00014138n 0.08753750533939998	bn:00014137n 2.97580393723336e-05
d002.s013.t008	bn:00027749n 1.0
d010.s016.t003	bn:00033914n 1.0
d006.s033.t001	bn:00016403n 0.9343740740673788	bn:00016411n 0.06553249786802078	bn:00042677n 9.342806460027786e-05
d003.s003.t001	bn:00019944n 0.9999000199960009	bn:00019964n 9.998000399920017e-05
d010.s026.t001	bn:00023856n 1.0
d013.s011.t003	bn:00008420n 1.0
d007.s006.t005	bn:00037182n 0.5127981730615895	bn:00037180n 0.4871505522485734	bn:00007800n 5.127468983717523e-05
d009.s031.t007	bn:00003341n 1.0
d001.s022.t003	bn:00034004n 0.9999000199960009	bn:00054278n 9.998000399920017e-05
d003.s002.t006	bn:00050378n 0.9999000199960009	bn:00046478n 9.998000399920017e-05
d001.s028.t003	bn:00059480n 0.538577005369874	bn:00059482n 0.2805221756781941	bn:00001423n 0.18084696663662647	bn:00005863n 5.385231530545686e-05
d010.s004.t003	bn:00023236n 0.7089959033908233	bn:00064914n 0.2909332041080877	bn:00023235n 7.089250108897344e-05
d005.s003.t009	bn:00031888n 1.0
d001.s016.t004	bn:00047021n 1.0
d001.s001.t001	bn:00062759n 1.0
d004.s005.t004	bn:00036512n 1.0
d009.s032.t002	bn:00023237n 0.44953424284041266	bn:00028934n 0.40887757985333806	bn:00023235n 0.14154322837685815	bn:00023236n 4.4948929391102154e-05
d006.s016.t007	bn:00015656n 1.0
d003.s002.t010	bn:00061135n 0.9999000199960009	bn:00061499n 9.998000399920017e-05
d004.s019.t004	bn:00008694n 1.0
d010.s015.t001	bn:00064192n 0.27259143316918466	bn:00022334n 0.2543674981888046	bn:00066933n 0.23168954079428236	bn:00068525n 0.17377563635241408	bn:00054358n 0.05308701541360592	bn:00045520n 0.014461619664033063	bn:00016665n 2.725641767515095e-05
d006.s011.t002	bn:00081546n 1.0
d001.s014.t005	bn:00014103n 1.0
d008.s029.t001	bn:00066443n 0.5310583261134592	bn:00016851n 0.46888857336398176	bn:00066444n 5.310052255909001e-05
d013.s023.t007	bn:00078738n 0.37990633513789973	bn:00006662n 0.24877031376008316	bn:00081857n 0.19037418447891405	bn:00001939n 0.18087319295344237	bn:00004379n 3.798683483030695e-05	bn:00004401n 3.798683483030695e-05
d007.s003.t004	bn:00037180n 0.6436909797538504	bn:00037182n 0.35624465758444046	bn:00007800n 6.436266170921412e-05
d013.s022.t002	bn:00033638n 1.0
d006.s032.t002	bn:00021628n 0.3924875005531671	bn:00025693n 0.3470569407575378	bn:00048496n 0.25908929277797127	bn:00018661n 0.0013270210857511335	bn:00003132n 3.924482557275944e-05
d009.s017.t001	bn:00029680n 0.9999000199960009	bn:00079508n 9.998000399920017e-05
d003.s002.t007	bn:00041249n 0.9999000199960009	bn:00045714n 9.998000399920017e-05
d009.s003.t001	bn:00023827n 1.0
d001.s002.t006	bn:00017219n 0.7305973170231096	bn:00011299n 0.2308586045299005	bn:00017145n 0.03847102602053019	bn:00062785n 7.3052426459665e-05
d013.s005.t003	bn:00023681n 1.0
d013.s006.t004	bn:00008364n 0.4989558486139085	bn:00008367n 0.21055533702479468	bn:00009850n 0.17973994133361587	bn:00009475n 0.11069898243187894	bn:00074567n 4.989059580181068e-05
d004.s011.t005	bn:00058745n 1.0
d004.s002.t005	bn:00068696n 1.0
d006.s029.t002	bn:00048461n 1.0
d005.s006.t005	bn:00055644n 1.0
d011.s019.t002	bn:00073699n 1.0
d006.s010.t001	bn:00048488n 1.0
d009.s001.t001	bn:00036826n 1.0
d007.s015.t003	bn:00015925n 1.0
d009.s016.t003	bn:00023236n 0.4556152653863533	bn:00023235n 0.4317519073991451	bn:00028934n 0.11258727024365994	bn:00023237n 4.5556970841551176e-05
d001.s020.t001	bn:00037180n 0.7041620713189604	bn:00037182n 0.2957675195148244	bn:00007800n 7.04091662152745e-05
d007.s013.t003	bn:00063049n 1.0
d001.s006.t002	bn:00059228n 0.9999000199960009	bn:00074354n 9.998000399920017e-05
d008.s007.t004	bn:00006912n 1.0
d008.s029.t004	bn:00001648n 0.6516900663970546	bn:00040165n 0.3482447711125547	bn:00031353n 6.51624903906664e-05
d009.s031.t013	bn:00078738n 0.4327490520117506	bn:00006662n 0.22324733887355994	bn:00081857n 0.1859164695827191	bn:00001939n 0.15800059837568334	bn:00004379n 4.327057814336073e-05	bn:00004401n 4.327057814336073e-05
d009.s024.t001	bn:00054693n 1.0
d012.s008.t006	bn:00078738n 0.29816893449954684	bn:00006662n 0.29507529967286433	bn:00081857n 0.22557232895748272	bn:00001939n 0.18112380904598843	bn:00004379n 2.9813912058748815e-05	bn:00004401n 2.9813912058748815e-05
d007.s008.t002	bn:00031735n 1.0
d006.s033.t002	bn:00017234n 1.0
d005.s011.t007	bn:00019169n 1.0
d001.s004.t003	bn:00077270n 0.9999000199960009	bn:00076545n 9.998000399920017e-05
d006.s025.t001	bn:00014710n 0.6978559459876247	bn:00052325n 0.30207427539563825	bn:00055794n 6.977861673708876e-05
d006.s026.t002	bn:00034625n 1.0
d012.s023.t003	bn:00026684n 1.0
d010.s018.t001	bn:00027749n 0.9999000199960009	bn:00051758n 9.998000399920017e-05
d011.s016.t001	bn:00060158n 1.0
d012.s006.t011	bn:00036202n 1.0
d009.s031.t002	bn:00061135n 0.9999000199960009	bn:00061499n 9.998000399920017e-05
d008.s025.t002	bn:00006845n 1.0
d006.s024.t003	bn:00023362n 0.9999000199960009	bn:00067181n 9.998000399920017e-05
d006.s018.t001	bn:00064601n 1.0
d007.s028.t001	bn:00009717n 1.0
d006.s012.t001	bn:00025646n 1.0
d005.s003.t007	bn:00079129n 0.750146850704907	bn:00028114n 0.24977814211074087	bn:00028115n 7.500718435205551e-05
d003.s006.t003	bn:00006662n 0.2715480295150034	bn:00081857n 0.2576841796257409	bn:00078738n 0.24325182227005046	bn:00001939n 0.2274616644137197	bn:00004379n 2.715208774272607e-05	bn:00004401n 2.715208774272607e-05
d009.s018.t001	bn:00025646n 1.0
d008.s014.t007	bn:00051675n 0.5415580753429758	bn:00037572n 0.45838777426452915	bn:00031053n 5.415039249504808e-05
d001.s021.t003	bn:00022227n 0.46892541890523476	bn:00021275n 0.3394439387009448	bn:00000728n 0.1915837545407151	bn:00000726n 4.688785310521296e-05
d012.s007.t002	bn:00005380n 0.46584355855884396	bn:00025968n 0.286945333755516	bn:00025972n 0.24716452798775387	bn:00063223n 4.657969788609579e-05
d005.s010.t003	bn:00000762n 0.6687165082394659	bn:00034540n 0.33121662679620656	bn:00058469n 6.686496432751384e-05
d012.s003.t010	bn:00070648n 1.0
d013.s024.t002	bn:00016592n 1.0
d001.s017.t003	bn:00037180n 0.5827485452263432	bn:00037182n 0.4171931857460368	bn:00007800n 5.8269027619872346e-05
d002.s011.t001	bn:00068495n 1.0
d007.s005.t003	bn:00041943n 0.40015602409505896	bn:00041942n 0.2062704061678538	bn:00008280n 0.2023852130689462	bn:00068051n 0.17002064621225763	bn:00073698n 0.021127698854633836	bn:00018111n 4.0011601249380965e-05
d006.s009.t005	bn:00048655n 0.7263603613718682	bn:00067807n 0.2735670098548719	bn:00064490n 7.262877325986084e-05
d010.s022.t003	bn:00008280n 0.45935211909082446	bn:00041942n 0.30157900798577003	bn:00068051n 0.17607964825713185	bn:00041943n 0.03710720583197912	bn:00018111n 0.025836088215447257	bn:00073698n 4.5930618847197725e-05
d002.s003.t005	bn:00078365n 1.0
d008.s014.t009	bn:00064601n 1.0
d012.s024.t003	bn:00047215n 0.9999000199960009	bn:00047216n 9.998000399920017e-05
d009.s014.t003	bn:00023236n 0.5269617959163864	bn:00023235n 0.3885562888325637	bn:00028934n 0.08442922434054942	bn:00023237n 5.269091050058858e-05
d011.s007.t001	bn:00060799n 1.0
d001.s011.t002	bn:00014791n 0.9999000199960009	bn:00075966n 9.998000399920017e-05
d009.s012.t002	bn:00029678n 0.9999000199960009	bn:00007078n 9.998000399920017e-05
d009.s032.t008	bn:00057614n 1.0
d011.s004.t007	bn:00023236n 0.41244863091849926	bn:00028934n 0.37965412158454	bn:00023235n 0.2078560067579427	bn:00023237n 4.124073901794813e-05
d001.s018.t001	bn:00005731n 0.9999000199960009	bn:00020858n 9.998000399920017e-05
d011.s006.t004	bn:00060340n 1.0
d013.s003.t004	bn:00003341n 1.0
d003.s003.t003	bn:00028458n 1.0
d011.s012.t002	bn:00060799n 1.0
d005.s009.t004	bn:00047365n 1.0
d010.s004.t005	bn:00043361n 1.0
d006.s005.t005	bn:00021904n 1.0
d007.s008.t001	bn:00021395n 1.0
d010.s019.t009	bn:00033914n 1.0
d008.s011.t003	bn:00029424n 0.6754128246437069	bn:00041883n 0.11409049905751323	bn:00027386n 0.10640661291654839	bn:00029425n 0.10402252885322004	bn:00029429n 6.753452901146954e-05
d013.s006.t001	bn:00060464n 1.0
d007.s006.t002	bn:00077924n 0.9999000199960009	bn:00020119n 9.998000399920017e-05
d001.s025.t004	bn:00001697n 1.0
d009.s023.t001	bn:00012786n 1.0
d006.s032.t004	bn:00021624n 1.0
d008.s026.t001	bn:00027977n 1.0
d009.s004.t005	bn:00003341n 1.0
d001.s018.t006	bn:00016756n 1.0
d005.s003.t003	bn:00055177n 0.6700975333980592	bn:00002155n 0.3298354635489063	bn:00006523n 6.700305303450247e-05
d007.s027.t002	bn:00016403n 0.6101632207398973	bn:00016411n 0.3897757690390508	bn:00042677n 6.101022105188455e-05
d009.s027.t002	bn:00078738n 0.4141696815879331	bn:00006662n 0.21869482651505087	bn:00081857n 0.19091829413523495	bn:00001939n 0.17613437210802863	bn:00004379n 4.14128268761057e-05	bn:00004401n 4.14128268761057e-05
d005.s011.t003	bn:00079129n 0.6677025464759683	bn:00028114n 0.332230689945742	bn:00028115n 6.676357828976786e-05
d010.s004.t011	bn:00014343n 0.6414937129683768	bn:00016709n 0.35844214407462216	bn:00043354n 6.414295700113757e-05
d008.s025.t007	bn:00055809n 0.3067033453447196	bn:00055813n 0.28003507508576153	bn:00052325n 0.2613912103677551	bn:00055794n 0.15183970193395607	bn:00005913n 3.0667267807691194e-05
d004.s004.t003	bn:00034265n 0.550849947596822	bn:00006752n 0.30964262213986643	bn:00034274n 0.13824568870905135	bn:00005869n 0.0012066620674492051	bn:00034267n 5.507948681100111e-05
d006.s005.t007	bn:00015656n 1.0
d013.s023.t005	bn:00055044n 1.0
d006.s007.t002	bn:00023362n 0.9999000199960009	bn:00067181n 9.998000399920017e-05
d001.s002.t005	bn:00028018n 1.0
d001.s005.t001	bn:00076732n 0.9999000199960009	bn:00014512n 9.998000399920017e-05
d006.s012.t003	bn:00016403n 0.7203834049870305	bn:00042677n 0.27954456387558446	bn:00016411n 7.203113738496456e-05
d010.s008.t002	bn:00000020n 1.0
d001.s018.t005	bn:00052888n 1.0
d003.s001.t003	bn:00079129n 0.555575645231868	bn:00028114n 0.4443688027588098	bn:00028115n 5.555200932225457e-05
d006.s019.t001	bn:00008722n 0.9999000199960009	bn:00007051n 9.998000399920017e-05
d012.s002.t006	bn:00023236n 0.3759137839240906	bn:00028934n 0.37247377514243696	bn:00023235n 0.251574853313842	bn:00023237n 3.758761963044602e-05
d006.s015.t001	bn:00008722n 0.9999000199960009	bn:00007051n 9.998000399920017e-05
d008.s012.t005	bn:00073240n 1.0
d001.s003.t001	bn:00076732n 0.9999000199960009	bn:00014512n 9.998000399920017e-05
d006.s008.t001	bn:00058461n 1.0
d008.s014.t004	bn:00055177n 0.513197691868325	bn:00002155n 0.4867509934939519	bn:00006523n 5.13146377230602e-05
d013.s003.t006	bn:00000013n 1.0
d009.s015.t003	bn:00078738n 0.39941666292738986	bn:00006662n 0.23269596181493704	bn:00081857n 0.18863713818262692	bn:00001939n 0.17917036172999515	bn:00004379n 3.993767252548644e-05	bn:00004401n 3.993767252548644e-05
d009.s013.t005	bn:00066884n 0.9999000199960009	bn:00005515n 9.998000399920017e-05
d009.s032.t004	bn:00003341n 1.0
d007.s020.t001	bn:00001559n 1.0
d006.s011.t003	bn:00015051n 1.0
d013.s003.t011	bn:00023681n 1.0
d009.s028.t006	bn:00026702n 1.0
d005.s011.t002	bn:00055044n 1.0
d009.s031.t006	bn:00066884n 0.9999000199960009	bn:00005515n 9.998000399920017e-05
d007.s013.t002	bn:00006385n 1.0
d006.s013.t006	bn:00059675n 1.0
d009.s011.t004	bn:00058285n 1.0
d008.s010.t001	bn:00027529n 1.0
d011.s010.t009	bn:00040851n 1.0
d004.s019.t007	bn:00006752n 0.3605639141672174	bn:00034265n 0.28962696351051687	bn:00034274n 0.2036226332026545	bn:00034267n 0.1461504363334731	bn:00005869n 3.605278613810793e-05
d009.s011.t008	bn:00078738n 0.4443973913425527	bn:00006662n 0.21393849986258665	bn:00081857n 0.18449133543852314	bn:00001939n 0.15708390276512788	bn:00004379n 4.4435295604694806e-05	bn:00004401n 4.4435295604694806e-05
d013.s023.t002	bn:00016403n 0.9999000199960009	bn:00021348n 9.998000399920017e-05
d008.s008.t001	bn:00069680n 1.0
d007.s018.t001	bn:00017562n 1.0
d010.s006.t003	bn:00053318n 1.0
d008.s026.t006	bn:00005917n 1.0
d001.s013.t002	bn:00018663n 0.9999000199960009	bn:00035965n 9.998000399920017e-05
d012.s012.t005	bn:00030113n 0.33823994267097873	bn:00008198n 0.3019499991093628	bn:00018661n 0.19634108299949304	bn:00030114n 0.16343515460795943	bn:00003132n 3.3820612205877286e-05
d007.s009.t002	bn:00005601n 0.9999000199960009	bn:00055838n 9.998000399920017e-05
d012.s013.t007	bn:00021958n 1.0
d008.s025.t008	bn:00005917n 1.0
d004.s011.t006	bn:00003801n 1.0
d011.s008.t001	bn:00032306n 0.9999000199960009	bn:00032307n 9.998000399920017e-05
d009.s008.t001	bn:00078602n 0.9999000199960009	bn:00045201n 9.998000399920017e-05
d006.s025.t007	bn:00041204n 1.0
d011.s006.t002	bn:00036512n 1.0
d012.s020.t007	bn:00061135n 0.9999000199960009	bn:00061499n 9.998000399920017e-05
d010.s004.t002	bn:00016403n 0.9999000199960009	bn:00021348n 9.998000399920017e-05
d004.s003.t001	bn:00058745n 1.0
d012.s006.t013	bn:00045153n 0.7079633448524983	bn:00022991n 0.29196586589194196	bn:00029424n 7.078925555969387e-05
d002.s010.t005	bn:00006752n 1.0
d006.s005.t002	bn:00034004n 0.9999000199960009	bn:00054278n 9.998000399920017e-05
d009.s030.t001	bn:00061135n 0.9999000199960009	bn:00061499n 9.998000399920017e-05
d004.s014.t003	bn:00006662n 0.2832918149199485	bn:00001939n 0.246897534260387	bn:00078738n 0.23999314387481063	bn:00081857n 0.22976085424713946	bn:00004379n 2.8326348857109137e-05	bn:00004401n 2.8326348857109137e-05
d005.s006.t002	bn:00022372n 1.0
d013.s019.t005	bn:00002216n 1.0
d003.s002.t012	bn:00061135n 0.9999000199960009	bn:00061499n 9.998000399920017e-05
d003.s013.t010	bn:00061135n 0.9999000199960009	bn:00061499n 9.998000399920017e-05
d012.s019.t005	bn:00003755n 1.0
d001.s015.t004	bn:00008465n 1.0
d012.s023.t007	bn:00021941n 1.0
d009.s019.t002	bn:00028934n 0.42168540304744145	bn:00023236n 0.33816269917320463	bn:00023235n 0.24010973345548156	bn:00023237n 4.216432387235692e-05
d007.s011.t001	bn:00059130n 0.9999000199960009	bn:00054625n 9.998000399920017e-05
d008.s017.t001	bn:00027529n 1.0
d006.s027.t002	bn:00048461n 1.0
d012.s003.t011	bn:00035825n 1.0
d008.s008.t004	bn:00006845n 1.0
d009.s031.t011	bn:00061135n 0.9999000199960009	bn:00061499n 9.998000399920017e-05
d006.s010.t003	bn:00043484n 1.0
d009.s011.t003	bn:00061135n 0.9999000199960009	bn:00061499n 9.998000399920017e-05
d001.s003.t002	bn:00008838n 0.5979126667644656	bn:00008782n 0.4020275479473867	bn:00008786n 5.9785288147631804e-05
d005.s010.t004	bn:00023236n 0.9880727938013607	bn:00064914n 0.011828408798999155	bn:00023235n 9.879739964017205e-05
d001.s016.t003	bn:00000741n 1.0
d006.s030.t004	bn:00023308n 0.9999000199960009	bn:00027574n 9.998000399920017e-05
d008.s004.t001	bn:00009677n 1.0
d012.s023.t008	bn:00032300n 1.0
d012.s006.t008	bn:00028934n 0.5609387777086273	bn:00023236n 0.31653010181609703	bn:00023235n 0.12247503220633173	bn:00023237n 5.6088268943968335e-05
d012.s002.t004	bn:00063351n 0.9999000199960009	bn:00063329n 9.998000399920017e-05
d005.s009.t003	bn:00075947n 0.9999000199960009	bn:00030626n 9.998000399920017e-05
d005.s013.t005	bn:00055177n 0.6471382603673008	bn:00002155n 0.352797032277398	bn:00006523n 6.470735530119996e-05
d006.s022.t011	bn:00035778n 0.9999000199960009	bn:00062083n 9.998000399920017e-05
d012.s020.t004	bn:00041249n 0.9999000199960009	bn:00045714n 9.998000399920017e-05
d009.s032.t009	bn:00067239n 1.0
d012.s023.t001	bn:00001940n 0.9999000199960009	bn:00001939n 9.998000399920017e-05
d002.s016.t006	bn:00037180n 0.6325711082124298	bn:00037182n 0.3673656410018275	bn:00007800n 6.325078574266872e-05
d009.s007.t005	bn:00032512n 0.9999000199960009	bn:00013626n 9.998000399920017e-05
d004.s019.t006	bn:00055180n 1.0
d008.s029.t005	bn:00034004n 0.9999000199960009	bn:00054278n 9.998000399920017e-05
d001.s021.t007	bn:00000728n 0.9526745173971394	bn:00026488n 0.04723022467691365	bn:00047692n 9.525792594711923e-05
d010.s003.t005	bn:00061826n 1.0
d001.s011.t008	bn:00079129n 1.0
d010.s022.t001	bn:00021988n 1.0
d012.s021.t003	bn:00027862n 1.0
d012.s006.t009	bn:00060158n 1.0
d007.s017.t001	bn:00047208n 1.0
d006.s005.t003	bn:00032893n 0.9999000199960009	bn:00032896n 9.998000399920017e-05
d006.s029.t004	bn:00054523n 1.0
d001.s016.t009	bn:00043415n 1.0
d007.s021.t003	bn:00073699n 1.0
d004.s003.t006	bn:00064229n 1.0
d004.s001.t002	bn:00058745n 1.0
d006.s027.t005	bn:00057481n 1.0
d005.s005.t004	bn:00055644n 1.0
d010.s004.t007	bn:00021844n 0.49462310665108905	bn:00021846n 0.36020805264240113	bn:00021845n 0.14511938334158114	bn:00022333n 4.9457364928616044e-05
d006.s011.t001	bn:00017362n 0.9999000199960009	bn:00070219n 9.998000399920017e-05
d010.s002.t012	bn:00050257n 0.9999000199960009	bn:00017593n 9.998000399920017e-05
d010.s024.t002	bn:00048488n 1.0
d008.s014.t003	bn:00009677n 1.0
d011.s016.t005	bn:00036014n 1.0
d009.s029.t005	bn:00061135n 0.9999000199960009	bn:00061499n 9.998000399920017e-05
d007.s012.t001	bn:00025084n 1.0
d010.s007.t006	bn:00001426n 1.0
d008.s010.t002	bn:00060066n 0.8378694937784438	bn:00054018n 0.16204672765003555	bn:00025152n 8.377857152069231e-05
d013.s020.t003	bn:00016403n 0.9999000199960009	bn:00021348n 9.998000399920017e-05
d004.s017.t001	bn:00047203n 0.9999000199960009	bn:00073171n 9.998000399920017e-05
d002.s008.t002	bn:00037180n 0.6173350326129045	bn:00037182n 0.3826032400565674	bn:00007800n 6.172733052823762e-05
d008.s030.t002	bn:00056879n 1.0
d009.s031.t008	bn:00061135n 0.9999000199960009	bn:00061499n 9.998000399920017e-05
d009.s028.t008	bn:00061135n 0.9999000199960009	bn:00061499n 9.998000399920017e-05
d006.s016.t006	bn:00064601n 1.0
d009.s028.t003	bn:00036346n 1.0
d010.s013.t002	bn:00075315n 0.9999000199960009	bn:00027206n 9.998000399920017e-05
d012.s003.t002	bn:00042917n 0.5829957512496959	bn:00061697n 0.4169459550045536	bn:00004359n 5.829374575039456e-05
d001.s025.t005	bn:00041948n 1.0
d012.s024.t002	bn:00053151n 1.0
d006.s032.t003	bn:00044064n 1.0
d010.s018.t004	bn:00050257n 0.9999000199960009	bn:00017593n 9.998000399920017e-05
d001.s014.t002	bn:00070193n 0.4006358555952077	bn:00051289n 0.34629256799891894	bn:00040153n 0.25303151682627173	bn:00014457n 4.005957960156062e-05
d006.s010.t007	bn:00032047n 0.9999000199960009	bn:00053828n 9.998000399920017e-05
d011.s003.t003	bn:00037180n 0.509943143026032	bn:00037182n 0.4900058677585868	bn:00007800n 5.0989215381065104e-05
d006.s009.t003	bn:00005105n 1.0
d007.s015.t007	bn:00058701n 0.44738800038385046	bn:00078929n 0.2765588643934914	bn:00035711n 0.2760084008960524	bn:00005340n 4.4734326605724476e-05
d002.s013.t010	bn:00030722n 1.0
d013.s019.t004	bn:00003341n 1.0
d001.s003.t007	bn:00077905n 0.5862492309133084	bn:00047741n 0.41369215002550647	bn:00033729n 5.861906118521232e-05
d004.s016.t006	bn:00000356n 0.6316924359919469	bn:00029305n 0.3682444010807466	bn:00044994n 6.316292730646405e-05
d008.s022.t002	bn:00005917n 1.0
d009.s003.t003	bn:00079045n 1.0
d008.s020.t001	bn:00077790n 1.0
d006.s006.t005	bn:00014839n 0.9999000199960009	bn:00005019n 9.998000399920017e-05
d006.s025.t006	bn:00001961n 1.0
d013.s008.t001	bn:00008364n 0.5270462154056078	bn:00009850n 0.1984758841840112	bn:00008367n 0.13832824389743723	bn:00009475n 0.13609695716133846	bn:00074567n 5.269935160540025e-05
d012.s017.t004	bn:00026980n 0.9999000199960009	bn:00041853n 9.998000399920017e-05
d001.s020.t004	bn:00054693n 1.0
d006.s030.t001	bn:00008722n 0.9999000199960009	bn:00007051n 9.998000399920017e-05
d009.s028.t005	bn:00014137n 1.0
d004.s011.t007	bn:00002362n 1.0
d002.s010.t006	bn:00042759n 1.0
d009.s005.t001	bn:00041241n 0.5942824286244905	bn:00004452n 0.2973352081337318	bn:00021961n 0.10832294094114511	bn:00029415n 5.942230063238582e-05
d010.s002.t004	bn:00047208n 1.0
d007.s014.t003	bn:00060799n 1.0
d011.s002.t002	bn:00060799n 1.0
d004.s010.t001	bn:00058678n 0.9999000199960009	bn:00010264n 9.998000399920017e-05
d009.s028.t009	bn:00026817n 0.9999000199960009	bn:00017904n 9.998000399920017e-05
d010.s017.t004	bn:00009906n 0.9999000199960009	bn:00017818n 9.998000399920017e-05
d003.s008.t005	bn:00061135n 0.9999000199960009	bn:00061499n 9.998000399920017e-05
d011.s004.t006	bn:00060799n 1.0
d008.s021.t002	bn:00021394n 0.9999000199960009	bn:00018105n 9.998000399920017e-05
d001.s003.t004	bn:00064077n 0.5581784628979098	bn:00033948n 0.44176572483702686	bn:00069579n 5.5812265063284656e-05
d006.s022.t005	bn:00047208n 1.0
d012.s013.t002	bn:00062309n 1.0
d005.s011.t001	bn:00076744n 1.0
d009.s025.t004	bn:00048242n 0.8094804237503082	bn:00064527n 0.19043863630131166	bn:00064526n 8.09399483801928e-05
d005.s004.t002	bn:00067181n 1.0
d008.s006.t007	bn:00052671n 1.0
d005.s010.t002	bn:00036396n 0.49412307914437775	bn:00026061n 0.414899991375599	bn:00030842n 0.09092752211284535	bn:00032199n 4.940736717772001e-05
d005.s005.t002	bn:00051254n 0.9999000199960009	bn:00021755n 9.998000399920017e-05
d002.s010.t001	bn:00037180n 0.6663052118726502	bn:00037182n 0.3336281642685483	bn:00007800n 6.66238588013849e-05
d013.s022.t003	bn:00033911n 1.0
d003.s002.t001	bn:00010302n 1.0
d011.s004.t001	bn:00023012n 1.0
d006.s027.t003	bn:00023301n 1.0
d010.s021.t005	bn:00046077n 1.0
d007.s018.t002	bn:00001559n 1.0
d006.s022.t013	bn:00025693n 0.38578791689392217	bn:00021628n 0.3446360474200386	bn:00048496n 0.24317050264022752	bn:00003132n 0.02636695811161564	bn:00018661n 3.857493419597262e-05
d010.s010.t003	bn:00004452n 0.5128969288768728	bn:00041241n 0.3063246968359578	bn:00021961n 0.18072708972273824	bn:00029415n 5.1284564431244153e-05
d001.s027.t002	bn:00041200n 1.0
d006.s005.t004	bn:00018196n 1.0
d006.s013.t004	bn:00021628n 0.6473609242319623	bn:00048496n 0.3525743461485765	bn:00059308n 6.472961946125011e-05
d002.s009.t001	bn:00036777n 0.8250024083995515	bn:00063223n 0.1749150996088078	bn:00063213n 8.249199164079108e-05
d003.s002.t002	bn:00036512n 1.0
d010.s019.t006	bn:00051016n 0.9999000199960009	bn:00032874n 9.998000399920017e-05
d006.s025.t002	bn:00016403n 0.9707572832762419	bn:00016411n 0.02914565070203269	bn:00042677n 9.706602172545165e-05
d003.s002.t004	bn:00053458n 0.9999000199960009	bn:00053459n 9.998000399920017e-05
d009.s015.t002	bn:00061135n 0.9999000199960009	bn:00061499n 9.998000399920017e-05
d002.s010.t007	bn:00037180n 0.6090597378179642	bn:00037182n 0.3908793622982423	bn:00007800n 6.089988379341708e-05
d008.s003.t007	bn:00018105n 0.9999000199960009	bn:00021394n 9.998000399920017e-05
d004.s015.t004	bn:00080816n 0.9999000199960009	bn:00080813n 9.998000399920017e-05
d007.s027.t001	bn:00012212n 0.6273949797589266	bn:00012417n 0.37254228701642	bn:00051249n 6.273322465342731e-05
d001.s023.t005	bn:00078198n 1.0
d009.s031.t003	bn:00061135n 0.9999000199960009	bn:00061499n 9.998000399920017e-05
d008.s009.t002	bn:00067181n 1.0
d001.s019.t004	bn:00023012n 1.0
d006.s022.t015	bn:00080813n 0.9999000199960009	bn:00080816n 9.998000399920017e-05
d010.s019.t011	bn:00019372n 1.0
d012.s012.t002	bn:00046021n 1.0
d008.s029.t002	bn:00006559n 0.4750152921054736	bn:00009716n 0.22887114189790478	bn:00059168n 0.1493177590277874	bn:00064277n 0.1067251056132272	bn:00021870n 0.040023204576074195	bn:00000648n 4.74967795325941e-05
d010.s024.t004	bn:00048242n 0.7341362952878182	bn:00064527n 0.26579029842328195	bn:00064526n 7.340628889989184e-05
d001.s009.t005	bn:00061135n 1.0
d008.s007.t006	bn:00006846n 1.0
d001.s027.t003	bn:00054897n 1.0
d007.s010.t004	bn:00064428n 1.0
d010.s004.t001	bn:00016403n 0.8047643507752972	bn:00042677n 0.19515518083646413	bn:00016411n 8.046838823870585e-05
d001.s004.t005	bn:00045153n 0.6318604602224787	bn:00022991n 0.36807636004947186	bn:00029424n 6.317972804944293e-05
d012.s009.t003	bn:00013941n 1.0
d012.s003.t007	bn:00053941n 1.0
d001.s022.t001	bn:00020039n 1.0
d006.s013.t003	bn:00003341n 1.0
d001.s018.t003	bn:00029676n 1.0
d003.s005.t001	bn:00053458n 0.9999000199960009	bn:00053459n 9.998000399920017e-05
d002.s005.t004	bn:00049603n 0.9999000199960009	bn:00024572n 9.998000399920017e-05
d010.s017.t010	bn:00021492n 0.44341717527884633	bn:00013235n 0.3091078150123558	bn:00062759n 0.2388210487620604	bn:00021497n 0.008609623662937917	bn:00069568n 4.433728379950468e-05
d008.s010.t004	bn:00051054n 0.9669492512708922	bn:00051047n 0.03295406347250637	bn:00051045n 9.668525660142908e-05
d004.s012.t005	bn:00070914n 1.0
d002.s015.t004	bn:00035768n 1.0
d008.s012.t006	bn:00024712n 1.0
d011.s004.t003	bn:00019887n 0.683250468357441	bn:00077172n 0.2108362158498355	bn:00075767n 0.10584499757770933	bn:00081700n 6.831821501424268e-05
d010.s020.t004	bn:00023308n 0.9999000199960009	bn:00027574n 9.998000399920017e-05
d010.s010.t001	bn:00061047n 1.0
d007.s022.t002	bn:00007294n 1.0
d008.s025.t001	bn:00054731n 1.0
d002.s007.t002	bn:00036111n 1.0
d006.s021.t004	bn:00078738n 0.2588685332786191	bn:00001939n 0.25780041602964493	bn:00081857n 0.24713447474285427	bn:00006662n 0.23614480741907887	bn:00004379n 2.5884264901371775e-05	bn:00004401n 2.5884264901371775e-05
d013.s020.t001	bn:00047367n 1.0
d009.s027.t003	bn:00029680n 0.9999000199960009	bn:00079508n 9.998000399920017e-05
d004.s002.t002	bn:00035772n 0.9999000199960009	bn:00034115n 9.998000399920017e-05
d008.s012.t004	bn:00027529n 1.0
d003.s003.t004	bn:00036777n 0.8669067638410932	bn:00063223n 0.13300655415072343	bn:00063213n 8.668200818329101e-05
d011.s021.t001	bn:00027024n 1.0
d007.s005.t004	bn:00007294n 1.0
d006.s027.t004	bn:00007051n 0.9999000199960009	bn:00008722n 9.998000399920017e-05
d001.s011.t011	bn:00019782n 1.0
d010.s017.t008	bn:00073171n 0.9999000199960009	bn:00047203n 9.998000399920017e-05
d004.s012.t001	bn:00016403n 0.7779207989378599	bn:00042677n 0.22200141676067642	bn:00016411n 7.778430146363964e-05
d002.s014.t003	bn:00055094n 1.0
d007.s018.t005	bn:00073699n 1.0
d004.s007.t001	bn:00021286n 0.2898627735050364	bn:00031008n 0.2594957687964875	bn:00022811n 0.1739867536699103	bn:00014160n 0.1629720096384689	bn:00014137n 0.11365371101108414	bn:00014138n 2.8983379012602383e-05
d002.s013.t003	bn:00053489n 1.0
d001.s019.t005	bn:00063940n 1.0
d006.s029.t007	bn:00023362n 0.9999000199960009	bn:00067181n 9.998000399920017e-05
d008.s012.t001	bn:00058164n 1.0
d008.s002.t001	bn:00027529n 1.0
d010.s003.t004	bn:00041948n 0.9999000199960009	bn:00023864n 9.998000399920017e-05
d011.s016.t004	bn:00037182n 0.6301165654131331	bn:00037180n 0.36982042923086117	bn:00007800n 6.300535600571274e-05
d007.s011.t004	bn:00000657n 0.4438907187200616	bn:00070498n 0.3179228689514464	bn:00070494n 0.23814202769508336	bn:00070499n 4.4384633408665295e-05
d013.s006.t003	bn:00029680n 0.9999000199960009	bn:00079508n 9.998000399920017e-05
d010.s020.t001	bn:00048488n 1.0
d004.s019.t001	bn:00031008n 0.29845788668457285	bn:00021286n 0.28074222611686794	bn:00014160n 0.17980967847686746	bn:00022811n 0.1765138218420722	bn:00014137n 0.0644465440752315	bn:00014138n 2.9842804388018488e-05
d006.s019.t002	bn:00078738n 0.2971437990799289	bn:00081857n 0.2535990735392967	bn:00001939n 0.2454572049580171	bn:00006662n 0.20374049960522306	bn:00004379n 2.9711408767116178e-05	bn:00004401n 2.9711408767116178e-05
d009.s022.t001	bn:00023237n 0.9127762858292248	bn:00023236n 0.04626973523465804	bn:00028934n 0.040862710434384414	bn:00023235n 9.126850173274921e-05
d004.s001.t001	bn:00000728n 0.3716933879730279	bn:00022227n 0.3528909545512619	bn:00021275n 0.2753784918534749	bn:00000726n 3.7165622235079286e-05
d013.s017.t001	bn:00044758n 0.9999000199960009	bn:00079601n 9.998000399920017e-05
d010.s001.t001	bn:00001582n 1.0
d012.s013.t008	bn:00046693n 1.0
d013.s002.t003	bn:00003341n 1.0
d006.s004.t005	bn:00018345n 1.0
d013.s005.t004	bn:00065265n 1.0
d009.s012.t003	bn:00078738n 0.3521551647316308	bn:00006662n 0.24135141483931496	bn:00081857n 0.2112101509496705	bn:00001939n 0.1952128454888364	bn:00004379n 3.5211995273635715e-05	bn:00004401n 3.5211995273635715e-05
d008.s026.t004	bn:00045800n 1.0
d007.s024.t003	bn:00022334n 0.9999000199960009	bn:00035963n 9.998000399920017e-05
d011.s014.t004	bn:00037182n 0.7022890255050251	bn:00037180n 0.29764075261461254	bn:00007800n 7.022188036246627e-05
d006.s025.t004	bn:00021904n 1.0
d011.s010.t002	bn:00066893n 0.40500865357114646	bn:00046419n 0.28785052377062426	bn:00059469n 0.2580300459485761	bn:00066891n 0.04907027989397751	bn:00066890n 4.049681567554709e-05
d004.s014.t002	bn:00066995n 1.0
d001.s011.t007	bn:00055044n 1.0
d004.s013.t003	bn:00021286n 0.2588723579869142	bn:00014160n 0.23422742562827603	bn:00031008n 0.22576830827546968	bn:00022811n 0.18663417888500572	bn:00014137n 0.0944718445770002	bn:00014138n 2.5884647333958025e-05
d009.s009.t001	bn:00047079n 1.0
d001.s012.t004	bn:00043484n 1.0
d001.s006.t001	bn:00060280n 1.0
d013.s009.t004	bn:00079129n 0.6645533197206461	bn:00028114n 0.33538023159225056	bn:00028115n 6.644868710335429e-05
d001.s014.t004	bn:00067199n 0.6888634988255067	bn:00026025n 0.311067621712557	bn:00068929n 6.887946193635703e-05
d006.s021.t001	bn:00048658n 1.0
d004.s009.t002	bn:00006662n 0.34892771021456287	bn:00001939n 0.2679084523754752	bn:00078738n 0.24011461439028062	bn:00081857n 0.14297944445549465	bn:00004379n 3.4889282093246966e-05	bn:00004401n 3.4889282093246966e-05
d006.s016.t001	bn:00066443n 0.615785031244821	bn:00016851n 0.3841533964092891	bn:00066444n 6.157234588989312e-05
d004.s007.t004	bn:00034265n 0.559508083186191	bn:00006752n 0.27334167297443523	bn:00034267n 0.1099528596203972	bn:00034274n 0.0571414390051793	bn:00005869n 5.594521379723939e-05
d006.s029.t001	bn:00047238n 1.0
d009.s015.t004	bn:00026817n 0.9999000199960009	bn:00017904n 9.998000399920017e-05
d007.s010.t006	bn:00063049n 1.0
d012.s010.t003	bn:00046019n 1.0
d010.s022.t004	bn:00001968n 1.0
d011.s024.t001	bn:00023012n 1.0
d012.s006.t012	bn:00046157n 1.0
d006.s006.t006	bn:00023308n 0.9999000199960009	bn:00027574n 9.998000399920017e-05
d009.s009.t003	bn:00046954n 1.0
d008.s002.t003	bn:00022184n 1.0
d004.s019.t003	bn:00033939n 1.0
d012.s014.t001	bn:00046021n 1.0
d006.s008.t005	bn:00023301n 1.0
d009.s018.t003	bn:00026403n 1.0
d004.s006.t001	bn:00031008n 0.30674369342524976	bn:00022811n 0.21739812240644327	bn:00021286n 0.2168583815053061	bn:00014160n 0.15885085059509813	bn:00014137n 0.10011828076569029	bn:00014138n 3.067130221230375e-05
d005.s011.t004	bn:00015496n 1.0
d011.s024.t003	bn:00040846n 0.23054675311109274	bn:00037486n 0.19701427286348996	bn:00028247n 0.18499286332080672	bn:00077653n 0.15554019666877994	bn:00028248n 0.1469537308115141	bn:00071684n 0.07900446493674013	bn:00017676n 0.005553630907478661	bn:00035672n 0.000371035010023769	bn:00028138n 2.3052370074101865e-05
d012.s003.t008	bn:00036202n 1.0
d005.s003.t002	bn:00054897n 1.0
d009.s026.t001	bn:00061135n 0.9999000199960009	bn:00061499n 9.998000399920017e-05
d009.s024.t002	bn:00017171n 1.0
d006.s010.t009	bn:00060907n 1.0
d005.s008.t003	bn:00077270n 0.9999000199960009	bn:00076545n 9.998000399920017e-05
d012.s019.t001	bn:00059129n 0.9999000199960009	bn:00059122n 9.998000399920017e-05
d004.s013.t004	bn:00000728n 0.4190426878793906	bn:00022227n 0.3822872657368945	bn:00021275n 0.1986281463049347	bn:00000726n 4.1900078780061056e-05
d007.s003.t007	bn:00046794n 1.0
d006.s004.t003	bn:00006469n 0.9999000199960009	bn:00070782n 9.998000399920017e-05
d006.s015.t003	bn:00017234n 1.0
d006.s022.t003	bn:00015656n 1.0
d001.s021.t005	bn:00014791n 0.9999000199960009	bn:00075966n 9.998000399920017e-05
d007.s020.t004	bn:00030844n 0.9999000199960009	bn:00000722n 9.998000399920017e-05
d010.s018.t002	bn:00016403n 0.7739007067950637	bn:00042677n 0.22602191087249004	bn:00016411n 7.738233244626175e-05
d007.s007.t005	bn:00045153n 0.605344866661724	bn:00022991n 0.39459460490445314	bn:00029424n 6.052843382279013e-05
d008.s023.t002	bn:00007854n 1.0
d008.s025.t003	bn:00005917n 1.0
d012.s015.t004	bn:00045976n 1.0
d012.s025.t002	bn:00046019n 1.0
d012.s016.t001	bn:00032306n 0.9999000199960009	bn:00032307n 9.998000399920017e-05
d008.s007.t003	bn:00006901n 1.0
d009.s016.t002	bn:00021846n 0.5087829236270576	bn:00021844n 0.4345817566966669	bn:00021845n 0.05658444647123347	bn:00022333n 5.087320504220154e-05
d010.s009.t001	bn:00031008n 0.297843305007025	bn:00021286n 0.2702457001969699	bn:00022811n 0.23672007119355692	bn:00014160n 0.14486274344221314	bn:00014138n 0.050298398807869564	bn:00014137n 2.9781352365465956e-05
d012.s021.t013	bn:00046019n 1.0
d008.s012.t009	bn:00051054n 0.9156161690936273	bn:00051047n 0.08429227844470964	bn:00051045n 9.155246166319641e-05
d012.s001.t003	bn:00029678n 0.9999000199960009	bn:00007078n 9.998000399920017e-05
d006.s025.t003	bn:00054523n 1.0
d011.s002.t003	bn:00037182n 0.5203249773512724	bn:00037180n 0.47962299535372205	bn:00007800n 5.202729500562668e-05
d012.s021.t007	bn:00057831n 1.0
d004.s003.t002	bn:00000728n 0.4481650621067422	bn:00021275n 0.3165319105953439	bn:00022227n 0.23525821527290572	bn:00000726n 4.48120250081734e-05
d012.s019.t008	bn:00029416n 1.0
d013.s020.t004	bn:00003333n 0.9999000199960009	bn:00006945n 9.998000399920017e-05
d013.s019.t001	bn:00049001n 0.5559307239748114	bn:00007019n 0.4440136885115425	bn:00032022n 5.558751364611653e-05
d003.s013.t008	bn:00078738n 0.4957592688111259	bn:00001939n 0.21159202124245152	bn:00081857n 0.1829766542898669	bn:00006662n 0.10957291371698723	bn:00004379n 4.9570969784134183e-05	bn:00004401n 4.9570969784134183e-05
d010.s008.t001	bn:00050257n 0.9999000199960009	bn:00017593n 9.998000399920017e-05
d003.s002.t011	bn:00056893n 1.0
d003.s008.t001	bn:00003341n 1.0
d010.s019.t004	bn:00016403n 0.9999000199960009	bn:00021348n 9.998000399920017e-05
d002.s001.t001	bn:00078365n 1.0
d007.s019.t003	bn:00020039n 1.0
d009.s025.t002	bn:00023827n 1.0
d004.s002.t001	bn:00021461n 1.0
d012.s021.t001	bn:00032655n 1.0
d001.s020.t005	bn:00017171n 1.0
d006.s022.t010	bn:00055441n 0.5948280833406694	bn:00053238n 0.4051124397986826	bn:00033729n 5.947686064800214e-05
d004.s010.t002	bn:00002362n 1.0
d004.s003.t004	bn:00068622n 1.0
d002.s016.t003	bn:00073699n 1.0
d002.s013.t009	bn:00044910n 1.0
d009.s009.t002	bn:00021207n 1.0
d008.s010.t007	bn:00035908n 0.4790767591953049	bn:00035911n 0.26825380775980956	bn:00035909n 0.2526215301592544	bn:00059241n 4.7902885630967396e-05
d007.s009.t009	bn:00044654n 1.0
d001.s003.t005	bn:00041712n 1.0
d010.s019.t010	bn:00017517n 0.9999000199960009	bn:00064234n 9.998000399920017e-05
d011.s007.t004	bn:00030861n 1.0
d009.s006.t002	bn:00066884n 0.9999000199960009	bn:00005515n 9.998000399920017e-05
d001.s026.t009	bn:00042759n 1.0
d007.s019.t002	bn:00037180n 0.6842799371506312	bn:00037182n 0.31565164169776894	bn:00007800n 6.842115159990312e-05
d001.s011.t015	bn:00025949n 1.0
d003.s004.t004	bn:00036777n 0.8305085596164345	bn:00063223n 0.16940839783185888	bn:00063213n 8.304255170647282e-05
d011.s010.t008	bn:00013179n 1.0
d003.s002.t009	bn:00028458n 1.0
d013.s015.t001	bn:00055949n 1.0
d003.s013.t004	bn:00031998n 0.9999000199960009	bn:00032002n 9.998000399920017e-05
d013.s023.t004	bn:00029680n 0.9999000199960009	bn:00079508n 9.998000399920017e-05
d006.s013.t001	bn:00021628n 0.41606000662942283	bn:00025693n 0.32296279810962436	bn:00048496n 0.24397939878621264	bn:00018661n 0.016956194634261068	bn:00003132n 4.16018404788944e-05
d004.s015.t005	bn:00022227n 0.3669227467031557	bn:00021275n 0.3432538886230718	bn:00000728n 0.2897866760679626	bn:00000726n 3.6688605809734604e-05
d001.s028.t002	bn:00063351n 0.9999000199960009	bn:00063329n 9.998000399920017e-05
d010.s008.t003	bn:00021286n 0.29873895426724734	bn:00031008n 0.27333035537381656	bn:00014160n 0.23488670640260295	bn:00022811n 0.15544006784589579	bn:00014137n 0.037574045202101426	bn:00014138n 2.9870908335891146e-05
d011.s023.t001	bn:00040851n 1.0
d011.s010.t005	bn:00068696n 1.0
d010.s025.t001	bn:00016401n 1.0
d007.s007.t004	bn:00063989n 1.0
d004.s005.t003	bn:00007085n 1.0
d002.s004.t001	bn:00078365n 1.0
d003.s001.t002	bn:00041249n 0.9999000199960009	bn:00045714n 9.998000399920017e-05
d009.s007.t002	bn:00074574n 1.0
d009.s028.t001	bn:00059788n 1.0
d002.s007.t001	bn:00030722n 1.0
d001.s012.t003	bn:00014791n 0.9999000199960009	bn:00075966n 9.998000399920017e-05
d001.s016.t002	bn:00000127n 1.0
d010.s007.t003	bn:00050588n 0.9999000199960009	bn:00050250n 9.998000399920017e-05
d001.s009.t010	bn:00061605n 0.9999000199960009	bn:00031261n 9.998000399920017e-05
d013.s003.t008	bn:00000013n 1.0
d001.s009.t004	bn:00030565n 0.9999000199960009	bn:00027473n 9.998000399920017e-05
d013.s010.t001	bn:00021350n 1.0
d007.s003.t005	bn:00058192n 1.0
d007.s010.t001	bn:00016403n 0.826870426672816	bn:00042677n 0.17304689455239428	bn:00016411n 8.267877478980262e-05
d005.s013.t001	bn:00048592n 1.0
d009.s008.t002	bn:00050165n 1.0
d010.s008.t004	bn:00075315n 0.9999000199960009	bn:00027206n 9.998000399920017e-05
d009.s023.t003	bn:00063592n 1.0
d001.s009.t007	bn:00051249n 1.0
d012.s023.t004	bn:00046516n 0.9999000199960009	bn:00061715n 9.998000399920017e-05
d009.s030.t003	bn:00063237n 1.0
d009.s021.t007	bn:00061135n 0.9999000199960009	bn:00061499n 9.998000399920017e-05
d001.s009.t008	bn:00026694n 1.0
d007.s028.t002	bn:00063309n 0.9999000199960009	bn:00063308n 9.998000399920017e-05
d005.s003.t006	bn:00055044n 1.0
d001.s021.t002	bn:00019782n 1.0
d009.s030.t004	bn:00061135n 0.9999000199960009	bn:00061499n 9.998000399920017e-05
d005.s005.t001	bn:00046952n 1.0
d009.s022.t003	bn:00026817n 0.9999000199960009	bn:00017904n 9.998000399920017e-05
d007.s021.t002	bn:00001559n 1.0
d001.s002.t003	bn:00036512n 1.0
d007.s028.t004	bn:00073210n 1.0
d006.s013.t009	bn:00021628n 0.39420950982246705	bn:00025693n 0.3086920485972245	bn:00048496n 0.2474647290395698	bn:00018661n 0.049594295531457264	bn:00003132n 3.941700928131857e-05
d009.s029.t003	bn:00023236n 0.562281321034925	bn:00023235n 0.367158536116683	bn:00028934n 0.07050392033853967	bn:00023237n 5.622250985250725e-05
d008.s010.t003	bn:00051979n 1.0
d008.s022.t004	bn:00075760n 0.9999000199960009	bn:00040167n 9.998000399920017e-05
d009.s029.t002	bn:00036346n 1.0
d007.s009.t007	bn:00004527n 1.0
d001.s012.t002	bn:00034718n 0.9999000199960009	bn:00009919n 9.998000399920017e-05
d001.s005.t003	bn:00023236n 0.7615082646836183	bn:00023235n 0.16293586002943133	bn:00028934n 0.07547973207480325	bn:00023237n 7.614321214714712e-05
d011.s007.t008	bn:00044532n 1.0
d006.s022.t004	bn:00022052n 1.0
d001.s021.t004	bn:00021338n 0.7577588927278543	bn:00000722n 0.24216533895970407	bn:00022164n 7.576831244154129e-05
d010.s026.t004	bn:00025878n 0.9999000199960009	bn:00025871n 9.998000399920017e-05
d011.s012.t004	bn:00008553n 1.0
d011.s020.t001	bn:00060158n 1.0
d013.s023.t003	bn:00067417n 0.3465606236346579	bn:00012452n 0.3150243722567358	bn:00071215n 0.28428040882146033	bn:00014138n 0.054099942690042174	bn:00014137n 3.4652597103755416e-05
d009.s010.t003	bn:00075812n 1.0
d012.s013.t001	bn:00029667n 1.0
d006.s014.t004	bn:00023807n 0.6589106273470745	bn:00034010n 0.34102348817863826	bn:00025804n 6.588447428727872e-05
d008.s018.t003	bn:00056879n 1.0
d010.s026.t003	bn:00016403n 0.8899336980563585	bn:00042677n 0.10997731747228304	bn:00016411n 8.89844713585e-05
d001.s016.t007	bn:00003341n 1.0
d003.s013.t007	bn:00011974n 0.9999000199960009	bn:00051693n 9.998000399920017e-05
d006.s006.t001	bn:00007051n 0.9999000199960009	bn:00008722n 9.998000399920017e-05
d010.s007.t005	bn:00007054n 1.0
d009.s025.t001	bn:00050165n 1.0
d003.s003.t007	bn:00036777n 0.7562172652016271	bn:00063213n 0.24370712063326927	bn:00063223n 7.561416510365235e-05
d012.s003.t004	bn:00057574n 1.0
d007.s016.t001	bn:00007294n 1.0
d006.s028.t001	bn:00017219n 0.5026419707851059	bn:00011299n 0.29855403985593254	bn:00062785n 0.19875373018780024	bn:00017145n 5.0259171161394446e-05
d010.s001.t002	bn:00023308n 0.9999000199960009	bn:00027574n 9.998000399920017e-05
d001.s025.t007	bn:00057552n 1.0
d001.s026.t007	bn:00028934n 0.39497464475231403	bn:00023236n 0.3646591634279552	bn:00023235n 0.2403266983046071	bn:00023237n 3.949351512371903e-05
d003.s009.t003	bn:00025645n 1.0
d001.s018.t007	bn:00003341n 1.0
d008.s008.t002	bn:00007854n 1.0
d010.s026.t005	bn:00050588n 0.9999000199960009	bn:00050250n 9.998000399920017e-05
d009.s003.t002	bn:00048242n 0.7793291235648695	bn:00064527n 0.22059295131528606	bn:00064526n 7.792511984450251e-05
d011.s014.t001	bn:00058285n 1.0
d004.s017.t002	bn:00016756n 1.0
d007.s004.t003	bn:00077270n 0.9999000199960009	bn:00076545n 9.998000399920017e-05
d012.s011.t004	bn:00026702n 1.0
d010.s004.t004	bn:00066830n 1.0
d012.s005.t001	bn:00056025n 0.6411701367938343	bn:00045803n 0.3587657526035466	bn:00074900n 6.411060261912152e-05
d008.s001.t003	bn:00029424n 0.6297656988058701	bn:00027386n 0.1445337817084145	bn:00029425n 0.11593153755430438	bn:00041883n 0.10970601165855767	bn:00029429n 6.297027285330168e-05
d006.s005.t001	bn:00076744n 1.0
d002.s010.t002	bn:00001559n 1.0
d006.s004.t007	bn:00034625n 1.0
d003.s002.t008	bn:00079129n 0.6176869175848011	bn:00028114n 0.382251319899692	bn:00028115n 6.176251550692942e-05
d010.s011.t002	bn:00000127n 1.0
d003.s011.t001	bn:00029680n 0.9999000199960009	bn:00079508n 9.998000399920017e-05
d003.s007.t005	bn:00003801n 1.0
d013.s018.t001	bn:00070537n 1.0
d011.s014.t002	bn:00000009n 1.0
d010.s003.t001	bn:00026495n 0.9999000199960009	bn:00046282n 9.998000399920017e-05
d008.s022.t001	bn:00022249n 1.0
d009.s013.t003	bn:00012786n 1.0
d002.s008.t006	bn:00005053n 1.0
d006.s013.t002	bn:00044064n 1.0
d006.s008.t004	bn:00064192n 0.27696043686037153	bn:00022334n 0.26982467661478554	bn:00066933n 0.19862633906988594	bn:00068525n 0.1852769027269515	bn:00054358n 0.06356231695343707	bn:00016665n 0.005721634500209872	bn:00045520n 2.7693274358601295e-05
d013.s024.t003	bn:00001296n 0.9999000199960009	bn:00003604n 9.998000399920017e-05
d001.s016.t008	bn:00016756n 1.0
d006.s012.t004	bn:00028425n 1.0
d008.s012.t002	bn:00057552n 1.0
d006.s022.t001	bn:00065086n 0.3791914698758911	bn:00025890n 0.32802225893799614	bn:00007051n 0.15814755232690497	bn:00025885n 0.08036214182742589	bn:00050565n 0.0438835802063608	bn:00025871n 0.01035508146996891	bn:00036782n 3.79153554520439e-05
d001.s017.t002	bn:00041585n 1.0
d005.s007.t001	bn:00027024n 1.0
d006.s004.t001	bn:00030722n 1.0
d001.s025.t001	bn:00067199n 0.5745523186344643	bn:00026025n 0.42539023187862096	bn:00068929n 5.744948691475497e-05
d008.s011.t001	bn:00074790n 1.0
d003.s013.t001	bn:00047691n 1.0
d002.s014.t001	bn:00036111n 1.0
d006.s014.t001	bn:00076429n 1.0
d013.s007.t002	bn:00060834n 0.9999000199960009	bn:00060837n 9.998000399920017e-05
d009.s011.t002	bn:00029678n 0.9999000199960009	bn:00007078n 9.998000399920017e-05
d004.s014.t005	bn:00060158n 1.0
d004.s009.t001	bn:00002362n 1.0
d001.s007.t002	bn:00035189n 1.0
d012.s021.t012	bn:00081801n 1.0
d008.s013.t001	bn:00016403n 0.9529853524813667	bn:00016411n 0.04691935851228571	bn:00042677n 9.528900634750193e-05
d013.s019.t003	bn:00008364n 0.5325902495855247	bn:00008367n 0.22856939538502424	bn:00009850n 0.17634821790818062	bn:00009475n 0.06243888342168176	bn:00074567n 5.325369958859362e-05
d008.s027.t001	bn:00032100n 0.7170282409435411	bn:00032099n 0.28290006340192997	bn:00016401n 7.169565452890122e-05
d012.s001.t002	bn:00017622n 1.0
d008.s003.t001	bn:00069680n 1.0
d012.s023.t002	bn:00001939n 0.28542740859500065	bn:00006662n 0.2802847804865247	bn:00081857n 0.23969060056426592	bn:00078738n 0.19454013058046696	bn:00004379n 2.8539886870812983e-05	bn:00004401n 2.8539886870812983e-05
d001.s007.t005	bn:00003365n 0.9999000199960009	bn:00032035n 9.998000399920017e-05
d009.s028.t007	bn:00078738n 0.431589494144919	bn:00006662n 0.2095096240030643	bn:00081857n 0.1924380234902039	bn:00001939n 0.16637654909391053	bn:00004379n 4.315463395109679e-05	bn:00004401n 4.315463395109679e-05
d013.s007.t003	bn:00023308n 0.9999000199960009	bn:00027574n 9.998000399920017e-05
d012.s020.t001	bn:00073210n 1.0
d005.s003.t008	bn:00055044n 1.0
d009.s004.t001	bn:00021395n 1.0
d010.s021.t004	bn:00016853n 0.9999000199960009	bn:00019403n 9.998000399920017e-05
d008.s014.t008	bn:00009716n 0.5666504908460782	bn:00059168n 0.3698521818663678	bn:00021870n 0.06344066790440771	bn:00064277n 5.665938314629319e-05
d010.s003.t002	bn:00076744n 1.0
d009.s030.t006	bn:00064234n 0.9999000199960009	bn:00017517n 9.998000399920017e-05
d011.s008.t002	bn:00031427n 1.0
d013.s023.t006	bn:00079129n 0.694728793504071	bn:00028114n 0.3052017405631719	bn:00028115n 6.94659327571314e-05
d006.s018.t004	bn:00023301n 1.0
d004.s019.t008	bn:00050860n 0.7279085085422924	bn:00041239n 0.2720187078852106	bn:00050861n 7.278357249697955e-05
d008.s018.t004	bn:00074790n 1.0
d005.s005.t003	bn:00006559n 0.37661733301361155	bn:00064277n 0.2689470660297195	bn:00021870n 0.18499083102832012	bn:00000648n 0.13816750171726036	bn:00059168n 0.031239610243583824	bn:00009716n 3.76579675046107e-05
d011.s013.t001	bn:00043484n 1.0
d012.s011.t002	bn:00021492n 0.3356337255197007	bn:00013235n 0.28373122255682826	bn:00062759n 0.253658546008154	bn:00069568n 0.12694294589876665	bn:00021497n 3.3560016550315044e-05
d010.s011.t003	bn:00023308n 0.9999000199960009	bn:00027574n 9.998000399920017e-05
d010.s022.t002	bn:00023856n 1.0
d010.s002.t011	bn:00075315n 0.9999000199960009	bn:00027206n 9.998000399920017e-05
d007.s025.t001	bn:00016403n 0.7501129474954124	bn:00042677n 0.2498120487102176	bn:00016411n 7.500379437010423e-05
d007.s002.t003	bn:00080216n 1.0
d006.s017.t001	bn:00067181n 1.0
d009.s024.t005	bn:00016403n 0.6687901801446604	bn:00016411n 0.3311429475245582	bn:00042677n 6.687233078138791e-05
d006.s015.t007	bn:00077270n 0.9999000199960009	bn:00076545n 9.998000399920017e-05
d007.s025.t002	bn:00007294n 1.0
d008.s003.t002	bn:00007854n 1.0
d009.s021.t001	bn:00067181n 1.0
d004.s016.t003	bn:00021286n 0.3053030822191698	bn:00031008n 0.2766208832232115	bn:00022811n 0.21933689904277007	bn:00014160n 0.17252679059862858	bn:00014137n 0.026181817660723625	bn:00014138n 3.052725549636734e-05
d013.s004.t001	bn:00068918n 1.0
d007.s029.t004	bn:00063049n 1.0
d010.s004.t010	bn:00003341n 1.0
d012.s020.t003	bn:00061135n 0.9999000199960009	bn:00061499n 9.998000399920017e-05
d009.s025.t003	bn:00023236n 0.5062770842469495	bn:00023235n 0.3516249101975439	bn:00023237n 0.14204738290934657	bn:00028934n 5.0622646160078945e-05
d006.s015.t005	bn:00064192n 0.3168245074573131	bn:00022334n 0.22816859755362354	bn:00066933n 0.20584947995863775	bn:00068525n 0.19712638451151965	bn:00054358n 0.050009507247707134	bn:00016665n 0.001989843988381353	bn:00045520n 3.167928281744957e-05
d012.s015.t001	bn:00033854n 1.0
d004.s002.t004	bn:00001426n 1.0
d001.s018.t010	bn:00000020n 1.0
d012.s006.t005	bn:00000013n 1.0
d006.s020.t001	bn:00065086n 0.35514566289953464	bn:00025890n 0.3128929520443449	bn:00007051n 0.14562118971399726	bn:00025885n 0.13678544379835733	bn:00025871n 0.025795716586884475	bn:00050565n 0.023723523941692897	bn:00036782n 3.551101518843462e-05
d009.s026.t002	bn:00078738n 0.3389199066590417	bn:00006662n 0.23156585596988447	bn:00081857n 0.21920395918139912	bn:00001939n 0.21024250098606326	bn:00004379n 3.38886018057236e-05	bn:00004401n 3.38886018057236e-05
d010.s001.t003	bn:00016403n 0.847832363112998	bn:00042677n 0.15208286212816663	bn:00016411n 8.477475883541627e-05
d007.s018.t003	bn:00037180n 0.753614461885477	bn:00037182n 0.24631018420372552	bn:00007800n 7.535391079746796e-05
d009.s002.t001	bn:00021207n 1.0
d012.s023.t006	bn:00005677n 1.0
d003.s004.t003	bn:00061135n 0.9999000199960009	bn:00061499n 9.998000399920017e-05
d012.s012.t003	bn:00013941n 1.0
d001.s025.t008	bn:00043484n 1.0
d005.s005.t008	bn:00033939n 1.0
d004.s003.t007	bn:00058745n 1.0
d012.s021.t005	bn:00064765n 0.5208268980192984	bn:00060768n 0.3380321202716537	bn:00062300n 0.14108890422699427	bn:00074971n 5.207748205372446e-05
d006.s006.t004	bn:00066444n 0.6553317316906351	bn:00016851n 0.3446027416888579	bn:00066443n 6.55266205070128e-05
d002.s003.t004	bn:00030722n 1.0
d011.s022.t001	bn:00037182n 0.5859583714062372	bn:00037180n 0.4139830386156199	bn:00007800n 5.858997814280944e-05
d012.s022.t001	bn:00046021n 1.0
d009.s011.t007	bn:00061135n 0.9999000199960009	bn:00061499n 9.998000399920017e-05
d006.s003.t003	bn:00081454n 1.0
d011.s005.t004	bn:00023140n 1.0
d012.s009.t005	bn:00072566n 0.9997592837126466	bn:00019924n 0.00014075035557552256	bn:00020039n 9.996593177808685e-05
d004.s009.t004	bn:00037486n 0.20183576194956634	bn:00028247n 0.1770955852121729	bn:00040846n 0.17204010440540793	bn:00077653n 0.17046561159098275	bn:00028248n 0.12575071898510126	bn:00071684n 0.08767108345179149	bn:00035672n 0.03262028324191678	bn:00028138n 0.032500669605021244	bn:00017676n 2.018155803915272e-05
d004.s012.t003	bn:00061126n 0.9999000199960009	bn:00029416n 9.998000399920017e-05
d010.s012.t005	bn:00001582n 1.0
d010.s019.t012	bn:00003341n 1.0
d006.s021.t003	bn:00067941n 0.45066127252329663	bn:00079940n 0.419823994983655	bn:00032742n 0.08788732613433385	bn:00068752n 0.04158234473762427	bn:00016592n 4.5061621090220644e-05
d001.s014.t006	bn:00078738n 0.3783071796171259	bn:00006662n 0.2236300827287808	bn:00001939n 0.20011839584836746	bn:00081857n 0.19786868793518916	bn:00004379n 3.7826935268185774e-05	bn:00004401n 3.7826935268185774e-05
d004.s004.t002	bn:00060768n 0.6719777119911808	bn:00064765n 0.2545964796881058	bn:00074971n 0.07335861726861952	bn:00062300n 6.71910520939087e-05
d001.s019.t006	bn:00022995n 1.0
d011.s006.t003	bn:00037180n 0.6087802216232846	bn:00037182n 0.3911589064417466	bn:00007800n 6.087193496883158e-05
d008.s019.t003	bn:00054731n 1.0
d002.s006.t001	bn:00008872n 0.9999000199960009	bn:00008874n 9.998000399920017e-05
d006.s014.t003	bn:00031545n 1.0
d011.s002.t001	bn:00031605n 1.0
d006.s022.t014	bn:00048658n 1.0
d012.s002.t003	bn:00063351n 0.9999000199960009	bn:00063329n 9.998000399920017e-05
d002.s008.t008	bn:00020419n 1.0
d005.s008.t002	bn:00067519n 1.0
d010.s023.t001	bn:00053531n 1.0
d005.s003.t010	bn:00004971n 0.9999000199960009	bn:00011442n 9.998000399920017e-05
d002.s008.t003	bn:00037180n 0.634872558054166	bn:00037182n 0.3650639610381194	bn:00007800n 6.348090771464514e-05
d012.s022.t004	bn:00064947n 0.9999000199960009	bn:00024632n 9.998000399920017e-05
d008.s003.t004	bn:00063237n 1.0
d010.s002.t001	bn:00000086n 0.514456250509963	bn:00025419n 0.28535342922902324	bn:00025422n 0.2001388797800109	bn:00025417n 5.144048100289602e-05
d013.s022.t006	bn:00079129n 0.7066665747420547	bn:00028114n 0.29326276566643034	bn:00028115n 7.065959151505397e-05
d007.s002.t002	bn:00037180n 0.559024591291385	bn:00037182n 0.44091951183917283	bn:00007800n 5.589686944219428e-05
d008.s020.t003	bn:00006845n 1.0
d012.s015.t002	bn:00046693n 1.0
d001.s005.t002	bn:00055652n 1.0
d012.s008.t005	bn:00077356n 1.0
d012.s009.t004	bn:00029678n 0.9999000199960009	bn:00007078n 9.998000399920017e-05
d005.s001.t001	bn:00002155n 0.5047121374308073	bn:00055177n 0.4952373964020663	bn:00006523n 5.04661671263681e-05
d004.s008.t004	bn:00003801n 1.0
d006.s008.t003	bn:00005105n 1.0
d010.s011.t001	bn:00075315n 0.9999000199960009	bn:00027206n 9.998000399920017e-05
d001.s002.t004	bn:00065108n 1.0
d006.s023.t001	bn:00048658n 1.0
d007.s002.t004	bn:00007294n 1.0
d004.s012.t002	bn:00042757n 1.0
d006.s004.t006	bn:00044994n 0.6184463879079888	bn:00000356n 0.38149177363706593	bn:00029305n 6.183845494530436e-05
d008.s025.t005	bn:00029424n 0.7780548752867618	bn:00027386n 0.09081829275720252	bn:00041883n 0.07613347391795885	bn:00029425n 0.05491556033031905	bn:00029429n 7.77977077579004e-05
d008.s014.t010	bn:00013173n 1.0
d001.s009.t001	bn:00035318n 1.0
d009.s029.t001	bn:00061135n 0.9999000199960009	bn:00061499n 9.998000399920017e-05
d003.s001.t004	bn:00002181n 0.5779635165333114	bn:00032134n 0.4219786928940926	bn:00019479n 5.7790572596071524e-05
d013.s006.t005	bn:00025812n 0.9999000199960009	bn:00025827n 9.998000399920017e-05
d006.s025.t005	bn:00015050n 1.0
d003.s013.t003	bn:00054897n 1.0
d013.s003.t003	bn:00060927n 1.0
d010.s008.t006	bn:00008280n 0.38044689733405485	bn:00068051n 0.21885064283721328	bn:00041942n 0.17802036739124016	bn:00041943n 0.1471061301414912	bn:00073698n 0.07553792141035554	bn:00018111n 3.8040885644841e-05
d010.s017.t006	bn:00059480n 0.5071582479253682	bn:00001423n 0.26581847090582	bn:00059482n 0.22697257041509478	bn:00005863n 5.0710753717165104e-05
d001.s016.t005	bn:00009636n 0.6663530092999916	bn:00009632n 0.3335803620619423	bn:00009635n 6.662863806619255e-05
d008.s007.t001	bn:00006890n 1.0
d007.s013.t004	bn:00037180n 0.7274625594729291	bn:00037182n 0.2724647015450218	bn:00007800n 7.273898204908801e-05
d007.s010.t002	bn:00005601n 0.9999000199960009	bn:00055838n 9.998000399920017e-05
d006.s002.t001	bn:00000020n 1.0
d002.s003.t003	bn:00076309n 1.0
d012.s017.t001	bn:00046019n 1.0
d005.s007.t003	bn:00016461n 1.0
d011.s001.t001	bn:00073093n 1.0
d012.s008.t002	bn:00047325n 1.0
d012.s021.t008	bn:00041092n 1.0
d006.s026.t003	bn:00030581n 1.0
d010.s017.t003	bn:00048488n 1.0
d006.s016.t008	bn:00021904n 1.0
d012.s010.t001	bn:00022249n 1.0
d007.s017.t002	bn:00073210n 1.0
d006.s024.t002	bn:00046693n 1.0
d006.s015.t006	bn:00023301n 1.0
d007.s009.t011	bn:00026495n 0.9999000199960009	bn:00046282n 9.998000399920017e-05
d009.s019.t001	bn:00026406n 1.0
d006.s021.t007	bn:00000298n 0.8330562375020841	bn:00004710n 0.16686046520389505	bn:00027620n 8.329729402080633e-05
d011.s008.t003	bn:00081625n 1.0
d007.s008.t004	bn:00064192n 0.34385413973037715	bn:00022334n 0.25953350846943507	bn:00066933n 0.19114611527110126	bn:00068525n 0.1446513603972501	bn:00016665n 0.033075184837855806	bn:00054358n 0.02770530931820524	bn:00045520n 3.4381975775460176e-05
d012.s015.t007	bn:00029416n 1.0
d001.s024.t004	bn:00032655n 1.0
d006.s004.t002	bn:00025871n 0.9999000199960009	bn:00025878n 9.998000399920017e-05
d012.s007.t001	bn:00022249n 1.0
d009.s026.t003	bn:00067941n 0.38327958325955247	bn:00032742n 0.3036295595013064	bn:00079940n 0.24676231333643148	bn:00068752n 0.06629021977679604	bn:00016592n 3.832412591336391e-05
d005.s006.t004	bn:00079129n 0.7328071785972566	bn:00028114n 0.2671195480122227	bn:00028115n 7.32733905206736e-05
d002.s016.t001	bn:00036052n 1.0
d012.s006.t001	bn:00060158n 1.0
d004.s005.t002	bn:00030844n 0.9999000199960009	bn:00000722n 9.998000399920017e-05
d001.s018.t002	bn:00026061n 1.0
d001.s002.t011	bn:00036941n 0.9999000199960009	bn:00036942n 9.998000399920017e-05
d009.s013.t007	bn:00005677n 1.0
d007.s017.t003	bn:00001559n 1.0
d006.s026.t004	bn:00016403n 0.8041472052597051	bn:00042677n 0.195772388060437	bn:00016411n 8.04066798579847e-05
d008.s021.t001	bn:00009677n 1.0
d013.s003.t010	bn:00008420n 1.0
d012.s023.t009	bn:00031888n 1.0
d010.s022.t005	bn:00032100n 0.918702859520336	bn:00032099n 0.08120527937982192	bn:00016401n 9.18610998420494e-05
d003.s002.t003	bn:00032134n 0.661436133150894	bn:00002181n 0.338497729849491	bn:00019479n 6.613699961512789e-05
d009.s013.t002	bn:00054693n 1.0
d008.s001.t001	bn:00054731n 1.0
d003.s004.t005	bn:00036777n 0.7376443238280764	bn:00063223n 0.26228191911524645	bn:00063213n 7.375705667713994e-05
d004.s005.t001	bn:00031008n 0.292481039527869	bn:00021286n 0.24957110165042462	bn:00014160n 0.20371139379369227	bn:00022811n 0.14370281603393859	bn:00014137n 0.11050440381464055	bn:00014138n 2.9245179434843423e-05
d001.s015.t002	bn:00000728n 0.9665336356900697	bn:00026488n 0.033369720610731186	bn:00047692n 9.664369919908707e-05
d001.s023.t004	bn:00035778n 0.9999000199960009	bn:00062083n 9.998000399920017e-05
d003.s003.t005	bn:00036777n 0.776009436529925	bn:00063223n 0.22391297028574025	bn:00063213n 7.759318433455906e-05
d007.s021.t001	bn:00005380n 0.4751948277877514	bn:00025968n 0.28997885494769876	bn:00025972n 0.2347788025332441	bn:00063223n 4.751473130564458e-05
d009.s021.t006	bn:00078738n 0.39803427014093573	bn:00006662n 0.23120426385502724	bn:00081857n 0.18924359549410708	bn:00001939n 0.18143827161579099	bn:00004379n 3.9799447069386634e-05	bn:00004401n 3.9799447069386634e-05
d009.s017.t003	bn:00041249n 0.9999000199960009	bn:00045714n 9.998000399920017e-05
d012.s006.t002	bn:00065278n 0.9999000199960009	bn:00019624n 9.998000399920017e-05
d004.s018.t002	bn:00064699n 0.9999000199960009	bn:00058469n 9.998000399920017e-05
d011.s007.t002	bn:00020039n 1.0
d013.s022.t004	bn:00080229n 1.0
d001.s010.t003	bn:00061135n 1.0
d009.s017.t002	bn:00078738n 0.33120655650830927	bn:00006662n 0.2638847012174257	bn:00081857n 0.22896976125138108	bn:00001939n 0.17587274633505096	bn:00004379n 3.311734391643928e-05	bn:00004401n 3.311734391643928e-05
d005.s006.t003	bn:00055044n 1.0
d008.s015.t001	bn:00021395n 1.0
d007.s028.t003	bn:00021394n 0.9999000199960009	bn:00032662n 9.998000399920017e-05
d001.s015.t005	bn:00076732n 0.9999000199960009	bn:00014512n 9.998000399920017e-05
d011.s006.t001	bn:00058285n 1.0
d002.s016.t002	bn:00065099n 0.9999000199960009	bn:00062699n 9.998000399920017e-05
d006.s015.t004	bn:00005599n 0.9999000199960009	bn:00005603n 9.998000399920017e-05
d001.s021.t001	bn:00023236n 0.3661462779609106	bn:00028934n 0.35234014733057223	bn:00023235n 0.28147696374181763	bn:00023237n 3.661096669942112e-05
d012.s021.t004	bn:00029670n 1.0
d007.s025.t003	bn:00016403n 0.8072449559646465	bn:00016411n 0.19267432761139944	bn:00042677n 8.071642395406924e-05
d006.s031.t001	bn:00008722n 0.9999000199960009	bn:00007051n 9.998000399920017e-05
d009.s016.t005	bn:00001426n 1.0
d010.s006.t006	bn:00021628n 0.9999000199960009	bn:00048496n 9.998000399920017e-05
d003.s004.t001	bn:00046418n 0.9999000199960009	bn:00046419n 9.998000399920017e-05
d006.s006.t007	bn:00078738n 0.34193639145280863	bn:00081857n 0.24391823353369665	bn:00001939n 0.22139906668221146	bn:00006662n 0.1926779278910365	bn:00004379n 3.419022012326854e-05	bn:00004401n 3.419022012326854e-05
d004.s007.t002	bn:00000728n 0.5039583382537627	bn:00022227n 0.3635656712874248	bn:00021275n 0.1324255996640667	bn:00000726n 5.039079474590169e-05
d007.s015.t001	bn:00063049n 1.0
d004.s003.t008	bn:00025646n 1.0
d006.s016.t002	bn:00046693n 1.0
d003.s009.t005	bn:00079156n 1.0
d008.s007.t002	bn:00006823n 1.0
d006.s025.t008	bn:00070461n 0.9999000199960009	bn:00070458n 9.998000399920017e-05
d004.s003.t003	bn:00016756n 1.0
d012.s022.t006	bn:00061135n 0.9999000199960009	bn:00061499n 9.998000399920017e-05
d006.s007.t007	bn:00053238n 0.6156856683223553	bn:00055441n 0.3842527692670535	bn:00033729n 6.15624105911764e-05
d004.s015.t001	bn:00021286n 0.30051539107441283	bn:00031008n 0.22852841930010914	bn:00014160n 0.21482373085514744	bn:00022811n 0.1695558346271068	bn:00014137n 0.08654657560896968	bn:00014138n 3.0048534254015882e-05
d003.s010.t002	bn:00052325n 0.8983332508969836	bn:00055794n 0.10157692476036102	bn:00014710n 8.982434265543282e-05
d013.s007.t001	bn:00056025n 0.6183713726517348	bn:00045803n 0.38156679639409546	bn:00074900n 6.183095416975651e-05
d009.s032.t007	bn:00028188n 1.0
d003.s003.t008	bn:00036777n 0.9706855896051403	bn:00063213n 0.0292173515417845	bn:00063223n 9.705885307520651e-05
d004.s016.t004	bn:00000728n 0.5653968593967115	bn:00022227n 0.2212724474594253	bn:00000726n 0.2132741591113269	bn:00021275n 5.653403253641751e-05
d013.s001.t002	bn:00003341n 1.0
d012.s020.t002	bn:00053238n 0.6448236335354035	bn:00055441n 0.3551118905488344	bn:00033729n 6.447591576196417e-05
d001.s021.t006	bn:00016403n 0.8975125372687254	bn:00042677n 0.10239772045177573	bn:00016411n 8.974227949892265e-05
d011.s005.t006	bn:00037182n 0.5277472091962346	bn:00037180n 0.47220002135979017	bn:00007800n 5.2769443975225943e-05
d008.s010.t005	bn:00069680n 1.0
d007.s006.t006	bn:00055644n 0.9999000199960009	bn:00003601n 9.998000399920017e-05
d010.s002.t006	bn:00064234n 0.9999000199960009	bn:00017517n 9.998000399920017e-05
d001.s008.t001	bn:00028018n 1.0
d010.s008.t005	bn:00072566n 0.6346844052241434	bn:00019924n 0.36525213268154355	bn:00020039n 6.346209431298304e-05
d007.s009.t013	bn:00028615n 1.0
d010.s016.t002	bn:00063049n 1.0
d012.s012.t001	bn:00045976n 1.0
d006.s013.t011	bn:00023301n 1.0
d007.s015.t006	bn:00007294n 1.0
d008.s016.t004	bn:00018105n 0.9999000199960009	bn:00021394n 9.998000399920017e-05
d002.s006.t003	bn:00006143n 1.0
d003.s009.t001	bn:00032769n 0.9681961194761828	bn:00006565n 0.031707070592862714	bn:00078487n 9.680993095452282e-05
d007.s009.t014	bn:00044268n 0.4742783222525845	bn:00000738n 0.30852387078162335	bn:00056857n 0.21715038387587585	bn:00044270n 4.7423089916266825e-05
d010.s002.t013	bn:00016403n 0.9384547904644687	bn:00016411n 0.0614513734400944	bn:00042677n 9.383609543690319e-05
d007.s009.t004	bn:00073699n 1.0
d009.s021.t003	bn:00043484n 1.0
d003.s003.t006	bn:00056893n 1.0
d012.s013.t005	bn:00053941n 1.0
d003.s009.t004	bn:00014710n 0.7246707937230398	bn:00052325n 0.27525674644357123	bn:00055794n 7.245983338896509e-05
d009.s032.t001	bn:00054693n 1.0
d011.s004.t005	bn:00015531n 0.9999000199960009	bn:00069108n 9.998000399920017e-05
d001.s002.t009	bn:00041712n 1.0
d009.s010.t001	bn:00028934n 0.3806890059696745	bn:00023235n 0.3477872973588256	bn:00023236n 0.2714856315774123	bn:00023237n 3.8065094087558696e-05
d006.s027.t001	bn:00015008n 1.0
d009.s016.t001	bn:00061135n 0.9999000199960009	bn:00061499n 9.998000399920017e-05
d006.s004.t004	bn:00009472n 0.9999000199960009	bn:00009474n 9.998000399920017e-05
d005.s002.t001	bn:00034180n 0.7530376441348996	bn:00034172n 0.2468870596303104	bn:00034181n 7.529623479001095e-05
d003.s002.t005	bn:00003341n 1.0
d010.s017.t005	bn:00050588n 0.9999000199960009	bn:00050250n 9.998000399920017e-05
d004.s012.t004	bn:00030747n 1.0
d003.s008.t002	bn:00068918n 1.0
d012.s015.t003	bn:00046021n 1.0
d011.s004.t002	bn:00032227n 1.0
d008.s005.t003	bn:00005917n 1.0
d010.s020.t002	bn:00007051n 0.9999000199960009	bn:00008722n 9.998000399920017e-05
d010.s018.t003	bn:00021912n 1.0
d013.s012.t001	bn:00025084n 1.0
d011.s020.t003	bn:00037182n 0.6151398538561267	bn:00037180n 0.38479863830927125	bn:00007800n 6.150783460215245e-05
d010.s012.t004	bn:00070461n 0.9999000199960009	bn:00070458n 9.998000399920017e-05
d001.s018.t013	bn:00008465n 1.0
d006.s020.t003	bn:00048488n 1.0
d001.s026.t010	bn:00042759n 1.0
d008.s014.t006	bn:00078198n 1.0
d001.s003.t006	bn:00022742n 0.9999000199960009	bn:00058511n 9.998000399920017e-05
d001.s026.t003	bn:00046516n 0.9999000199960009	bn:00061715n 9.998000399920017e-05
d009.s007.t001	bn:00032654n 0.9999000199960009	bn:00032655n 9.998000399920017e-05
d004.s011.t008	bn:00045153n 0.9149817753545245	bn:00022991n 0.08492673561684287	bn:00029424n 9.14890286325892e-05
d008.s022.t003	bn:00006845n 1.0
d002.s002.t004	bn:00065099n 0.9999000199960009	bn:00062699n 9.998000399920017e-05
d002.s008.t001	bn:00036111n 1.0
d006.s028.t002	bn:00023362n 0.9999000199960009	bn:00067181n 9.998000399920017e-05
d002.s014.t002	bn:00078365n 1.0
d012.s004.t001	bn:00063351n 0.9999000199960009	bn:00063329n 9.998000399920017e-05
d012.s003.t003	bn:00060158n 1.0
d005.s005.t007	bn:00061119n 0.9999000199960009	bn:00025954n 9.998000399920017e-05
d009.s002.t002	bn:00050165n 1.0
d006.s020.t005	bn:00048658n 1.0
d012.s013.t003	bn:00020452n 0.507189341870039	bn:00007498n 0.4927599442671603	bn:00047307n 5.071386280072382e-05
d001.s023.t008	bn:00016756n 1.0
d001.s018.t009	bn:00023236n 0.6224458955567633	bn:00028934n 0.2683185415305978	bn:00023235n 0.10917332454691982	bn:00023237n 6.223836571910442e-05
d002.s002.t005	bn:00041943n 0.3139777992675907	bn:00008280n 0.21232781531037104	bn:00068051n 0.17947122819952416	bn:00073698n 0.1649224240399404	bn:00041942n 0.12926933854211098	bn:00018111n 3.1394640462712797e-05
d004.s013.t005	bn:00055180n 1.0
d001.s005.t004	bn:00023236n 0.5469489872275017	bn:00028934n 0.2891268282787149	bn:00023235n 0.16386949506400356	bn:00023237n 5.46894297797722e-05
d003.s013.t002	bn:00078738n 0.4032512549526232	bn:00081857n 0.22875653940210863	bn:00001939n 0.20734898013077022	bn:00006662n 0.16056258332772597	bn:00004379n 4.032109338592373e-05	bn:00004401n 4.032109338592373e-05
d001.s011.t009	bn:00078738n 0.38498158925252807	bn:00006662n 0.2174790931764284	bn:00081857n 0.2153513992192784	bn:00001939n 0.18211092973277637	bn:00004379n 3.849430949430338e-05	bn:00004401n 3.849430949430338e-05
d012.s002.t008	bn:00036202n 1.0
d008.s006.t005	bn:00067181n 1.0
d012.s021.t002	bn:00046019n 1.0
d013.s008.t003	bn:00025638n 0.6544014188709725	bn:00042128n 0.3455331475305003	bn:00042129n 6.543359852724453e-05
d010.s005.t002	bn:00043372n 1.0
d007.s004.t002	bn:00073699n 1.0
d012.s015.t006	bn:00035778n 0.9999000199960009	bn:00062083n 9.998000399920017e-05
d008.s007.t005	bn:00006845n 1.0
d012.s016.t004	bn:00064608n 0.347411974259918	bn:00030616n 0.28070784082450445	bn:00014138n 0.21779863100861033	bn:00030625n 0.15404681618331365	bn:00064607n 3.473772365362643e-05
d012.s006.t007	bn:00048242n 0.7775850149635084	bn:00064527n 0.22233723431006785	bn:00064526n 7.775072642370846e-05
d009.s004.t003	bn:00046693n 1.0
d009.s030.t008	bn:00036346n 0.5828498456023739	bn:00019924n 0.4170918752409815	bn:00014137n 5.827915664457293e-05
d001.s027.t001	bn:00047042n 1.0
d010.s025.t002	bn:00023308n 0.9999000199960009	bn:00027574n 9.998000399920017e-05
d009.s005.t002	bn:00023236n 0.5302495438398339	bn:00023235n 0.36798845862922785	bn:00028934n 0.1017089778785194	bn:00023237n 5.301965241874152e-05
d009.s006.t001	bn:00074574n 1.0
d011.s019.t001	bn:00037182n 0.5833754656843955	bn:00037180n 0.4165662026022074	bn:00007800n 5.833171339709984e-05
d006.s007.t006	bn:00048658n 1.0
d002.s015.t003	bn:00051289n 0.3801382239081834	bn:00070193n 0.3551436904575673	bn:00040153n 0.2646800756128605	bn:00014457n 3.801002138867947e-05
d001.s018.t008	bn:00064699n 0.9999000199960009	bn:00058469n 9.998000399920017e-05
d009.s019.t003	bn:00050165n 1.0
d002.s013.t001	bn:00073699n 1.0
d006.s024.t004	bn:00047079n 1.0
d003.s007.t001	bn:00061333n 0.9999000199960009	bn:00027686n 9.998000399920017e-05
d007.s001.t001	bn:00006759n 1.0
d001.s026.t002	bn:00021836n 1.0
d007.s010.t005	bn:00006759n 1.0
d006.s022.t006	bn:00048488n 1.0
d005.s007.t002	bn:00001296n 0.9999000199960009	bn:00003604n 9.998000399920017e-05
d010.s014.t001	bn:00048488n 1.0
d002.s009.t003	bn:00031998n 0.9999000199960009	bn:00032002n 9.998000399920017e-05
d012.s013.t004	bn:00046021n 1.0
d007.s006.t003	bn:00020039n 1.0
d012.s019.t004	bn:00025913n 0.8617113335010135	bn:00025916n 0.11991522540451856	bn:00025865n 0.018287278577369493	bn:00053188n 8.616251709839151e-05
d002.s001.t002	bn:00047679n 1.0
d001.s008.t005	bn:00017123n 1.0
d010.s005.t001	bn:00048488n 1.0
d011.s007.t005	bn:00078738n 0.34314828389256713	bn:00006662n 0.2451705976251423	bn:00081857n 0.2180681049727369	bn:00001939n 0.1935443907150545	bn:00004379n 3.431139724953176e-05	bn:00004401n 3.431139724953176e-05
d010.s012.t001	bn:00044916n 1.0
d009.s030.t002	bn:00067239n 1.0
d007.s009.t003	bn:00016403n 0.93711859547799	bn:00016411n 0.06278770203271107	bn:00042677n 9.370248929886911e-05
d001.s026.t005	bn:00001170n 1.0
d011.s018.t001	bn:00037182n 0.6659101306429833	bn:00037180n 0.33402328500238787	bn:00007800n 6.658435462883545e-05
d004.s002.t007	bn:00058745n 1.0
d010.s002.t014	bn:00023308n 0.9999000199960009	bn:00027574n 9.998000399920017e-05
d013.s019.t002	bn:00078738n 0.28035979894792873	bn:00006662n 0.24957498434081177	bn:00001939n 0.23586688580310047	bn:00081857n 0.23414226455500464	bn:00004379n 2.803317657713516e-05	bn:00004401n 2.803317657713516e-05
d001.s026.t008	bn:00009716n 0.46160318714394255	bn:00059168n 0.37003021113070667	bn:00021870n 0.1683204460222065	bn:00064277n 4.615570314407985e-05
d012.s009.t002	bn:00046019n 1.0
d001.s023.t009	bn:00010203n 1.0
d012.s002.t002	bn:00058285n 1.0
d001.s013.t005	bn:00066734n 1.0
d009.s004.t002	bn:00066884n 0.9999000199960009	bn:00005515n 9.998000399920017e-05
d007.s029.t001	bn:00025084n 1.0
d012.s022.t005	bn:00030330n 0.533774085398149	bn:00043544n 0.4661725425305184	bn:00003142n 5.3372071332681634e-05
d001.s008.t007	bn:00070417n 1.0
d006.s002.t003	bn:00023301n 1.0
d001.s003.t003	bn:00000728n 0.9858027653082406	bn:00026488n 0.014098664272270583	bn:00047692n 9.857041948887518e-05
d012.s013.t011	bn:00081570n 1.0
d012.s019.t002	bn:00064527n 1.0
d005.s005.t006	bn:00012417n 1.0
d012.s020.t006	bn:00061135n 0.9999000199960009	bn:00061499n 9.998000399920017e-05
d012.s005.t002	bn:00021958n 1.0
d004.s017.t003	bn:00077905n 0.6798956625686396	bn:00047741n 0.3200363546633803	bn:00033729n 6.798276798006596e-05
d012.s005.t003	bn:00067808n 1.0
d013.s009.t002	bn:00061119n 0.9999000199960009	bn:00025954n 9.998000399920017e-05
d012.s024.t004	bn:00077593n 1.0
d010.s017.t011	bn:00042091n 0.9999000199960009	bn:00037457n 9.998000399920017e-05
d004.s009.t006	bn:00029774n 0.9999000199960009	bn:00065112n 9.998000399920017e-05
d013.s022.t005	bn:00055044n 1.0
d006.s006.t002	bn:00061826n 1.0
d006.s013.t007	bn:00019742n 1.0
d010.s002.t003	bn:00028247n 0.8486651906899833	bn:00034158n 0.151249951276751	bn:00028248n 8.485803326567176e-05
d001.s008.t004	bn:00060158n 1.0
d010.s019.t007	bn:00023308n 0.9999000199960009	bn:00027574n 9.998000399920017e-05
d004.s011.t002	bn:00078546n 1.0
d009.s014.t002	bn:00063989n 1.0
d001.s026.t006	bn:00071315n 1.0
d012.s022.t003	bn:00023237n 0.4560396126532179	bn:00023235n 0.33912566744568096	bn:00028934n 0.2047891204997759	bn:00023236n 4.5599401325189276e-05
d008.s011.t002	bn:00054731n 1.0
d011.s002.t004	bn:00045208n 1.0
d002.s015.t002	bn:00036777n 0.6501859548045842	bn:00063213n 0.3497490331011448	bn:00063223n 6.501209427103132e-05
d003.s010.t001	bn:00041249n 0.9999000199960009	bn:00045714n 9.998000399920017e-05
d012.s019.t007	bn:00046021n 1.0
d012.s010.t002	bn:00005380n 0.4765612848912696	bn:00025968n 0.3313002143759928	bn:00025972n 0.19209084936938492	bn:00063223n 4.7651363352791684e-05
d008.s016.t003	bn:00022071n 1.0
d009.s013.t004	bn:00023236n 0.5949845773861044	bn:00023237n 0.3182326903004124	bn:00023235n 0.08672323980499548	bn:00028934n 5.949250848776167e-05
d011.s013.t005	bn:00036014n 1.0
d008.s003.t005	bn:00071536n 1.0
d007.s029.t003	bn:00006759n 1.0
d011.s010.t006	bn:00030861n 1.0
d001.s017.t007	bn:00012898n 1.0
d001.s011.t004	bn:00002291n 1.0
d001.s019.t008	bn:00023236n 0.6653868915565906	bn:00028934n 0.20632650958603502	bn:00023235n 0.1282200668214224	bn:00023237n 6.653203595206386e-05
d011.s017.t001	bn:00037182n 0.584098435479589	bn:00037180n 0.4158431605172635	bn:00007800n 5.840400314764413e-05
d008.s003.t006	bn:00051054n 0.9800273138280114	bn:00051045n 0.019874693239898968	bn:00051047n 9.799293208959219e-05
d008.s030.t001	bn:00067280n 1.0
d006.s005.t008	bn:00048658n 1.0
d010.s007.t002	bn:00023308n 0.9999000199960009	bn:00027574n 9.998000399920017e-05
d009.s021.t002	bn:00050165n 1.0
d001.s007.t001	bn:00078198n 1.0
d012.s011.t003	bn:00008267n 1.0
d006.s010.t004	bn:00061826n 1.0
d004.s019.t005	bn:00058732n 1.0
d006.s021.t006	bn:00078738n 0.2822107393429144	bn:00001939n 0.2539070769681876	bn:00081857n 0.234642072044197	bn:00006662n 0.2291836751404827	bn:00004379n 2.8218252109080533e-05	bn:00004401n 2.8218252109080533e-05
d006.s019.t003	bn:00021624n 1.0
d005.s006.t006	bn:00047367n 1.0
d006.s022.t009	bn:00064806n 1.0
d007.s026.t002	bn:00061325n 1.0
d002.s006.t002	bn:00006752n 1.0
d009.s031.t004	bn:00078738n 0.40718474013745665	bn:00006662n 0.2283802694924114	bn:00081857n 0.20050216708143556	bn:00001939n 0.16385139448354927	bn:00004379n 4.0714402573488315e-05	bn:00004401n 4.0714402573488315e-05
d008.s012.t007	bn:00067181n 1.0
d007.s007.t006	bn:00035704n 0.6346251363011103	bn:00006547n 0.36531140753087643	bn:00008122n 6.34561680133097e-05
d012.s005.t004	bn:00050521n 1.0
d001.s018.t012	bn:00026107n 0.9999000199960009	bn:00056037n 9.998000399920017e-05
d007.s023.t001	bn:00001559n 1.0
d001.s009.t011	bn:00061135n 1.0
d009.s018.t004	bn:00021207n 1.0
d009.s011.t005	bn:00061135n 0.9999000199960009	bn:00061499n 9.998000399920017e-05
d010.s017.t007	bn:00048488n 1.0
d010.s006.t004	bn:00004452n 0.6623670233533688	bn:00041241n 0.17949778104296712	bn:00021961n 0.15806896552433658	bn:00029415n 6.623007932740415e-05
d008.s003.t003	bn:00029424n 0.7953168465384478	bn:00029425n 0.07897339778266702	bn:00041883n 0.06649413217484676	bn:00027386n 0.059136099771757905	bn:00029429n 7.952373228061672e-05
d003.s009.t002	bn:00022095n 1.0
d007.s024.t001	bn:00059130n 0.9999000199960009	bn:00054625n 9.998000399920017e-05
d006.s024.t001	bn:00005599n 0.9999000199960009	bn:00005603n 9.998000399920017e-05
d007.s014.t002	bn:00037180n 0.738832238361767	bn:00037182n 0.2610938858019804	bn:00007800n 7.387583625255145e-05
d007.s011.t003	bn:00006759n 1.0
d010.s021.t002	bn:00063344n 1.0
d006.s022.t007	bn:00048658n 1.0
d010.s009.t004	bn:00050588n 0.9999000199960009	bn:00050250n 9.998000399920017e-05
d010.s007.t001	bn:00007051n 0.9999000199960009	bn:00008722n 9.998000399920017e-05
d009.s026.t004	bn:00023807n 0.7087472657374345	bn:00034010n 0.29118186662275586	bn:00025804n 7.086763980976247e-05
d004.s007.t003	bn:00048592n 1.0
d013.s005.t006	bn:00030747n 1.0
d009.s012.t001	bn:00054693n 1.0
d001.s023.t006	bn:00008465n 1.0
d006.s007.t001	bn:00066443n 0.5133352736393387	bn:00066444n 0.48661339796613673	bn:00016851n 5.132839452448143e-05
d001.s006.t004	bn:00051249n 1.0
d001.s020.t002	bn:00043539n 1.0
d011.s013.t002	bn:00066553n 0.9999000199960009	bn:00001460n 9.998000399920017e-05
d010.s019.t008	bn:00064192n 0.35620454236478977	bn:00022334n 0.20584593077186517	bn:00066933n 0.19967132383506075	bn:00068525n 0.16299698817902805	bn:00054358n 0.06473889588835374	bn:00016665n 0.010506702068355299	bn:00045520n 3.561689254722426e-05
d006.s012.t002	bn:00023362n 0.9999000199960009	bn:00067181n 9.998000399920017e-05
d009.s022.t002	bn:00023237n 0.7118188532047449	bn:00023236n 0.20765433434300568	bn:00023235n 0.08045563768440568	bn:00028934n 7.117476784369013e-05
